[INFO] Scanning for projects...
[WARNING] 
[WARNING] Some problems were encountered while building the effective model for me.superblaubeere27:obfuscator-annotations:jar:1.9.3-SNAPSHOT
[WARNING] 'build.plugins.plugin.version' for org.apache.maven.plugins:maven-jar-plugin is missing. @ line 28, column 21
[WARNING] 
[WARNING] Some problems were encountered while building the effective model for me.superblaubeere27:obfuscator-core:jar:1.9.3-SNAPSHOT
[WARNING] 'build.plugins.plugin.version' for org.apache.maven.plugins:maven-jar-plugin is missing. @ line 141, column 21
[WARNING] 
[WARNING] It is highly recommended to fix these problems because they threaten the stability of your build.
[WARNING] 
[WARNING] For this reason, future Maven versions might no longer support building such malformed projects.
[WARNING] 
[INFO] ------------------------------------------------------------------------
[INFO] Reactor Build Order:
[INFO] 
[INFO] obfuscator                                                         [pom]
[INFO] obfuscator-annotations                                             [jar]
[INFO] obfuscator-core                                                    [jar]
[INFO] 
[INFO] -------------------< me.superblaubeere27:obfuscator >-------------------
[INFO] Building obfuscator 1.9.3-SNAPSHOT                                 [1/3]
[INFO] --------------------------------[ pom ]---------------------------------
[INFO] 
[INFO] -------------< me.superblaubeere27:obfuscator-annotations >-------------
[INFO] Building obfuscator-annotations 1.9.3-SNAPSHOT                     [2/3]
[INFO] --------------------------------[ jar ]---------------------------------
[INFO] 
[INFO] --- maven-resources-plugin:2.6:resources (default-resources) @ obfuscator-annotations ---
[WARNING] Using platform encoding (UTF-8 actually) to copy filtered resources, i.e. build is platform dependent!
[INFO] skip non existing resourceDirectory /home/user/projects/obfuscator/obfuscator-annotations/src/main/resources
[INFO] 
[INFO] --- maven-compiler-plugin:3.1:compile (default-compile) @ obfuscator-annotations ---
[INFO] Changes detected - recompiling the module!
[WARNING] File encoding has not been set, using platform encoding UTF-8, i.e. build is platform dependent!
[INFO] Compiling 3 source files to /home/user/projects/obfuscator/obfuscator-annotations/target/classes
[INFO] 
[INFO] ----------------< me.superblaubeere27:obfuscator-core >-----------------
[INFO] Building obfuscator-core 1.9.3-SNAPSHOT                            [3/3]
[INFO] --------------------------------[ jar ]---------------------------------
[INFO] Downloading from central: https://repo.maven.apache.org/maven2/com/igormaznitsa/jcp/6.1.4/jcp-6.1.4.pom
[INFO] Downloaded from central: https://repo.maven.apache.org/maven2/com/igormaznitsa/jcp/6.1.4/jcp-6.1.4.pom (18 kB at 16 kB/s)
[INFO] Downloading from central: https://repo.maven.apache.org/maven2/com/igormaznitsa/jcp/6.1.4/jcp-6.1.4.jar
[INFO] Downloaded from central: https://repo.maven.apache.org/maven2/com/igormaznitsa/jcp/6.1.4/jcp-6.1.4.jar (1.3 MB at 1.5 MB/s)
[INFO] Downloading from ASM: https://repository.ow2.org/nexus/service/local/repositories/releases/content/org/ow2/asm/asm/7.0/asm-7.0.pom
[INFO] Downloaded from ASM: https://repository.ow2.org/nexus/service/local/repositories/releases/content/org/ow2/asm/asm/7.0/asm-7.0.pom (2.9 kB at 5.5 kB/s)
[INFO] Downloading from ASM: https://repository.ow2.org/nexus/service/local/repositories/releases/content/org/ow2/asm/asm-util/7.0/asm-util-7.0.pom
[INFO] Downloaded from ASM: https://repository.ow2.org/nexus/service/local/repositories/releases/content/org/ow2/asm/asm-util/7.0/asm-util-7.0.pom (3.6 kB at 31 kB/s)
[INFO] Downloading from ASM: https://repository.ow2.org/nexus/service/local/repositories/releases/content/org/ow2/asm/asm-tree/7.0/asm-tree-7.0.pom
[INFO] Downloaded from ASM: https://repository.ow2.org/nexus/service/local/repositories/releases/content/org/ow2/asm/asm-tree/7.0/asm-tree-7.0.pom (3.1 kB at 25 kB/s)
[INFO] Downloading from ASM: https://repository.ow2.org/nexus/service/local/repositories/releases/content/org/ow2/asm/asm-analysis/7.0/asm-analysis-7.0.pom
[INFO] Downloaded from ASM: https://repository.ow2.org/nexus/service/local/repositories/releases/content/org/ow2/asm/asm-analysis/7.0/asm-analysis-7.0.pom (3.2 kB at 24 kB/s)
[INFO] Downloading from ASM: https://repository.ow2.org/nexus/service/local/repositories/releases/content/org/ow2/asm/asm-commons/7.0/asm-commons-7.0.pom
[INFO] Downloaded from ASM: https://repository.ow2.org/nexus/service/local/repositories/releases/content/org/ow2/asm/asm-commons/7.0/asm-commons-7.0.pom (3.7 kB at 29 kB/s)
[INFO] Downloading from ASM: https://repository.ow2.org/nexus/service/local/repositories/releases/content/com/google/guava/guava/26.0-jre/guava-26.0-jre.pom
[INFO] Downloading from project-repo: file://${parent.basedir}/libs/com/google/guava/guava/26.0-jre/guava-26.0-jre.pom
[INFO] Downloading from central: https://repo.maven.apache.org/maven2/com/google/guava/guava/26.0-jre/guava-26.0-jre.pom
[INFO] Downloaded from central: https://repo.maven.apache.org/maven2/com/google/guava/guava/26.0-jre/guava-26.0-jre.pom (7.8 kB at 311 kB/s)
[INFO] Downloading from ASM: https://repository.ow2.org/nexus/service/local/repositories/releases/content/com/google/guava/guava-parent/26.0-jre/guava-parent-26.0-jre.pom
[INFO] Downloading from project-repo: file://${parent.basedir}/libs/com/google/guava/guava-parent/26.0-jre/guava-parent-26.0-jre.pom
[INFO] Downloading from central: https://repo.maven.apache.org/maven2/com/google/guava/guava-parent/26.0-jre/guava-parent-26.0-jre.pom
[INFO] Downloaded from central: https://repo.maven.apache.org/maven2/com/google/guava/guava-parent/26.0-jre/guava-parent-26.0-jre.pom (10 kB at 385 kB/s)
[INFO] Downloading from ASM: https://repository.ow2.org/nexus/service/local/repositories/releases/content/com/fifesoft/rsyntaxtextarea/2.6.1/rsyntaxtextarea-2.6.1.pom
[INFO] Downloading from project-repo: file://${parent.basedir}/libs/com/fifesoft/rsyntaxtextarea/2.6.1/rsyntaxtextarea-2.6.1.pom
[INFO] Downloading from central: https://repo.maven.apache.org/maven2/com/fifesoft/rsyntaxtextarea/2.6.1/rsyntaxtextarea-2.6.1.pom
[INFO] Downloaded from central: https://repo.maven.apache.org/maven2/com/fifesoft/rsyntaxtextarea/2.6.1/rsyntaxtextarea-2.6.1.pom (2.5 kB at 12 kB/s)
[INFO] Downloading from ASM: https://repository.ow2.org/nexus/service/local/repositories/releases/content/com/google/code/gson/gson/2.8.2/gson-2.8.2.pom
[INFO] Downloading from project-repo: file://${parent.basedir}/libs/com/google/code/gson/gson/2.8.2/gson-2.8.2.pom
[INFO] Downloading from central: https://repo.maven.apache.org/maven2/com/google/code/gson/gson/2.8.2/gson-2.8.2.pom
[INFO] Downloaded from central: https://repo.maven.apache.org/maven2/com/google/code/gson/gson/2.8.2/gson-2.8.2.pom (1.9 kB at 79 kB/s)
[INFO] Downloading from ASM: https://repository.ow2.org/nexus/service/local/repositories/releases/content/com/google/code/gson/gson-parent/2.8.2/gson-parent-2.8.2.pom
[INFO] Downloading from project-repo: file://${parent.basedir}/libs/com/google/code/gson/gson-parent/2.8.2/gson-parent-2.8.2.pom
[INFO] Downloading from central: https://repo.maven.apache.org/maven2/com/google/code/gson/gson-parent/2.8.2/gson-parent-2.8.2.pom
[INFO] Downloaded from central: https://repo.maven.apache.org/maven2/com/google/code/gson/gson-parent/2.8.2/gson-parent-2.8.2.pom (3.7 kB at 72 kB/s)
[INFO] Downloading from ASM: https://repository.ow2.org/nexus/service/local/repositories/releases/content/com/intellij/forms_rt/7.0.3/forms_rt-7.0.3.pom
[INFO] Downloading from project-repo: file://${parent.basedir}/libs/com/intellij/forms_rt/7.0.3/forms_rt-7.0.3.pom
[INFO] Downloading from central: https://repo.maven.apache.org/maven2/com/intellij/forms_rt/7.0.3/forms_rt-7.0.3.pom
[INFO] Downloaded from central: https://repo.maven.apache.org/maven2/com/intellij/forms_rt/7.0.3/forms_rt-7.0.3.pom (1.4 kB at 7.0 kB/s)
[INFO] Downloading from ASM: https://repository.ow2.org/nexus/service/local/repositories/releases/content/asm/asm-commons/3.0/asm-commons-3.0.pom
[INFO] Downloading from project-repo: file://${parent.basedir}/libs/asm/asm-commons/3.0/asm-commons-3.0.pom
[INFO] Downloading from central: https://repo.maven.apache.org/maven2/asm/asm-commons/3.0/asm-commons-3.0.pom
[INFO] Downloaded from central: https://repo.maven.apache.org/maven2/asm/asm-commons/3.0/asm-commons-3.0.pom (510 B at 2.6 kB/s)
[INFO] Downloading from ASM: https://repository.ow2.org/nexus/service/local/repositories/releases/content/asm/asm-parent/3.0/asm-parent-3.0.pom
[INFO] Downloading from project-repo: file://${parent.basedir}/libs/asm/asm-parent/3.0/asm-parent-3.0.pom
[INFO] Downloading from central: https://repo.maven.apache.org/maven2/asm/asm-parent/3.0/asm-parent-3.0.pom
[INFO] Downloaded from central: https://repo.maven.apache.org/maven2/asm/asm-parent/3.0/asm-parent-3.0.pom (2.6 kB at 135 kB/s)
[INFO] Downloading from ASM: https://repository.ow2.org/nexus/service/local/repositories/releases/content/asm/asm-tree/3.0/asm-tree-3.0.pom
[INFO] Downloading from project-repo: file://${parent.basedir}/libs/asm/asm-tree/3.0/asm-tree-3.0.pom
[INFO] Downloading from central: https://repo.maven.apache.org/maven2/asm/asm-tree/3.0/asm-tree-3.0.pom
[INFO] Downloaded from central: https://repo.maven.apache.org/maven2/asm/asm-tree/3.0/asm-tree-3.0.pom (499 B at 25 kB/s)
[INFO] Downloading from ASM: https://repository.ow2.org/nexus/service/local/repositories/releases/content/asm/asm/3.0/asm-3.0.pom
[INFO] Downloading from project-repo: file://${parent.basedir}/libs/asm/asm/3.0/asm-3.0.pom
[INFO] Downloading from central: https://repo.maven.apache.org/maven2/asm/asm/3.0/asm-3.0.pom
[INFO] Downloaded from central: https://repo.maven.apache.org/maven2/asm/asm/3.0/asm-3.0.pom (360 B at 14 kB/s)
[INFO] Downloading from ASM: https://repository.ow2.org/nexus/service/local/repositories/releases/content/com/jgoodies/forms/1.1-preview/forms-1.1-preview.pom
[INFO] Downloading from project-repo: file://${parent.basedir}/libs/com/jgoodies/forms/1.1-preview/forms-1.1-preview.pom
[INFO] Downloading from central: https://repo.maven.apache.org/maven2/com/jgoodies/forms/1.1-preview/forms-1.1-preview.pom
[INFO] Downloaded from central: https://repo.maven.apache.org/maven2/com/jgoodies/forms/1.1-preview/forms-1.1-preview.pom (606 B at 4.9 kB/s)
[INFO] Downloading from ASM: https://repository.ow2.org/nexus/service/local/repositories/releases/content/org/ow2/asm/asm-util/7.0/asm-util-7.0.jar
[INFO] Downloading from ASM: https://repository.ow2.org/nexus/service/local/repositories/releases/content/org/ow2/asm/asm/7.0/asm-7.0.jar
[INFO] Downloading from ASM: https://repository.ow2.org/nexus/service/local/repositories/releases/content/org/ow2/asm/asm-tree/7.0/asm-tree-7.0.jar
[INFO] Downloading from ASM: https://repository.ow2.org/nexus/service/local/repositories/releases/content/org/ow2/asm/asm-commons/7.0/asm-commons-7.0.jar
[INFO] Downloading from ASM: https://repository.ow2.org/nexus/service/local/repositories/releases/content/org/ow2/asm/asm-analysis/7.0/asm-analysis-7.0.jar
[INFO] Downloaded from ASM: https://repository.ow2.org/nexus/service/local/repositories/releases/content/org/ow2/asm/asm-commons/7.0/asm-commons-7.0.jar (80 kB at 168 kB/s)
[INFO] Downloading from ASM: https://repository.ow2.org/nexus/service/local/repositories/releases/content/com/google/guava/guava/26.0-jre/guava-26.0-jre.jar
[INFO] Downloaded from ASM: https://repository.ow2.org/nexus/service/local/repositories/releases/content/org/ow2/asm/asm-analysis/7.0/asm-analysis-7.0.jar (33 kB at 65 kB/s)
[INFO] Downloading from ASM: https://repository.ow2.org/nexus/service/local/repositories/releases/content/com/fifesoft/rsyntaxtextarea/2.6.1/rsyntaxtextarea-2.6.1.jar
[INFO] Downloaded from ASM: https://repository.ow2.org/nexus/service/local/repositories/releases/content/org/ow2/asm/asm/7.0/asm-7.0.jar (114 kB at 203 kB/s)
[INFO] Downloading from ASM: https://repository.ow2.org/nexus/service/local/repositories/releases/content/com/google/code/gson/gson/2.8.2/gson-2.8.2.jar
[INFO] Downloading from ASM: https://repository.ow2.org/nexus/service/local/repositories/releases/content/com/intellij/forms_rt/7.0.3/forms_rt-7.0.3.jar
[INFO] Downloaded from ASM: https://repository.ow2.org/nexus/service/local/repositories/releases/content/org/ow2/asm/asm-tree/7.0/asm-tree-7.0.jar (50 kB at 86 kB/s)
[INFO] Downloading from ASM: https://repository.ow2.org/nexus/service/local/repositories/releases/content/asm/asm-commons/3.0/asm-commons-3.0.jar
[INFO] Downloaded from ASM: https://repository.ow2.org/nexus/service/local/repositories/releases/content/org/ow2/asm/asm-util/7.0/asm-util-7.0.jar (81 kB at 136 kB/s)
[INFO] Downloading from ASM: https://repository.ow2.org/nexus/service/local/repositories/releases/content/asm/asm-tree/3.0/asm-tree-3.0.jar
[INFO] Downloading from ASM: https://repository.ow2.org/nexus/service/local/repositories/releases/content/asm/asm/3.0/asm-3.0.jar
[INFO] Downloading from ASM: https://repository.ow2.org/nexus/service/local/repositories/releases/content/com/jgoodies/forms/1.1-preview/forms-1.1-preview.jar
[INFO] Downloading from project-repo: file://${parent.basedir}/libs/com/google/guava/guava/26.0-jre/guava-26.0-jre.jar
[INFO] Downloading from project-repo: file://${parent.basedir}/libs/com/fifesoft/rsyntaxtextarea/2.6.1/rsyntaxtextarea-2.6.1.jar
[INFO] Downloading from project-repo: file://${parent.basedir}/libs/com/google/code/gson/gson/2.8.2/gson-2.8.2.jar
[INFO] Downloading from project-repo: file://${parent.basedir}/libs/com/intellij/forms_rt/7.0.3/forms_rt-7.0.3.jar
[INFO] Downloading from project-repo: file://${parent.basedir}/libs/asm/asm-tree/3.0/asm-tree-3.0.jar
[INFO] Downloading from project-repo: file://${parent.basedir}/libs/com/jgoodies/forms/1.1-preview/forms-1.1-preview.jar
[INFO] Downloading from project-repo: file://${parent.basedir}/libs/asm/asm/3.0/asm-3.0.jar
[INFO] Downloading from project-repo: file://${parent.basedir}/libs/asm/asm-commons/3.0/asm-commons-3.0.jar
[INFO] Downloading from central: https://repo.maven.apache.org/maven2/com/google/guava/guava/26.0-jre/guava-26.0-jre.jar
[INFO] Downloading from central: https://repo.maven.apache.org/maven2/com/fifesoft/rsyntaxtextarea/2.6.1/rsyntaxtextarea-2.6.1.jar
[INFO] Downloading from central: https://repo.maven.apache.org/maven2/com/google/code/gson/gson/2.8.2/gson-2.8.2.jar
[INFO] Downloading from central: https://repo.maven.apache.org/maven2/com/intellij/forms_rt/7.0.3/forms_rt-7.0.3.jar
[INFO] Downloading from central: https://repo.maven.apache.org/maven2/asm/asm-commons/3.0/asm-commons-3.0.jar
[INFO] Downloaded from central: https://repo.maven.apache.org/maven2/com/google/code/gson/gson/2.8.2/gson-2.8.2.jar (233 kB at 866 kB/s)
[INFO] Downloading from central: https://repo.maven.apache.org/maven2/asm/asm-tree/3.0/asm-tree-3.0.jar
[INFO] Downloaded from central: https://repo.maven.apache.org/maven2/asm/asm-tree/3.0/asm-tree-3.0.jar (22 kB at 93 kB/s)
[INFO] Downloading from central: https://repo.maven.apache.org/maven2/asm/asm/3.0/asm-3.0.jar
[INFO] Downloaded from central: https://repo.maven.apache.org/maven2/asm/asm-commons/3.0/asm-commons-3.0.jar (26 kB at 72 kB/s)
[INFO] Downloading from central: https://repo.maven.apache.org/maven2/com/jgoodies/forms/1.1-preview/forms-1.1-preview.jar
[INFO] Downloaded from central: https://repo.maven.apache.org/maven2/asm/asm/3.0/asm-3.0.jar (43 kB at 140 kB/s)
[INFO] Downloaded from central: https://repo.maven.apache.org/maven2/com/intellij/forms_rt/7.0.3/forms_rt-7.0.3.jar (328 kB at 645 kB/s)
[INFO] Downloaded from central: https://repo.maven.apache.org/maven2/com/jgoodies/forms/1.1-preview/forms-1.1-preview.jar (87 kB at 194 kB/s)
[INFO] Downloaded from central: https://repo.maven.apache.org/maven2/com/google/guava/guava/26.0-jre/guava-26.0-jre.jar (2.7 MB at 4.8 MB/s)
[INFO] Downloaded from central: https://repo.maven.apache.org/maven2/com/fifesoft/rsyntaxtextarea/2.6.1/rsyntaxtextarea-2.6.1.jar (1.2 MB at 1.5 MB/s)
[INFO] 
[INFO] --- jcp:6.1.4:preprocess (preprocessSources) @ obfuscator-core ---
[INFO] Preprocess sources : /home/user/projects/obfuscator/obfuscator-core/src/main/java
[INFO] Preprocess destination : /home/user/projects/obfuscator/obfuscator-core/target/generated-sources/preprocessed
[INFO] -----------------------------------------------------------------
[INFO] Completed, preprocessed 81 files, copied 1 files, elapsed time 544ms
[INFO] A Compile source root has been removed from the root list [/home/user/projects/obfuscator/obfuscator-core/src/main/java]
[INFO] The New compile source root has been added into the list [/home/user/projects/obfuscator/obfuscator-core/target/generated-sources/preprocessed]
[INFO] 
[INFO] --- maven-resources-plugin:2.6:resources (default-resources) @ obfuscator-core ---
[WARNING] Using platform encoding (UTF-8 actually) to copy filtered resources, i.e. build is platform dependent!
[INFO] Copying 5 resources
[INFO] 
[INFO] --- maven-compiler-plugin:3.1:compile (default-compile) @ obfuscator-core ---
[INFO] Changes detected - recompiling the module!
[WARNING] File encoding has not been set, using platform encoding UTF-8, i.e. build is platform dependent!
[INFO] Compiling 81 source files to /home/user/projects/obfuscator/obfuscator-core/target/classes
[INFO] -------------------------------------------------------------
[ERROR] COMPILATION ERROR : 
[INFO] -------------------------------------------------------------
[ERROR] /home/user/projects/obfuscator/obfuscator-core/target/generated-sources/preprocessed/me/superblaubeere27/jobf/JObfImpl.java:[34,14] '.' expected
[ERROR] /home/user/projects/obfuscator/obfuscator-core/target/generated-sources/preprocessed/me/superblaubeere27/jobf/utils/Utils.java:[12,17] '.' expected
[ERROR] /home/user/projects/obfuscator/obfuscator-core/target/generated-sources/preprocessed/me/superblaubeere27/jobf/utils/Utils.java:[13,19] '.' expected
[ERROR] /home/user/projects/obfuscator/obfuscator-core/target/generated-sources/preprocessed/me/superblaubeere27/jobf/utils/Utils.java:[14,17] '.' expected
[ERROR] /home/user/projects/obfuscator/obfuscator-core/target/generated-sources/preprocessed/me/superblaubeere27/jobf/utils/Utils.java:[15,24] '.' expected
[ERROR] /home/user/projects/obfuscator/obfuscator-core/target/generated-sources/preprocessed/me/superblaubeere27/jobf/utils/Utils.java:[16,22] '.' expected
[ERROR] /home/user/projects/obfuscator/obfuscator-core/target/generated-sources/preprocessed/me/superblaubeere27/jobf/utils/Utils.java:[22,16] '.' expected
[ERROR] /home/user/projects/obfuscator/obfuscator-core/target/generated-sources/preprocessed/me/superblaubeere27/jobf/utils/Utils.java:[24,20] '.' expected
[ERROR] /home/user/projects/obfuscator/obfuscator-core/target/generated-sources/preprocessed/me/superblaubeere27/jobf/utils/Utils.java:[25,18] '.' expected
[ERROR] /home/user/projects/obfuscator/obfuscator-core/target/generated-sources/preprocessed/me/superblaubeere27/jobf/utils/Utils.java:[26,22] '.' expected
[ERROR] /home/user/projects/obfuscator/obfuscator-core/target/generated-sources/preprocessed/me/superblaubeere27/jobf/utils/Utils.java:[27,17] '.' expected
[ERROR] /home/user/projects/obfuscator/obfuscator-core/target/generated-sources/preprocessed/me/superblaubeere27/jobf/utils/Utils.java:[28,17] '.' expected
[INFO] 12 errors 
[INFO] -------------------------------------------------------------
[INFO] ------------------------------------------------------------------------
[INFO] Reactor Summary for obfuscator 1.9.3-SNAPSHOT:
[INFO] 
[INFO] obfuscator ......................................... SUCCESS [  0.005 s]
[INFO] obfuscator-annotations ............................. SUCCESS [  4.606 s]
[INFO] obfuscator-core .................................... FAILURE [ 12.351 s]
[INFO] ------------------------------------------------------------------------
[INFO] BUILD FAILURE
[INFO] ------------------------------------------------------------------------
[INFO] Total time:  17.445 s
[INFO] Finished at: 2021-07-20T20:03:42Z
[INFO] ------------------------------------------------------------------------
[ERROR] Failed to execute goal org.apache.maven.plugins:maven-compiler-plugin:3.1:compile (default-compile) on project obfuscator-core: Compilation failure: Compilation failure: 
[ERROR] /home/user/projects/obfuscator/obfuscator-core/target/generated-sources/preprocessed/me/superblaubeere27/jobf/JObfImpl.java:[34,14] '.' expected
[ERROR] /home/user/projects/obfuscator/obfuscator-core/target/generated-sources/preprocessed/me/superblaubeere27/jobf/utils/Utils.java:[12,17] '.' expected
[ERROR] /home/user/projects/obfuscator/obfuscator-core/target/generated-sources/preprocessed/me/superblaubeere27/jobf/utils/Utils.java:[13,19] '.' expected
[ERROR] /home/user/projects/obfuscator/obfuscator-core/target/generated-sources/preprocessed/me/superblaubeere27/jobf/utils/Utils.java:[14,17] '.' expected
[ERROR] /home/user/projects/obfuscator/obfuscator-core/target/generated-sources/preprocessed/me/superblaubeere27/jobf/utils/Utils.java:[15,24] '.' expected
[ERROR] /home/user/projects/obfuscator/obfuscator-core/target/generated-sources/preprocessed/me/superblaubeere27/jobf/utils/Utils.java:[16,22] '.' expected
[ERROR] /home/user/projects/obfuscator/obfuscator-core/target/generated-sources/preprocessed/me/superblaubeere27/jobf/utils/Utils.java:[22,16] '.' expected
[ERROR] /home/user/projects/obfuscator/obfuscator-core/target/generated-sources/preprocessed/me/superblaubeere27/jobf/utils/Utils.java:[24,20] '.' expected
[ERROR] /home/user/projects/obfuscator/obfuscator-core/target/generated-sources/preprocessed/me/superblaubeere27/jobf/utils/Utils.java:[25,18] '.' expected
[ERROR] /home/user/projects/obfuscator/obfuscator-core/target/generated-sources/preprocessed/me/superblaubeere27/jobf/utils/Utils.java:[26,22] '.' expected
[ERROR] /home/user/projects/obfuscator/obfuscator-core/target/generated-sources/preprocessed/me/superblaubeere27/jobf/utils/Utils.java:[27,17] '.' expected
[ERROR] /home/user/projects/obfuscator/obfuscator-core/target/generated-sources/preprocessed/me/superblaubeere27/jobf/utils/Utils.java:[28,17] '.' expected
[ERROR] -> [Help 1]
[ERROR] 
[ERROR] To see the full stack trace of the errors, re-run Maven with the -e switch.
[ERROR] Re-run Maven using the -X switch to enable full debug logging.
[ERROR] 
[ERROR] For more information about the errors and possible solutions, please read the following articles:
[ERROR] [Help 1] http://cwiki.apache.org/confluence/display/MAVEN/MojoFailureException
[ERROR] 
[ERROR] After correcting the problems, you can resume the build with the command
[ERROR]   mvn <args> -rf :obfuscator-core
