[INFO] Scanning for projects...
[INFO] Downloading from central: https://repo.maven.apache.org/maven2/org/springframework/boot/spring-boot-dependencies/2.3.1.RELEASE/spring-boot-dependencies-2.3.1.RELEASE.pom
[INFO] Downloaded from central: https://repo.maven.apache.org/maven2/org/springframework/boot/spring-boot-dependencies/2.3.1.RELEASE/spring-boot-dependencies-2.3.1.RELEASE.pom (126 kB at 311 kB/s)
[INFO] Downloading from central: https://repo.maven.apache.org/maven2/com/datastax/oss/java-driver-bom/4.6.1/java-driver-bom-4.6.1.pom
[INFO] Downloaded from central: https://repo.maven.apache.org/maven2/com/datastax/oss/java-driver-bom/4.6.1/java-driver-bom-4.6.1.pom (3.8 kB at 235 kB/s)
[INFO] Downloading from central: https://repo.maven.apache.org/maven2/io/dropwizard/metrics/metrics-bom/4.1.9/metrics-bom-4.1.9.pom
[INFO] Downloaded from central: https://repo.maven.apache.org/maven2/io/dropwizard/metrics/metrics-bom/4.1.9/metrics-bom-4.1.9.pom (5.1 kB at 268 kB/s)
[INFO] Downloading from central: https://repo.maven.apache.org/maven2/io/dropwizard/metrics/metrics-parent/4.1.9/metrics-parent-4.1.9.pom
[INFO] Downloaded from central: https://repo.maven.apache.org/maven2/io/dropwizard/metrics/metrics-parent/4.1.9/metrics-parent-4.1.9.pom (15 kB at 680 kB/s)
[INFO] Downloading from central: https://repo.maven.apache.org/maven2/com/fasterxml/jackson/jackson-bom/2.11.0/jackson-bom-2.11.0.pom
[INFO] Downloaded from central: https://repo.maven.apache.org/maven2/com/fasterxml/jackson/jackson-bom/2.11.0/jackson-bom-2.11.0.pom (13 kB at 625 kB/s)
[INFO] Downloading from central: https://repo.maven.apache.org/maven2/com/fasterxml/jackson/jackson-parent/2.11/jackson-parent-2.11.pom
[INFO] Downloaded from central: https://repo.maven.apache.org/maven2/com/fasterxml/jackson/jackson-parent/2.11/jackson-parent-2.11.pom (0 B at 0 B/s)
[INFO] Downloading from central: https://repo.maven.apache.org/maven2/org/glassfish/jersey/jersey-bom/2.30.1/jersey-bom-2.30.1.pom
[INFO] Downloaded from central: https://repo.maven.apache.org/maven2/org/glassfish/jersey/jersey-bom/2.30.1/jersey-bom-2.30.1.pom (19 kB at 728 kB/s)
[INFO] Downloading from central: https://repo.maven.apache.org/maven2/org/eclipse/ee4j/project/1.0.5/project-1.0.5.pom
[INFO] Downloaded from central: https://repo.maven.apache.org/maven2/org/eclipse/ee4j/project/1.0.5/project-1.0.5.pom (0 B at 0 B/s)
[INFO] Downloading from central: https://repo.maven.apache.org/maven2/org/eclipse/jetty/jetty-bom/9.4.29.v20200521/jetty-bom-9.4.29.v20200521.pom
[INFO] Downloaded from central: https://repo.maven.apache.org/maven2/org/eclipse/jetty/jetty-bom/9.4.29.v20200521/jetty-bom-9.4.29.v20200521.pom (17 kB at 966 kB/s)
[INFO] Downloading from central: https://repo.maven.apache.org/maven2/org/junit/junit-bom/5.6.2/junit-bom-5.6.2.pom
[INFO] Downloaded from central: https://repo.maven.apache.org/maven2/org/junit/junit-bom/5.6.2/junit-bom-5.6.2.pom (4.9 kB at 380 kB/s)
[INFO] Downloading from central: https://repo.maven.apache.org/maven2/org/jetbrains/kotlin/kotlin-bom/1.3.72/kotlin-bom-1.3.72.pom
[INFO] Downloaded from central: https://repo.maven.apache.org/maven2/org/jetbrains/kotlin/kotlin-bom/1.3.72/kotlin-bom-1.3.72.pom (8.8 kB at 283 kB/s)
[INFO] Downloading from central: https://repo.maven.apache.org/maven2/org/jetbrains/kotlinx/kotlinx-coroutines-bom/1.3.7/kotlinx-coroutines-bom-1.3.7.pom
[INFO] Downloaded from central: https://repo.maven.apache.org/maven2/org/jetbrains/kotlinx/kotlinx-coroutines-bom/1.3.7/kotlinx-coroutines-bom-1.3.7.pom (5.0 kB at 360 kB/s)
[INFO] Downloading from central: https://repo.maven.apache.org/maven2/org/apache/logging/log4j/log4j-bom/2.13.3/log4j-bom-2.13.3.pom
[INFO] Downloaded from central: https://repo.maven.apache.org/maven2/org/apache/logging/log4j/log4j-bom/2.13.3/log4j-bom-2.13.3.pom (7.6 kB at 695 kB/s)
[INFO] Downloading from central: https://repo.maven.apache.org/maven2/org/apache/logging/logging-parent/1/logging-parent-1.pom
[INFO] Downloaded from central: https://repo.maven.apache.org/maven2/org/apache/logging/logging-parent/1/logging-parent-1.pom (0 B at 0 B/s)
[INFO] Downloading from central: https://repo.maven.apache.org/maven2/io/micrometer/micrometer-bom/1.5.1/micrometer-bom-1.5.1.pom
[INFO] Downloaded from central: https://repo.maven.apache.org/maven2/io/micrometer/micrometer-bom/1.5.1/micrometer-bom-1.5.1.pom (6.6 kB at 473 kB/s)
[INFO] Downloading from central: https://repo.maven.apache.org/maven2/io/netty/netty-bom/4.1.50.Final/netty-bom-4.1.50.Final.pom
[INFO] Downloaded from central: https://repo.maven.apache.org/maven2/io/netty/netty-bom/4.1.50.Final/netty-bom-4.1.50.Final.pom (7.9 kB at 396 kB/s)
[INFO] Downloading from central: https://repo.maven.apache.org/maven2/io/r2dbc/r2dbc-bom/Arabba-SR4/r2dbc-bom-Arabba-SR4.pom
[INFO] Downloaded from central: https://repo.maven.apache.org/maven2/io/r2dbc/r2dbc-bom/Arabba-SR4/r2dbc-bom-Arabba-SR4.pom (3.9 kB at 241 kB/s)
[INFO] Downloading from central: https://repo.maven.apache.org/maven2/io/projectreactor/reactor-bom/Dysprosium-SR8/reactor-bom-Dysprosium-SR8.pom
[INFO] Downloaded from central: https://repo.maven.apache.org/maven2/io/projectreactor/reactor-bom/Dysprosium-SR8/reactor-bom-Dysprosium-SR8.pom (4.1 kB at 185 kB/s)
[INFO] Downloading from central: https://repo.maven.apache.org/maven2/io/rsocket/rsocket-bom/1.0.1/rsocket-bom-1.0.1.pom
[INFO] Downloaded from central: https://repo.maven.apache.org/maven2/io/rsocket/rsocket-bom/1.0.1/rsocket-bom-1.0.1.pom (2.8 kB at 213 kB/s)
[INFO] Downloading from central: https://repo.maven.apache.org/maven2/org/springframework/data/spring-data-releasetrain/Neumann-SR1/spring-data-releasetrain-Neumann-SR1.pom
[INFO] Downloaded from central: https://repo.maven.apache.org/maven2/org/springframework/data/spring-data-releasetrain/Neumann-SR1/spring-data-releasetrain-Neumann-SR1.pom (5.0 kB at 334 kB/s)
[INFO] Downloading from central: https://repo.maven.apache.org/maven2/org/springframework/data/build/spring-data-build/2.3.1.RELEASE/spring-data-build-2.3.1.RELEASE.pom
[INFO] Downloaded from central: https://repo.maven.apache.org/maven2/org/springframework/data/build/spring-data-build/2.3.1.RELEASE/spring-data-build-2.3.1.RELEASE.pom (7.1 kB at 295 kB/s)
[INFO] Downloading from central: https://repo.maven.apache.org/maven2/org/springframework/spring-framework-bom/5.2.7.RELEASE/spring-framework-bom-5.2.7.RELEASE.pom
[INFO] Downloaded from central: https://repo.maven.apache.org/maven2/org/springframework/spring-framework-bom/5.2.7.RELEASE/spring-framework-bom-5.2.7.RELEASE.pom (5.3 kB at 264 kB/s)
[INFO] Downloading from central: https://repo.maven.apache.org/maven2/org/springframework/integration/spring-integration-bom/5.3.1.RELEASE/spring-integration-bom-5.3.1.RELEASE.pom
[INFO] Downloaded from central: https://repo.maven.apache.org/maven2/org/springframework/integration/spring-integration-bom/5.3.1.RELEASE/spring-integration-bom-5.3.1.RELEASE.pom (9.2 kB at 614 kB/s)
[INFO] Downloading from central: https://repo.maven.apache.org/maven2/org/springframework/security/spring-security-bom/5.3.3.RELEASE/spring-security-bom-5.3.3.RELEASE.pom
[INFO] Downloaded from central: https://repo.maven.apache.org/maven2/org/springframework/security/spring-security-bom/5.3.3.RELEASE/spring-security-bom-5.3.3.RELEASE.pom (5.4 kB at 302 kB/s)
[INFO] Downloading from central: https://repo.maven.apache.org/maven2/org/springframework/session/spring-session-bom/Dragonfruit-RELEASE/spring-session-bom-Dragonfruit-RELEASE.pom
[INFO] Downloaded from central: https://repo.maven.apache.org/maven2/org/springframework/session/spring-session-bom/Dragonfruit-RELEASE/spring-session-bom-Dragonfruit-RELEASE.pom (2.8 kB at 139 kB/s)
[INFO] ------------------------------------------------------------------------
[INFO] Reactor Build Order:
[INFO] 
[INFO] arthas-all                                                         [pom]
[INFO] arthas-spy                                                         [jar]
[INFO] arthas-common                                                      [jar]
[INFO] arthas-tunnel-common                                               [jar]
[INFO] arthas-tunnel-client                                               [jar]
[INFO] arthas-memorycompiler                                              [jar]
[INFO] arthas-demo                                                        [jar]
[INFO] arthas-core                                                        [jar]
[INFO] arthas-agent                                                       [jar]
[INFO] arthas-client                                                      [jar]
[INFO] arthas-boot                                                        [jar]
[INFO] arthas-agent-attach                                                [jar]
[INFO] arthas-site                                                        [jar]
[INFO] arthas-packaging                                                   [jar]
[INFO] arthas-spring-boot-starter                                         [jar]
[INFO] arthas-testcase                                                    [jar]
[INFO] arthas-tunnel-server                                               [jar]
[INFO] 
[INFO] --------------------< com.taobao.arthas:arthas-all >--------------------
[INFO] Building arthas-all 3.4.5-SNAPSHOT                                [1/17]
[INFO] --------------------------------[ pom ]---------------------------------
[INFO] Downloading from central: https://repo.maven.apache.org/maven2/org/jacoco/jacoco-maven-plugin/0.8.2/jacoco-maven-plugin-0.8.2.pom
[INFO] Downloaded from central: https://repo.maven.apache.org/maven2/org/jacoco/jacoco-maven-plugin/0.8.2/jacoco-maven-plugin-0.8.2.pom (4.9 kB at 304 kB/s)
[INFO] Downloading from central: https://repo.maven.apache.org/maven2/org/jacoco/org.jacoco.build/0.8.2/org.jacoco.build-0.8.2.pom
[INFO] Downloaded from central: https://repo.maven.apache.org/maven2/org/jacoco/org.jacoco.build/0.8.2/org.jacoco.build-0.8.2.pom (40 kB at 1.7 MB/s)
[INFO] Downloading from central: https://repo.maven.apache.org/maven2/org/jacoco/jacoco-maven-plugin/0.8.2/jacoco-maven-plugin-0.8.2.jar
[INFO] Downloaded from central: https://repo.maven.apache.org/maven2/org/jacoco/jacoco-maven-plugin/0.8.2/jacoco-maven-plugin-0.8.2.jar (54 kB at 2.6 MB/s)
[INFO] Downloading from central: https://repo.maven.apache.org/maven2/pl/project13/maven/git-commit-id-plugin/4.0.1/git-commit-id-plugin-4.0.1.pom
[INFO] Downloaded from central: https://repo.maven.apache.org/maven2/pl/project13/maven/git-commit-id-plugin/4.0.1/git-commit-id-plugin-4.0.1.pom (10 kB at 740 kB/s)
[INFO] Downloading from central: https://repo.maven.apache.org/maven2/pl/project13/maven/git-commit-id-plugin-parent/4.0.1/git-commit-id-plugin-parent-4.0.1.pom
[INFO] Downloaded from central: https://repo.maven.apache.org/maven2/pl/project13/maven/git-commit-id-plugin-parent/4.0.1/git-commit-id-plugin-parent-4.0.1.pom (12 kB at 701 kB/s)
[INFO] Downloading from central: https://repo.maven.apache.org/maven2/pl/project13/maven/git-commit-id-plugin/4.0.1/git-commit-id-plugin-4.0.1.jar
[INFO] Downloaded from central: https://repo.maven.apache.org/maven2/pl/project13/maven/git-commit-id-plugin/4.0.1/git-commit-id-plugin-4.0.1.jar (39 kB at 2.1 MB/s)
[INFO] Downloading from central: https://repo.maven.apache.org/maven2/org/codehaus/mojo/flatten-maven-plugin/1.2.2/flatten-maven-plugin-1.2.2.pom
[INFO] Downloaded from central: https://repo.maven.apache.org/maven2/org/codehaus/mojo/flatten-maven-plugin/1.2.2/flatten-maven-plugin-1.2.2.pom (9.7 kB at 324 kB/s)
[INFO] Downloading from central: https://repo.maven.apache.org/maven2/org/codehaus/mojo/flatten-maven-plugin/1.2.2/flatten-maven-plugin-1.2.2.jar
[INFO] Downloaded from central: https://repo.maven.apache.org/maven2/org/codehaus/mojo/flatten-maven-plugin/1.2.2/flatten-maven-plugin-1.2.2.jar (110 kB at 2.1 MB/s)
[INFO] 
[INFO] --- maven-enforcer-plugin:1.2:enforce (enforce-maven) @ arthas-all ---
[INFO] 
[INFO] --- jacoco-maven-plugin:0.8.2:prepare-agent (jacoco-initialize) @ arthas-all ---
[INFO] Downloading from central: https://repo.maven.apache.org/maven2/org/jacoco/org.jacoco.agent/0.8.2/org.jacoco.agent-0.8.2.pom
[INFO] Downloaded from central: https://repo.maven.apache.org/maven2/org/jacoco/org.jacoco.agent/0.8.2/org.jacoco.agent-0.8.2.pom (3.5 kB at 294 kB/s)
[INFO] Downloading from central: https://repo.maven.apache.org/maven2/org/jacoco/org.jacoco.core/0.8.2/org.jacoco.core-0.8.2.pom
[INFO] Downloaded from central: https://repo.maven.apache.org/maven2/org/jacoco/org.jacoco.core/0.8.2/org.jacoco.core-0.8.2.pom (2.1 kB at 50 kB/s)
[INFO] Downloading from central: https://repo.maven.apache.org/maven2/org/ow2/asm/asm/6.2.1/asm-6.2.1.pom
[INFO] Downloaded from central: https://repo.maven.apache.org/maven2/org/ow2/asm/asm/6.2.1/asm-6.2.1.pom (2.9 kB at 226 kB/s)
[INFO] Downloading from central: https://repo.maven.apache.org/maven2/org/ow2/asm/asm-commons/6.2.1/asm-commons-6.2.1.pom
[INFO] Downloaded from central: https://repo.maven.apache.org/maven2/org/ow2/asm/asm-commons/6.2.1/asm-commons-6.2.1.pom (3.7 kB at 245 kB/s)
[INFO] Downloading from central: https://repo.maven.apache.org/maven2/org/ow2/asm/asm-tree/6.2.1/asm-tree-6.2.1.pom
[INFO] Downloaded from central: https://repo.maven.apache.org/maven2/org/ow2/asm/asm-tree/6.2.1/asm-tree-6.2.1.pom (3.1 kB at 112 kB/s)
[INFO] Downloading from central: https://repo.maven.apache.org/maven2/org/ow2/asm/asm-analysis/6.2.1/asm-analysis-6.2.1.pom
[INFO] Downloaded from central: https://repo.maven.apache.org/maven2/org/ow2/asm/asm-analysis/6.2.1/asm-analysis-6.2.1.pom (3.2 kB at 96 kB/s)
[INFO] Downloading from central: https://repo.maven.apache.org/maven2/org/jacoco/org.jacoco.report/0.8.2/org.jacoco.report-0.8.2.pom
[INFO] Downloaded from central: https://repo.maven.apache.org/maven2/org/jacoco/org.jacoco.report/0.8.2/org.jacoco.report-0.8.2.pom (1.9 kB at 112 kB/s)
[INFO] Downloading from central: https://repo.maven.apache.org/maven2/org/jacoco/org.jacoco.agent/0.8.2/org.jacoco.agent-0.8.2-runtime.jar
[INFO] Downloading from central: https://repo.maven.apache.org/maven2/org/ow2/asm/asm/6.2.1/asm-6.2.1.jar
[INFO] Downloading from central: https://repo.maven.apache.org/maven2/org/jacoco/org.jacoco.core/0.8.2/org.jacoco.core-0.8.2.jar
[INFO] Downloading from central: https://repo.maven.apache.org/maven2/org/ow2/asm/asm-commons/6.2.1/asm-commons-6.2.1.jar
[INFO] Downloading from central: https://repo.maven.apache.org/maven2/org/ow2/asm/asm-analysis/6.2.1/asm-analysis-6.2.1.jar
[INFO] Downloaded from central: https://repo.maven.apache.org/maven2/org/jacoco/org.jacoco.agent/0.8.2/org.jacoco.agent-0.8.2-runtime.jar (270 kB at 2.8 MB/s)
[INFO] Downloading from central: https://repo.maven.apache.org/maven2/org/ow2/asm/asm-tree/6.2.1/asm-tree-6.2.1.jar
[INFO] Downloaded from central: https://repo.maven.apache.org/maven2/org/ow2/asm/asm-tree/6.2.1/asm-tree-6.2.1.jar (50 kB at 365 kB/s)
[INFO] Downloading from central: https://repo.maven.apache.org/maven2/org/jacoco/org.jacoco.report/0.8.2/org.jacoco.report-0.8.2.jar
[INFO] Downloaded from central: https://repo.maven.apache.org/maven2/org/ow2/asm/asm-analysis/6.2.1/asm-analysis-6.2.1.jar (33 kB at 224 kB/s)
[INFO] Downloaded from central: https://repo.maven.apache.org/maven2/org/ow2/asm/asm-commons/6.2.1/asm-commons-6.2.1.jar (79 kB at 436 kB/s)
[INFO] Downloaded from central: https://repo.maven.apache.org/maven2/org/ow2/asm/asm/6.2.1/asm-6.2.1.jar (113 kB at 607 kB/s)
[INFO] Downloaded from central: https://repo.maven.apache.org/maven2/org/jacoco/org.jacoco.core/0.8.2/org.jacoco.core-0.8.2.jar (175 kB at 867 kB/s)
[INFO] Downloaded from central: https://repo.maven.apache.org/maven2/org/jacoco/org.jacoco.report/0.8.2/org.jacoco.report-0.8.2.jar (128 kB at 652 kB/s)
[INFO] argLine set to -javaagent:/home/user/.m2/repository/org/jacoco/org.jacoco.agent/0.8.2/org.jacoco.agent-0.8.2-runtime.jar=destfile=/home/user/projects/arthas/target/jacoco.exec,excludes=com/taobao/arthas/core/view/ObjectViewTest*
[INFO] 
[INFO] --- git-commit-id-plugin:4.0.1:revision (default) @ arthas-all ---
[INFO] Downloading from central: https://repo.maven.apache.org/maven2/pl/project13/maven/git-commit-id-plugin-core/4.0.1/git-commit-id-plugin-core-4.0.1.pom
[INFO] Downloaded from central: https://repo.maven.apache.org/maven2/pl/project13/maven/git-commit-id-plugin-core/4.0.1/git-commit-id-plugin-core-4.0.1.pom (2.1 kB at 24 kB/s)
[INFO] Downloading from central: https://repo.maven.apache.org/maven2/com/fasterxml/jackson/core/jackson-databind/2.11.1/jackson-databind-2.11.1.pom
[INFO] Downloaded from central: https://repo.maven.apache.org/maven2/com/fasterxml/jackson/core/jackson-databind/2.11.1/jackson-databind-2.11.1.pom (7.4 kB at 527 kB/s)
[INFO] Downloading from central: https://repo.maven.apache.org/maven2/com/fasterxml/jackson/jackson-base/2.11.1/jackson-base-2.11.1.pom
[INFO] Downloaded from central: https://repo.maven.apache.org/maven2/com/fasterxml/jackson/jackson-base/2.11.1/jackson-base-2.11.1.pom (0 B at 0 B/s)
[INFO] Downloading from central: https://repo.maven.apache.org/maven2/com/fasterxml/jackson/jackson-bom/2.11.1/jackson-bom-2.11.1.pom
[INFO] Downloaded from central: https://repo.maven.apache.org/maven2/com/fasterxml/jackson/jackson-bom/2.11.1/jackson-bom-2.11.1.pom (0 B at 0 B/s)
[INFO] Downloading from central: https://repo.maven.apache.org/maven2/com/fasterxml/jackson/core/jackson-annotations/2.11.1/jackson-annotations-2.11.1.pom
[INFO] Downloaded from central: https://repo.maven.apache.org/maven2/com/fasterxml/jackson/core/jackson-annotations/2.11.1/jackson-annotations-2.11.1.pom (3.5 kB at 322 kB/s)
[INFO] Downloading from central: https://repo.maven.apache.org/maven2/com/fasterxml/jackson/core/jackson-core/2.11.1/jackson-core-2.11.1.pom
[INFO] Downloaded from central: https://repo.maven.apache.org/maven2/com/fasterxml/jackson/core/jackson-core/2.11.1/jackson-core-2.11.1.pom (0 B at 0 B/s)
[INFO] Downloading from central: https://repo.maven.apache.org/maven2/nu/studer/java-ordered-properties/1.0.4/java-ordered-properties-1.0.4.pom
[INFO] Downloaded from central: https://repo.maven.apache.org/maven2/nu/studer/java-ordered-properties/1.0.4/java-ordered-properties-1.0.4.pom (1.4 kB at 86 kB/s)
[INFO] Downloading from central: https://repo.maven.apache.org/maven2/pl/project13/maven/git-commit-id-plugin-core/4.0.1/git-commit-id-plugin-core-4.0.1.jar
[INFO] Downloading from central: https://repo.maven.apache.org/maven2/com/fasterxml/jackson/core/jackson-databind/2.11.1/jackson-databind-2.11.1.jar
[INFO] Downloading from central: https://repo.maven.apache.org/maven2/com/fasterxml/jackson/core/jackson-annotations/2.11.1/jackson-annotations-2.11.1.jar
[INFO] Downloading from central: https://repo.maven.apache.org/maven2/com/fasterxml/jackson/core/jackson-core/2.11.1/jackson-core-2.11.1.jar
[INFO] Downloading from central: https://repo.maven.apache.org/maven2/nu/studer/java-ordered-properties/1.0.4/java-ordered-properties-1.0.4.jar
[INFO] Downloaded from central: https://repo.maven.apache.org/maven2/nu/studer/java-ordered-properties/1.0.4/java-ordered-properties-1.0.4.jar (8.9 kB at 202 kB/s)
[INFO] Downloaded from central: https://repo.maven.apache.org/maven2/pl/project13/maven/git-commit-id-plugin-core/4.0.1/git-commit-id-plugin-core-4.0.1.jar (86 kB at 1.3 MB/s)
[INFO] Downloaded from central: https://repo.maven.apache.org/maven2/com/fasterxml/jackson/core/jackson-annotations/2.11.1/jackson-annotations-2.11.1.jar (68 kB at 988 kB/s)
[INFO] Downloaded from central: https://repo.maven.apache.org/maven2/com/fasterxml/jackson/core/jackson-core/2.11.1/jackson-core-2.11.1.jar (352 kB at 1.8 MB/s)
[INFO] Downloaded from central: https://repo.maven.apache.org/maven2/com/fasterxml/jackson/core/jackson-databind/2.11.1/jackson-databind-2.11.1.jar (1.4 MB at 4.1 MB/s)
[INFO] 
[INFO] --- flatten-maven-plugin:1.2.2:flatten (flatten) @ arthas-all ---
[INFO] Downloading from central: https://repo.maven.apache.org/maven2/org/codehaus/plexus/plexus-utils/3.2.1/plexus-utils-3.2.1.pom
[INFO] Downloaded from central: https://repo.maven.apache.org/maven2/org/codehaus/plexus/plexus-utils/3.2.1/plexus-utils-3.2.1.pom (5.3 kB at 445 kB/s)
[INFO] Downloading from central: https://repo.maven.apache.org/maven2/org/apache/maven/shared/maven-artifact-transfer/0.9.0/maven-artifact-transfer-0.9.0.pom
[INFO] Downloaded from central: https://repo.maven.apache.org/maven2/org/apache/maven/shared/maven-artifact-transfer/0.9.0/maven-artifact-transfer-0.9.0.pom (7.6 kB at 634 kB/s)
[INFO] Downloading from central: https://repo.maven.apache.org/maven2/org/codehaus/plexus/plexus-component-annotations/1.7/plexus-component-annotations-1.7.pom
[INFO] Downloaded from central: https://repo.maven.apache.org/maven2/org/codehaus/plexus/plexus-component-annotations/1.7/plexus-component-annotations-1.7.pom (748 B at 44 kB/s)
[INFO] Downloading from central: https://repo.maven.apache.org/maven2/org/codehaus/plexus/plexus-containers/1.7/plexus-containers-1.7.pom
[INFO] Downloaded from central: https://repo.maven.apache.org/maven2/org/codehaus/plexus/plexus-containers/1.7/plexus-containers-1.7.pom (4.8 kB at 397 kB/s)
[INFO] Downloading from central: https://repo.maven.apache.org/maven2/org/apache/maven/shared/maven-common-artifact-filters/3.0.0/maven-common-artifact-filters-3.0.0.pom
[INFO] Downloaded from central: https://repo.maven.apache.org/maven2/org/apache/maven/shared/maven-common-artifact-filters/3.0.0/maven-common-artifact-filters-3.0.0.pom (4.8 kB at 370 kB/s)
[INFO] Downloading from central: https://repo.maven.apache.org/maven2/org/eclipse/aether/aether-api/1.0.0.v20140518/aether-api-1.0.0.v20140518.jar
[INFO] Downloading from central: https://repo.maven.apache.org/maven2/com/google/guava/guava/16.0.1/guava-16.0.1.jar
[INFO] Downloading from central: https://repo.maven.apache.org/maven2/org/codehaus/plexus/plexus-utils/3.2.1/plexus-utils-3.2.1.jar
[INFO] Downloading from central: https://repo.maven.apache.org/maven2/org/apache/maven/shared/maven-artifact-transfer/0.9.0/maven-artifact-transfer-0.9.0.jar
[INFO] Downloading from central: https://repo.maven.apache.org/maven2/org/apache/maven/shared/maven-common-artifact-filters/3.0.0/maven-common-artifact-filters-3.0.0.jar
[INFO] Downloaded from central: https://repo.maven.apache.org/maven2/org/apache/maven/shared/maven-common-artifact-filters/3.0.0/maven-common-artifact-filters-3.0.0.jar (57 kB at 784 kB/s)
[INFO] Downloaded from central: https://repo.maven.apache.org/maven2/org/eclipse/aether/aether-api/1.0.0.v20140518/aether-api-1.0.0.v20140518.jar (136 kB at 1.7 MB/s)
[INFO] Downloaded from central: https://repo.maven.apache.org/maven2/org/apache/maven/shared/maven-artifact-transfer/0.9.0/maven-artifact-transfer-0.9.0.jar (123 kB at 1.4 MB/s)
[INFO] Downloaded from central: https://repo.maven.apache.org/maven2/org/codehaus/plexus/plexus-utils/3.2.1/plexus-utils-3.2.1.jar (262 kB at 1.7 MB/s)
[INFO] Downloaded from central: https://repo.maven.apache.org/maven2/com/google/guava/guava/16.0.1/guava-16.0.1.jar (2.2 MB at 5.5 MB/s)
[INFO] Generating flattened POM of project com.taobao.arthas:arthas-all:pom:3.4.5-SNAPSHOT...
[WARNING] FlattenMode minimum is deprecated!
[INFO] 
[INFO] --------------------< com.taobao.arthas:arthas-spy >--------------------
[INFO] Building arthas-spy 3.4.5-SNAPSHOT                                [2/17]
[INFO] --------------------------------[ jar ]---------------------------------
[INFO] 
[INFO] --- maven-enforcer-plugin:1.2:enforce (enforce-maven) @ arthas-spy ---
[INFO] 
[INFO] --- jacoco-maven-plugin:0.8.2:prepare-agent (jacoco-initialize) @ arthas-spy ---
[INFO] argLine set to -javaagent:/home/user/.m2/repository/org/jacoco/org.jacoco.agent/0.8.2/org.jacoco.agent-0.8.2-runtime.jar=destfile=/home/user/projects/arthas/spy/target/jacoco.exec,excludes=com/taobao/arthas/core/view/ObjectViewTest*
[INFO] 
[INFO] --- git-commit-id-plugin:4.0.1:revision (default) @ arthas-spy ---
[INFO] 
[INFO] --- maven-resources-plugin:2.6:resources (default-resources) @ arthas-spy ---
[INFO] Using 'UTF-8' encoding to copy filtered resources.
[INFO] skip non existing resourceDirectory /home/user/projects/arthas/spy/src/main/resources
[INFO] 
[INFO] --- flatten-maven-plugin:1.2.2:flatten (flatten) @ arthas-spy ---
[INFO] Generating flattened POM of project com.taobao.arthas:arthas-spy:jar:3.4.5-SNAPSHOT...
[WARNING] FlattenMode minimum is deprecated!
[INFO] 
[INFO] --- maven-compiler-plugin:3.8.0:compile (default-compile) @ arthas-spy ---
[INFO] Changes detected - recompiling the module!
[INFO] Compiling 6 source files to /home/user/projects/arthas/spy/target/classes
[WARNING] bootstrap class path not set in conjunction with -source 6
[WARNING] source value 6 is obsolete and will be removed in a future release
[WARNING] target value 1.6 is obsolete and will be removed in a future release
[WARNING] To suppress warnings about obsolete options, use -Xlint:-options.
[INFO] 
[INFO] ------------------< com.taobao.arthas:arthas-common >-------------------
[INFO] Building arthas-common 3.4.5-SNAPSHOT                             [3/17]
[INFO] --------------------------------[ jar ]---------------------------------
[INFO] 
[INFO] --- maven-enforcer-plugin:1.2:enforce (enforce-maven) @ arthas-common ---
[INFO] 
[INFO] --- jacoco-maven-plugin:0.8.2:prepare-agent (jacoco-initialize) @ arthas-common ---
[INFO] argLine set to -javaagent:/home/user/.m2/repository/org/jacoco/org.jacoco.agent/0.8.2/org.jacoco.agent-0.8.2-runtime.jar=destfile=/home/user/projects/arthas/common/target/jacoco.exec,excludes=com/taobao/arthas/core/view/ObjectViewTest*
[INFO] 
[INFO] --- git-commit-id-plugin:4.0.1:revision (default) @ arthas-common ---
[INFO] 
[INFO] --- maven-resources-plugin:2.6:resources (default-resources) @ arthas-common ---
[INFO] Using 'UTF-8' encoding to copy filtered resources.
[INFO] skip non existing resourceDirectory /home/user/projects/arthas/common/src/main/resources
[INFO] 
[INFO] --- flatten-maven-plugin:1.2.2:flatten (flatten) @ arthas-common ---
[INFO] Generating flattened POM of project com.taobao.arthas:arthas-common:jar:3.4.5-SNAPSHOT...
[WARNING] FlattenMode minimum is deprecated!
[INFO] 
[INFO] --- maven-compiler-plugin:3.8.0:compile (default-compile) @ arthas-common ---
[INFO] Changes detected - recompiling the module!
[INFO] Compiling 15 source files to /home/user/projects/arthas/common/target/classes
[WARNING] bootstrap class path not set in conjunction with -source 6
[WARNING] source value 6 is obsolete and will be removed in a future release
[WARNING] target value 1.6 is obsolete and will be removed in a future release
[WARNING] To suppress warnings about obsolete options, use -Xlint:-options.
[WARNING] /home/user/projects/arthas/common/src/main/java/com/taobao/arthas/common/ReflectUtils.java:[261,31] isAccessible() in java.lang.reflect.AccessibleObject has been deprecated
[WARNING] /home/user/projects/arthas/common/src/main/java/com/taobao/arthas/common/ReflectUtils.java:[459,50] isAccessible() in java.lang.reflect.AccessibleObject has been deprecated
[INFO] 
[INFO] ---------------< com.taobao.arthas:arthas-tunnel-common >---------------
[INFO] Building arthas-tunnel-common 3.4.5-SNAPSHOT                      [4/17]
[INFO] --------------------------------[ jar ]---------------------------------
[INFO] 
[INFO] --- maven-enforcer-plugin:1.2:enforce (enforce-maven) @ arthas-tunnel-common ---
[INFO] 
[INFO] --- jacoco-maven-plugin:0.8.2:prepare-agent (jacoco-initialize) @ arthas-tunnel-common ---
[INFO] argLine set to -javaagent:/home/user/.m2/repository/org/jacoco/org.jacoco.agent/0.8.2/org.jacoco.agent-0.8.2-runtime.jar=destfile=/home/user/projects/arthas/tunnel-common/target/jacoco.exec,excludes=com/taobao/arthas/core/view/ObjectViewTest*
[INFO] 
[INFO] --- git-commit-id-plugin:4.0.1:revision (default) @ arthas-tunnel-common ---
[INFO] 
[INFO] --- maven-resources-plugin:2.6:resources (default-resources) @ arthas-tunnel-common ---
[INFO] Using 'UTF-8' encoding to copy filtered resources.
[INFO] skip non existing resourceDirectory /home/user/projects/arthas/tunnel-common/src/main/resources
[INFO] 
[INFO] --- flatten-maven-plugin:1.2.2:flatten (flatten) @ arthas-tunnel-common ---
[INFO] Generating flattened POM of project com.taobao.arthas:arthas-tunnel-common:jar:3.4.5-SNAPSHOT...
[WARNING] FlattenMode minimum is deprecated!
[INFO] 
[INFO] --- maven-compiler-plugin:3.8.0:compile (default-compile) @ arthas-tunnel-common ---
[INFO] Changes detected - recompiling the module!
[INFO] Compiling 3 source files to /home/user/projects/arthas/tunnel-common/target/classes
[WARNING] bootstrap class path not set in conjunction with -source 6
[WARNING] source value 6 is obsolete and will be removed in a future release
[WARNING] target value 1.6 is obsolete and will be removed in a future release
[WARNING] To suppress warnings about obsolete options, use -Xlint:-options.
[INFO] 
[INFO] ---------------< com.taobao.arthas:arthas-tunnel-client >---------------
[INFO] Building arthas-tunnel-client 3.4.5-SNAPSHOT                      [5/17]
[INFO] --------------------------------[ jar ]---------------------------------
[INFO] Downloading from central: https://repo.maven.apache.org/maven2/ch/qos/logback/logback-classic/1.2.3/logback-classic-1.2.3.pom
[INFO] Downloaded from central: https://repo.maven.apache.org/maven2/ch/qos/logback/logback-classic/1.2.3/logback-classic-1.2.3.pom (0 B at 0 B/s)
[INFO] Downloading from central: https://repo.maven.apache.org/maven2/ch/qos/logback/logback-parent/1.2.3/logback-parent-1.2.3.pom
[INFO] Downloaded from central: https://repo.maven.apache.org/maven2/ch/qos/logback/logback-parent/1.2.3/logback-parent-1.2.3.pom (0 B at 0 B/s)
[INFO] Downloading from central: https://repo.maven.apache.org/maven2/ch/qos/logback/logback-core/1.2.3/logback-core-1.2.3.pom
[INFO] Downloaded from central: https://repo.maven.apache.org/maven2/ch/qos/logback/logback-core/1.2.3/logback-core-1.2.3.pom (0 B at 0 B/s)
[INFO] Downloading from central: https://repo.maven.apache.org/maven2/io/netty/netty-buffer/4.1.46.Final/netty-buffer-4.1.46.Final.pom
[INFO] Downloaded from central: https://repo.maven.apache.org/maven2/io/netty/netty-buffer/4.1.46.Final/netty-buffer-4.1.46.Final.pom (1.6 kB at 143 kB/s)
[INFO] Downloading from central: https://repo.maven.apache.org/maven2/io/netty/netty-parent/4.1.46.Final/netty-parent-4.1.46.Final.pom
[INFO] Downloaded from central: https://repo.maven.apache.org/maven2/io/netty/netty-parent/4.1.46.Final/netty-parent-4.1.46.Final.pom (57 kB at 1.9 MB/s)
[INFO] Downloading from central: https://repo.maven.apache.org/maven2/io/netty/netty-common/4.1.46.Final/netty-common-4.1.46.Final.pom
[INFO] Downloaded from central: https://repo.maven.apache.org/maven2/io/netty/netty-common/4.1.46.Final/netty-common-4.1.46.Final.pom (10 kB at 946 kB/s)
[INFO] Downloading from central: https://repo.maven.apache.org/maven2/io/netty/netty-handler/4.1.46.Final/netty-handler-4.1.46.Final.pom
[INFO] Downloaded from central: https://repo.maven.apache.org/maven2/io/netty/netty-handler/4.1.46.Final/netty-handler-4.1.46.Final.pom (3.6 kB at 356 kB/s)
[INFO] Downloading from central: https://repo.maven.apache.org/maven2/io/netty/netty-resolver/4.1.46.Final/netty-resolver-4.1.46.Final.pom
[INFO] Downloaded from central: https://repo.maven.apache.org/maven2/io/netty/netty-resolver/4.1.46.Final/netty-resolver-4.1.46.Final.pom (1.6 kB at 132 kB/s)
[INFO] Downloading from central: https://repo.maven.apache.org/maven2/io/netty/netty-transport/4.1.46.Final/netty-transport-4.1.46.Final.pom
[INFO] Downloaded from central: https://repo.maven.apache.org/maven2/io/netty/netty-transport/4.1.46.Final/netty-transport-4.1.46.Final.pom (1.9 kB at 214 kB/s)
[INFO] Downloading from central: https://repo.maven.apache.org/maven2/io/netty/netty-codec/4.1.46.Final/netty-codec-4.1.46.Final.pom
[INFO] Downloaded from central: https://repo.maven.apache.org/maven2/io/netty/netty-codec/4.1.46.Final/netty-codec-4.1.46.Final.pom (3.6 kB at 256 kB/s)
[INFO] Downloading from central: https://repo.maven.apache.org/maven2/io/netty/netty-codec-http/4.1.46.Final/netty-codec-http-4.1.46.Final.pom
[INFO] Downloaded from central: https://repo.maven.apache.org/maven2/io/netty/netty-codec-http/4.1.46.Final/netty-codec-http-4.1.46.Final.pom (2.4 kB at 141 kB/s)
[INFO] Downloading from central: https://repo.maven.apache.org/maven2/org/slf4j/slf4j-api/1.7.25/slf4j-api-1.7.25.jar
[INFO] Downloading from central: https://repo.maven.apache.org/maven2/ch/qos/logback/logback-classic/1.2.3/logback-classic-1.2.3.jar
[INFO] Downloading from central: https://repo.maven.apache.org/maven2/io/netty/netty-buffer/4.1.46.Final/netty-buffer-4.1.46.Final.jar
[INFO] Downloading from central: https://repo.maven.apache.org/maven2/io/netty/netty-common/4.1.46.Final/netty-common-4.1.46.Final.jar
[INFO] Downloading from central: https://repo.maven.apache.org/maven2/ch/qos/logback/logback-core/1.2.3/logback-core-1.2.3.jar
[INFO] Downloaded from central: https://repo.maven.apache.org/maven2/ch/qos/logback/logback-classic/1.2.3/logback-classic-1.2.3.jar (290 kB at 2.7 MB/s)
[INFO] Downloading from central: https://repo.maven.apache.org/maven2/io/netty/netty-handler/4.1.46.Final/netty-handler-4.1.46.Final.jar
[INFO] Downloaded from central: https://repo.maven.apache.org/maven2/io/netty/netty-buffer/4.1.46.Final/netty-buffer-4.1.46.Final.jar (279 kB at 1.4 MB/s)
[INFO] Downloading from central: https://repo.maven.apache.org/maven2/io/netty/netty-resolver/4.1.46.Final/netty-resolver-4.1.46.Final.jar
[INFO] Downloaded from central: https://repo.maven.apache.org/maven2/ch/qos/logback/logback-core/1.2.3/logback-core-1.2.3.jar (472 kB at 1.8 MB/s)
[INFO] Downloaded from central: https://repo.maven.apache.org/maven2/io/netty/netty-resolver/4.1.46.Final/netty-resolver-4.1.46.Final.jar (33 kB at 129 kB/s)
[INFO] Downloaded from central: https://repo.maven.apache.org/maven2/io/netty/netty-handler/4.1.46.Final/netty-handler-4.1.46.Final.jar (454 kB at 1.8 MB/s)
[INFO] Downloading from central: https://repo.maven.apache.org/maven2/io/netty/netty-codec/4.1.46.Final/netty-codec-4.1.46.Final.jar
[INFO] Downloading from central: https://repo.maven.apache.org/maven2/io/netty/netty-codec-http/4.1.46.Final/netty-codec-http-4.1.46.Final.jar
[INFO] Downloading from central: https://repo.maven.apache.org/maven2/io/netty/netty-transport/4.1.46.Final/netty-transport-4.1.46.Final.jar
[INFO] Downloaded from central: https://repo.maven.apache.org/maven2/io/netty/netty-transport/4.1.46.Final/netty-transport-4.1.46.Final.jar (473 kB at 1.1 MB/s)
[INFO] Downloaded from central: https://repo.maven.apache.org/maven2/io/netty/netty-codec/4.1.46.Final/netty-codec-4.1.46.Final.jar (320 kB at 741 kB/s)
[INFO] Downloaded from central: https://repo.maven.apache.org/maven2/io/netty/netty-common/4.1.46.Final/netty-common-4.1.46.Final.jar (622 kB at 1.4 MB/s)
[INFO] Downloaded from central: https://repo.maven.apache.org/maven2/io/netty/netty-codec-http/4.1.46.Final/netty-codec-http-4.1.46.Final.jar (609 kB at 1.3 MB/s)
[INFO] Downloaded from central: https://repo.maven.apache.org/maven2/org/slf4j/slf4j-api/1.7.25/slf4j-api-1.7.25.jar (41 kB at 384 B/s)
[INFO] 
[INFO] --- maven-enforcer-plugin:1.2:enforce (enforce-maven) @ arthas-tunnel-client ---
[INFO] 
[INFO] --- jacoco-maven-plugin:0.8.2:prepare-agent (jacoco-initialize) @ arthas-tunnel-client ---
[INFO] argLine set to -javaagent:/home/user/.m2/repository/org/jacoco/org.jacoco.agent/0.8.2/org.jacoco.agent-0.8.2-runtime.jar=destfile=/home/user/projects/arthas/tunnel-client/target/jacoco.exec,excludes=com/taobao/arthas/core/view/ObjectViewTest*
[INFO] 
[INFO] --- git-commit-id-plugin:4.0.1:revision (default) @ arthas-tunnel-client ---
[INFO] 
[INFO] --- maven-resources-plugin:2.6:resources (default-resources) @ arthas-tunnel-client ---
[INFO] Using 'UTF-8' encoding to copy filtered resources.
[INFO] skip non existing resourceDirectory /home/user/projects/arthas/tunnel-client/src/main/resources
[INFO] 
[INFO] --- flatten-maven-plugin:1.2.2:flatten (flatten) @ arthas-tunnel-client ---
[INFO] Generating flattened POM of project com.taobao.arthas:arthas-tunnel-client:jar:3.4.5-SNAPSHOT...
[WARNING] FlattenMode minimum is deprecated!
[INFO] 
[INFO] --- maven-compiler-plugin:3.8.0:compile (default-compile) @ arthas-tunnel-client ---
[INFO] Changes detected - recompiling the module!
[INFO] Compiling 8 source files to /home/user/projects/arthas/tunnel-client/target/classes
[WARNING] bootstrap class path not set in conjunction with -source 6
[WARNING] source value 6 is obsolete and will be removed in a future release
[WARNING] target value 1.6 is obsolete and will be removed in a future release
[WARNING] To suppress warnings about obsolete options, use -Xlint:-options.
[INFO] 
[INFO] --------------< com.taobao.arthas:arthas-memorycompiler >---------------
[INFO] Building arthas-memorycompiler 3.4.5-SNAPSHOT                     [6/17]
[INFO] --------------------------------[ jar ]---------------------------------
[INFO] 
[INFO] --- maven-enforcer-plugin:1.2:enforce (enforce-maven) @ arthas-memorycompiler ---
[INFO] 
[INFO] --- jacoco-maven-plugin:0.8.2:prepare-agent (jacoco-initialize) @ arthas-memorycompiler ---
[INFO] argLine set to -javaagent:/home/user/.m2/repository/org/jacoco/org.jacoco.agent/0.8.2/org.jacoco.agent-0.8.2-runtime.jar=destfile=/home/user/projects/arthas/memorycompiler/target/jacoco.exec,excludes=com/taobao/arthas/core/view/ObjectViewTest*
[INFO] 
[INFO] --- git-commit-id-plugin:4.0.1:revision (default) @ arthas-memorycompiler ---
[INFO] 
[INFO] --- maven-resources-plugin:2.6:resources (default-resources) @ arthas-memorycompiler ---
[INFO] Using 'UTF-8' encoding to copy filtered resources.
[INFO] skip non existing resourceDirectory /home/user/projects/arthas/memorycompiler/src/main/resources
[INFO] 
[INFO] --- flatten-maven-plugin:1.2.2:flatten (flatten) @ arthas-memorycompiler ---
[INFO] Generating flattened POM of project com.taobao.arthas:arthas-memorycompiler:jar:3.4.5-SNAPSHOT...
[WARNING] FlattenMode minimum is deprecated!
[INFO] 
[INFO] --- maven-compiler-plugin:3.8.0:compile (default-compile) @ arthas-memorycompiler ---
[INFO] Changes detected - recompiling the module!
[INFO] Compiling 8 source files to /home/user/projects/arthas/memorycompiler/target/classes
[WARNING] bootstrap class path not set in conjunction with -source 6
[WARNING] source value 6 is obsolete and will be removed in a future release
[WARNING] target value 1.6 is obsolete and will be removed in a future release
[WARNING] To suppress warnings about obsolete options, use -Xlint:-options.
[INFO] 
[INFO] -------------------< com.taobao.arthas:arthas-demo >--------------------
[INFO] Building arthas-demo 3.4.5-SNAPSHOT                               [7/17]
[INFO] --------------------------------[ jar ]---------------------------------
[INFO] 
[INFO] --- maven-enforcer-plugin:1.2:enforce (enforce-maven) @ arthas-demo ---
[INFO] 
[INFO] --- jacoco-maven-plugin:0.8.2:prepare-agent (jacoco-initialize) @ arthas-demo ---
[INFO] argLine set to -javaagent:/home/user/.m2/repository/org/jacoco/org.jacoco.agent/0.8.2/org.jacoco.agent-0.8.2-runtime.jar=destfile=/home/user/projects/arthas/demo/target/jacoco.exec,excludes=com/taobao/arthas/core/view/ObjectViewTest*
[INFO] 
[INFO] --- git-commit-id-plugin:4.0.1:revision (default) @ arthas-demo ---
[INFO] 
[INFO] --- maven-resources-plugin:2.6:resources (default-resources) @ arthas-demo ---
[INFO] Using 'UTF-8' encoding to copy filtered resources.
[INFO] skip non existing resourceDirectory /home/user/projects/arthas/demo/src/main/resources
[INFO] 
[INFO] --- flatten-maven-plugin:1.2.2:flatten (flatten) @ arthas-demo ---
[INFO] Generating flattened POM of project com.taobao.arthas:arthas-demo:jar:3.4.5-SNAPSHOT...
[WARNING] FlattenMode minimum is deprecated!
[INFO] 
[INFO] --- maven-compiler-plugin:3.8.0:compile (default-compile) @ arthas-demo ---
[INFO] Changes detected - recompiling the module!
[INFO] Compiling 1 source file to /home/user/projects/arthas/demo/target/classes
[WARNING] bootstrap class path not set in conjunction with -source 6
[WARNING] source value 6 is obsolete and will be removed in a future release
[WARNING] target value 1.6 is obsolete and will be removed in a future release
[WARNING] To suppress warnings about obsolete options, use -Xlint:-options.
[INFO] 
[INFO] -------------------< com.taobao.arthas:arthas-core >--------------------
[INFO] Building arthas-core 3.4.5-SNAPSHOT                               [8/17]
[INFO] --------------------------------[ jar ]---------------------------------
[INFO] Downloading from central: https://repo.maven.apache.org/maven2/com/alibaba/bytekit-core/0.0.2/bytekit-core-0.0.2.pom
[INFO] Downloaded from central: https://repo.maven.apache.org/maven2/com/alibaba/bytekit-core/0.0.2/bytekit-core-0.0.2.pom (3.8 kB at 10 kB/s)
[INFO] Downloading from central: https://repo.maven.apache.org/maven2/com/alibaba/bytekit-instrument-api/0.0.2/bytekit-instrument-api-0.0.2.pom
[INFO] Downloaded from central: https://repo.maven.apache.org/maven2/com/alibaba/bytekit-instrument-api/0.0.2/bytekit-instrument-api-0.0.2.pom (3.1 kB at 8.2 kB/s)
[INFO] Downloading from central: https://repo.maven.apache.org/maven2/com/alibaba/repackage-asm/0.0.7/repackage-asm-0.0.7.pom
[INFO] Downloaded from central: https://repo.maven.apache.org/maven2/com/alibaba/repackage-asm/0.0.7/repackage-asm-0.0.7.pom (1.7 kB at 4.3 kB/s)
[INFO] Downloading from central: https://repo.maven.apache.org/maven2/com/alibaba/arthas/arthas-repackage-deps/0.0.7/arthas-repackage-deps-0.0.7.pom
[INFO] Downloaded from central: https://repo.maven.apache.org/maven2/com/alibaba/arthas/arthas-repackage-deps/0.0.7/arthas-repackage-deps-0.0.7.pom (5.7 kB at 16 kB/s)
[INFO] Downloading from central: https://repo.maven.apache.org/maven2/net/bytebuddy/byte-buddy-agent/1.10.18/byte-buddy-agent-1.10.18.pom
[INFO] Downloaded from central: https://repo.maven.apache.org/maven2/net/bytebuddy/byte-buddy-agent/1.10.18/byte-buddy-agent-1.10.18.pom (9.6 kB at 133 kB/s)
[INFO] Downloading from central: https://repo.maven.apache.org/maven2/net/bytebuddy/byte-buddy-parent/1.10.18/byte-buddy-parent-1.10.18.pom
[INFO] Downloaded from central: https://repo.maven.apache.org/maven2/net/bytebuddy/byte-buddy-parent/1.10.18/byte-buddy-parent-1.10.18.pom (40 kB at 653 kB/s)
[INFO] Downloading from central: https://repo.maven.apache.org/maven2/com/alibaba/middleware/termd-core/1.1.7.11/termd-core-1.1.7.11.pom
[INFO] Downloaded from central: https://repo.maven.apache.org/maven2/com/alibaba/middleware/termd-core/1.1.7.11/termd-core-1.1.7.11.pom (22 kB at 83 kB/s)
[INFO] Downloading from central: https://repo.maven.apache.org/maven2/com/fasterxml/jackson/core/jackson-databind/2.7.9.4/jackson-databind-2.7.9.4.pom
[INFO] Downloaded from central: https://repo.maven.apache.org/maven2/com/fasterxml/jackson/core/jackson-databind/2.7.9.4/jackson-databind-2.7.9.4.pom (5.2 kB at 104 kB/s)
[INFO] Downloading from central: https://repo.maven.apache.org/maven2/com/fasterxml/jackson/jackson-parent/2.7/jackson-parent-2.7.pom
[INFO] Downloaded from central: https://repo.maven.apache.org/maven2/com/fasterxml/jackson/jackson-parent/2.7/jackson-parent-2.7.pom (8.1 kB at 233 kB/s)
[INFO] Downloading from central: https://repo.maven.apache.org/maven2/com/fasterxml/oss-parent/25/oss-parent-25.pom
[INFO] Downloaded from central: https://repo.maven.apache.org/maven2/com/fasterxml/oss-parent/25/oss-parent-25.pom (19 kB at 262 kB/s)
[INFO] Downloading from central: https://repo.maven.apache.org/maven2/com/fasterxml/jackson/core/jackson-annotations/2.7.0/jackson-annotations-2.7.0.pom
[INFO] Downloaded from central: https://repo.maven.apache.org/maven2/com/fasterxml/jackson/core/jackson-annotations/2.7.0/jackson-annotations-2.7.0.pom (1.5 kB at 31 kB/s)
[INFO] Downloading from central: https://repo.maven.apache.org/maven2/com/fasterxml/jackson/core/jackson-core/2.7.9/jackson-core-2.7.9.pom
[INFO] Downloaded from central: https://repo.maven.apache.org/maven2/com/fasterxml/jackson/core/jackson-core/2.7.9/jackson-core-2.7.9.pom (5.1 kB at 76 kB/s)
[INFO] Downloading from central: https://repo.maven.apache.org/maven2/com/alibaba/middleware/cli/1.0.4/cli-1.0.4.pom
[INFO] Downloaded from central: https://repo.maven.apache.org/maven2/com/alibaba/middleware/cli/1.0.4/cli-1.0.4.pom (4.8 kB at 23 kB/s)
[INFO] Downloading from central: https://repo.maven.apache.org/maven2/com/taobao/text/text-ui/0.0.2/text-ui-0.0.2.pom
[INFO] Downloaded from central: https://repo.maven.apache.org/maven2/com/taobao/text/text-ui/0.0.2/text-ui-0.0.2.pom (5.0 kB at 19 kB/s)
[INFO] Downloading from central: https://repo.maven.apache.org/maven2/com/fifesoft/rsyntaxtextarea/2.5.8/rsyntaxtextarea-2.5.8.pom
[INFO] Downloaded from central: https://repo.maven.apache.org/maven2/com/fifesoft/rsyntaxtextarea/2.5.8/rsyntaxtextarea-2.5.8.pom (2.5 kB at 12 kB/s)
[INFO] Downloading from central: https://repo.maven.apache.org/maven2/com/alibaba/arthas/arthas-repackage-logger/0.0.6/arthas-repackage-logger-0.0.6.pom
[INFO] Downloaded from central: https://repo.maven.apache.org/maven2/com/alibaba/arthas/arthas-repackage-logger/0.0.6/arthas-repackage-logger-0.0.6.pom (3.4 kB at 7.3 kB/s)
[INFO] Downloading from central: https://repo.maven.apache.org/maven2/com/alibaba/arthas/arthas-repackage-deps/0.0.6/arthas-repackage-deps-0.0.6.pom
[INFO] Downloaded from central: https://repo.maven.apache.org/maven2/com/alibaba/arthas/arthas-repackage-deps/0.0.6/arthas-repackage-deps-0.0.6.pom (5.7 kB at 13 kB/s)
[INFO] Downloading from central: https://repo.maven.apache.org/maven2/org/apache/logging/log4j/log4j-core/2.12.1/log4j-core-2.12.1.pom
[INFO] Downloaded from central: https://repo.maven.apache.org/maven2/org/apache/logging/log4j/log4j-core/2.12.1/log4j-core-2.12.1.pom (23 kB at 210 kB/s)
[INFO] Downloading from central: https://repo.maven.apache.org/maven2/org/apache/logging/log4j/log4j/2.12.1/log4j-2.12.1.pom
[INFO] Downloaded from central: https://repo.maven.apache.org/maven2/org/apache/logging/log4j/log4j/2.12.1/log4j-2.12.1.pom (63 kB at 794 kB/s)
[INFO] Downloading from central: https://repo.maven.apache.org/maven2/org/apache/logging/log4j/log4j-api/2.12.1/log4j-api-2.12.1.pom
[INFO] Downloaded from central: https://repo.maven.apache.org/maven2/org/apache/logging/log4j/log4j-api/2.12.1/log4j-api-2.12.1.pom (13 kB at 122 kB/s)
[INFO] Downloading from central: https://repo.maven.apache.org/maven2/com/alibaba/fastjson/1.2.71/fastjson-1.2.71.pom
[INFO] Downloaded from central: https://repo.maven.apache.org/maven2/com/alibaba/fastjson/1.2.71/fastjson-1.2.71.pom (11 kB at 43 kB/s)
[INFO] Downloading from central: https://repo.maven.apache.org/maven2/ognl/ognl/3.1.19/ognl-3.1.19.pom
[INFO] Downloaded from central: https://repo.maven.apache.org/maven2/ognl/ognl/3.1.19/ognl-3.1.19.pom (5.9 kB at 23 kB/s)
[INFO] Downloading from central: https://repo.maven.apache.org/maven2/org/javassist/javassist/3.20.0-GA/javassist-3.20.0-GA.pom
[INFO] Downloaded from central: https://repo.maven.apache.org/maven2/org/javassist/javassist/3.20.0-GA/javassist-3.20.0-GA.pom (9.8 kB at 164 kB/s)
[INFO] Downloading from central: https://repo.maven.apache.org/maven2/org/assertj/assertj-core/2.9.1/assertj-core-2.9.1.pom
[INFO] Downloaded from central: https://repo.maven.apache.org/maven2/org/assertj/assertj-core/2.9.1/assertj-core-2.9.1.pom (8.2 kB at 99 kB/s)
[INFO] Downloading from central: https://repo.maven.apache.org/maven2/org/assertj/assertj-parent-pom/2.1.6/assertj-parent-pom-2.1.6.pom
[INFO] Downloaded from central: https://repo.maven.apache.org/maven2/org/assertj/assertj-parent-pom/2.1.6/assertj-parent-pom-2.1.6.pom (15 kB at 171 kB/s)
[INFO] Downloading from central: https://repo.maven.apache.org/maven2/org/mockito/mockito-core/2.28.2/mockito-core-2.28.2.pom
[INFO] Downloaded from central: https://repo.maven.apache.org/maven2/org/mockito/mockito-core/2.28.2/mockito-core-2.28.2.pom (20 kB at 226 kB/s)
[INFO] Downloading from central: https://repo.maven.apache.org/maven2/net/bytebuddy/byte-buddy/1.10.18/byte-buddy-1.10.18.pom
[INFO] Downloaded from central: https://repo.maven.apache.org/maven2/net/bytebuddy/byte-buddy/1.10.18/byte-buddy-1.10.18.pom (11 kB at 138 kB/s)
[INFO] Downloading from central: https://repo.maven.apache.org/maven2/org/zeroturnaround/zt-zip/1.14/zt-zip-1.14.pom
[INFO] Downloaded from central: https://repo.maven.apache.org/maven2/org/zeroturnaround/zt-zip/1.14/zt-zip-1.14.pom (5.8 kB at 58 kB/s)
[INFO] Downloading from central: https://repo.maven.apache.org/maven2/org/benf/cfr/0.150/cfr-0.150.pom
[INFO] Downloaded from central: https://repo.maven.apache.org/maven2/org/benf/cfr/0.150/cfr-0.150.pom (7.5 kB at 32 kB/s)
[INFO] Downloading from central: https://repo.maven.apache.org/maven2/com/github/olivergondza/maven-jdk-tools-wrapper/0.1/maven-jdk-tools-wrapper-0.1.pom
[INFO] Downloaded from central: https://repo.maven.apache.org/maven2/com/github/olivergondza/maven-jdk-tools-wrapper/0.1/maven-jdk-tools-wrapper-0.1.pom (5.4 kB at 18 kB/s)
[INFO] Downloading from central: https://repo.maven.apache.org/maven2/com/alibaba/bytekit-core/0.0.2/bytekit-core-0.0.2.jar
[INFO] Downloading from central: https://repo.maven.apache.org/maven2/com/alibaba/bytekit-instrument-api/0.0.2/bytekit-instrument-api-0.0.2.jar
[INFO] Downloading from central: https://repo.maven.apache.org/maven2/net/bytebuddy/byte-buddy-agent/1.10.18/byte-buddy-agent-1.10.18.jar
[INFO] Downloading from central: https://repo.maven.apache.org/maven2/com/alibaba/repackage-asm/0.0.7/repackage-asm-0.0.7.jar
[INFO] Downloading from central: https://repo.maven.apache.org/maven2/com/alibaba/middleware/termd-core/1.1.7.11/termd-core-1.1.7.11.jar
[INFO] Downloaded from central: https://repo.maven.apache.org/maven2/net/bytebuddy/byte-buddy-agent/1.10.18/byte-buddy-agent-1.10.18.jar (259 kB at 1.6 MB/s)
[INFO] Downloading from central: https://repo.maven.apache.org/maven2/com/fasterxml/jackson/core/jackson-databind/2.7.9.4/jackson-databind-2.7.9.4.jar
[INFO] Downloaded from central: https://repo.maven.apache.org/maven2/com/alibaba/bytekit-instrument-api/0.0.2/bytekit-instrument-api-0.0.2.jar (4.2 kB at 7.3 kB/s)
[INFO] Downloading from central: https://repo.maven.apache.org/maven2/com/fasterxml/jackson/core/jackson-annotations/2.7.0/jackson-annotations-2.7.0.jar
[INFO] Downloaded from central: https://repo.maven.apache.org/maven2/com/fasterxml/jackson/core/jackson-annotations/2.7.0/jackson-annotations-2.7.0.jar (51 kB at 81 kB/s)
[INFO] Downloading from central: https://repo.maven.apache.org/maven2/com/fasterxml/jackson/core/jackson-core/2.7.9/jackson-core-2.7.9.jar
[INFO] Downloaded from central: https://repo.maven.apache.org/maven2/com/alibaba/middleware/termd-core/1.1.7.11/termd-core-1.1.7.11.jar (724 kB at 1.1 MB/s)
[INFO] Downloading from central: https://repo.maven.apache.org/maven2/com/alibaba/middleware/cli/1.0.4/cli-1.0.4.jar
[INFO] Downloaded from central: https://repo.maven.apache.org/maven2/com/alibaba/repackage-asm/0.0.7/repackage-asm-0.0.7.jar (369 kB at 530 kB/s)
[INFO] Downloading from central: https://repo.maven.apache.org/maven2/com/taobao/text/text-ui/0.0.2/text-ui-0.0.2.jar
[INFO] Downloaded from central: https://repo.maven.apache.org/maven2/com/alibaba/bytekit-core/0.0.2/bytekit-core-0.0.2.jar (212 kB at 276 kB/s)
[INFO] Downloading from central: https://repo.maven.apache.org/maven2/com/fifesoft/rsyntaxtextarea/2.5.8/rsyntaxtextarea-2.5.8.jar
[INFO] Downloaded from central: https://repo.maven.apache.org/maven2/com/fasterxml/jackson/core/jackson-databind/2.7.9.4/jackson-databind-2.7.9.4.jar (1.2 MB at 1.4 MB/s)
[INFO] Downloading from central: https://repo.maven.apache.org/maven2/com/alibaba/arthas/arthas-repackage-logger/0.0.6/arthas-repackage-logger-0.0.6.jar
[INFO] Downloaded from central: https://repo.maven.apache.org/maven2/com/fasterxml/jackson/core/jackson-core/2.7.9/jackson-core-2.7.9.jar (253 kB at 288 kB/s)
[INFO] Downloading from central: https://repo.maven.apache.org/maven2/org/apache/logging/log4j/log4j-core/2.12.1/log4j-core-2.12.1.jar
[INFO] Downloaded from central: https://repo.maven.apache.org/maven2/com/alibaba/middleware/cli/1.0.4/cli-1.0.4.jar (61 kB at 65 kB/s)
[INFO] Downloading from central: https://repo.maven.apache.org/maven2/org/apache/logging/log4j/log4j-api/2.12.1/log4j-api-2.12.1.jar
[INFO] Downloaded from central: https://repo.maven.apache.org/maven2/com/taobao/text/text-ui/0.0.2/text-ui-0.0.2.jar (131 kB at 135 kB/s)
[INFO] Downloading from central: https://repo.maven.apache.org/maven2/com/alibaba/fastjson/1.2.71/fastjson-1.2.71.jar
[INFO] Downloaded from central: https://repo.maven.apache.org/maven2/org/apache/logging/log4j/log4j-api/2.12.1/log4j-api-2.12.1.jar (277 kB at 248 kB/s)
[INFO] Downloading from central: https://repo.maven.apache.org/maven2/ognl/ognl/3.1.19/ognl-3.1.19.jar
[INFO] Downloaded from central: https://repo.maven.apache.org/maven2/com/alibaba/fastjson/1.2.71/fastjson-1.2.71.jar (651 kB at 393 kB/s)
[INFO] Downloading from central: https://repo.maven.apache.org/maven2/org/javassist/javassist/3.20.0-GA/javassist-3.20.0-GA.jar
[INFO] Downloaded from central: https://repo.maven.apache.org/maven2/ognl/ognl/3.1.19/ognl-3.1.19.jar (236 kB at 141 kB/s)
[INFO] Downloading from central: https://repo.maven.apache.org/maven2/org/assertj/assertj-core/2.9.1/assertj-core-2.9.1.jar
[INFO] Downloaded from central: https://repo.maven.apache.org/maven2/com/alibaba/arthas/arthas-repackage-logger/0.0.6/arthas-repackage-logger-0.0.6.jar (851 kB at 388 kB/s)
[INFO] Downloading from central: https://repo.maven.apache.org/maven2/org/mockito/mockito-core/2.28.2/mockito-core-2.28.2.jar
[INFO] Downloaded from central: https://repo.maven.apache.org/maven2/org/javassist/javassist/3.20.0-GA/javassist-3.20.0-GA.jar (751 kB at 328 kB/s)
[INFO] Downloading from central: https://repo.maven.apache.org/maven2/net/bytebuddy/byte-buddy/1.10.18/byte-buddy-1.10.18.jar
[INFO] Downloaded from central: https://repo.maven.apache.org/maven2/com/fifesoft/rsyntaxtextarea/2.5.8/rsyntaxtextarea-2.5.8.jar (1.1 MB at 427 kB/s)
[INFO] Downloading from central: https://repo.maven.apache.org/maven2/org/zeroturnaround/zt-zip/1.14/zt-zip-1.14.jar
[INFO] Downloaded from central: https://repo.maven.apache.org/maven2/org/apache/logging/log4j/log4j-core/2.12.1/log4j-core-2.12.1.jar (1.7 MB at 646 kB/s)
[INFO] Downloading from central: https://repo.maven.apache.org/maven2/org/benf/cfr/0.150/cfr-0.150.jar
[INFO] Downloaded from central: https://repo.maven.apache.org/maven2/org/assertj/assertj-core/2.9.1/assertj-core-2.9.1.jar (1.1 MB at 424 kB/s)
[INFO] Downloading from central: https://repo.maven.apache.org/maven2/com/github/olivergondza/maven-jdk-tools-wrapper/0.1/maven-jdk-tools-wrapper-0.1.jar
[INFO] Downloaded from central: https://repo.maven.apache.org/maven2/org/zeroturnaround/zt-zip/1.14/zt-zip-1.14.jar (111 kB at 42 kB/s)
[INFO] Downloaded from central: https://repo.maven.apache.org/maven2/org/mockito/mockito-core/2.28.2/mockito-core-2.28.2.jar (591 kB at 216 kB/s)
[INFO] Downloaded from central: https://repo.maven.apache.org/maven2/com/github/olivergondza/maven-jdk-tools-wrapper/0.1/maven-jdk-tools-wrapper-0.1.jar (2.6 kB at 899 B/s)
[INFO] Downloaded from central: https://repo.maven.apache.org/maven2/org/benf/cfr/0.150/cfr-0.150.jar (2.0 MB at 469 kB/s)
[INFO] Downloaded from central: https://repo.maven.apache.org/maven2/net/bytebuddy/byte-buddy/1.10.18/byte-buddy-1.10.18.jar (3.5 MB at 704 kB/s)
[INFO] 
[INFO] --- maven-enforcer-plugin:1.2:enforce (enforce-maven) @ arthas-core ---
[INFO] 
[INFO] --- jacoco-maven-plugin:0.8.2:prepare-agent (jacoco-initialize) @ arthas-core ---
[INFO] argLine set to -javaagent:/home/user/.m2/repository/org/jacoco/org.jacoco.agent/0.8.2/org.jacoco.agent-0.8.2-runtime.jar=destfile=/home/user/projects/arthas/core/target/jacoco.exec,excludes=com/taobao/arthas/core/view/ObjectViewTest*
[INFO] 
[INFO] --- git-commit-id-plugin:4.0.1:revision (default) @ arthas-core ---
[INFO] 
[INFO] --- maven-resources-plugin:2.6:resources (default-resources) @ arthas-core ---
[INFO] Using 'UTF-8' encoding to copy filtered resources.
[INFO] Copying 23 resources
[INFO] 
[INFO] --- flatten-maven-plugin:1.2.2:flatten (flatten) @ arthas-core ---
[INFO] Generating flattened POM of project com.taobao.arthas:arthas-core:jar:3.4.5-SNAPSHOT...
[WARNING] FlattenMode minimum is deprecated!
[INFO] 
[INFO] --- maven-compiler-plugin:3.8.0:compile (default-compile) @ arthas-core ---
[INFO] Changes detected - recompiling the module!
[INFO] Compiling 402 source files to /home/user/projects/arthas/core/target/classes
[INFO] -------------------------------------------------------------
[WARNING] COMPILATION WARNING : 
[INFO] -------------------------------------------------------------
[WARNING] bootstrap class path not set in conjunction with -source 6
[WARNING] source value 6 is obsolete and will be removed in a future release
[WARNING] target value 1.6 is obsolete and will be removed in a future release
[WARNING] To suppress warnings about obsolete options, use -Xlint:-options.
[INFO] 4 warnings 
[INFO] -------------------------------------------------------------
[INFO] -------------------------------------------------------------
[ERROR] COMPILATION ERROR : 
[INFO] -------------------------------------------------------------
[ERROR] /home/user/projects/arthas/core/src/main/java/com/taobao/arthas/core/util/NetUtils.java:[128,13] try-with-resources is not supported in -source 6
  (use -source 7 or higher to enable try-with-resources)
[ERROR] /home/user/projects/arthas/core/src/main/java/com/taobao/arthas/core/shell/term/impl/Helper.java:[25,13] try-with-resources is not supported in -source 6
  (use -source 7 or higher to enable try-with-resources)
[ERROR] /home/user/projects/arthas/core/src/main/java/com/taobao/arthas/core/util/FileUtils.java:[211,13] try-with-resources is not supported in -source 6
  (use -source 7 or higher to enable try-with-resources)
[INFO] 3 errors 
[INFO] -------------------------------------------------------------
[INFO] ------------------------------------------------------------------------
[INFO] Reactor Summary for arthas-all 3.4.5-SNAPSHOT:
[INFO] 
[INFO] arthas-all ......................................... SUCCESS [  3.369 s]
[INFO] arthas-spy ......................................... SUCCESS [  2.395 s]
[INFO] arthas-common ...................................... SUCCESS [  0.906 s]
[INFO] arthas-tunnel-common ............................... SUCCESS [  0.098 s]
[INFO] arthas-tunnel-client ............................... SUCCESS [01:48 min]
[INFO] arthas-memorycompiler .............................. SUCCESS [  0.881 s]
[INFO] arthas-demo ........................................ SUCCESS [  0.283 s]
[INFO] arthas-core ........................................ FAILURE [ 13.183 s]
[INFO] arthas-agent ....................................... SKIPPED
[INFO] arthas-client ...................................... SKIPPED
[INFO] arthas-boot ........................................ SKIPPED
[INFO] arthas-agent-attach ................................ SKIPPED
[INFO] arthas-site ........................................ SKIPPED
[INFO] arthas-packaging ................................... SKIPPED
[INFO] arthas-spring-boot-starter ......................... SKIPPED
[INFO] arthas-testcase .................................... SKIPPED
[INFO] arthas-tunnel-server ............................... SKIPPED
[INFO] ------------------------------------------------------------------------
[INFO] BUILD FAILURE
[INFO] ------------------------------------------------------------------------
[INFO] Total time:  02:11 min
[INFO] Finished at: 2021-07-20T19:40:21Z
[INFO] ------------------------------------------------------------------------
[ERROR] Failed to execute goal org.apache.maven.plugins:maven-compiler-plugin:3.8.0:compile (default-compile) on project arthas-core: Compilation failure: Compilation failure: 
[ERROR] /home/user/projects/arthas/core/src/main/java/com/taobao/arthas/core/util/NetUtils.java:[128,13] try-with-resources is not supported in -source 6
[ERROR]   (use -source 7 or higher to enable try-with-resources)
[ERROR] /home/user/projects/arthas/core/src/main/java/com/taobao/arthas/core/shell/term/impl/Helper.java:[25,13] try-with-resources is not supported in -source 6
[ERROR]   (use -source 7 or higher to enable try-with-resources)
[ERROR] /home/user/projects/arthas/core/src/main/java/com/taobao/arthas/core/util/FileUtils.java:[211,13] try-with-resources is not supported in -source 6
[ERROR]   (use -source 7 or higher to enable try-with-resources)
[ERROR] -> [Help 1]
[ERROR] 
[ERROR] To see the full stack trace of the errors, re-run Maven with the -e switch.
[ERROR] Re-run Maven using the -X switch to enable full debug logging.
[ERROR] 
[ERROR] For more information about the errors and possible solutions, please read the following articles:
[ERROR] [Help 1] http://cwiki.apache.org/confluence/display/MAVEN/MojoFailureException
[ERROR] 
[ERROR] After correcting the problems, you can resume the build with the command
[ERROR]   mvn <args> -rf :arthas-core
