[INFO] Scanning for projects...
[INFO] ------------------------------------------------------------------------
[INFO] Reactor Build Order:
[INFO] 
[INFO] movsim                                                             [pom]
[INFO] MovsimXsd                                                          [jar]
[INFO] MovsimCommon                                                       [jar]
[INFO] MovsimConsumption                                                  [jar]
[INFO] MovsimCore                                                         [jar]
[INFO] MovsimViewer                                                       [jar]
[INFO] 
[INFO] -------------------------< org.movsim:Movsim >--------------------------
[INFO] Building movsim 1.7.0-SNAPSHOT                                     [1/6]
[INFO] --------------------------------[ pom ]---------------------------------
[INFO] 
[INFO] ------------------------< org.movsim:MovsimXsd >------------------------
[INFO] Building MovsimXsd 1.7.0-SNAPSHOT                                  [2/6]
[INFO] --------------------------------[ jar ]---------------------------------
[INFO] Downloading from central: https://repo.maven.apache.org/maven2/org/jvnet/jaxb2/maven2/maven-jaxb2-plugin/0.14.0/maven-jaxb2-plugin-0.14.0.pom
[INFO] Downloaded from central: https://repo.maven.apache.org/maven2/org/jvnet/jaxb2/maven2/maven-jaxb2-plugin/0.14.0/maven-jaxb2-plugin-0.14.0.pom (3.0 kB at 6.3 kB/s)
[INFO] Downloading from central: https://repo.maven.apache.org/maven2/org/jvnet/jaxb2/maven2/maven-jaxb2-plugin-project/0.14.0/maven-jaxb2-plugin-project-0.14.0.pom
[INFO] Downloaded from central: https://repo.maven.apache.org/maven2/org/jvnet/jaxb2/maven2/maven-jaxb2-plugin-project/0.14.0/maven-jaxb2-plugin-project-0.14.0.pom (15 kB at 157 kB/s)
[INFO] Downloading from central: https://repo.maven.apache.org/maven2/org/jvnet/jaxb2/maven2/maven-jaxb2-plugin/0.14.0/maven-jaxb2-plugin-0.14.0.jar
[INFO] Downloaded from central: https://repo.maven.apache.org/maven2/org/jvnet/jaxb2/maven2/maven-jaxb2-plugin/0.14.0/maven-jaxb2-plugin-0.14.0.jar (30 kB at 293 kB/s)
[INFO] Downloading from central: https://repo.maven.apache.org/maven2/org/apache/logging/log4j/log4j-core/2.13.2/log4j-core-2.13.2.pom
[INFO] Downloaded from central: https://repo.maven.apache.org/maven2/org/apache/logging/log4j/log4j-core/2.13.2/log4j-core-2.13.2.pom (23 kB at 578 kB/s)
[INFO] Downloading from central: https://repo.maven.apache.org/maven2/org/apache/logging/log4j/log4j/2.13.2/log4j-2.13.2.pom
[INFO] Downloaded from central: https://repo.maven.apache.org/maven2/org/apache/logging/log4j/log4j/2.13.2/log4j-2.13.2.pom (64 kB at 1.3 MB/s)
[INFO] Downloading from central: https://repo.maven.apache.org/maven2/org/apache/logging/log4j/log4j-api/2.13.2/log4j-api-2.13.2.pom
[INFO] Downloaded from central: https://repo.maven.apache.org/maven2/org/apache/logging/log4j/log4j-api/2.13.2/log4j-api-2.13.2.pom (13 kB at 469 kB/s)
[INFO] Downloading from central: https://repo.maven.apache.org/maven2/joda-time/joda-time/2.10/joda-time-2.10.pom
[INFO] Downloaded from central: https://repo.maven.apache.org/maven2/joda-time/joda-time/2.10/joda-time-2.10.pom (38 kB at 1.3 MB/s)
[INFO] Downloading from central: https://repo.maven.apache.org/maven2/org/jdom/jdom/2.0.2/jdom-2.0.2.pom
[INFO] Downloaded from central: https://repo.maven.apache.org/maven2/org/jdom/jdom/2.0.2/jdom-2.0.2.pom (4.6 kB at 81 kB/s)
[INFO] Downloading from central: https://repo.maven.apache.org/maven2/org/jvnet/jaxb2_commons/jaxb2-basics-runtime/1.11.1/jaxb2-basics-runtime-1.11.1.pom
[INFO] Downloaded from central: https://repo.maven.apache.org/maven2/org/jvnet/jaxb2_commons/jaxb2-basics-runtime/1.11.1/jaxb2-basics-runtime-1.11.1.pom (1.9 kB at 72 kB/s)
[INFO] Downloading from central: https://repo.maven.apache.org/maven2/org/jvnet/jaxb2_commons/jaxb2-basics-project/1.11.1/jaxb2-basics-project-1.11.1.pom
[INFO] Downloaded from central: https://repo.maven.apache.org/maven2/org/jvnet/jaxb2_commons/jaxb2-basics-project/1.11.1/jaxb2-basics-project-1.11.1.pom (11 kB at 313 kB/s)
[INFO] Downloading from central: https://repo.maven.apache.org/maven2/javax/xml/bind/jaxb-api/2.4.0-b180830.0359/jaxb-api-2.4.0-b180830.0359.pom
[INFO] Downloaded from central: https://repo.maven.apache.org/maven2/javax/xml/bind/jaxb-api/2.4.0-b180830.0359/jaxb-api-2.4.0-b180830.0359.pom (0 B at 0 B/s)
[INFO] Downloading from central: https://repo.maven.apache.org/maven2/javax/xml/bind/jaxb-api-parent/2.4.0-b180830.0359/jaxb-api-parent-2.4.0-b180830.0359.pom
[INFO] Downloaded from central: https://repo.maven.apache.org/maven2/javax/xml/bind/jaxb-api-parent/2.4.0-b180830.0359/jaxb-api-parent-2.4.0-b180830.0359.pom (0 B at 0 B/s)
[INFO] Downloading from central: https://repo.maven.apache.org/maven2/javax/activation/javax.activation-api/1.2.0/javax.activation-api-1.2.0.pom
[INFO] Downloaded from central: https://repo.maven.apache.org/maven2/javax/activation/javax.activation-api/1.2.0/javax.activation-api-1.2.0.pom (0 B at 0 B/s)
[INFO] Downloading from central: https://repo.maven.apache.org/maven2/com/sun/activation/all/1.2.0/all-1.2.0.pom
[INFO] Downloaded from central: https://repo.maven.apache.org/maven2/com/sun/activation/all/1.2.0/all-1.2.0.pom (0 B at 0 B/s)
[INFO] Downloading from central: https://repo.maven.apache.org/maven2/org/glassfish/jaxb/jaxb-runtime/2.4.0-b180830.0438/jaxb-runtime-2.4.0-b180830.0438.pom
[INFO] Downloaded from central: https://repo.maven.apache.org/maven2/org/glassfish/jaxb/jaxb-runtime/2.4.0-b180830.0438/jaxb-runtime-2.4.0-b180830.0438.pom (0 B at 0 B/s)
[INFO] Downloading from central: https://repo.maven.apache.org/maven2/com/sun/xml/bind/mvn/jaxb-runtime-parent/2.4.0-b180830.0438/jaxb-runtime-parent-2.4.0-b180830.0438.pom
[INFO] Downloaded from central: https://repo.maven.apache.org/maven2/com/sun/xml/bind/mvn/jaxb-runtime-parent/2.4.0-b180830.0438/jaxb-runtime-parent-2.4.0-b180830.0438.pom (0 B at 0 B/s)
[INFO] Downloading from central: https://repo.maven.apache.org/maven2/com/sun/xml/bind/mvn/jaxb-parent/2.4.0-b180830.0438/jaxb-parent-2.4.0-b180830.0438.pom
[INFO] Downloaded from central: https://repo.maven.apache.org/maven2/com/sun/xml/bind/mvn/jaxb-parent/2.4.0-b180830.0438/jaxb-parent-2.4.0-b180830.0438.pom (0 B at 0 B/s)
[INFO] Downloading from central: https://repo.maven.apache.org/maven2/com/sun/xml/bind/jaxb-bom-ext/2.4.0-b180830.0438/jaxb-bom-ext-2.4.0-b180830.0438.pom
[INFO] Downloaded from central: https://repo.maven.apache.org/maven2/com/sun/xml/bind/jaxb-bom-ext/2.4.0-b180830.0438/jaxb-bom-ext-2.4.0-b180830.0438.pom (0 B at 0 B/s)
[INFO] Downloading from central: https://repo.maven.apache.org/maven2/org/glassfish/jaxb/jaxb-bom/2.4.0-b180830.0438/jaxb-bom-2.4.0-b180830.0438.pom
[INFO] Downloaded from central: https://repo.maven.apache.org/maven2/org/glassfish/jaxb/jaxb-bom/2.4.0-b180830.0438/jaxb-bom-2.4.0-b180830.0438.pom (0 B at 0 B/s)
[INFO] Downloading from central: https://repo.maven.apache.org/maven2/org/glassfish/jaxb/txw2/2.4.0-b180830.0438/txw2-2.4.0-b180830.0438.pom
[INFO] Downloaded from central: https://repo.maven.apache.org/maven2/org/glassfish/jaxb/txw2/2.4.0-b180830.0438/txw2-2.4.0-b180830.0438.pom (0 B at 0 B/s)
[INFO] Downloading from central: https://repo.maven.apache.org/maven2/com/sun/xml/bind/mvn/jaxb-txw-parent/2.4.0-b180830.0438/jaxb-txw-parent-2.4.0-b180830.0438.pom
[INFO] Downloaded from central: https://repo.maven.apache.org/maven2/com/sun/xml/bind/mvn/jaxb-txw-parent/2.4.0-b180830.0438/jaxb-txw-parent-2.4.0-b180830.0438.pom (0 B at 0 B/s)
[INFO] Downloading from central: https://repo.maven.apache.org/maven2/com/sun/istack/istack-commons-runtime/3.0.7/istack-commons-runtime-3.0.7.pom
[INFO] Downloaded from central: https://repo.maven.apache.org/maven2/com/sun/istack/istack-commons-runtime/3.0.7/istack-commons-runtime-3.0.7.pom (0 B at 0 B/s)
[INFO] Downloading from central: https://repo.maven.apache.org/maven2/com/sun/istack/istack-commons/3.0.7/istack-commons-3.0.7.pom
[INFO] Downloaded from central: https://repo.maven.apache.org/maven2/com/sun/istack/istack-commons/3.0.7/istack-commons-3.0.7.pom (0 B at 0 B/s)
[INFO] Downloading from central: https://repo.maven.apache.org/maven2/org/jvnet/staxex/stax-ex/1.8/stax-ex-1.8.pom
[INFO] Downloaded from central: https://repo.maven.apache.org/maven2/org/jvnet/staxex/stax-ex/1.8/stax-ex-1.8.pom (0 B at 0 B/s)
[INFO] Downloading from central: https://repo.maven.apache.org/maven2/com/sun/xml/fastinfoset/FastInfoset/1.2.15/FastInfoset-1.2.15.pom
[INFO] Downloaded from central: https://repo.maven.apache.org/maven2/com/sun/xml/fastinfoset/FastInfoset/1.2.15/FastInfoset-1.2.15.pom (0 B at 0 B/s)
[INFO] Downloading from central: https://repo.maven.apache.org/maven2/com/sun/xml/fastinfoset/fastinfoset-project/1.2.15/fastinfoset-project-1.2.15.pom
[INFO] Downloaded from central: https://repo.maven.apache.org/maven2/com/sun/xml/fastinfoset/fastinfoset-project/1.2.15/fastinfoset-project-1.2.15.pom (0 B at 0 B/s)
[INFO] Downloading from central: https://repo.maven.apache.org/maven2/org/apache/logging/log4j/log4j-core/2.13.2/log4j-core-2.13.2.jar
[INFO] Downloading from central: https://repo.maven.apache.org/maven2/org/apache/logging/log4j/log4j-api/2.13.2/log4j-api-2.13.2.jar
[INFO] Downloading from central: https://repo.maven.apache.org/maven2/joda-time/joda-time/2.10/joda-time-2.10.jar
[INFO] Downloading from central: https://repo.maven.apache.org/maven2/org/jdom/jdom/2.0.2/jdom-2.0.2.jar
[INFO] Downloading from central: https://repo.maven.apache.org/maven2/org/jvnet/jaxb2_commons/jaxb2-basics-runtime/1.11.1/jaxb2-basics-runtime-1.11.1.jar
[INFO] Downloaded from central: https://repo.maven.apache.org/maven2/org/jvnet/jaxb2_commons/jaxb2-basics-runtime/1.11.1/jaxb2-basics-runtime-1.11.1.jar (167 kB at 567 kB/s)
[INFO] Downloading from central: https://repo.maven.apache.org/maven2/javax/xml/bind/jaxb-api/2.4.0-b180830.0359/jaxb-api-2.4.0-b180830.0359.jar
[INFO] Downloaded from central: https://repo.maven.apache.org/maven2/org/jdom/jdom/2.0.2/jdom-2.0.2.jar (295 kB at 777 kB/s)
[INFO] Downloading from central: https://repo.maven.apache.org/maven2/javax/activation/javax.activation-api/1.2.0/javax.activation-api-1.2.0.jar
[INFO] Downloaded from central: https://repo.maven.apache.org/maven2/org/apache/logging/log4j/log4j-api/2.13.2/log4j-api-2.13.2.jar (292 kB at 708 kB/s)
[INFO] Downloading from central: https://repo.maven.apache.org/maven2/org/glassfish/jaxb/jaxb-runtime/2.4.0-b180830.0438/jaxb-runtime-2.4.0-b180830.0438.jar
[INFO] Downloaded from central: https://repo.maven.apache.org/maven2/javax/activation/javax.activation-api/1.2.0/javax.activation-api-1.2.0.jar (0 B at 0 B/s)
[INFO] Downloading from central: https://repo.maven.apache.org/maven2/org/glassfish/jaxb/txw2/2.4.0-b180830.0438/txw2-2.4.0-b180830.0438.jar
[INFO] Downloaded from central: https://repo.maven.apache.org/maven2/javax/xml/bind/jaxb-api/2.4.0-b180830.0359/jaxb-api-2.4.0-b180830.0359.jar (128 kB at 327 kB/s)
[INFO] Downloading from central: https://repo.maven.apache.org/maven2/com/sun/istack/istack-commons-runtime/3.0.7/istack-commons-runtime-3.0.7.jar
[INFO] Downloaded from central: https://repo.maven.apache.org/maven2/org/glassfish/jaxb/txw2/2.4.0-b180830.0438/txw2-2.4.0-b180830.0438.jar (70 kB at 153 kB/s)
[INFO] Downloading from central: https://repo.maven.apache.org/maven2/org/jvnet/staxex/stax-ex/1.8/stax-ex-1.8.jar
[INFO] Downloaded from central: https://repo.maven.apache.org/maven2/com/sun/istack/istack-commons-runtime/3.0.7/istack-commons-runtime-3.0.7.jar (26 kB at 54 kB/s)
[INFO] Downloading from central: https://repo.maven.apache.org/maven2/com/sun/xml/fastinfoset/FastInfoset/1.2.15/FastInfoset-1.2.15.jar
[INFO] Downloaded from central: https://repo.maven.apache.org/maven2/joda-time/joda-time/2.10/joda-time-2.10.jar (641 kB at 1.2 MB/s)
[INFO] Downloaded from central: https://repo.maven.apache.org/maven2/org/apache/logging/log4j/log4j-core/2.13.2/log4j-core-2.13.2.jar (1.7 MB at 3.1 MB/s)
[INFO] Downloaded from central: https://repo.maven.apache.org/maven2/org/jvnet/staxex/stax-ex/1.8/stax-ex-1.8.jar (36 kB at 73 kB/s)
[INFO] Downloaded from central: https://repo.maven.apache.org/maven2/com/sun/xml/fastinfoset/FastInfoset/1.2.15/FastInfoset-1.2.15.jar (312 kB at 545 kB/s)
[INFO] Downloaded from central: https://repo.maven.apache.org/maven2/org/glassfish/jaxb/jaxb-runtime/2.4.0-b180830.0438/jaxb-runtime-2.4.0-b180830.0438.jar (1.1 MB at 1.7 MB/s)
[INFO] 
[INFO] --- maven-jaxb2-plugin:0.14.0:generate (movsim) @ MovsimXsd ---
[INFO] Downloading from central: https://repo.maven.apache.org/maven2/org/jvnet/jaxb2/maven2/maven-jaxb2-plugin-core/0.14.0/maven-jaxb2-plugin-core-0.14.0.pom
[INFO] Downloaded from central: https://repo.maven.apache.org/maven2/org/jvnet/jaxb2/maven2/maven-jaxb2-plugin-core/0.14.0/maven-jaxb2-plugin-core-0.14.0.pom (2.2 kB at 155 kB/s)
[INFO] Downloading from central: https://repo.maven.apache.org/maven2/com/sun/org/apache/xml/internal/resolver/20050927/resolver-20050927.pom
[INFO] Downloaded from central: https://repo.maven.apache.org/maven2/com/sun/org/apache/xml/internal/resolver/20050927/resolver-20050927.pom (183 B at 12 kB/s)
[INFO] Downloading from central: https://repo.maven.apache.org/maven2/org/glassfish/jaxb/txw2/2.3.0/txw2-2.3.0.pom
[INFO] Downloaded from central: https://repo.maven.apache.org/maven2/org/glassfish/jaxb/txw2/2.3.0/txw2-2.3.0.pom (3.3 kB at 208 kB/s)
[INFO] Downloading from central: https://repo.maven.apache.org/maven2/com/sun/xml/bind/mvn/jaxb-txw-parent/2.3.0/jaxb-txw-parent-2.3.0.pom
[INFO] Downloaded from central: https://repo.maven.apache.org/maven2/com/sun/xml/bind/mvn/jaxb-txw-parent/2.3.0/jaxb-txw-parent-2.3.0.pom (2.8 kB at 231 kB/s)
[INFO] Downloading from central: https://repo.maven.apache.org/maven2/com/sun/xml/bind/mvn/jaxb-parent/2.3.0/jaxb-parent-2.3.0.pom
[INFO] Downloaded from central: https://repo.maven.apache.org/maven2/com/sun/xml/bind/mvn/jaxb-parent/2.3.0/jaxb-parent-2.3.0.pom (43 kB at 394 kB/s)
[INFO] Downloading from central: https://repo.maven.apache.org/maven2/com/sun/xml/bind/jaxb-bom-ext/2.3.0/jaxb-bom-ext-2.3.0.pom
[INFO] Downloaded from central: https://repo.maven.apache.org/maven2/com/sun/xml/bind/jaxb-bom-ext/2.3.0/jaxb-bom-ext-2.3.0.pom (6.2 kB at 561 kB/s)
[INFO] Downloading from central: https://repo.maven.apache.org/maven2/org/glassfish/jaxb/jaxb-bom/2.3.0/jaxb-bom-2.3.0.pom
[INFO] Downloaded from central: https://repo.maven.apache.org/maven2/org/glassfish/jaxb/jaxb-bom/2.3.0/jaxb-bom-2.3.0.pom (11 kB at 907 kB/s)
[INFO] Downloading from central: https://repo.maven.apache.org/maven2/org/jvnet/jaxb2/maven2/maven-jaxb23-plugin/0.14.0/maven-jaxb23-plugin-0.14.0.pom
[INFO] Downloaded from central: https://repo.maven.apache.org/maven2/org/jvnet/jaxb2/maven2/maven-jaxb23-plugin/0.14.0/maven-jaxb23-plugin-0.14.0.pom (3.0 kB at 177 kB/s)
[INFO] Downloading from central: https://repo.maven.apache.org/maven2/org/glassfish/jaxb/jaxb-runtime/2.3.0/jaxb-runtime-2.3.0.pom
[INFO] Downloaded from central: https://repo.maven.apache.org/maven2/org/glassfish/jaxb/jaxb-runtime/2.3.0/jaxb-runtime-2.3.0.pom (6.3 kB at 447 kB/s)
[INFO] Downloading from central: https://repo.maven.apache.org/maven2/com/sun/xml/bind/mvn/jaxb-runtime-parent/2.3.0/jaxb-runtime-parent-2.3.0.pom
[INFO] Downloaded from central: https://repo.maven.apache.org/maven2/com/sun/xml/bind/mvn/jaxb-runtime-parent/2.3.0/jaxb-runtime-parent-2.3.0.pom (2.8 kB at 107 kB/s)
[INFO] Downloading from central: https://repo.maven.apache.org/maven2/org/glassfish/jaxb/jaxb-core/2.3.0/jaxb-core-2.3.0.pom
[INFO] Downloaded from central: https://repo.maven.apache.org/maven2/org/glassfish/jaxb/jaxb-core/2.3.0/jaxb-core-2.3.0.pom (5.0 kB at 194 kB/s)
[INFO] Downloading from central: https://repo.maven.apache.org/maven2/com/sun/istack/istack-commons-runtime/3.0.5/istack-commons-runtime-3.0.5.pom
[INFO] Downloaded from central: https://repo.maven.apache.org/maven2/com/sun/istack/istack-commons-runtime/3.0.5/istack-commons-runtime-3.0.5.pom (3.4 kB at 164 kB/s)
[INFO] Downloading from central: https://repo.maven.apache.org/maven2/com/sun/istack/istack-commons/3.0.5/istack-commons-3.0.5.pom
[INFO] Downloaded from central: https://repo.maven.apache.org/maven2/com/sun/istack/istack-commons/3.0.5/istack-commons-3.0.5.pom (14 kB at 991 kB/s)
[INFO] Downloading from central: https://repo.maven.apache.org/maven2/org/jvnet/staxex/stax-ex/1.7.8/stax-ex-1.7.8.pom
[INFO] Downloaded from central: https://repo.maven.apache.org/maven2/org/jvnet/staxex/stax-ex/1.7.8/stax-ex-1.7.8.pom (11 kB at 880 kB/s)
[INFO] Downloading from central: https://repo.maven.apache.org/maven2/com/sun/xml/fastinfoset/FastInfoset/1.2.13/FastInfoset-1.2.13.pom
[INFO] Downloaded from central: https://repo.maven.apache.org/maven2/com/sun/xml/fastinfoset/FastInfoset/1.2.13/FastInfoset-1.2.13.pom (4.3 kB at 394 kB/s)
[INFO] Downloading from central: https://repo.maven.apache.org/maven2/com/sun/xml/fastinfoset/fastinfoset-project/1.2.13/fastinfoset-project-1.2.13.pom
[INFO] Downloaded from central: https://repo.maven.apache.org/maven2/com/sun/xml/fastinfoset/fastinfoset-project/1.2.13/fastinfoset-project-1.2.13.pom (14 kB at 800 kB/s)
[INFO] Downloading from central: https://repo.maven.apache.org/maven2/org/glassfish/jaxb/jaxb-xjc-jdk9/2.3.0/jaxb-xjc-jdk9-2.3.0.pom
[INFO] Downloaded from central: https://repo.maven.apache.org/maven2/org/glassfish/jaxb/jaxb-xjc-jdk9/2.3.0/jaxb-xjc-jdk9-2.3.0.pom (11 kB at 227 kB/s)
[INFO] Downloading from central: https://repo.maven.apache.org/maven2/org/glassfish/jaxb/jaxb-xjc/2.3.0/jaxb-xjc-2.3.0.pom
[INFO] Downloaded from central: https://repo.maven.apache.org/maven2/org/glassfish/jaxb/jaxb-xjc/2.3.0/jaxb-xjc-2.3.0.pom (12 kB at 499 kB/s)
[INFO] Downloading from central: https://repo.maven.apache.org/maven2/org/glassfish/jaxb/xsom/2.3.0/xsom-2.3.0.pom
[INFO] Downloaded from central: https://repo.maven.apache.org/maven2/org/glassfish/jaxb/xsom/2.3.0/xsom-2.3.0.pom (8.1 kB at 298 kB/s)
[INFO] Downloading from central: https://repo.maven.apache.org/maven2/relaxngDatatype/relaxngDatatype/20020414/relaxngDatatype-20020414.pom
[INFO] Downloaded from central: https://repo.maven.apache.org/maven2/relaxngDatatype/relaxngDatatype/20020414/relaxngDatatype-20020414.pom (167 B at 3.1 kB/s)
[INFO] Downloading from central: https://repo.maven.apache.org/maven2/org/glassfish/jaxb/codemodel/2.3.0/codemodel-2.3.0.pom
[INFO] Downloaded from central: https://repo.maven.apache.org/maven2/org/glassfish/jaxb/codemodel/2.3.0/codemodel-2.3.0.pom (3.1 kB at 148 kB/s)
[INFO] Downloading from central: https://repo.maven.apache.org/maven2/com/sun/xml/bind/mvn/jaxb-codemodel-parent/2.3.0/jaxb-codemodel-parent-2.3.0.pom
[INFO] Downloaded from central: https://repo.maven.apache.org/maven2/com/sun/xml/bind/mvn/jaxb-codemodel-parent/2.3.0/jaxb-codemodel-parent-2.3.0.pom (2.7 kB at 167 kB/s)
[INFO] Downloading from central: https://repo.maven.apache.org/maven2/com/sun/xml/bind/external/rngom/2.3.0/rngom-2.3.0.pom
[INFO] Downloaded from central: https://repo.maven.apache.org/maven2/com/sun/xml/bind/external/rngom/2.3.0/rngom-2.3.0.pom (3.9 kB at 323 kB/s)
[INFO] Downloading from central: https://repo.maven.apache.org/maven2/com/sun/xml/bind/mvn/jaxb-external-parent/2.3.0/jaxb-external-parent-2.3.0.pom
[INFO] Downloaded from central: https://repo.maven.apache.org/maven2/com/sun/xml/bind/mvn/jaxb-external-parent/2.3.0/jaxb-external-parent-2.3.0.pom (2.8 kB at 145 kB/s)
[INFO] Downloading from central: https://repo.maven.apache.org/maven2/com/sun/xml/dtd-parser/dtd-parser/1.2/dtd-parser-1.2.pom
[INFO] Downloaded from central: https://repo.maven.apache.org/maven2/com/sun/xml/dtd-parser/dtd-parser/1.2/dtd-parser-1.2.pom (6.8 kB at 324 kB/s)
[INFO] Downloading from central: https://repo.maven.apache.org/maven2/com/sun/istack/istack-commons-tools/3.0.5/istack-commons-tools-3.0.5.pom
[INFO] Downloaded from central: https://repo.maven.apache.org/maven2/com/sun/istack/istack-commons-tools/3.0.5/istack-commons-tools-3.0.5.pom (4.3 kB at 254 kB/s)
[INFO] Downloading from central: https://repo.maven.apache.org/maven2/com/sun/activation/javax.activation/1.2.0/javax.activation-1.2.0.pom
[INFO] Downloaded from central: https://repo.maven.apache.org/maven2/com/sun/activation/javax.activation/1.2.0/javax.activation-1.2.0.pom (6.5 kB at 362 kB/s)
[INFO] Downloading from central: https://repo.maven.apache.org/maven2/org/jvnet/jaxb2/maven2/maven-jaxb2-plugin-core/0.14.0/maven-jaxb2-plugin-core-0.14.0.jar
[INFO] Downloading from central: https://repo.maven.apache.org/maven2/org/apache/commons/commons-lang3/3.2.1/commons-lang3-3.2.1.jar
[INFO] Downloading from central: https://repo.maven.apache.org/maven2/com/sun/org/apache/xml/internal/resolver/20050927/resolver-20050927.jar
[INFO] Downloading from central: https://repo.maven.apache.org/maven2/org/glassfish/jaxb/txw2/2.3.0/txw2-2.3.0.jar
[INFO] Downloading from central: https://repo.maven.apache.org/maven2/org/jvnet/jaxb2/maven2/maven-jaxb23-plugin/0.14.0/maven-jaxb23-plugin-0.14.0.jar
[INFO] Downloaded from central: https://repo.maven.apache.org/maven2/com/sun/org/apache/xml/internal/resolver/20050927/resolver-20050927.jar (68 kB at 505 kB/s)
[INFO] Downloading from central: https://repo.maven.apache.org/maven2/org/glassfish/jaxb/jaxb-runtime/2.3.0/jaxb-runtime-2.3.0.jar
[INFO] Downloaded from central: https://repo.maven.apache.org/maven2/org/jvnet/jaxb2/maven2/maven-jaxb2-plugin-core/0.14.0/maven-jaxb2-plugin-core-0.14.0.jar (70 kB at 438 kB/s)
[INFO] Downloading from central: https://repo.maven.apache.org/maven2/org/glassfish/jaxb/jaxb-core/2.3.0/jaxb-core-2.3.0.jar
[INFO] Downloaded from central: https://repo.maven.apache.org/maven2/org/jvnet/jaxb2/maven2/maven-jaxb23-plugin/0.14.0/maven-jaxb23-plugin-0.14.0.jar (34 kB at 215 kB/s)
[INFO] Downloading from central: https://repo.maven.apache.org/maven2/org/jvnet/staxex/stax-ex/1.7.8/stax-ex-1.7.8.jar
[INFO] Downloaded from central: https://repo.maven.apache.org/maven2/org/glassfish/jaxb/txw2/2.3.0/txw2-2.3.0.jar (70 kB at 419 kB/s)
[INFO] Downloading from central: https://repo.maven.apache.org/maven2/com/sun/xml/fastinfoset/FastInfoset/1.2.13/FastInfoset-1.2.13.jar
[INFO] Downloaded from central: https://repo.maven.apache.org/maven2/org/jvnet/staxex/stax-ex/1.7.8/stax-ex-1.7.8.jar (34 kB at 158 kB/s)
[INFO] Downloading from central: https://repo.maven.apache.org/maven2/org/glassfish/jaxb/jaxb-xjc-jdk9/2.3.0/jaxb-xjc-jdk9-2.3.0.jar
[INFO] Downloaded from central: https://repo.maven.apache.org/maven2/org/apache/commons/commons-lang3/3.2.1/commons-lang3-3.2.1.jar (385 kB at 1.6 MB/s)
[INFO] Downloading from central: https://repo.maven.apache.org/maven2/org/glassfish/jaxb/jaxb-xjc/2.3.0/jaxb-xjc-2.3.0.jar
[INFO] Downloaded from central: https://repo.maven.apache.org/maven2/org/glassfish/jaxb/jaxb-core/2.3.0/jaxb-core-2.3.0.jar (158 kB at 671 kB/s)
[INFO] Downloading from central: https://repo.maven.apache.org/maven2/com/sun/xml/dtd-parser/dtd-parser/1.2/dtd-parser-1.2.jar
[INFO] Downloaded from central: https://repo.maven.apache.org/maven2/org/glassfish/jaxb/jaxb-xjc-jdk9/2.3.0/jaxb-xjc-jdk9-2.3.0.jar (7.1 kB at 28 kB/s)
[INFO] Downloading from central: https://repo.maven.apache.org/maven2/org/glassfish/jaxb/xsom/2.3.0/xsom-2.3.0.jar
[INFO] Downloaded from central: https://repo.maven.apache.org/maven2/com/sun/xml/dtd-parser/dtd-parser/1.2/dtd-parser-1.2.jar (59 kB at 192 kB/s)
[INFO] Downloading from central: https://repo.maven.apache.org/maven2/org/glassfish/jaxb/codemodel/2.3.0/codemodel-2.3.0.jar
[INFO] Downloaded from central: https://repo.maven.apache.org/maven2/com/sun/xml/fastinfoset/FastInfoset/1.2.13/FastInfoset-1.2.13.jar (297 kB at 824 kB/s)
[INFO] Downloading from central: https://repo.maven.apache.org/maven2/com/sun/xml/bind/external/rngom/2.3.0/rngom-2.3.0.jar
[INFO] Downloaded from central: https://repo.maven.apache.org/maven2/org/glassfish/jaxb/codemodel/2.3.0/codemodel-2.3.0.jar (161 kB at 337 kB/s)
[INFO] Downloading from central: https://repo.maven.apache.org/maven2/com/sun/istack/istack-commons-tools/3.0.5/istack-commons-tools-3.0.5.jar
[INFO] Downloaded from central: https://repo.maven.apache.org/maven2/org/glassfish/jaxb/jaxb-runtime/2.3.0/jaxb-runtime-2.3.0.jar (958 kB at 1.9 MB/s)
[INFO] Downloading from central: https://repo.maven.apache.org/maven2/com/sun/istack/istack-commons-runtime/3.0.5/istack-commons-runtime-3.0.5.jar
[INFO] Downloaded from central: https://repo.maven.apache.org/maven2/com/sun/istack/istack-commons-tools/3.0.5/istack-commons-tools-3.0.5.jar (27 kB at 51 kB/s)
[INFO] Downloading from central: https://repo.maven.apache.org/maven2/relaxngDatatype/relaxngDatatype/20020414/relaxngDatatype-20020414.jar
[INFO] Downloaded from central: https://repo.maven.apache.org/maven2/com/sun/istack/istack-commons-runtime/3.0.5/istack-commons-runtime-3.0.5.jar (25 kB at 44 kB/s)
[INFO] Downloading from central: https://repo.maven.apache.org/maven2/com/sun/activation/javax.activation/1.2.0/javax.activation-1.2.0.jar
[INFO] Downloaded from central: https://repo.maven.apache.org/maven2/relaxngDatatype/relaxngDatatype/20020414/relaxngDatatype-20020414.jar (19 kB at 33 kB/s)
[INFO] Downloaded from central: https://repo.maven.apache.org/maven2/com/sun/xml/bind/external/rngom/2.3.0/rngom-2.3.0.jar (315 kB at 543 kB/s)
[INFO] Downloaded from central: https://repo.maven.apache.org/maven2/org/glassfish/jaxb/jaxb-xjc/2.3.0/jaxb-xjc-2.3.0.jar (985 kB at 1.7 MB/s)
[INFO] Downloaded from central: https://repo.maven.apache.org/maven2/org/glassfish/jaxb/xsom/2.3.0/xsom-2.3.0.jar (426 kB at 731 kB/s)
[INFO] Downloaded from central: https://repo.maven.apache.org/maven2/com/sun/activation/javax.activation/1.2.0/javax.activation-1.2.0.jar (78 kB at 132 kB/s)
[INFO] Downloading from central: https://repo.maven.apache.org/maven2/org/jvnet/jaxb2_commons/jaxb2-basics/1.11.1/jaxb2-basics-1.11.1.pom
[INFO] Downloaded from central: https://repo.maven.apache.org/maven2/org/jvnet/jaxb2_commons/jaxb2-basics/1.11.1/jaxb2-basics-1.11.1.pom (3.0 kB at 229 kB/s)
[INFO] Downloading from central: https://repo.maven.apache.org/maven2/org/jvnet/jaxb2_commons/jaxb2-basics-tools/1.11.1/jaxb2-basics-tools-1.11.1.pom
[INFO] Downloaded from central: https://repo.maven.apache.org/maven2/org/jvnet/jaxb2_commons/jaxb2-basics-tools/1.11.1/jaxb2-basics-tools-1.11.1.pom (1.6 kB at 147 kB/s)
[INFO] Downloading from central: https://repo.maven.apache.org/maven2/commons-beanutils/commons-beanutils/1.9.2/commons-beanutils-1.9.2.pom
[INFO] Downloaded from central: https://repo.maven.apache.org/maven2/commons-beanutils/commons-beanutils/1.9.2/commons-beanutils-1.9.2.pom (14 kB at 1.0 MB/s)
[INFO] Downloading from central: https://repo.maven.apache.org/maven2/com/google/code/javaparser/javaparser/1.0.11/javaparser-1.0.11.pom
[INFO] Downloaded from central: https://repo.maven.apache.org/maven2/com/google/code/javaparser/javaparser/1.0.11/javaparser-1.0.11.pom (6.8 kB at 489 kB/s)
[INFO] Downloading from central: https://repo.maven.apache.org/maven2/org/jvnet/jaxb2_commons/jaxb2-basics-annotate/1.0.4/jaxb2-basics-annotate-1.0.4.pom
[INFO] Downloaded from central: https://repo.maven.apache.org/maven2/org/jvnet/jaxb2_commons/jaxb2-basics-annotate/1.0.4/jaxb2-basics-annotate-1.0.4.pom (3.5 kB at 18 kB/s)
[INFO] Downloading from central: https://repo.maven.apache.org/maven2/org/jvnet/jaxb2_commons/jaxb2-annotate-plugin-project/1.0.4/jaxb2-annotate-plugin-project-1.0.4.pom
[INFO] Downloaded from central: https://repo.maven.apache.org/maven2/org/jvnet/jaxb2_commons/jaxb2-annotate-plugin-project/1.0.4/jaxb2-annotate-plugin-project-1.0.4.pom (13 kB at 68 kB/s)
[INFO] Downloading from central: https://repo.maven.apache.org/maven2/org/jvnet/jaxb2_commons/jaxb2-basics-tools/0.11.1/jaxb2-basics-tools-0.11.1.pom
[INFO] Downloaded from central: https://repo.maven.apache.org/maven2/org/jvnet/jaxb2_commons/jaxb2-basics-tools/0.11.1/jaxb2-basics-tools-0.11.1.pom (1.6 kB at 108 kB/s)
[INFO] Downloading from central: https://repo.maven.apache.org/maven2/org/jvnet/jaxb2_commons/jaxb2-basics-project/0.11.1/jaxb2-basics-project-0.11.1.pom
[INFO] Downloaded from central: https://repo.maven.apache.org/maven2/org/jvnet/jaxb2_commons/jaxb2-basics-project/0.11.1/jaxb2-basics-project-0.11.1.pom (11 kB at 665 kB/s)
[INFO] Downloading from central: https://repo.maven.apache.org/maven2/org/jvnet/annox/annox/1.0.2/annox-1.0.2.pom
[INFO] Downloaded from central: https://repo.maven.apache.org/maven2/org/jvnet/annox/annox/1.0.2/annox-1.0.2.pom (3.2 kB at 201 kB/s)
[INFO] Downloading from central: https://repo.maven.apache.org/maven2/org/jvnet/annox/annox-project/1.0.2/annox-project-1.0.2.pom
[INFO] Downloaded from central: https://repo.maven.apache.org/maven2/org/jvnet/annox/annox-project/1.0.2/annox-project-1.0.2.pom (4.7 kB at 166 kB/s)
[INFO] Downloading from central: https://repo.maven.apache.org/maven2/net/java/dev/jaxb2-commons/jaxb-fluent-api/2.1.8/jaxb-fluent-api-2.1.8.pom
[INFO] Downloaded from central: https://repo.maven.apache.org/maven2/net/java/dev/jaxb2-commons/jaxb-fluent-api/2.1.8/jaxb-fluent-api-2.1.8.pom (3.4 kB at 170 kB/s)
[INFO] Downloading from central: https://repo.maven.apache.org/maven2/com/sun/xml/bind/jaxb-xjc/2.1.8/jaxb-xjc-2.1.8.pom
[INFO] Downloaded from central: https://repo.maven.apache.org/maven2/com/sun/xml/bind/jaxb-xjc/2.1.8/jaxb-xjc-2.1.8.pom (343 B at 29 kB/s)
[INFO] Downloading from central: https://repo.maven.apache.org/maven2/com/sun/xml/bind/jaxb-impl/2.1.8/jaxb-impl-2.1.8.pom
[INFO] Downloaded from central: https://repo.maven.apache.org/maven2/com/sun/xml/bind/jaxb-impl/2.1.8/jaxb-impl-2.1.8.pom (339 B at 20 kB/s)
[INFO] Downloading from central: https://repo.maven.apache.org/maven2/javax/xml/bind/jaxb-api/2.1/jaxb-api-2.1.pom
[INFO] Downloaded from central: https://repo.maven.apache.org/maven2/javax/xml/bind/jaxb-api/2.1/jaxb-api-2.1.pom (486 B at 7.3 kB/s)
[INFO] Downloading from central: https://repo.maven.apache.org/maven2/javax/xml/stream/stax-api/1.0-2/stax-api-1.0-2.pom
[INFO] Downloaded from central: https://repo.maven.apache.org/maven2/javax/xml/stream/stax-api/1.0-2/stax-api-1.0-2.pom (962 B at 18 kB/s)
[INFO] Downloading from central: https://repo.maven.apache.org/maven2/org/jvnet/jaxb2_commons/jaxb2-basics-tools/1.11.1/jaxb2-basics-tools-1.11.1.jar
[INFO] Downloading from central: https://repo.maven.apache.org/maven2/commons-beanutils/commons-beanutils/1.9.2/commons-beanutils-1.9.2.jar
[INFO] Downloading from central: https://repo.maven.apache.org/maven2/com/google/code/javaparser/javaparser/1.0.11/javaparser-1.0.11.jar
[INFO] Downloading from central: https://repo.maven.apache.org/maven2/org/jvnet/jaxb2_commons/jaxb2-basics-annotate/1.0.4/jaxb2-basics-annotate-1.0.4.jar
[INFO] Downloading from central: https://repo.maven.apache.org/maven2/org/jvnet/jaxb2_commons/jaxb2-basics/1.11.1/jaxb2-basics-1.11.1.jar
[INFO] Downloaded from central: https://repo.maven.apache.org/maven2/org/jvnet/jaxb2_commons/jaxb2-basics-tools/1.11.1/jaxb2-basics-tools-1.11.1.jar (142 kB at 1.3 MB/s)
[INFO] Downloading from central: https://repo.maven.apache.org/maven2/org/jvnet/annox/annox/1.0.2/annox-1.0.2.jar
[INFO] Downloaded from central: https://repo.maven.apache.org/maven2/commons-beanutils/commons-beanutils/1.9.2/commons-beanutils-1.9.2.jar (234 kB at 1.8 MB/s)
[INFO] Downloaded from central: https://repo.maven.apache.org/maven2/org/jvnet/jaxb2_commons/jaxb2-basics/1.11.1/jaxb2-basics-1.11.1.jar (141 kB at 1.1 MB/s)
[INFO] Downloading from central: https://repo.maven.apache.org/maven2/net/java/dev/jaxb2-commons/jaxb-fluent-api/2.1.8/jaxb-fluent-api-2.1.8.jar
[INFO] Downloading from central: https://repo.maven.apache.org/maven2/com/sun/xml/bind/jaxb-xjc/2.1.8/jaxb-xjc-2.1.8.jar
[INFO] Downloaded from central: https://repo.maven.apache.org/maven2/org/jvnet/annox/annox/1.0.2/annox-1.0.2.jar (153 kB at 2.4 MB/s)
[INFO] Downloading from central: https://repo.maven.apache.org/maven2/com/sun/xml/bind/jaxb-impl/2.1.8/jaxb-impl-2.1.8.jar
[INFO] Downloaded from central: https://repo.maven.apache.org/maven2/net/java/dev/jaxb2-commons/jaxb-fluent-api/2.1.8/jaxb-fluent-api-2.1.8.jar (16 kB at 336 kB/s)
[INFO] Downloaded from central: https://repo.maven.apache.org/maven2/org/jvnet/jaxb2_commons/jaxb2-basics-annotate/1.0.4/jaxb2-basics-annotate-1.0.4.jar (34 kB at 184 kB/s)
[INFO] Downloaded from central: https://repo.maven.apache.org/maven2/com/google/code/javaparser/javaparser/1.0.11/javaparser-1.0.11.jar (290 kB at 1.5 MB/s)
[INFO] Downloading from central: https://repo.maven.apache.org/maven2/javax/xml/bind/jaxb-api/2.1/jaxb-api-2.1.jar
[INFO] Downloading from central: https://repo.maven.apache.org/maven2/javax/xml/stream/stax-api/1.0-2/stax-api-1.0-2.jar
[INFO] Downloaded from central: https://repo.maven.apache.org/maven2/javax/xml/stream/stax-api/1.0-2/stax-api-1.0-2.jar (23 kB at 268 kB/s)
[INFO] Downloaded from central: https://repo.maven.apache.org/maven2/javax/xml/bind/jaxb-api/2.1/jaxb-api-2.1.jar (90 kB at 825 kB/s)
[INFO] Downloaded from central: https://repo.maven.apache.org/maven2/com/sun/xml/bind/jaxb-impl/2.1.8/jaxb-impl-2.1.8.jar (856 kB at 4.1 MB/s)
[INFO] Downloaded from central: https://repo.maven.apache.org/maven2/com/sun/xml/bind/jaxb-xjc/2.1.8/jaxb-xjc-2.1.8.jar (3.1 MB at 7.0 MB/s)
[INFO] Sources are not up-to-date, XJC will be executed.
[INFO] Episode file [/home/user/projects/movsim/xsd/target/generated-sources/xjc/META-INF/sun-jaxb.episode] was augmented with if-exists="true" attributes.
[INFO] 
[INFO] --- maven-jaxb2-plugin:0.14.0:generate (opendrive) @ MovsimXsd ---
[WARNING] You are using forceRegenerate=true in your configuration.
This configuration setting is deprecated and not recommended as it causes problems with incremental builds in IDEs.
Please refer to the following link for more information:
https://github.com/highsource/maven-jaxb2-plugin/wiki/Do-Not-Use-forceRegenerate
Consider removing this setting from your plugin configuration.

[INFO] The [forceRegenerate] switch is turned on, XJC will be executed.
[INFO] Episode file [/home/user/projects/movsim/xsd/target/generated-sources/xjc/META-INF/sun-jaxb.episode] was augmented with if-exists="true" attributes.
[INFO] 
[INFO] --- maven-jaxb2-plugin:0.14.0:generate (movsimInitialConditions) @ MovsimXsd ---
[WARNING] You are using forceRegenerate=true in your configuration.
This configuration setting is deprecated and not recommended as it causes problems with incremental builds in IDEs.
Please refer to the following link for more information:
https://github.com/highsource/maven-jaxb2-plugin/wiki/Do-Not-Use-forceRegenerate
Consider removing this setting from your plugin configuration.

[INFO] The [forceRegenerate] switch is turned on, XJC will be executed.
[INFO] Episode file [/home/user/projects/movsim/xsd/target/generated-sources/xjc/META-INF/sun-jaxb.episode] was augmented with if-exists="true" attributes.
[INFO] 
[INFO] --- maven-jaxb2-plugin:0.14.0:generate (movsimMicroscopicBoundaryConditions) @ MovsimXsd ---
[WARNING] You are using forceRegenerate=true in your configuration.
This configuration setting is deprecated and not recommended as it causes problems with incremental builds in IDEs.
Please refer to the following link for more information:
https://github.com/highsource/maven-jaxb2-plugin/wiki/Do-Not-Use-forceRegenerate
Consider removing this setting from your plugin configuration.

[INFO] The [forceRegenerate] switch is turned on, XJC will be executed.
[INFO] Episode file [/home/user/projects/movsim/xsd/target/generated-sources/xjc/META-INF/sun-jaxb.episode] was augmented with if-exists="true" attributes.
[INFO] 
[INFO] --- maven-jaxb2-plugin:0.14.0:generate (movsimExternalVehicleControl) @ MovsimXsd ---
[WARNING] You are using forceRegenerate=true in your configuration.
This configuration setting is deprecated and not recommended as it causes problems with incremental builds in IDEs.
Please refer to the following link for more information:
https://github.com/highsource/maven-jaxb2-plugin/wiki/Do-Not-Use-forceRegenerate
Consider removing this setting from your plugin configuration.

[INFO] The [forceRegenerate] switch is turned on, XJC will be executed.
[INFO] Episode file [/home/user/projects/movsim/xsd/target/generated-sources/xjc/META-INF/sun-jaxb.episode] was augmented with if-exists="true" attributes.
[INFO] 
[INFO] --- maven-resources-plugin:2.6:resources (default-resources) @ MovsimXsd ---
[INFO] Using 'UTF-8' encoding to copy filtered resources.
[INFO] Copying 11 resources
[INFO] Copying 1 resource
[INFO] Copying 1 resource
[INFO] Copying 1 resource
[INFO] Copying 1 resource
[INFO] Copying 1 resource
[INFO] 
[INFO] --- maven-compiler-plugin:3.7.0:compile (default-compile) @ MovsimXsd ---
[INFO] Changes detected - recompiling the module!
[INFO] Compiling 118 source files to /home/user/projects/movsim/xsd/target/classes
[INFO] 
[INFO] ----------------------< org.movsim:MovsimCommon >-----------------------
[INFO] Building MovsimCommon 1.7.0-SNAPSHOT                               [3/6]
[INFO] --------------------------------[ jar ]---------------------------------
[INFO] Downloading from central: https://repo.maven.apache.org/maven2/net/sf/opencsv/opencsv/2.3/opencsv-2.3.pom
[INFO] Downloaded from central: https://repo.maven.apache.org/maven2/net/sf/opencsv/opencsv/2.3/opencsv-2.3.pom (5.4 kB at 209 kB/s)
[INFO] Downloading from central: https://repo.maven.apache.org/maven2/net/sf/opencsv/opencsv/2.3/opencsv-2.3.jar
[INFO] Downloaded from central: https://repo.maven.apache.org/maven2/net/sf/opencsv/opencsv/2.3/opencsv-2.3.jar (20 kB at 1.4 MB/s)
[INFO] 
[INFO] --- maven-resources-plugin:2.6:resources (default-resources) @ MovsimCommon ---
[INFO] Using 'UTF-8' encoding to copy filtered resources.
[INFO] Copying 1 resource
[INFO] 
[INFO] --- maven-compiler-plugin:3.7.0:compile (default-compile) @ MovsimCommon ---
[INFO] Changes detected - recompiling the module!
[INFO] Compiling 21 source files to /home/user/projects/movsim/common/target/classes
[INFO] /home/user/projects/movsim/common/src/main/java/org/movsim/xml/XmlHelpers.java: /home/user/projects/movsim/common/src/main/java/org/movsim/xml/XmlHelpers.java uses or overrides a deprecated API.
[INFO] /home/user/projects/movsim/common/src/main/java/org/movsim/xml/XmlHelpers.java: Recompile with -Xlint:deprecation for details.
[INFO] 
[INFO] --------------------< org.movsim:MovsimConsumption >--------------------
[INFO] Building MovsimConsumption 1.7.0-SNAPSHOT                          [4/6]
[INFO] --------------------------------[ jar ]---------------------------------
[INFO] 
[INFO] --- maven-resources-plugin:2.6:resources (default-resources) @ MovsimConsumption ---
[INFO] Using 'UTF-8' encoding to copy filtered resources.
[INFO] Copying 1 resource
[INFO] 
[INFO] --- maven-compiler-plugin:3.7.0:compile (default-compile) @ MovsimConsumption ---
[INFO] Changes detected - recompiling the module!
[INFO] Compiling 20 source files to /home/user/projects/movsim/consumption/target/classes
[INFO] /home/user/projects/movsim/consumption/src/main/java/org/movsim/consumption/model/EngineRotationModel.java: /home/user/projects/movsim/consumption/src/main/java/org/movsim/consumption/model/EngineRotationModel.java uses or overrides a deprecated API.
[INFO] /home/user/projects/movsim/consumption/src/main/java/org/movsim/consumption/model/EngineRotationModel.java: Recompile with -Xlint:deprecation for details.
[INFO] 
[INFO] -----------------------< org.movsim:MovsimCore >------------------------
[INFO] Building MovsimCore 1.7.0-SNAPSHOT                                 [5/6]
[INFO] --------------------------------[ jar ]---------------------------------
[INFO] Downloading from central: https://repo.maven.apache.org/maven2/net/sf/jgrapht/jgrapht/0.8.3/jgrapht-0.8.3.pom
[INFO] Downloaded from central: https://repo.maven.apache.org/maven2/net/sf/jgrapht/jgrapht/0.8.3/jgrapht-0.8.3.pom (3.7 kB at 216 kB/s)
[INFO] Downloading from central: https://repo.maven.apache.org/maven2/net/sf/jgrapht/jgrapht/0.8.3/jgrapht-0.8.3.jar
[INFO] Downloaded from central: https://repo.maven.apache.org/maven2/net/sf/jgrapht/jgrapht/0.8.3/jgrapht-0.8.3.jar (245 kB at 3.8 MB/s)
[INFO] 
[INFO] --- maven-resources-plugin:2.6:resources (default-resources) @ MovsimCore ---
[INFO] Using 'UTF-8' encoding to copy filtered resources.
[INFO] Copying 1 resource
[INFO] 
[INFO] --- maven-compiler-plugin:3.7.0:compile (default-compile) @ MovsimCore ---
[INFO] Changes detected - recompiling the module!
[INFO] Compiling 136 source files to /home/user/projects/movsim/core/target/classes
[INFO] /home/user/projects/movsim/core/src/main/java/org/movsim/output/route/SpatioTemporal.java: /home/user/projects/movsim/core/src/main/java/org/movsim/output/route/SpatioTemporal.java uses or overrides a deprecated API.
[INFO] /home/user/projects/movsim/core/src/main/java/org/movsim/output/route/SpatioTemporal.java: Recompile with -Xlint:deprecation for details.
[INFO] 
[INFO] ----------------------< org.movsim:MovsimViewer >-----------------------
[INFO] Building MovsimViewer 1.7.0-SNAPSHOT                               [6/6]
[INFO] --------------------------------[ jar ]---------------------------------
[INFO] 
[INFO] --- maven-resources-plugin:2.6:resources (default-resources) @ MovsimViewer ---
[INFO] Using 'UTF-8' encoding to copy filtered resources.
[INFO] Copying 58 resources
[INFO] 
[INFO] --- maven-compiler-plugin:3.7.0:compile (default-compile) @ MovsimViewer ---
[INFO] Changes detected - recompiling the module!
[INFO] Compiling 23 source files to /home/user/projects/movsim/viewer/target/classes
[INFO] /home/user/projects/movsim/viewer/src/main/java/org/movsim/viewer/ui/HighscoreFrame.java: /home/user/projects/movsim/viewer/src/main/java/org/movsim/viewer/ui/HighscoreFrame.java uses or overrides a deprecated API.
[INFO] /home/user/projects/movsim/viewer/src/main/java/org/movsim/viewer/ui/HighscoreFrame.java: Recompile with -Xlint:deprecation for details.
[INFO] ------------------------------------------------------------------------
[INFO] Reactor Summary for movsim 1.7.0-SNAPSHOT:
[INFO] 
[INFO] movsim ............................................. SUCCESS [  0.106 s]
[INFO] MovsimXsd .......................................... SUCCESS [ 19.101 s]
[INFO] MovsimCommon ....................................... SUCCESS [  1.351 s]
[INFO] MovsimConsumption .................................. SUCCESS [  0.959 s]
[INFO] MovsimCore ......................................... SUCCESS [  4.808 s]
[INFO] MovsimViewer ....................................... SUCCESS [  1.578 s]
[INFO] ------------------------------------------------------------------------
[INFO] BUILD SUCCESS
[INFO] ------------------------------------------------------------------------
[INFO] Total time:  28.105 s
[INFO] Finished at: 2021-07-20T20:00:14Z
[INFO] ------------------------------------------------------------------------
