[INFO] Scanning for projects...
[INFO] 
[INFO] -----< com.github.vincentrussell:sql-to-mongo-db-query-converter >------
[INFO] Building sql-to-mongo-db-query-converter 1.19-SNAPSHOT
[INFO] --------------------------------[ jar ]---------------------------------
[INFO] Downloading from central: https://repo.maven.apache.org/maven2/org/apache/maven/plugins/maven-failsafe-plugin/2.19.1/maven-failsafe-plugin-2.19.1.pom
[INFO] Downloaded from central: https://repo.maven.apache.org/maven2/org/apache/maven/plugins/maven-failsafe-plugin/2.19.1/maven-failsafe-plugin-2.19.1.pom (9.6 kB at 14 kB/s)
[INFO] Downloading from central: https://repo.maven.apache.org/maven2/org/apache/maven/plugins/maven-failsafe-plugin/2.19.1/maven-failsafe-plugin-2.19.1.jar
[INFO] Downloaded from central: https://repo.maven.apache.org/maven2/org/apache/maven/plugins/maven-failsafe-plugin/2.19.1/maven-failsafe-plugin-2.19.1.jar (87 kB at 857 kB/s)
[INFO] Downloading from central: https://repo.maven.apache.org/maven2/org/apache/maven/plugins/maven-compiler-plugin/3.5/maven-compiler-plugin-3.5.pom
[INFO] Downloaded from central: https://repo.maven.apache.org/maven2/org/apache/maven/plugins/maven-compiler-plugin/3.5/maven-compiler-plugin-3.5.pom (10 kB at 338 kB/s)
[INFO] Downloading from central: https://repo.maven.apache.org/maven2/org/apache/maven/plugins/maven-compiler-plugin/3.5/maven-compiler-plugin-3.5.jar
[INFO] Downloaded from central: https://repo.maven.apache.org/maven2/org/apache/maven/plugins/maven-compiler-plugin/3.5/maven-compiler-plugin-3.5.jar (50 kB at 1.2 MB/s)
[INFO] Downloading from central: https://repo.maven.apache.org/maven2/org/apache/maven/plugins/maven-checkstyle-plugin/3.1.1/maven-checkstyle-plugin-3.1.1.pom
[INFO] Downloaded from central: https://repo.maven.apache.org/maven2/org/apache/maven/plugins/maven-checkstyle-plugin/3.1.1/maven-checkstyle-plugin-3.1.1.pom (14 kB at 376 kB/s)
[INFO] Downloading from central: https://repo.maven.apache.org/maven2/org/apache/maven/plugins/maven-checkstyle-plugin/3.1.1/maven-checkstyle-plugin-3.1.1.jar
[INFO] Downloaded from central: https://repo.maven.apache.org/maven2/org/apache/maven/plugins/maven-checkstyle-plugin/3.1.1/maven-checkstyle-plugin-3.1.1.jar (109 kB at 1.4 MB/s)
[INFO] Downloading from central: https://repo.maven.apache.org/maven2/com/github/spotbugs/spotbugs-maven-plugin/4.0.0/spotbugs-maven-plugin-4.0.0.pom
[INFO] Downloaded from central: https://repo.maven.apache.org/maven2/com/github/spotbugs/spotbugs-maven-plugin/4.0.0/spotbugs-maven-plugin-4.0.0.pom (29 kB at 244 kB/s)
[INFO] Downloading from central: https://repo.maven.apache.org/maven2/com/github/hazendaz/base-parent/24/base-parent-24.pom
[INFO] Downloaded from central: https://repo.maven.apache.org/maven2/com/github/hazendaz/base-parent/24/base-parent-24.pom (84 kB at 599 kB/s)
[INFO] Downloading from central: https://repo.maven.apache.org/maven2/com/github/spotbugs/spotbugs-maven-plugin/4.0.0/spotbugs-maven-plugin-4.0.0.jar
[INFO] Downloaded from central: https://repo.maven.apache.org/maven2/com/github/spotbugs/spotbugs-maven-plugin/4.0.0/spotbugs-maven-plugin-4.0.0.jar (168 kB at 1.1 MB/s)
[INFO] Downloading from central: https://repo.maven.apache.org/maven2/joda-time/joda-time/2.9.4/joda-time-2.9.4.pom
[INFO] Downloaded from central: https://repo.maven.apache.org/maven2/joda-time/joda-time/2.9.4/joda-time-2.9.4.pom (30 kB at 837 kB/s)
[INFO] Downloading from central: https://repo.maven.apache.org/maven2/com/joestelmach/natty/0.12/natty-0.12.pom
[INFO] Downloaded from central: https://repo.maven.apache.org/maven2/com/joestelmach/natty/0.12/natty-0.12.pom (8.1 kB at 39 kB/s)
[INFO] Downloading from central: https://repo.maven.apache.org/maven2/org/antlr/antlr-runtime/3.5.2/antlr-runtime-3.5.2.pom
[INFO] Downloaded from central: https://repo.maven.apache.org/maven2/org/antlr/antlr-runtime/3.5.2/antlr-runtime-3.5.2.pom (2.2 kB at 107 kB/s)
[INFO] Downloading from central: https://repo.maven.apache.org/maven2/org/antlr/antlr-master/3.5.2/antlr-master-3.5.2.pom
[INFO] Downloaded from central: https://repo.maven.apache.org/maven2/org/antlr/antlr-master/3.5.2/antlr-master-3.5.2.pom (12 kB at 279 kB/s)
[INFO] Downloading from central: https://repo.maven.apache.org/maven2/org/mnode/ical4j/ical4j/1.0.2/ical4j-1.0.2.pom
[INFO] Downloaded from central: https://repo.maven.apache.org/maven2/org/mnode/ical4j/ical4j/1.0.2/ical4j-1.0.2.pom (11 kB at 287 kB/s)
[INFO] Downloading from central: https://repo.maven.apache.org/maven2/org/mnode/mnode-parent/1.2/mnode-parent-1.2.pom
[INFO] Downloaded from central: https://repo.maven.apache.org/maven2/org/mnode/mnode-parent/1.2/mnode-parent-1.2.pom (6.7 kB at 182 kB/s)
[INFO] Downloading from central: https://repo.maven.apache.org/maven2/commons-codec/commons-codec/1.5/commons-codec-1.5.pom
[INFO] Downloaded from central: https://repo.maven.apache.org/maven2/commons-codec/commons-codec/1.5/commons-codec-1.5.pom (10 kB at 601 kB/s)
[INFO] Downloading from central: https://repo.maven.apache.org/maven2/org/apache/commons/commons-parent/20/commons-parent-20.pom
[INFO] Downloaded from central: https://repo.maven.apache.org/maven2/org/apache/commons/commons-parent/20/commons-parent-20.pom (33 kB at 1.5 MB/s)
[INFO] Downloading from central: https://repo.maven.apache.org/maven2/org/calrissian/mango/mango-core/1.4.0/mango-core-1.4.0.pom
[INFO] Downloaded from central: https://repo.maven.apache.org/maven2/org/calrissian/mango/mango-core/1.4.0/mango-core-1.4.0.pom (2.1 kB at 10 kB/s)
[INFO] Downloading from central: https://repo.maven.apache.org/maven2/org/calrissian/mango/mango-parent/1.4.0/mango-parent-1.4.0.pom
[INFO] Downloaded from central: https://repo.maven.apache.org/maven2/org/calrissian/mango/mango-parent/1.4.0/mango-parent-1.4.0.pom (8.7 kB at 42 kB/s)
[INFO] Downloading from central: https://repo.maven.apache.org/maven2/com/google/guava/guava/24.1.1-jre/guava-24.1.1-jre.pom
[INFO] Downloaded from central: https://repo.maven.apache.org/maven2/com/google/guava/guava/24.1.1-jre/guava-24.1.1-jre.pom (7.8 kB at 324 kB/s)
[INFO] Downloading from central: https://repo.maven.apache.org/maven2/com/google/guava/guava-parent/24.1.1-jre/guava-parent-24.1.1-jre.pom
[INFO] Downloaded from central: https://repo.maven.apache.org/maven2/com/google/guava/guava-parent/24.1.1-jre/guava-parent-24.1.1-jre.pom (10 kB at 385 kB/s)
[INFO] Downloading from central: https://repo.maven.apache.org/maven2/commons-codec/commons-codec/1.8/commons-codec-1.8.pom
[INFO] Downloaded from central: https://repo.maven.apache.org/maven2/commons-codec/commons-codec/1.8/commons-codec-1.8.pom (11 kB at 714 kB/s)
[INFO] Downloading from central: https://repo.maven.apache.org/maven2/com/google/code/gson/gson/2.7/gson-2.7.pom
[INFO] Downloaded from central: https://repo.maven.apache.org/maven2/com/google/code/gson/gson/2.7/gson-2.7.pom (1.4 kB at 85 kB/s)
[INFO] Downloading from central: https://repo.maven.apache.org/maven2/com/google/code/gson/gson-parent/2.7/gson-parent-2.7.pom
[INFO] Downloaded from central: https://repo.maven.apache.org/maven2/com/google/code/gson/gson-parent/2.7/gson-parent-2.7.pom (3.6 kB at 224 kB/s)
[INFO] Downloading from central: https://repo.maven.apache.org/maven2/org/slf4j/slf4j-nop/1.6.1/slf4j-nop-1.6.1.pom
[INFO] Downloaded from central: https://repo.maven.apache.org/maven2/org/slf4j/slf4j-nop/1.6.1/slf4j-nop-1.6.1.pom (1.5 kB at 113 kB/s)
[INFO] Downloading from central: https://repo.maven.apache.org/maven2/commons-io/commons-io/1.3.2/commons-io-1.3.2.pom
[INFO] Downloaded from central: https://repo.maven.apache.org/maven2/commons-io/commons-io/1.3.2/commons-io-1.3.2.pom (0 B at 0 B/s)
[INFO] Downloading from central: https://repo.maven.apache.org/maven2/org/apache/commons/commons-parent/3/commons-parent-3.pom
[INFO] Downloaded from central: https://repo.maven.apache.org/maven2/org/apache/commons/commons-parent/3/commons-parent-3.pom (0 B at 0 B/s)
[INFO] Downloading from central: https://repo.maven.apache.org/maven2/org/mongodb/bson/3.12.0/bson-3.12.0.pom
[INFO] Downloaded from central: https://repo.maven.apache.org/maven2/org/mongodb/bson/3.12.0/bson-3.12.0.pom (1.3 kB at 61 kB/s)
[INFO] Downloading from central: https://repo.maven.apache.org/maven2/com/github/jsqlparser/jsqlparser/3.1/jsqlparser-3.1.pom
[INFO] Downloaded from central: https://repo.maven.apache.org/maven2/com/github/jsqlparser/jsqlparser/3.1/jsqlparser-3.1.pom (18 kB at 83 kB/s)
[INFO] Downloading from central: https://repo.maven.apache.org/maven2/org/mongodb/mongodb-driver/3.12.0/mongodb-driver-3.12.0.pom
[INFO] Downloaded from central: https://repo.maven.apache.org/maven2/org/mongodb/mongodb-driver/3.12.0/mongodb-driver-3.12.0.pom (1.7 kB at 7.8 kB/s)
[INFO] Downloading from central: https://repo.maven.apache.org/maven2/org/mongodb/mongodb-driver-core/3.12.0/mongodb-driver-core-3.12.0.pom
[INFO] Downloaded from central: https://repo.maven.apache.org/maven2/org/mongodb/mongodb-driver-core/3.12.0/mongodb-driver-core-3.12.0.pom (3.1 kB at 28 kB/s)
[INFO] Downloading from central: https://repo.maven.apache.org/maven2/de/flapdoodle/embed/de.flapdoodle.embed.mongo/2.2.0/de.flapdoodle.embed.mongo-2.2.0.pom
[INFO] Downloaded from central: https://repo.maven.apache.org/maven2/de/flapdoodle/embed/de.flapdoodle.embed.mongo/2.2.0/de.flapdoodle.embed.mongo-2.2.0.pom (12 kB at 769 kB/s)
[INFO] Downloading from central: https://repo.maven.apache.org/maven2/de/flapdoodle/embed/de.flapdoodle.embed.process/2.1.2/de.flapdoodle.embed.process-2.1.2.pom
[INFO] Downloaded from central: https://repo.maven.apache.org/maven2/de/flapdoodle/embed/de.flapdoodle.embed.process/2.1.2/de.flapdoodle.embed.process-2.1.2.pom (13 kB at 876 kB/s)
[INFO] Downloading from central: https://repo.maven.apache.org/maven2/com/github/stefanbirkner/system-rules/1.16.0/system-rules-1.16.0.pom
[INFO] Downloaded from central: https://repo.maven.apache.org/maven2/com/github/stefanbirkner/system-rules/1.16.0/system-rules-1.16.0.pom (2.3 kB at 127 kB/s)
[INFO] Downloading from central: https://repo.maven.apache.org/maven2/joda-time/joda-time/2.9.4/joda-time-2.9.4.jar
[INFO] Downloading from central: https://repo.maven.apache.org/maven2/com/joestelmach/natty/0.12/natty-0.12.jar
[INFO] Downloading from central: https://repo.maven.apache.org/maven2/org/mnode/ical4j/ical4j/1.0.2/ical4j-1.0.2.jar
[INFO] Downloading from central: https://repo.maven.apache.org/maven2/org/antlr/antlr-runtime/3.5.2/antlr-runtime-3.5.2.jar
[INFO] Downloading from central: https://repo.maven.apache.org/maven2/org/calrissian/mango/mango-core/1.4.0/mango-core-1.4.0.jar
[INFO] Downloaded from central: https://repo.maven.apache.org/maven2/joda-time/joda-time/2.9.4/joda-time-2.9.4.jar (630 kB at 3.3 MB/s)
[INFO] Downloading from central: https://repo.maven.apache.org/maven2/commons-codec/commons-codec/1.8/commons-codec-1.8.jar
[INFO] Downloaded from central: https://repo.maven.apache.org/maven2/org/antlr/antlr-runtime/3.5.2/antlr-runtime-3.5.2.jar (168 kB at 671 kB/s)
[INFO] Downloading from central: https://repo.maven.apache.org/maven2/com/google/code/gson/gson/2.7/gson-2.7.jar
[INFO] Downloaded from central: https://repo.maven.apache.org/maven2/commons-codec/commons-codec/1.8/commons-codec-1.8.jar (264 kB at 1.1 MB/s)
[INFO] Downloading from central: https://repo.maven.apache.org/maven2/org/slf4j/slf4j-nop/1.6.1/slf4j-nop-1.6.1.jar
[INFO] Downloaded from central: https://repo.maven.apache.org/maven2/org/slf4j/slf4j-nop/1.6.1/slf4j-nop-1.6.1.jar (4.8 kB at 15 kB/s)
[INFO] Downloading from central: https://repo.maven.apache.org/maven2/commons-io/commons-io/1.3.2/commons-io-1.3.2.jar
[INFO] Downloaded from central: https://repo.maven.apache.org/maven2/com/google/code/gson/gson/2.7/gson-2.7.jar (232 kB at 686 kB/s)
[INFO] Downloading from central: https://repo.maven.apache.org/maven2/com/google/guava/guava/24.1.1-jre/guava-24.1.1-jre.jar
[INFO] Downloaded from central: https://repo.maven.apache.org/maven2/commons-io/commons-io/1.3.2/commons-io-1.3.2.jar (88 kB at 220 kB/s)
[INFO] Downloading from central: https://repo.maven.apache.org/maven2/org/mongodb/bson/3.12.0/bson-3.12.0.jar
[INFO] Downloaded from central: https://repo.maven.apache.org/maven2/org/calrissian/mango/mango-core/1.4.0/mango-core-1.4.0.jar (216 kB at 477 kB/s)
[INFO] Downloading from central: https://repo.maven.apache.org/maven2/com/github/jsqlparser/jsqlparser/3.1/jsqlparser-3.1.jar
[INFO] Downloaded from central: https://repo.maven.apache.org/maven2/org/mnode/ical4j/ical4j/1.0.2/ical4j-1.0.2.jar (972 kB at 1.3 MB/s)
[INFO] Downloading from central: https://repo.maven.apache.org/maven2/org/mongodb/mongodb-driver/3.12.0/mongodb-driver-3.12.0.jar
[INFO] Downloaded from central: https://repo.maven.apache.org/maven2/org/mongodb/bson/3.12.0/bson-3.12.0.jar (499 kB at 609 kB/s)
[INFO] Downloading from central: https://repo.maven.apache.org/maven2/org/mongodb/mongodb-driver-core/3.12.0/mongodb-driver-core-3.12.0.jar
[INFO] Downloaded from central: https://repo.maven.apache.org/maven2/com/joestelmach/natty/0.12/natty-0.12.jar (621 kB at 723 kB/s)
[INFO] Downloading from central: https://repo.maven.apache.org/maven2/de/flapdoodle/embed/de.flapdoodle.embed.mongo/2.2.0/de.flapdoodle.embed.mongo-2.2.0.jar
[INFO] Downloaded from central: https://repo.maven.apache.org/maven2/de/flapdoodle/embed/de.flapdoodle.embed.mongo/2.2.0/de.flapdoodle.embed.mongo-2.2.0.jar (121 kB at 114 kB/s)
[INFO] Downloading from central: https://repo.maven.apache.org/maven2/de/flapdoodle/embed/de.flapdoodle.embed.process/2.1.2/de.flapdoodle.embed.process-2.1.2.jar
[INFO] Downloaded from central: https://repo.maven.apache.org/maven2/com/github/jsqlparser/jsqlparser/3.1/jsqlparser-3.1.jar (490 kB at 457 kB/s)
[INFO] Downloading from central: https://repo.maven.apache.org/maven2/com/github/stefanbirkner/system-rules/1.16.0/system-rules-1.16.0.jar
[INFO] Downloaded from central: https://repo.maven.apache.org/maven2/com/github/stefanbirkner/system-rules/1.16.0/system-rules-1.16.0.jar (37 kB at 31 kB/s)
[INFO] Downloading from central: https://repo.maven.apache.org/maven2/org/skyscreamer/jsonassert/1.5.0/jsonassert-1.5.0.jar
[INFO] Downloaded from central: https://repo.maven.apache.org/maven2/com/google/guava/guava/24.1.1-jre/guava-24.1.1-jre.jar (2.7 MB at 2.3 MB/s)
[INFO] Downloading from central: https://repo.maven.apache.org/maven2/com/vaadin/external/google/android-json/0.0.20131108.vaadin1/android-json-0.0.20131108.vaadin1.jar
[INFO] Downloaded from central: https://repo.maven.apache.org/maven2/de/flapdoodle/embed/de.flapdoodle.embed.process/2.1.2/de.flapdoodle.embed.process-2.1.2.jar (161 kB at 132 kB/s)
[INFO] Downloaded from central: https://repo.maven.apache.org/maven2/com/vaadin/external/google/android-json/0.0.20131108.vaadin1/android-json-0.0.20131108.vaadin1.jar (18 kB at 15 kB/s)
[INFO] Downloaded from central: https://repo.maven.apache.org/maven2/org/skyscreamer/jsonassert/1.5.0/jsonassert-1.5.0.jar (30 kB at 24 kB/s)
[INFO] Downloaded from central: https://repo.maven.apache.org/maven2/org/mongodb/mongodb-driver/3.12.0/mongodb-driver-3.12.0.jar (376 kB at 295 kB/s)
[INFO] Downloaded from central: https://repo.maven.apache.org/maven2/org/mongodb/mongodb-driver-core/3.12.0/mongodb-driver-core-3.12.0.jar (1.4 MB at 1.0 MB/s)
[INFO] 
[INFO] --- maven-resources-plugin:2.6:resources (default-resources) @ sql-to-mongo-db-query-converter ---
[INFO] Using 'UTF-8' encoding to copy filtered resources.
[INFO] skip non existing resourceDirectory /home/user/projects/sql-to-mongo-db-query-converter/src/main/resources
[INFO] 
[INFO] --- maven-compiler-plugin:3.5:compile (default-compile) @ sql-to-mongo-db-query-converter ---
[INFO] Changes detected - recompiling the module!
[INFO] Compiling 27 source files to /home/user/projects/sql-to-mongo-db-query-converter/target/classes
[INFO] /home/user/projects/sql-to-mongo-db-query-converter/src/main/java/com/github/vincentrussell/query/mongodb/sql/converter/Main.java: Some input files use or override a deprecated API.
[INFO] /home/user/projects/sql-to-mongo-db-query-converter/src/main/java/com/github/vincentrussell/query/mongodb/sql/converter/Main.java: Recompile with -Xlint:deprecation for details.
[INFO] /home/user/projects/sql-to-mongo-db-query-converter/src/main/java/com/github/vincentrussell/query/mongodb/sql/converter/util/ObjectIdFunction.java: Some input files use unchecked or unsafe operations.
[INFO] /home/user/projects/sql-to-mongo-db-query-converter/src/main/java/com/github/vincentrussell/query/mongodb/sql/converter/util/ObjectIdFunction.java: Recompile with -Xlint:unchecked for details.
[INFO] -------------------------------------------------------------
[ERROR] COMPILATION ERROR : 
[INFO] -------------------------------------------------------------
[ERROR] /home/user/projects/sql-to-mongo-db-query-converter/src/main/java/com/github/vincentrussell/query/mongodb/sql/converter/Main.java:[376,29] incompatible types: try-with-resources not applicable to variable type
    (java.util.concurrent.Future<java.lang.String> cannot be converted to java.lang.AutoCloseable)
[INFO] 1 error
[INFO] -------------------------------------------------------------
[INFO] ------------------------------------------------------------------------
[INFO] BUILD FAILURE
[INFO] ------------------------------------------------------------------------
[INFO] Total time:  11.006 s
[INFO] Finished at: 2021-07-20T21:26:29Z
[INFO] ------------------------------------------------------------------------
[ERROR] Failed to execute goal org.apache.maven.plugins:maven-compiler-plugin:3.5:compile (default-compile) on project sql-to-mongo-db-query-converter: Compilation failure
[ERROR] /home/user/projects/sql-to-mongo-db-query-converter/src/main/java/com/github/vincentrussell/query/mongodb/sql/converter/Main.java:[376,29] incompatible types: try-with-resources not applicable to variable type
[ERROR]     (java.util.concurrent.Future<java.lang.String> cannot be converted to java.lang.AutoCloseable)
[ERROR] -> [Help 1]
[ERROR] 
[ERROR] To see the full stack trace of the errors, re-run Maven with the -e switch.
[ERROR] Re-run Maven using the -X switch to enable full debug logging.
[ERROR] 
[ERROR] For more information about the errors and possible solutions, please read the following articles:
[ERROR] [Help 1] http://cwiki.apache.org/confluence/display/MAVEN/MojoFailureException
