[INFO] Scanning for projects...
[WARNING] 
[WARNING] Some problems were encountered while building the effective model for org.modelmapper:modelmapper:jar:2.3.9-SNAPSHOT
[WARNING] 'build.plugins.plugin.version' for org.apache.maven.plugins:maven-compiler-plugin is missing. @ org.modelmapper:modelmapper-parent:2.3.9-SNAPSHOT, /home/user/projects/modelmapper/pom.xml, line 75, column 15
[WARNING] 'build.plugins.plugin.version' for org.apache.maven.plugins:maven-surefire-plugin is missing. @ line 146, column 15
[WARNING] 'build.plugins.plugin.version' for org.apache.maven.plugins:maven-jar-plugin is missing. @ line 198, column 15
[WARNING] 
[WARNING] Some problems were encountered while building the effective model for org.modelmapper.extensions:modelmapper-spring:jar:2.3.9-SNAPSHOT
[WARNING] 'build.plugins.plugin.version' for org.apache.maven.plugins:maven-compiler-plugin is missing. @ org.modelmapper:modelmapper-parent:2.3.9-SNAPSHOT, /home/user/projects/modelmapper/pom.xml, line 75, column 15
[WARNING] 
[WARNING] Some problems were encountered while building the effective model for org.modelmapper.extensions:modelmapper-guice:jar:2.3.9-SNAPSHOT
[WARNING] 'build.plugins.plugin.version' for org.apache.maven.plugins:maven-compiler-plugin is missing. @ org.modelmapper:modelmapper-parent:2.3.9-SNAPSHOT, /home/user/projects/modelmapper/pom.xml, line 75, column 15
[WARNING] 
[WARNING] Some problems were encountered while building the effective model for org.modelmapper.extensions:modelmapper-dagger:jar:2.3.9-SNAPSHOT
[WARNING] 'build.plugins.plugin.version' for org.apache.maven.plugins:maven-compiler-plugin is missing. @ org.modelmapper:modelmapper-parent:2.3.9-SNAPSHOT, /home/user/projects/modelmapper/pom.xml, line 75, column 15
[WARNING] 
[WARNING] Some problems were encountered while building the effective model for org.modelmapper.extensions:modelmapper-jackson:jar:2.3.9-SNAPSHOT
[WARNING] 'build.plugins.plugin.version' for org.apache.maven.plugins:maven-compiler-plugin is missing. @ org.modelmapper:modelmapper-parent:2.3.9-SNAPSHOT, /home/user/projects/modelmapper/pom.xml, line 75, column 15
[WARNING] 
[WARNING] Some problems were encountered while building the effective model for org.modelmapper.extensions:modelmapper-gson:jar:2.3.9-SNAPSHOT
[WARNING] 'build.plugins.plugin.version' for org.apache.maven.plugins:maven-compiler-plugin is missing. @ org.modelmapper:modelmapper-parent:2.3.9-SNAPSHOT, /home/user/projects/modelmapper/pom.xml, line 75, column 15
[WARNING] 
[WARNING] Some problems were encountered while building the effective model for org.modelmapper.extensions:modelmapper-jooq:jar:2.3.9-SNAPSHOT
[WARNING] 'build.plugins.plugin.version' for org.apache.maven.plugins:maven-compiler-plugin is missing. @ org.modelmapper:modelmapper-parent:2.3.9-SNAPSHOT, /home/user/projects/modelmapper/pom.xml, line 75, column 15
[WARNING] 
[WARNING] Some problems were encountered while building the effective model for org.modelmapper.extensions:modelmapper-protobuf:jar:2.3.9-SNAPSHOT
[WARNING] 'build.plugins.plugin.version' for org.apache.maven.plugins:maven-compiler-plugin is missing. @ org.modelmapper:modelmapper-parent:2.3.9-SNAPSHOT, /home/user/projects/modelmapper/pom.xml, line 75, column 15
[WARNING] 
[WARNING] Some problems were encountered while building the effective model for org.modelmapper.extensions:modelmapper-extensions:pom:2.3.9-SNAPSHOT
[WARNING] 'build.plugins.plugin.version' for org.apache.maven.plugins:maven-compiler-plugin is missing. @ org.modelmapper:modelmapper-parent:2.3.9-SNAPSHOT, /home/user/projects/modelmapper/pom.xml, line 75, column 15
[WARNING] 
[WARNING] Some problems were encountered while building the effective model for org.modelmapper:modelmapper-examples:jar:2.3.9-SNAPSHOT
[WARNING] 'build.plugins.plugin.version' for org.apache.maven.plugins:maven-compiler-plugin is missing. @ org.modelmapper:modelmapper-parent:2.3.9-SNAPSHOT, /home/user/projects/modelmapper/pom.xml, line 75, column 15
[WARNING] 
[WARNING] Some problems were encountered while building the effective model for org.modelmapper:modelmapper-parent:pom:2.3.9-SNAPSHOT
[WARNING] 'build.plugins.plugin.version' for org.apache.maven.plugins:maven-compiler-plugin is missing. @ line 75, column 15
[WARNING] 
[WARNING] It is highly recommended to fix these problems because they threaten the stability of your build.
[WARNING] 
[WARNING] For this reason, future Maven versions might no longer support building such malformed projects.
[WARNING] 
[INFO] ------------------------------------------------------------------------
[INFO] Reactor Build Order:
[INFO] 
[INFO] ModelMapper Parent                                                 [pom]
[INFO] ModelMapper                                                        [jar]
[INFO] ModelMapper Extensions                                             [pom]
[INFO] ModelMapper Spring Extension                                       [jar]
[INFO] ModelMapper Guice Extension                                        [jar]
[INFO] ModelMapper Dagger Extension                                       [jar]
[INFO] ModelMapper Jackson Extension                                      [jar]
[INFO] ModelMapper GSON Extension                                         [jar]
[INFO] ModelMapper jOOQ Extension                                         [jar]
[INFO] ModelMapper protobuf Extension                                     [jar]
[INFO] ModelMapper Examples                                               [jar]
[INFO] 
[INFO] -----------------< org.modelmapper:modelmapper-parent >-----------------
[INFO] Building ModelMapper Parent 2.3.9-SNAPSHOT                        [1/11]
[INFO] --------------------------------[ pom ]---------------------------------
[INFO] Downloading from central: https://repo.maven.apache.org/maven2/org/apache/maven/plugins/maven-compiler-plugin/maven-metadata.xml
[INFO] Downloaded from central: https://repo.maven.apache.org/maven2/org/apache/maven/plugins/maven-compiler-plugin/maven-metadata.xml (1.0 kB at 1.0 kB/s)
[INFO] Downloading from central: https://repo.maven.apache.org/maven2/org/testng/testng/6.9.10/testng-6.9.10.pom
[INFO] Downloaded from central: https://repo.maven.apache.org/maven2/org/testng/testng/6.9.10/testng-6.9.10.pom (2.6 kB at 99 kB/s)
[INFO] Downloading from central: https://repo.maven.apache.org/maven2/org/testng/testng/6.9.10/testng-6.9.10.jar
[INFO] Downloaded from central: https://repo.maven.apache.org/maven2/org/testng/testng/6.9.10/testng-6.9.10.jar (871 kB at 2.0 MB/s)
[INFO] 
[INFO] --- maven-enforcer-plugin:1.0:enforce (enforce-maven) @ modelmapper-parent ---
[INFO] 
[INFO] --------------------< org.modelmapper:modelmapper >---------------------
[INFO] Building ModelMapper 2.3.9-SNAPSHOT                               [2/11]
[INFO] --------------------------------[ jar ]---------------------------------
[INFO] Downloading from central: https://repo.maven.apache.org/maven2/org/apache/maven/plugins/maven-shade-plugin/3.2.0/maven-shade-plugin-3.2.0.pom
[INFO] Downloaded from central: https://repo.maven.apache.org/maven2/org/apache/maven/plugins/maven-shade-plugin/3.2.0/maven-shade-plugin-3.2.0.pom (9.3 kB at 266 kB/s)
[INFO] Downloading from central: https://repo.maven.apache.org/maven2/org/apache/maven/plugins/maven-shade-plugin/3.2.0/maven-shade-plugin-3.2.0.jar
[INFO] Downloaded from central: https://repo.maven.apache.org/maven2/org/apache/maven/plugins/maven-shade-plugin/3.2.0/maven-shade-plugin-3.2.0.jar (113 kB at 2.5 MB/s)
[INFO] Downloading from central: https://repo.maven.apache.org/maven2/org/apache/felix/maven-bundle-plugin/3.5.0/maven-bundle-plugin-3.5.0.pom
[INFO] Downloaded from central: https://repo.maven.apache.org/maven2/org/apache/felix/maven-bundle-plugin/3.5.0/maven-bundle-plugin-3.5.0.pom (10 kB at 408 kB/s)
[INFO] Downloading from central: https://repo.maven.apache.org/maven2/org/apache/felix/maven-bundle-plugin/3.5.0/maven-bundle-plugin-3.5.0.jar
[INFO] Downloaded from central: https://repo.maven.apache.org/maven2/org/apache/felix/maven-bundle-plugin/3.5.0/maven-bundle-plugin-3.5.0.jar (232 kB at 2.6 MB/s)
[INFO] Downloading from central: https://repo.maven.apache.org/maven2/org/ow2/asm/asm-tree/9.0/asm-tree-9.0.pom
[INFO] Downloaded from central: https://repo.maven.apache.org/maven2/org/ow2/asm/asm-tree/9.0/asm-tree-9.0.pom (2.9 kB at 210 kB/s)
[INFO] Downloading from central: https://repo.maven.apache.org/maven2/org/ow2/asm/asm/9.0/asm-9.0.pom
[INFO] Downloaded from central: https://repo.maven.apache.org/maven2/org/ow2/asm/asm/9.0/asm-9.0.pom (2.7 kB at 160 kB/s)
[INFO] Downloading from central: https://repo.maven.apache.org/maven2/net/bytebuddy/byte-buddy-dep/1.9.4/byte-buddy-dep-1.9.4.pom
[INFO] Downloaded from central: https://repo.maven.apache.org/maven2/net/bytebuddy/byte-buddy-dep/1.9.4/byte-buddy-dep-1.9.4.pom (4.9 kB at 24 kB/s)
[INFO] Downloading from central: https://repo.maven.apache.org/maven2/net/bytebuddy/byte-buddy-parent/1.9.4/byte-buddy-parent-1.9.4.pom
[INFO] Downloaded from central: https://repo.maven.apache.org/maven2/net/bytebuddy/byte-buddy-parent/1.9.4/byte-buddy-parent-1.9.4.pom (35 kB at 161 kB/s)
[INFO] Downloading from central: https://repo.maven.apache.org/maven2/org/ow2/asm/asm-commons/9.0/asm-commons-9.0.pom
[INFO] Downloaded from central: https://repo.maven.apache.org/maven2/org/ow2/asm/asm-commons/9.0/asm-commons-9.0.pom (3.3 kB at 104 kB/s)
[INFO] Downloading from central: https://repo.maven.apache.org/maven2/javassist/javassist/3.12.1.GA/javassist-3.12.1.GA.pom
[INFO] Downloaded from central: https://repo.maven.apache.org/maven2/javassist/javassist/3.12.1.GA/javassist-3.12.1.GA.pom (6.1 kB at 236 kB/s)
[INFO] Downloading from central: https://repo.maven.apache.org/maven2/org/slf4j/slf4j-jdk14/1.5.8/slf4j-jdk14-1.5.8.pom
[INFO] Downloaded from central: https://repo.maven.apache.org/maven2/org/slf4j/slf4j-jdk14/1.5.8/slf4j-jdk14-1.5.8.pom (1.9 kB at 68 kB/s)
[INFO] Downloading from central: https://repo.maven.apache.org/maven2/org/slf4j/slf4j-parent/1.5.8/slf4j-parent-1.5.8.pom
[INFO] Downloaded from central: https://repo.maven.apache.org/maven2/org/slf4j/slf4j-parent/1.5.8/slf4j-parent-1.5.8.pom (8.1 kB at 270 kB/s)
[INFO] Downloading from central: https://repo.maven.apache.org/maven2/org/slf4j/slf4j-api/1.5.8/slf4j-api-1.5.8.pom
[INFO] Downloaded from central: https://repo.maven.apache.org/maven2/org/slf4j/slf4j-api/1.5.8/slf4j-api-1.5.8.pom (3.0 kB at 71 kB/s)
[INFO] Downloading from central: https://repo.maven.apache.org/maven2/org/mockito/mockito-core/1.9.0/mockito-core-1.9.0.pom
[INFO] Downloaded from central: https://repo.maven.apache.org/maven2/org/mockito/mockito-core/1.9.0/mockito-core-1.9.0.pom (1.4 kB at 89 kB/s)
[INFO] Downloading from central: https://repo.maven.apache.org/maven2/com/h2database/h2/1.4.182/h2-1.4.182.pom
[INFO] Downloaded from central: https://repo.maven.apache.org/maven2/com/h2database/h2/1.4.182/h2-1.4.182.pom (966 B at 36 kB/s)
[INFO] Downloading from central: https://repo.maven.apache.org/maven2/org/hibernate/hibernate-entitymanager/4.3.7.Final/hibernate-entitymanager-4.3.7.Final.pom
[INFO] Downloaded from central: https://repo.maven.apache.org/maven2/org/hibernate/hibernate-entitymanager/4.3.7.Final/hibernate-entitymanager-4.3.7.Final.pom (3.2 kB at 21 kB/s)
[INFO] Downloading from central: https://repo.maven.apache.org/maven2/org/jboss/logging/jboss-logging/3.1.3.GA/jboss-logging-3.1.3.GA.pom
[INFO] Downloaded from central: https://repo.maven.apache.org/maven2/org/jboss/logging/jboss-logging/3.1.3.GA/jboss-logging-3.1.3.GA.pom (5.0 kB at 106 kB/s)
[INFO] Downloading from central: https://repo.maven.apache.org/maven2/org/jboss/logging/jboss-logging-annotations/1.2.0.Beta1/jboss-logging-annotations-1.2.0.Beta1.pom
[INFO] Downloaded from central: https://repo.maven.apache.org/maven2/org/jboss/logging/jboss-logging-annotations/1.2.0.Beta1/jboss-logging-annotations-1.2.0.Beta1.pom (1.9 kB at 45 kB/s)
[INFO] Downloading from central: https://repo.maven.apache.org/maven2/org/jboss/logging/jboss-logging-tools-parent/1.2.0.Beta1/jboss-logging-tools-parent-1.2.0.Beta1.pom
[INFO] Downloaded from central: https://repo.maven.apache.org/maven2/org/jboss/logging/jboss-logging-tools-parent/1.2.0.Beta1/jboss-logging-tools-parent-1.2.0.Beta1.pom (3.7 kB at 82 kB/s)
[INFO] Downloading from central: https://repo.maven.apache.org/maven2/org/jboss/jboss-parent/10/jboss-parent-10.pom
[INFO] Downloaded from central: https://repo.maven.apache.org/maven2/org/jboss/jboss-parent/10/jboss-parent-10.pom (30 kB at 1.2 MB/s)
[INFO] Downloading from central: https://repo.maven.apache.org/maven2/org/hibernate/hibernate-core/4.3.7.Final/hibernate-core-4.3.7.Final.pom
[INFO] Downloaded from central: https://repo.maven.apache.org/maven2/org/hibernate/hibernate-core/4.3.7.Final/hibernate-core-4.3.7.Final.pom (3.3 kB at 30 kB/s)
[INFO] Downloading from central: https://repo.maven.apache.org/maven2/org/jboss/spec/javax/transaction/jboss-transaction-api_1.2_spec/1.0.0.Final/jboss-transaction-api_1.2_spec-1.0.0.Final.pom
[INFO] Downloaded from central: https://repo.maven.apache.org/maven2/org/jboss/spec/javax/transaction/jboss-transaction-api_1.2_spec/1.0.0.Final/jboss-transaction-api_1.2_spec-1.0.0.Final.pom (4.6 kB at 183 kB/s)
[INFO] Downloading from central: https://repo.maven.apache.org/maven2/org/hibernate/common/hibernate-commons-annotations/4.0.5.Final/hibernate-commons-annotations-4.0.5.Final.pom
[INFO] Downloaded from central: https://repo.maven.apache.org/maven2/org/hibernate/common/hibernate-commons-annotations/4.0.5.Final/hibernate-commons-annotations-4.0.5.Final.pom (2.1 kB at 46 kB/s)
[INFO] Downloading from central: https://repo.maven.apache.org/maven2/org/hibernate/javax/persistence/hibernate-jpa-2.1-api/1.0.0.Final/hibernate-jpa-2.1-api-1.0.0.Final.pom
[INFO] Downloaded from central: https://repo.maven.apache.org/maven2/org/hibernate/javax/persistence/hibernate-jpa-2.1-api/1.0.0.Final/hibernate-jpa-2.1-api-1.0.0.Final.pom (2.2 kB at 74 kB/s)
[INFO] Downloading from central: https://repo.maven.apache.org/maven2/org/jboss/jandex/1.1.0.Final/jandex-1.1.0.Final.pom
[INFO] Downloaded from central: https://repo.maven.apache.org/maven2/org/jboss/jandex/1.1.0.Final/jandex-1.1.0.Final.pom (2.3 kB at 80 kB/s)
[INFO] Downloading from central: https://repo.maven.apache.org/maven2/org/jboss/jboss-parent/5/jboss-parent-5.pom
[INFO] Downloaded from central: https://repo.maven.apache.org/maven2/org/jboss/jboss-parent/5/jboss-parent-5.pom (19 kB at 752 kB/s)
[INFO] Downloading from central: https://repo.maven.apache.org/maven2/cglib/cglib/3.2.9/cglib-3.2.9.pom
[INFO] Downloaded from central: https://repo.maven.apache.org/maven2/cglib/cglib/3.2.9/cglib-3.2.9.pom (2.8 kB at 148 kB/s)
[INFO] Downloading from central: https://repo.maven.apache.org/maven2/cglib/cglib-parent/3.2.9/cglib-parent-3.2.9.pom
[INFO] Downloaded from central: https://repo.maven.apache.org/maven2/cglib/cglib-parent/3.2.9/cglib-parent-3.2.9.pom (10 kB at 443 kB/s)
[INFO] Downloading from central: https://repo.maven.apache.org/maven2/org/apache/ant/ant/1.10.3/ant-1.10.3.pom
[INFO] Downloaded from central: https://repo.maven.apache.org/maven2/org/apache/ant/ant/1.10.3/ant-1.10.3.pom (10 kB at 332 kB/s)
[INFO] Downloading from central: https://repo.maven.apache.org/maven2/org/apache/ant/ant-parent/1.10.3/ant-parent-1.10.3.pom
[INFO] Downloaded from central: https://repo.maven.apache.org/maven2/org/apache/ant/ant-parent/1.10.3/ant-parent-1.10.3.pom (5.7 kB at 211 kB/s)
[INFO] Downloading from central: https://repo.maven.apache.org/maven2/org/apache/ant/ant-launcher/1.10.3/ant-launcher-1.10.3.pom
[INFO] Downloaded from central: https://repo.maven.apache.org/maven2/org/apache/ant/ant-launcher/1.10.3/ant-launcher-1.10.3.pom (2.3 kB at 146 kB/s)
[INFO] Downloading from central: https://repo.maven.apache.org/maven2/net/sf/dozer/dozer/5.3.2/dozer-5.3.2.pom
[INFO] Downloaded from central: https://repo.maven.apache.org/maven2/net/sf/dozer/dozer/5.3.2/dozer-5.3.2.pom (19 kB at 792 kB/s)
[INFO] Downloading from central: https://repo.maven.apache.org/maven2/commons-beanutils/commons-beanutils/1.8.3/commons-beanutils-1.8.3.pom
[INFO] Downloaded from central: https://repo.maven.apache.org/maven2/commons-beanutils/commons-beanutils/1.8.3/commons-beanutils-1.8.3.pom (11 kB at 400 kB/s)
[INFO] Downloading from central: https://repo.maven.apache.org/maven2/org/apache/commons/commons-parent/14/commons-parent-14.pom
[INFO] Downloaded from central: https://repo.maven.apache.org/maven2/org/apache/commons/commons-parent/14/commons-parent-14.pom (31 kB at 1.2 MB/s)
[INFO] Downloading from central: https://repo.maven.apache.org/maven2/org/slf4j/slf4j-api/1.5.10/slf4j-api-1.5.10.pom
[INFO] Downloaded from central: https://repo.maven.apache.org/maven2/org/slf4j/slf4j-api/1.5.10/slf4j-api-1.5.10.pom (3.0 kB at 250 kB/s)
[INFO] Downloading from central: https://repo.maven.apache.org/maven2/org/slf4j/slf4j-parent/1.5.10/slf4j-parent-1.5.10.pom
[INFO] Downloaded from central: https://repo.maven.apache.org/maven2/org/slf4j/slf4j-parent/1.5.10/slf4j-parent-1.5.10.pom (8.8 kB at 245 kB/s)
[INFO] Downloading from central: https://repo.maven.apache.org/maven2/ma/glasnost/orika/orika-core/1.1.6/orika-core-1.1.6.pom
[INFO] Downloaded from central: https://repo.maven.apache.org/maven2/ma/glasnost/orika/orika-core/1.1.6/orika-core-1.1.6.pom (5.1 kB at 25 kB/s)
[INFO] Downloading from central: https://repo.maven.apache.org/maven2/ma/glasnost/orika/orika-parent/1.1.6/orika-parent-1.1.6.pom
[INFO] Downloaded from central: https://repo.maven.apache.org/maven2/ma/glasnost/orika/orika-parent/1.1.6/orika-parent-1.1.6.pom (12 kB at 59 kB/s)
[INFO] Downloading from central: https://repo.maven.apache.org/maven2/javassist/javassist/3.12.0.GA/javassist-3.12.0.GA.pom
[INFO] Downloaded from central: https://repo.maven.apache.org/maven2/javassist/javassist/3.12.0.GA/javassist-3.12.0.GA.pom (5.8 kB at 308 kB/s)
[INFO] Downloading from central: https://repo.maven.apache.org/maven2/com/thoughtworks/paranamer/paranamer/2.3/paranamer-2.3.pom
[INFO] Downloaded from central: https://repo.maven.apache.org/maven2/com/thoughtworks/paranamer/paranamer/2.3/paranamer-2.3.pom (1.6 kB at 43 kB/s)
[INFO] Downloading from central: https://repo.maven.apache.org/maven2/com/thoughtworks/paranamer/paranamer-parent/2.3/paranamer-parent-2.3.pom
[INFO] Downloaded from central: https://repo.maven.apache.org/maven2/com/thoughtworks/paranamer/paranamer-parent/2.3/paranamer-parent-2.3.pom (11 kB at 363 kB/s)
[INFO] Downloading from central: https://repo.maven.apache.org/maven2/org/codehaus/codehaus-parent/1/codehaus-parent-1.pom
[INFO] Downloaded from central: https://repo.maven.apache.org/maven2/org/codehaus/codehaus-parent/1/codehaus-parent-1.pom (3.4 kB at 191 kB/s)
[INFO] Downloading from central: https://repo.maven.apache.org/maven2/org/slf4j/slf4j-simple/1.5.8/slf4j-simple-1.5.8.pom
[INFO] Downloaded from central: https://repo.maven.apache.org/maven2/org/slf4j/slf4j-simple/1.5.8/slf4j-simple-1.5.8.pom (1.5 kB at 44 kB/s)
[INFO] Downloading from central: https://repo.maven.apache.org/maven2/org/ow2/asm/asm-tree/9.0/asm-tree-9.0.jar
[INFO] Downloading from central: https://repo.maven.apache.org/maven2/net/bytebuddy/byte-buddy-dep/1.9.4/byte-buddy-dep-1.9.4.jar
[INFO] Downloading from central: https://repo.maven.apache.org/maven2/org/ow2/asm/asm-commons/9.0/asm-commons-9.0.jar
[INFO] Downloading from central: https://repo.maven.apache.org/maven2/org/ow2/asm/asm/9.0/asm-9.0.jar
[INFO] Downloading from central: https://repo.maven.apache.org/maven2/javassist/javassist/3.12.1.GA/javassist-3.12.1.GA.jar
[INFO] Downloaded from central: https://repo.maven.apache.org/maven2/org/ow2/asm/asm-tree/9.0/asm-tree-9.0.jar (53 kB at 428 kB/s)
[INFO] Downloading from central: https://repo.maven.apache.org/maven2/org/slf4j/slf4j-jdk14/1.5.8/slf4j-jdk14-1.5.8.jar
[INFO] Downloaded from central: https://repo.maven.apache.org/maven2/org/slf4j/slf4j-jdk14/1.5.8/slf4j-jdk14-1.5.8.jar (8.8 kB at 116 kB/s)
[INFO] Downloading from central: https://repo.maven.apache.org/maven2/org/slf4j/slf4j-api/1.5.8/slf4j-api-1.5.8.jar
[INFO] Downloaded from central: https://repo.maven.apache.org/maven2/org/slf4j/slf4j-api/1.5.8/slf4j-api-1.5.8.jar (23 kB at 176 kB/s)
[INFO] Downloading from central: https://repo.maven.apache.org/maven2/org/mockito/mockito-core/1.9.0/mockito-core-1.9.0.jar
[INFO] Downloaded from central: https://repo.maven.apache.org/maven2/org/ow2/asm/asm-commons/9.0/asm-commons-9.0.jar (72 kB at 269 kB/s)
[INFO] Downloading from central: https://repo.maven.apache.org/maven2/com/h2database/h2/1.4.182/h2-1.4.182.jar
[INFO] Downloaded from central: https://repo.maven.apache.org/maven2/org/ow2/asm/asm/9.0/asm-9.0.jar (122 kB at 377 kB/s)
[INFO] Downloading from central: https://repo.maven.apache.org/maven2/org/hibernate/hibernate-entitymanager/4.3.7.Final/hibernate-entitymanager-4.3.7.Final.jar
[INFO] Downloaded from central: https://repo.maven.apache.org/maven2/org/mockito/mockito-core/1.9.0/mockito-core-1.9.0.jar (1.4 MB at 2.9 MB/s)
[INFO] Downloading from central: https://repo.maven.apache.org/maven2/org/jboss/logging/jboss-logging/3.1.3.GA/jboss-logging-3.1.3.GA.jar
[INFO] Downloaded from central: https://repo.maven.apache.org/maven2/javassist/javassist/3.12.1.GA/javassist-3.12.1.GA.jar (644 kB at 1.2 MB/s)
[INFO] Downloading from central: https://repo.maven.apache.org/maven2/org/jboss/logging/jboss-logging-annotations/1.2.0.Beta1/jboss-logging-annotations-1.2.0.Beta1.jar
[INFO] Downloaded from central: https://repo.maven.apache.org/maven2/org/jboss/logging/jboss-logging/3.1.3.GA/jboss-logging-3.1.3.GA.jar (57 kB at 105 kB/s)
[INFO] Downloading from central: https://repo.maven.apache.org/maven2/org/hibernate/hibernate-core/4.3.7.Final/hibernate-core-4.3.7.Final.jar
[INFO] Downloaded from central: https://repo.maven.apache.org/maven2/org/jboss/logging/jboss-logging-annotations/1.2.0.Beta1/jboss-logging-annotations-1.2.0.Beta1.jar (12 kB at 20 kB/s)
[INFO] Downloading from central: https://repo.maven.apache.org/maven2/org/jboss/jandex/1.1.0.Final/jandex-1.1.0.Final.jar
[INFO] Downloaded from central: https://repo.maven.apache.org/maven2/org/jboss/jandex/1.1.0.Final/jandex-1.1.0.Final.jar (77 kB at 114 kB/s)
[INFO] Downloading from central: https://repo.maven.apache.org/maven2/org/hibernate/common/hibernate-commons-annotations/4.0.5.Final/hibernate-commons-annotations-4.0.5.Final.jar
[INFO] Downloaded from central: https://repo.maven.apache.org/maven2/org/hibernate/common/hibernate-commons-annotations/4.0.5.Final/hibernate-commons-annotations-4.0.5.Final.jar (75 kB at 95 kB/s)
[INFO] Downloading from central: https://repo.maven.apache.org/maven2/org/hibernate/javax/persistence/hibernate-jpa-2.1-api/1.0.0.Final/hibernate-jpa-2.1-api-1.0.0.Final.jar
[INFO] Downloaded from central: https://repo.maven.apache.org/maven2/org/hibernate/hibernate-entitymanager/4.3.7.Final/hibernate-entitymanager-4.3.7.Final.jar (648 kB at 810 kB/s)
[INFO] Downloading from central: https://repo.maven.apache.org/maven2/org/jboss/spec/javax/transaction/jboss-transaction-api_1.2_spec/1.0.0.Final/jboss-transaction-api_1.2_spec-1.0.0.Final.jar
[INFO] Downloaded from central: https://repo.maven.apache.org/maven2/org/jboss/spec/javax/transaction/jboss-transaction-api_1.2_spec/1.0.0.Final/jboss-transaction-api_1.2_spec-1.0.0.Final.jar (28 kB at 30 kB/s)
[INFO] Downloading from central: https://repo.maven.apache.org/maven2/org/javassist/javassist/3.18.1-GA/javassist-3.18.1-GA.jar
[INFO] Downloaded from central: https://repo.maven.apache.org/maven2/org/javassist/javassist/3.18.1-GA/javassist-3.18.1-GA.jar (0 B at 0 B/s)
[INFO] Downloading from central: https://repo.maven.apache.org/maven2/cglib/cglib/3.2.9/cglib-3.2.9.jar
[INFO] Downloaded from central: https://repo.maven.apache.org/maven2/org/hibernate/javax/persistence/hibernate-jpa-2.1-api/1.0.0.Final/hibernate-jpa-2.1-api-1.0.0.Final.jar (113 kB at 115 kB/s)
[INFO] Downloading from central: https://repo.maven.apache.org/maven2/org/apache/ant/ant/1.10.3/ant-1.10.3.jar
[INFO] Downloaded from central: https://repo.maven.apache.org/maven2/com/h2database/h2/1.4.182/h2-1.4.182.jar (1.7 MB at 1.6 MB/s)
[INFO] Downloading from central: https://repo.maven.apache.org/maven2/org/apache/ant/ant-launcher/1.10.3/ant-launcher-1.10.3.jar
[INFO] Downloaded from central: https://repo.maven.apache.org/maven2/org/apache/ant/ant-launcher/1.10.3/ant-launcher-1.10.3.jar (19 kB at 17 kB/s)
[INFO] Downloading from central: https://repo.maven.apache.org/maven2/net/sf/dozer/dozer/5.3.2/dozer-5.3.2.jar
[INFO] Downloaded from central: https://repo.maven.apache.org/maven2/cglib/cglib/3.2.9/cglib-3.2.9.jar (307 kB at 233 kB/s)
[INFO] Downloading from central: https://repo.maven.apache.org/maven2/commons-beanutils/commons-beanutils/1.8.3/commons-beanutils-1.8.3.jar
[INFO] Downloaded from central: https://repo.maven.apache.org/maven2/net/sf/dozer/dozer/5.3.2/dozer-5.3.2.jar (239 kB at 173 kB/s)
[INFO] Downloading from central: https://repo.maven.apache.org/maven2/ma/glasnost/orika/orika-core/1.1.6/orika-core-1.1.6.jar
[INFO] Downloaded from central: https://repo.maven.apache.org/maven2/commons-beanutils/commons-beanutils/1.8.3/commons-beanutils-1.8.3.jar (232 kB at 147 kB/s)
[INFO] Downloading from central: https://repo.maven.apache.org/maven2/com/thoughtworks/paranamer/paranamer/2.3/paranamer-2.3.jar
[INFO] Downloaded from central: https://repo.maven.apache.org/maven2/com/thoughtworks/paranamer/paranamer/2.3/paranamer-2.3.jar (30 kB at 18 kB/s)
[INFO] Downloading from central: https://repo.maven.apache.org/maven2/org/slf4j/slf4j-simple/1.5.8/slf4j-simple-1.5.8.jar
[INFO] Downloaded from central: https://repo.maven.apache.org/maven2/ma/glasnost/orika/orika-core/1.1.6/orika-core-1.1.6.jar (159 kB at 92 kB/s)
[INFO] Downloaded from central: https://repo.maven.apache.org/maven2/org/slf4j/slf4j-simple/1.5.8/slf4j-simple-1.5.8.jar (7.6 kB at 4.2 kB/s)
[INFO] Downloaded from central: https://repo.maven.apache.org/maven2/org/hibernate/hibernate-core/4.3.7.Final/hibernate-core-4.3.7.Final.jar (5.3 MB at 2.8 MB/s)
[INFO] Downloaded from central: https://repo.maven.apache.org/maven2/org/apache/ant/ant/1.10.3/ant-1.10.3.jar (2.2 MB at 1.1 MB/s)
[INFO] Downloaded from central: https://repo.maven.apache.org/maven2/net/bytebuddy/byte-buddy-dep/1.9.4/byte-buddy-dep-1.9.4.jar (3.1 MB at 1.4 MB/s)
[INFO] 
[INFO] --- maven-enforcer-plugin:1.0:enforce (enforce-maven) @ modelmapper ---
[INFO] 
[INFO] --- maven-resources-plugin:2.6:resources (default-resources) @ modelmapper ---
[INFO] Using 'UTF-8' encoding to copy filtered resources.
[INFO] skip non existing resourceDirectory /home/user/projects/modelmapper/core/src/main/resources
[INFO] 
[INFO] --- maven-compiler-plugin:3.1:compile (default-compile) @ modelmapper ---
[INFO] Changes detected - recompiling the module!
[INFO] Compiling 129 source files to /home/user/projects/modelmapper/core/target/classes
[INFO] -------------------------------------------------------------
[ERROR] COMPILATION ERROR : 
[INFO] -------------------------------------------------------------
[ERROR] /home/user/projects/modelmapper/core/src/main/java/org/modelmapper/internal/Errors.java:[94,17] try-with-resources is not supported in -source 6
  (use -source 7 or higher to enable try-with-resources)
[INFO] 1 error
[INFO] -------------------------------------------------------------
[INFO] ------------------------------------------------------------------------
[INFO] Reactor Summary for ModelMapper Parent 2.3.9-SNAPSHOT:
[INFO] 
[INFO] ModelMapper Parent ................................. SUCCESS [  3.974 s]
[INFO] ModelMapper ........................................ FAILURE [  9.191 s]
[INFO] ModelMapper Extensions ............................. SKIPPED
[INFO] ModelMapper Spring Extension ....................... SKIPPED
[INFO] ModelMapper Guice Extension ........................ SKIPPED
[INFO] ModelMapper Dagger Extension ....................... SKIPPED
[INFO] ModelMapper Jackson Extension ...................... SKIPPED
[INFO] ModelMapper GSON Extension ......................... SKIPPED
[INFO] ModelMapper jOOQ Extension ......................... SKIPPED
[INFO] ModelMapper protobuf Extension ..................... SKIPPED
[INFO] ModelMapper Examples ............................... SKIPPED
[INFO] ------------------------------------------------------------------------
[INFO] BUILD FAILURE
[INFO] ------------------------------------------------------------------------
[INFO] Total time:  14.147 s
[INFO] Finished at: 2021-07-20T19:59:10Z
[INFO] ------------------------------------------------------------------------
[ERROR] Failed to execute goal org.apache.maven.plugins:maven-compiler-plugin:3.1:compile (default-compile) on project modelmapper: Compilation failure
[ERROR] /home/user/projects/modelmapper/core/src/main/java/org/modelmapper/internal/Errors.java:[94,17] try-with-resources is not supported in -source 6
[ERROR]   (use -source 7 or higher to enable try-with-resources)
[ERROR] -> [Help 1]
[ERROR] 
[ERROR] To see the full stack trace of the errors, re-run Maven with the -e switch.
[ERROR] Re-run Maven using the -X switch to enable full debug logging.
[ERROR] 
[ERROR] For more information about the errors and possible solutions, please read the following articles:
[ERROR] [Help 1] http://cwiki.apache.org/confluence/display/MAVEN/MojoFailureException
[ERROR] 
[ERROR] After correcting the problems, you can resume the build with the command
[ERROR]   mvn <args> -rf :modelmapper
