[INFO] Scanning for projects...
[INFO] ------------------------------------------------------------------------
[INFO] Reactor Build Order:
[INFO] 
[INFO] MISO LIMS                                                          [pom]
[INFO] MISO Core                                                          [jar]
[INFO] MISO Integration Tools                                             [jar]
[INFO] miso-dto                                                           [jar]
[INFO] MISO SQL Store                                                     [jar]
[INFO] miso-service                                                       [jar]
[INFO] MISO MVC                                                           [war]
[INFO] pinery-miso                                                        [war]
[INFO] migration                                                          [jar]
[INFO] 
[INFO] ---------------------< uk.ac.bbsrc.tgac.miso:miso >---------------------
[INFO] Building MISO LIMS 1.17.1-SNAPSHOT                                 [1/9]
[INFO] --------------------------------[ pom ]---------------------------------
[INFO] 
[INFO] ---------------------< uk.ac.bbsrc.tgac.miso:core >---------------------
[INFO] Building MISO Core 1.17.1-SNAPSHOT                                 [2/9]
[INFO] --------------------------------[ jar ]---------------------------------
[INFO] 
[INFO] --- templating-maven-plugin:1.0.0:filter-sources (filtering-java-templates) @ core ---
[INFO] Coping files with filtering to temporary directory.
[INFO] Using 'UTF-8' encoding to copy filtered resources.
[INFO] Copying 1 resource
[INFO] Copied 1 files to output directory: /home/user/projects/miso-lims/core/target/generated-sources/java-templates
[INFO] Source directory: /home/user/projects/miso-lims/core/target/generated-sources/java-templates added.
[INFO] 
[INFO] --- maven-resources-plugin:2.6:resources (default-resources) @ core ---
[INFO] Using 'UTF-8' encoding to copy filtered resources.
[INFO] Copying 13 resources
[INFO] 
[INFO] --- maven-compiler-plugin:3.1:compile (default-compile) @ core ---
[INFO] Changes detected - recompiling the module!
[INFO] Compiling 514 source files to /home/user/projects/miso-lims/core/target/classes
[WARNING] bootstrap class path not set in conjunction with -source 8
[WARNING] /home/user/projects/miso-lims/core/src/main/java/uk/ac/bbsrc/tgac/miso/core/data/type/LibrarySelectionType.java: Some input files use or override a deprecated API.
[WARNING] /home/user/projects/miso-lims/core/src/main/java/uk/ac/bbsrc/tgac/miso/core/data/type/LibrarySelectionType.java: Recompile with -Xlint:deprecation for details.
[WARNING] /home/user/projects/miso-lims/core/src/main/java/uk/ac/bbsrc/tgac/miso/core/data/Pair.java: Some input files use unchecked or unsafe operations.
[WARNING] /home/user/projects/miso-lims/core/src/main/java/uk/ac/bbsrc/tgac/miso/core/data/Pair.java: Recompile with -Xlint:unchecked for details.
[INFO] 
[INFO] --------------< uk.ac.bbsrc.tgac.miso:integration-tools >---------------
[INFO] Building MISO Integration Tools 1.17.1-SNAPSHOT                    [3/9]
[INFO] --------------------------------[ jar ]---------------------------------
[INFO] 
[INFO] --- maven-resources-plugin:2.6:resources (default-resources) @ integration-tools ---
[INFO] Using 'UTF-8' encoding to copy filtered resources.
[INFO] Copying 1 resource
[INFO] 
[INFO] --- maven-compiler-plugin:3.1:compile (default-compile) @ integration-tools ---
[INFO] Changes detected - recompiling the module!
[INFO] Compiling 9 source files to /home/user/projects/miso-lims/integration-tools/target/classes
[WARNING] bootstrap class path not set in conjunction with -source 8
[INFO] 
[INFO] -------------------< uk.ac.bbsrc.tgac.miso:miso-dto >-------------------
[INFO] Building miso-dto 1.17.1-SNAPSHOT                                  [4/9]
[INFO] --------------------------------[ jar ]---------------------------------
[INFO] 
[INFO] --- maven-resources-plugin:2.6:resources (default-resources) @ miso-dto ---
[INFO] Using 'UTF-8' encoding to copy filtered resources.
[INFO] skip non existing resourceDirectory /home/user/projects/miso-lims/miso-dto/src/main/resources
[INFO] 
[INFO] --- maven-compiler-plugin:3.1:compile (default-compile) @ miso-dto ---
[INFO] Changes detected - recompiling the module!
[INFO] Compiling 144 source files to /home/user/projects/miso-lims/miso-dto/target/classes
[WARNING] bootstrap class path not set in conjunction with -source 8
[INFO] 
[INFO] -------------------< uk.ac.bbsrc.tgac.miso:sqlstore >-------------------
[INFO] Building MISO SQL Store 1.17.1-SNAPSHOT                            [5/9]
[INFO] --------------------------------[ jar ]---------------------------------
[INFO] 
[INFO] --- groovy-maven-plugin:2.0:execute (concat-migrate) @ sqlstore ---
Concatenating schema files from /home/user/projects/miso-lims/sqlstore/src/main/resources/db/migration_afterMigrate...
Wrote concatenated schema file: /home/user/projects/miso-lims/sqlstore/target/classes/db/migration/afterMigrate.sql
Concatenating schema files from /home/user/projects/miso-lims/sqlstore/src/main/resources/db/migration_beforeMigrate...
Wrote concatenated schema file: /home/user/projects/miso-lims/sqlstore/target/classes/db/migration/beforeMigrate.sql
[INFO] 
[INFO] --- maven-resources-plugin:2.6:resources (default-resources) @ sqlstore ---
[INFO] Using 'UTF-8' encoding to copy filtered resources.
[INFO] Copying 193 resources
[INFO] 
[INFO] --- maven-compiler-plugin:3.1:compile (default-compile) @ sqlstore ---
[INFO] Changes detected - recompiling the module!
[INFO] Compiling 190 source files to /home/user/projects/miso-lims/sqlstore/target/classes
[WARNING] bootstrap class path not set in conjunction with -source 8
[WARNING] /home/user/projects/miso-lims/sqlstore/src/main/java/uk/ac/bbsrc/tgac/miso/db/migration/V0611__Attachments.java: Some input files use or override a deprecated API.
[WARNING] /home/user/projects/miso-lims/sqlstore/src/main/java/uk/ac/bbsrc/tgac/miso/db/migration/V0611__Attachments.java: Recompile with -Xlint:deprecation for details.
[INFO] 
[INFO] -----------------< uk.ac.bbsrc.tgac.miso:miso-service >-----------------
[INFO] Building miso-service 1.17.1-SNAPSHOT                              [6/9]
[INFO] --------------------------------[ jar ]---------------------------------
[INFO] 
[INFO] --- maven-resources-plugin:2.6:resources (default-resources) @ miso-service ---
[INFO] Using 'UTF-8' encoding to copy filtered resources.
[INFO] skip non existing resourceDirectory /home/user/projects/miso-lims/miso-service/src/main/resources
[INFO] 
[INFO] --- maven-compiler-plugin:3.1:compile (default-compile) @ miso-service ---
[INFO] Changes detected - recompiling the module!
[INFO] Compiling 99 source files to /home/user/projects/miso-lims/miso-service/target/classes
[WARNING] bootstrap class path not set in conjunction with -source 8
[WARNING] /home/user/projects/miso-lims/miso-service/src/main/java/uk/ac/bbsrc/tgac/miso/service/impl/DefaultKitDescriptorService.java: /home/user/projects/miso-lims/miso-service/src/main/java/uk/ac/bbsrc/tgac/miso/service/impl/DefaultKitDescriptorService.java uses unchecked or unsafe operations.
[WARNING] /home/user/projects/miso-lims/miso-service/src/main/java/uk/ac/bbsrc/tgac/miso/service/impl/DefaultKitDescriptorService.java: Recompile with -Xlint:unchecked for details.
[INFO] 
[INFO] -------------------< uk.ac.bbsrc.tgac.miso:miso-web >-------------------
[INFO] Building MISO MVC 1.17.1-SNAPSHOT                                  [7/9]
[INFO] --------------------------------[ war ]---------------------------------
[INFO] 
[INFO] --- maven-resources-plugin:2.6:resources (default-resources) @ miso-web ---
[INFO] Using 'UTF-8' encoding to copy filtered resources.
[INFO] Copying 6 resources
[INFO] 
[INFO] --- minify-maven-plugin:1.7.4:minify (default-minify) @ miso-web ---
[INFO] Starting CSS task:
[INFO] Processing source file [style-full.css].
[INFO] Creating the merged file [style.css].
[INFO] Creating the minified file [style.min.css].
[INFO] Uncompressed size: 19419 bytes.
[INFO] Compressed size: 13804 bytes minified (3691 bytes gzipped).
[INFO] 
[INFO] Starting JavaScript task:
[INFO] Processing source file [jquery.dataTables.min.js].
[INFO] Processing source file [admin_ajax.js].
[INFO] Processing source file [array_ajax.js].
[INFO] Processing source file [box_ajax.js].
[INFO] Processing source file [box_visualization.js].
[INFO] Processing source file [boxable_ajax.js].
[INFO] Processing source file [bulk.js].
[INFO] Processing source file [bulk_box.js].
[INFO] Processing source file [bulk_boxsize.js].
[INFO] Processing source file [bulk_boxuse.js].
[INFO] Processing source file [bulk_contact.js].
[INFO] Processing source file [bulk_library.js].
[INFO] Processing source file [bulk_libraryaliquot.js].
[INFO] Processing source file [bulk_qc.js].
[INFO] Processing source file [bulk_sample.js].
[INFO] Processing source file [bulk_sop.js].
[INFO] Processing source file [form.js].
[INFO] Processing source file [form_array.js].
[INFO] Processing source file [form_arrayrun.js].
[INFO] Processing source file [form_box.js].
[INFO] Processing source file [form_container.js].
[INFO] Processing source file [form_experiment.js].
[INFO] Processing source file [form_freezer.js].
[INFO] Processing source file [form_group.js].
[INFO] Processing source file [form_indexfamily.js].
[INFO] Processing source file [form_instrument.js].
[INFO] Processing source file [form_instrumentmodel.js].
[INFO] Processing source file [form_kitdescriptor.js].
[INFO] Processing source file [form_library.js].
[INFO] Processing source file [form_libraryaliquot.js].
[INFO] Processing source file [form_librarybatch.js].
[INFO] Processing source file [form_librarytemplate.js].
[INFO] Processing source file [form_pool.js].
[INFO] Processing source file [form_poolorder.js].
[INFO] Processing source file [form_project.js].
[INFO] Processing source file [form_qctype.js].
[INFO] Processing source file [form_run.js].
[INFO] Processing source file [form_sample.js].
[INFO] Processing source file [form_sampleclass.js].
[INFO] Processing source file [form_sequencingorder.js].
[INFO] Processing source file [form_servicerecord.js].
[INFO] Processing source file [form_study.js].
[INFO] Processing source file [form_submission.js].
[INFO] Processing source file [form_transfer.js].
[INFO] Processing source file [form_user.js].
[INFO] Processing source file [form_workset.js].
[INFO] Processing source file [freezer_ajax.js].
[INFO] Processing source file [handsontable_renderers.js].
[INFO] Processing source file [hot.js].
[INFO] Processing source file [hot_arraymodel.js].
[INFO] Processing source file [hot_attachmentcategory.js].
[INFO] Processing source file [hot_boxable.js].
[INFO] Processing source file [hot_containermodel.js].
[INFO] Processing source file [hot_detailedqcstatus.js].
[INFO] Processing source file [hot_index.js].
[INFO] Processing source file [hot_institute.js].
[INFO] Processing source file [hot_lab.js].
[INFO] Processing source file [hot_library_template.js].
[INFO] Processing source file [hot_library_template_index.js].
[INFO] Processing source file [hot_librarydesign.js].
[INFO] Processing source file [hot_librarydesigncode.js].
[INFO] Processing source file [hot_libraryselection.js].
[INFO] Processing source file [hot_libraryspikein.js].
[INFO] Processing source file [hot_librarystrategy.js].
[INFO] Processing source file [hot_librarytype.js].
[INFO] Processing source file [hot_partitionqctype.js].
[INFO] Processing source file [hot_pool.js].
[INFO] Processing source file [hot_referencegenome.js].
[INFO] Processing source file [hot_runpurpose.js].
[INFO] Processing source file [hot_samplepurpose.js].
[INFO] Processing source file [hot_sampletype.js].
[INFO] Processing source file [hot_scientificname.js].
[INFO] Processing source file [hot_sequencingcontroltype.js].
[INFO] Processing source file [hot_sequencingorder.js].
[INFO] Processing source file [hot_sequencingparameters.js].
[INFO] Processing source file [hot_stain.js].
[INFO] Processing source file [hot_staincategory.js].
[INFO] Processing source file [hot_studytype.js].
[INFO] Processing source file [hot_subproject.js].
[INFO] Processing source file [hot_targetedsequencing.js].
[INFO] Processing source file [hot_tissuematerial.js].
[INFO] Processing source file [hot_tissueorigin.js].
[INFO] Processing source file [hot_tissuepiecetype.js].
[INFO] Processing source file [hot_tissuetype.js].
[INFO] Processing source file [hot_workstation.js].
[INFO] Processing source file [identitySearch_ajax.js].
[INFO] Processing source file [indexDistance_ajax.js].
[INFO] Processing source file [indexfamily_ajax.js].
[INFO] Processing source file [indexSearch_ajax.js].
[INFO] Processing source file [instrumentmodel_ajax.js].
[INFO] Processing source file [labeldesign.js].
[INFO] Processing source file [librarytemplate_ajax.js].
[INFO] Processing source file [lims.js].
[INFO] Processing source file [list.js].
[INFO] Processing source file [list_array.js].
[INFO] Processing source file [list_arraymodel.js].
[INFO] Processing source file [list_arrayrun.js].
[INFO] Processing source file [list_attachment.js].
[INFO] Processing source file [list_attachmentcategory.js].
[INFO] Processing source file [list_box.js].
[INFO] Processing source file [list_boxsize.js].
[INFO] Processing source file [list_boxuse.js].
[INFO] Processing source file [list_changelog.js].
[INFO] Processing source file [list_contact.js].
[INFO] Processing source file [list_container.js].
[INFO] Processing source file [list_containermodel.js].
[INFO] Processing source file [list_deletion.js].
[INFO] Processing source file [list_detailedqcstatus.js].
[INFO] Processing source file [list_experiment_run_partition.js].
[INFO] Processing source file [list_experiments.js].
[INFO] Processing source file [list_group.js].
[INFO] Processing source file [list_indexfamily.js].
[INFO] Processing source file [list_indices.js].
[INFO] Processing source file [list_institute.js].
[INFO] Processing source file [list_instrument.js].
[INFO] Processing source file [list_instrumentmodel.js].
[INFO] Processing source file [list_instrumentposition.js].
[INFO] Processing source file [list_issue.js].
[INFO] Processing source file [list_itemtransfer.js].
[INFO] Processing source file [list_kit_consumable.js].
[INFO] Processing source file [list_kits.js].
[INFO] Processing source file [list_lab.js].
[INFO] Processing source file [list_library.js].
[INFO] Processing source file [list_library_template.js].
[INFO] Processing source file [list_library_template_index.js].
[INFO] Processing source file [list_libraryaliquot.js].
[INFO] Processing source file [list_librarydesign.js].
[INFO] Processing source file [list_librarydesigncode.js].
[INFO] Processing source file [list_libraryselection.js].
[INFO] Processing source file [list_libraryspikein.js].
[INFO] Processing source file [list_librarystrategy.js].
[INFO] Processing source file [list_librarytype.js].
[INFO] Processing source file [list_linkedpoolorder.js].
[INFO] Processing source file [list_locationmap.js].
[INFO] Processing source file [list_orderaliquot.js].
[INFO] Processing source file [list_partition.js].
[INFO] Processing source file [list_partitionqctype.js].
[INFO] Processing source file [list_pool.js].
[INFO] Processing source file [list_poolelement.js].
[INFO] Processing source file [list_poolorder.js].
[INFO] Processing source file [list_printer.js].
[INFO] Processing source file [list_project.js].
[INFO] Processing source file [list_qc.js].
[INFO] Processing source file [list_qccontrol.js].
[INFO] Processing source file [list_qctype.js].
[INFO] Processing source file [list_referencegenome.js].
[INFO] Processing source file [list_run.js].
[INFO] Processing source file [list_run_position.js].
[INFO] Processing source file [list_runaliquot.js].
[INFO] Processing source file [list_runpurpose.js].
[INFO] Processing source file [list_sampleclass.js].
[INFO] Processing source file [list_samplepurpose.js].
[INFO] Processing source file [list_samples.js].
[INFO] Processing source file [list_sampletype.js].
[INFO] Processing source file [list_samplevalidrelationship.js].
[INFO] Processing source file [list_scientificname.js].
[INFO] Processing source file [list_sequencingcontroltype.js].
[INFO] Processing source file [list_sequencingorder.js].
[INFO] Processing source file [list_sequencingordercompletion.js].
[INFO] Processing source file [list_sequencingparameters.js].
[INFO] Processing source file [list_servicerecord.js].
[INFO] Processing source file [list_sop.js].
[INFO] Processing source file [list_stain.js].
[INFO] Processing source file [list_staincategory.js].
[INFO] Processing source file [list_storage_location.js].
[INFO] Processing source file [list_study.js].
[INFO] Processing source file [list_studytype.js].
[INFO] Processing source file [list_submission.js].
[INFO] Processing source file [list_subproject.js].
[INFO] Processing source file [list_targetedSequencing.js].
[INFO] Processing source file [list_tissuematerial.js].
[INFO] Processing source file [list_tissueorigin.js].
[INFO] Processing source file [list_tissuepiecetype.js].
[INFO] Processing source file [list_tissuetype.js].
[INFO] Processing source file [list_transfer.js].
[INFO] Processing source file [list_transferitem.js].
[INFO] Processing source file [list_transfernotification.js].
[INFO] Processing source file [list_user.js].
[INFO] Processing source file [list_worksets.js].
[INFO] Processing source file [list_workstation.js].
[INFO] Processing source file [menus.js].
[INFO] Processing source file [multi_select_drag_drop.js].
[INFO] Processing source file [pane.js].
[INFO] Processing source file [pane_barcode.js].
[INFO] Processing source file [pane_instrument_status.js].
[INFO] Processing source file [pane_project.js].
[INFO] Processing source file [pane_run.js].
[INFO] Processing source file [pane_workflow.js].
[INFO] Processing source file [parsley_form_validations.js].
[INFO] Processing source file [pool_ajax.js].
[INFO] Processing source file [poolorder_ajax.js].
[INFO] Processing source file [qcHierarchy_ajax.js].
[INFO] Processing source file [qctype_ajax.js].
[INFO] Processing source file [run_graph.js].
[INFO] Processing source file [runLibraryMetrics_ajax.js].
[INFO] Processing source file [sampleclass_ajax.js].
[INFO] Processing source file [submission_ajax.js].
[INFO] Processing source file [tile.js].
[INFO] Processing source file [transfer_ajax.js].
[INFO] Processing source file [urls.js].
[INFO] Processing source file [warning.js].
[INFO] Processing source file [warning_completion.js].
[INFO] Processing source file [warning_experiment.js].
[INFO] Processing source file [warning_library.js].
[INFO] Processing source file [warning_libraryaliquot.js].
[INFO] Processing source file [warning_orderaliquot.js].
[INFO] Processing source file [warning_partition.js].
[INFO] Processing source file [warning_pool.js].
[INFO] Processing source file [warning_poolelement.js].
[INFO] Processing source file [warning_poolorder.js].
[INFO] Processing source file [warning_project.js].
[INFO] Processing source file [warning_sample.js].
[INFO] Processing source file [workflow_display.js].
[INFO] Creating the merged file [header_script.js].
[INFO] Creating the minified file [header_script.min.js].
[INFO] Uncompressed size: 1261390 bytes.
[INFO] Compressed size: 676711 bytes minified (154038 bytes gzipped).
[INFO] 
[INFO] 
[INFO] --- maven-compiler-plugin:3.1:compile (default-compile) @ miso-web ---
[INFO] Changes detected - recompiling the module!
[INFO] Compiling 230 source files to /home/user/projects/miso-lims/miso-web/target/classes
[INFO] -------------------------------------------------------------
[WARNING] COMPILATION WARNING : 
[INFO] -------------------------------------------------------------
[WARNING] bootstrap class path not set in conjunction with -source 8
[WARNING] No SupportedSourceVersion annotation found on org.kohsuke.metainf_services.AnnotationProcessorImpl, returning RELEASE_6.
[WARNING] Supported source version 'RELEASE_6' from annotation processor 'org.kohsuke.metainf_services.AnnotationProcessorImpl' less than -source '8'
[WARNING] /home/user/projects/miso-lims/miso-web/src/main/java/uk/ac/bbsrc/tgac/miso/webapp/controller/rest/JQueryDataTableBackend.java: Some input files use or override a deprecated API.
[WARNING] /home/user/projects/miso-lims/miso-web/src/main/java/uk/ac/bbsrc/tgac/miso/webapp/controller/rest/JQueryDataTableBackend.java: Recompile with -Xlint:deprecation for details.
[INFO] 5 warnings 
[INFO] -------------------------------------------------------------
[INFO] -------------------------------------------------------------
[ERROR] COMPILATION ERROR : 
[INFO] -------------------------------------------------------------
[ERROR] /home/user/projects/miso-lims/miso-web/src/main/java/uk/ac/bbsrc/tgac/miso/webapp/util/MisoPropertyExporter.java:[88,26] unreported exception java.io.IOException; must be caught or declared to be thrown
  exception thrown from implicit call to close() on resource variable 'in'
[INFO] 1 error
[INFO] -------------------------------------------------------------
[INFO] ------------------------------------------------------------------------
[INFO] Reactor Summary for MISO LIMS 1.17.1-SNAPSHOT:
[INFO] 
[INFO] MISO LIMS .......................................... SUCCESS [  0.010 s]
[INFO] MISO Core .......................................... SUCCESS [ 23.558 s]
[INFO] MISO Integration Tools ............................. SUCCESS [  1.099 s]
[INFO] miso-dto ........................................... SUCCESS [ 14.316 s]
[INFO] MISO SQL Store ..................................... SUCCESS [  5.570 s]
[INFO] miso-service ....................................... SUCCESS [  3.590 s]
[INFO] MISO MVC ........................................... FAILURE [ 45.123 s]
[INFO] pinery-miso ........................................ SKIPPED
[INFO] migration .......................................... SKIPPED
[INFO] ------------------------------------------------------------------------
[INFO] BUILD FAILURE
[INFO] ------------------------------------------------------------------------
[INFO] Total time:  01:34 min
[INFO] Finished at: 2021-07-20T20:04:57Z
[INFO] ------------------------------------------------------------------------
[ERROR] Failed to execute goal org.apache.maven.plugins:maven-compiler-plugin:3.1:compile (default-compile) on project miso-web: Compilation failure
[ERROR] /home/user/projects/miso-lims/miso-web/src/main/java/uk/ac/bbsrc/tgac/miso/webapp/util/MisoPropertyExporter.java:[88,26] unreported exception java.io.IOException; must be caught or declared to be thrown
[ERROR]   exception thrown from implicit call to close() on resource variable 'in'
[ERROR] -> [Help 1]
[ERROR] 
[ERROR] To see the full stack trace of the errors, re-run Maven with the -e switch.
[ERROR] Re-run Maven using the -X switch to enable full debug logging.
[ERROR] 
[ERROR] For more information about the errors and possible solutions, please read the following articles:
[ERROR] [Help 1] http://cwiki.apache.org/confluence/display/MAVEN/MojoFailureException
[ERROR] 
[ERROR] After correcting the problems, you can resume the build with the command
[ERROR]   mvn <args> -rf :miso-web
