[INFO] Scanning for projects...
[INFO] ------------------------------------------------------------------------
[INFO] Reactor Build Order:
[INFO] 
[INFO] parent                                                             [pom]
[INFO] FrameWorkMinimized                                                 [jar]
[INFO] msgparser                                                          [jar]
[INFO] MSGViewer                                                          [jar]
[INFO] 
[INFO] ------------------< net.sourceforge.msgviewer:parent >------------------
[INFO] Building parent 1.9.0-SNAPSHOT                                     [1/4]
[INFO] --------------------------------[ pom ]---------------------------------
[INFO] 
[INFO] --------------------< at.redeye:FrameWorkMinimized >--------------------
[INFO] Building FrameWorkMinimized 1.9.0-SNAPSHOT                         [2/4]
[INFO] --------------------------------[ jar ]---------------------------------
[INFO] Downloading from central: https://repo.maven.apache.org/maven2/org/apache/maven/plugins/maven-resources-plugin/2.4.3/maven-resources-plugin-2.4.3.pom
[INFO] Downloaded from central: https://repo.maven.apache.org/maven2/org/apache/maven/plugins/maven-resources-plugin/2.4.3/maven-resources-plugin-2.4.3.pom (6.0 kB at 19 kB/s)
[INFO] Downloading from central: https://repo.maven.apache.org/maven2/org/apache/maven/plugins/maven-plugins/18/maven-plugins-18.pom
[INFO] Downloaded from central: https://repo.maven.apache.org/maven2/org/apache/maven/plugins/maven-plugins/18/maven-plugins-18.pom (13 kB at 619 kB/s)
[INFO] Downloading from central: https://repo.maven.apache.org/maven2/org/apache/maven/plugins/maven-resources-plugin/2.4.3/maven-resources-plugin-2.4.3.jar
[INFO] Downloaded from central: https://repo.maven.apache.org/maven2/org/apache/maven/plugins/maven-resources-plugin/2.4.3/maven-resources-plugin-2.4.3.jar (24 kB at 382 kB/s)
[INFO] Downloading from central: https://repo.maven.apache.org/maven2/org/apache/maven/plugins/maven-compiler-plugin/2.3.2/maven-compiler-plugin-2.3.2.pom
[INFO] Downloaded from central: https://repo.maven.apache.org/maven2/org/apache/maven/plugins/maven-compiler-plugin/2.3.2/maven-compiler-plugin-2.3.2.pom (7.3 kB at 431 kB/s)
[INFO] Downloading from central: https://repo.maven.apache.org/maven2/org/apache/maven/plugins/maven-compiler-plugin/2.3.2/maven-compiler-plugin-2.3.2.jar
[INFO] Downloaded from central: https://repo.maven.apache.org/maven2/org/apache/maven/plugins/maven-compiler-plugin/2.3.2/maven-compiler-plugin-2.3.2.jar (29 kB at 1.4 MB/s)
[INFO] Downloading from central: https://repo.maven.apache.org/maven2/joda-time/joda-time/2.6/joda-time-2.6.pom
[INFO] Downloaded from central: https://repo.maven.apache.org/maven2/joda-time/joda-time/2.6/joda-time-2.6.pom (27 kB at 1.2 MB/s)
[INFO] Downloading from central: https://repo.maven.apache.org/maven2/com/github/markusbernhardt/proxy-vole/1.0.3/proxy-vole-1.0.3.pom
[INFO] Downloaded from central: https://repo.maven.apache.org/maven2/com/github/markusbernhardt/proxy-vole/1.0.3/proxy-vole-1.0.3.pom (8.7 kB at 43 kB/s)
[INFO] Downloading from central: https://repo.maven.apache.org/maven2/org/ini4j/ini4j/0.5.4/ini4j-0.5.4.pom
[INFO] Downloaded from central: https://repo.maven.apache.org/maven2/org/ini4j/ini4j/0.5.4/ini4j-0.5.4.pom (35 kB at 1.3 MB/s)
[INFO] Downloading from central: https://repo.maven.apache.org/maven2/net/java/dev/jna/jna/4.2.2/jna-4.2.2.pom
[INFO] Downloaded from central: https://repo.maven.apache.org/maven2/net/java/dev/jna/jna/4.2.2/jna-4.2.2.pom (1.3 kB at 56 kB/s)
[INFO] Downloading from central: https://repo.maven.apache.org/maven2/net/java/dev/jna/jna-platform/4.2.2/jna-platform-4.2.2.pom
[INFO] Downloaded from central: https://repo.maven.apache.org/maven2/net/java/dev/jna/jna-platform/4.2.2/jna-platform-4.2.2.pom (1.6 kB at 74 kB/s)
[INFO] Downloading from central: https://repo.maven.apache.org/maven2/joda-time/joda-time/2.6/joda-time-2.6.jar
[INFO] Downloading from central: https://repo.maven.apache.org/maven2/org/apache/logging/log4j/log4j-core/2.13.3/log4j-core-2.13.3.jar
[INFO] Downloading from central: https://repo.maven.apache.org/maven2/org/apache/logging/log4j/log4j-api/2.13.3/log4j-api-2.13.3.jar
[INFO] Downloading from central: https://repo.maven.apache.org/maven2/com/github/markusbernhardt/proxy-vole/1.0.3/proxy-vole-1.0.3.jar
[INFO] Downloading from central: https://repo.maven.apache.org/maven2/org/ini4j/ini4j/0.5.4/ini4j-0.5.4.jar
[INFO] Downloaded from central: https://repo.maven.apache.org/maven2/joda-time/joda-time/2.6/joda-time-2.6.jar (588 kB at 3.6 MB/s)
[INFO] Downloading from central: https://repo.maven.apache.org/maven2/net/java/dev/jna/jna/4.2.2/jna-4.2.2.jar
[INFO] Downloaded from central: https://repo.maven.apache.org/maven2/org/ini4j/ini4j/0.5.4/ini4j-0.5.4.jar (102 kB at 499 kB/s)
[INFO] Downloading from central: https://repo.maven.apache.org/maven2/net/java/dev/jna/jna-platform/4.2.2/jna-platform-4.2.2.jar
[INFO] Downloaded from central: https://repo.maven.apache.org/maven2/org/apache/logging/log4j/log4j-api/2.13.3/log4j-api-2.13.3.jar (292 kB at 1.2 MB/s)
[INFO] Downloaded from central: https://repo.maven.apache.org/maven2/com/github/markusbernhardt/proxy-vole/1.0.3/proxy-vole-1.0.3.jar (141 kB at 310 kB/s)
[INFO] Downloaded from central: https://repo.maven.apache.org/maven2/net/java/dev/jna/jna/4.2.2/jna-4.2.2.jar (1.1 MB at 2.0 MB/s)
[INFO] Downloaded from central: https://repo.maven.apache.org/maven2/net/java/dev/jna/jna-platform/4.2.2/jna-platform-4.2.2.jar (1.9 MB at 2.4 MB/s)
[INFO] Downloaded from central: https://repo.maven.apache.org/maven2/org/apache/logging/log4j/log4j-core/2.13.3/log4j-core-2.13.3.jar (1.7 MB at 2.2 MB/s)
[INFO] 
[INFO] --- maven-resources-plugin:2.4.3:resources (default-resources) @ FrameWorkMinimized ---
[INFO] Downloading from central: https://repo.maven.apache.org/maven2/org/apache/maven/shared/maven-filtering/1.0-beta-4/maven-filtering-1.0-beta-4.pom
[INFO] Downloaded from central: https://repo.maven.apache.org/maven2/org/apache/maven/shared/maven-filtering/1.0-beta-4/maven-filtering-1.0-beta-4.pom (4.7 kB at 211 kB/s)
[INFO] Downloading from central: https://repo.maven.apache.org/maven2/org/apache/maven/shared/maven-filtering/1.0-beta-4/maven-filtering-1.0-beta-4.jar
[INFO] Downloaded from central: https://repo.maven.apache.org/maven2/org/apache/maven/shared/maven-filtering/1.0-beta-4/maven-filtering-1.0-beta-4.jar (35 kB at 1.5 MB/s)
[INFO] Using 'UTF-8' encoding to copy filtered resources.
[INFO] Copying 75 resources
[INFO] 
[INFO] --- maven-compiler-plugin:2.3.2:compile (default-compile) @ FrameWorkMinimized ---
[INFO] Downloading from central: https://repo.maven.apache.org/maven2/org/codehaus/plexus/plexus-compiler-api/1.8.1/plexus-compiler-api-1.8.1.pom
[INFO] Downloaded from central: https://repo.maven.apache.org/maven2/org/codehaus/plexus/plexus-compiler-api/1.8.1/plexus-compiler-api-1.8.1.pom (805 B at 58 kB/s)
[INFO] Downloading from central: https://repo.maven.apache.org/maven2/org/codehaus/plexus/plexus-compiler/1.8.1/plexus-compiler-1.8.1.pom
[INFO] Downloaded from central: https://repo.maven.apache.org/maven2/org/codehaus/plexus/plexus-compiler/1.8.1/plexus-compiler-1.8.1.pom (3.5 kB at 183 kB/s)
[INFO] Downloading from central: https://repo.maven.apache.org/maven2/org/codehaus/plexus/plexus-compiler-manager/1.8.1/plexus-compiler-manager-1.8.1.pom
[INFO] Downloaded from central: https://repo.maven.apache.org/maven2/org/codehaus/plexus/plexus-compiler-manager/1.8.1/plexus-compiler-manager-1.8.1.pom (713 B at 59 kB/s)
[INFO] Downloading from central: https://repo.maven.apache.org/maven2/org/codehaus/plexus/plexus-compiler-javac/1.8.1/plexus-compiler-javac-1.8.1.pom
[INFO] Downloaded from central: https://repo.maven.apache.org/maven2/org/codehaus/plexus/plexus-compiler-javac/1.8.1/plexus-compiler-javac-1.8.1.pom (710 B at 55 kB/s)
[INFO] Downloading from central: https://repo.maven.apache.org/maven2/org/codehaus/plexus/plexus-compilers/1.8.1/plexus-compilers-1.8.1.pom
[INFO] Downloaded from central: https://repo.maven.apache.org/maven2/org/codehaus/plexus/plexus-compilers/1.8.1/plexus-compilers-1.8.1.pom (1.3 kB at 110 kB/s)
[INFO] Downloading from central: https://repo.maven.apache.org/maven2/org/codehaus/plexus/plexus-compiler-api/1.8.1/plexus-compiler-api-1.8.1.jar
[INFO] Downloading from central: https://repo.maven.apache.org/maven2/org/codehaus/plexus/plexus-compiler-manager/1.8.1/plexus-compiler-manager-1.8.1.jar
[INFO] Downloading from central: https://repo.maven.apache.org/maven2/org/codehaus/plexus/plexus-compiler-javac/1.8.1/plexus-compiler-javac-1.8.1.jar
[INFO] Downloaded from central: https://repo.maven.apache.org/maven2/org/codehaus/plexus/plexus-compiler-api/1.8.1/plexus-compiler-api-1.8.1.jar (20 kB at 1.1 MB/s)
[INFO] Downloaded from central: https://repo.maven.apache.org/maven2/org/codehaus/plexus/plexus-compiler-manager/1.8.1/plexus-compiler-manager-1.8.1.jar (5.3 kB at 266 kB/s)
[INFO] Downloaded from central: https://repo.maven.apache.org/maven2/org/codehaus/plexus/plexus-compiler-javac/1.8.1/plexus-compiler-javac-1.8.1.jar (13 kB at 659 kB/s)
[INFO] Compiling 177 source files to /home/user/projects/MsgViewer/FrameWorkMinimized/target/classes
[INFO] -------------------------------------------------------------
[ERROR] COMPILATION ERROR : 
[INFO] -------------------------------------------------------------
[ERROR] /home/user/projects/MsgViewer/FrameWorkMinimized/src/main/java/at/redeye/FrameWork/utilities/DownloadUrl.java:[136,102] error: '{' expected
[ERROR] /home/user/projects/MsgViewer/FrameWorkMinimized/src/main/java/at/redeye/FrameWork/utilities/DownloadUrl.java:[138,12] error: 'else' without 'if'
[ERROR] /home/user/projects/MsgViewer/FrameWorkMinimized/src/main/java/at/redeye/FrameWork/utilities/DownloadUrl.java:[155,10] error: 'catch' without 'try'
[ERROR] /home/user/projects/MsgViewer/FrameWorkMinimized/src/main/java/at/redeye/FrameWork/utilities/DownloadUrl.java:[159,10] error: 'finally' without 'try'
[ERROR] /home/user/projects/MsgViewer/FrameWorkMinimized/src/main/java/at/redeye/FrameWork/utilities/DownloadUrl.java:[131,8] error: 'try' without 'catch', 'finally' or resource declarations
[ERROR] /home/user/projects/MsgViewer/FrameWorkMinimized/src/main/java/at/redeye/FrameWork/utilities/DownloadUrl.java:[173,1] error: reached end of file while parsing
[INFO] 6 errors 
[INFO] -------------------------------------------------------------
[INFO] ------------------------------------------------------------------------
[INFO] Reactor Summary for parent 1.9.0-SNAPSHOT:
[INFO] 
[INFO] parent ............................................. SUCCESS [  0.007 s]
[INFO] FrameWorkMinimized ................................. FAILURE [  3.751 s]
[INFO] msgparser .......................................... SKIPPED
[INFO] MSGViewer .......................................... SKIPPED
[INFO] ------------------------------------------------------------------------
[INFO] BUILD FAILURE
[INFO] ------------------------------------------------------------------------
[INFO] Total time:  3.931 s
[INFO] Finished at: 2021-07-20T18:29:14Z
[INFO] ------------------------------------------------------------------------
[ERROR] Failed to execute goal org.apache.maven.plugins:maven-compiler-plugin:2.3.2:compile (default-compile) on project FrameWorkMinimized: Compilation failure: Compilation failure: 
[ERROR] /home/user/projects/MsgViewer/FrameWorkMinimized/src/main/java/at/redeye/FrameWork/utilities/DownloadUrl.java:[136,102] error: '{' expected
[ERROR] /home/user/projects/MsgViewer/FrameWorkMinimized/src/main/java/at/redeye/FrameWork/utilities/DownloadUrl.java:[138,12] error: 'else' without 'if'
[ERROR] /home/user/projects/MsgViewer/FrameWorkMinimized/src/main/java/at/redeye/FrameWork/utilities/DownloadUrl.java:[155,10] error: 'catch' without 'try'
[ERROR] /home/user/projects/MsgViewer/FrameWorkMinimized/src/main/java/at/redeye/FrameWork/utilities/DownloadUrl.java:[159,10] error: 'finally' without 'try'
[ERROR] /home/user/projects/MsgViewer/FrameWorkMinimized/src/main/java/at/redeye/FrameWork/utilities/DownloadUrl.java:[131,8] error: 'try' without 'catch', 'finally' or resource declarations
[ERROR] /home/user/projects/MsgViewer/FrameWorkMinimized/src/main/java/at/redeye/FrameWork/utilities/DownloadUrl.java:[173,1] error: reached end of file while parsing
[ERROR] -> [Help 1]
[ERROR] 
[ERROR] To see the full stack trace of the errors, re-run Maven with the -e switch.
[ERROR] Re-run Maven using the -X switch to enable full debug logging.
[ERROR] 
[ERROR] For more information about the errors and possible solutions, please read the following articles:
[ERROR] [Help 1] http://cwiki.apache.org/confluence/display/MAVEN/MojoFailureException
[ERROR] 
[ERROR] After correcting the problems, you can resume the build with the command
[ERROR]   mvn <args> -rf :FrameWorkMinimized
