[INFO] Scanning for projects...
[INFO] ------------------------------------------------------------------------
[INFO] Reactor Build Order:
[INFO] 
[INFO] Openhtmltopdf                                                      [pom]
[INFO] Openhtmltopdf Core Renderer                                        [jar]
[INFO] Openhtmltopdf PDF Rendering (Apache PDF-BOX 2)                     [jar]
[INFO] Openhtmltopdf slf4j Support                                        [jar]
[INFO] Openhtmltopdf RTL Support                                          [jar]
[INFO] Openhtmltopdf SVG Support                                          [jar]
[INFO] Openhtmltopdf MathML Support                                       [jar]
[INFO] Openhtmltopdf Image Rendering (Java2D)                             [jar]
[INFO] Openhtmltopdf PDF Rendering (Apache PDF-BOX 2)                     [jar]
[INFO] Openhtmltopdf Latex Math Support                                   [jar]
[INFO] Openhtmltopdf Examples                                             [jar]
[INFO] Openhtmltopdf PDF/A Testing                                        [jar]
[INFO] Openhtmltopdf Templates                                            [jar]
[INFO] 
[INFO] ---------------< com.openhtmltopdf:openhtmltopdf-parent >---------------
[INFO] Building Openhtmltopdf 1.0.5-SNAPSHOT                             [1/13]
[INFO] --------------------------------[ pom ]---------------------------------
[INFO] Downloading from central: https://repo.maven.apache.org/maven2/org/apache/maven/plugins/maven-javadoc-plugin/3.0.1/maven-javadoc-plugin-3.0.1.pom
[INFO] Downloaded from central: https://repo.maven.apache.org/maven2/org/apache/maven/plugins/maven-javadoc-plugin/3.0.1/maven-javadoc-plugin-3.0.1.pom (19 kB at 48 kB/s)
[INFO] Downloading from central: https://repo.maven.apache.org/maven2/org/apache/maven/plugins/maven-javadoc-plugin/3.0.1/maven-javadoc-plugin-3.0.1.jar
[INFO] Downloaded from central: https://repo.maven.apache.org/maven2/org/apache/maven/plugins/maven-javadoc-plugin/3.0.1/maven-javadoc-plugin-3.0.1.jar (421 kB at 3.0 MB/s)
[INFO] 
[INFO] ----------------< com.openhtmltopdf:openhtmltopdf-core >----------------
[INFO] Building Openhtmltopdf Core Renderer 1.0.5-SNAPSHOT               [2/13]
[INFO] --------------------------------[ jar ]---------------------------------
[INFO] 
[INFO] --- maven-resources-plugin:2.6:resources (default-resources) @ openhtmltopdf-core ---
[INFO] Using 'UTF-8' encoding to copy filtered resources.
[INFO] Copying 5 resources
[INFO] Copying 4 resources to META-INF
[INFO] 
[INFO] --- maven-compiler-plugin:3.3:compile (default-compile) @ openhtmltopdf-core ---
[INFO] Changes detected - recompiling the module!
[INFO] Compiling 267 source files to /home/user/projects/openhtmltopdf/openhtmltopdf-core/target/classes
[INFO] /home/user/projects/openhtmltopdf/openhtmltopdf-core/src/main/java/com/openhtmltopdf/resource/XMLResource.java: Some input files use or override a deprecated API.
[INFO] /home/user/projects/openhtmltopdf/openhtmltopdf-core/src/main/java/com/openhtmltopdf/resource/XMLResource.java: Recompile with -Xlint:deprecation for details.
[INFO] /home/user/projects/openhtmltopdf/openhtmltopdf-core/src/main/java/com/openhtmltopdf/swing/DOMInspector.java: Some input files use unchecked or unsafe operations.
[INFO] /home/user/projects/openhtmltopdf/openhtmltopdf-core/src/main/java/com/openhtmltopdf/swing/DOMInspector.java: Recompile with -Xlint:unchecked for details.
[INFO] 
[INFO] ---------------< com.openhtmltopdf:openhtmltopdf-pdfbox >---------------
[INFO] Building Openhtmltopdf PDF Rendering (Apache PDF-BOX 2) 1.0.5-SNAPSHOT [3/13]
[INFO] --------------------------------[ jar ]---------------------------------
[INFO] Downloading from ApacheSnapshot: https://repository.apache.org/content/groups/snapshots/org/apache/pdfbox/pdfbox/2.0.20/pdfbox-2.0.20.pom
[INFO] Downloading from central: https://repo.maven.apache.org/maven2/org/apache/pdfbox/pdfbox/2.0.20/pdfbox-2.0.20.pom
[INFO] Downloaded from central: https://repo.maven.apache.org/maven2/org/apache/pdfbox/pdfbox/2.0.20/pdfbox-2.0.20.pom (41 kB at 1.7 MB/s)
[INFO] Downloading from ApacheSnapshot: https://repository.apache.org/content/groups/snapshots/org/apache/pdfbox/pdfbox-parent/2.0.20/pdfbox-parent-2.0.20.pom
[INFO] Downloading from central: https://repo.maven.apache.org/maven2/org/apache/pdfbox/pdfbox-parent/2.0.20/pdfbox-parent-2.0.20.pom
[INFO] Downloaded from central: https://repo.maven.apache.org/maven2/org/apache/pdfbox/pdfbox-parent/2.0.20/pdfbox-parent-2.0.20.pom (20 kB at 1.1 MB/s)
[INFO] Downloading from ApacheSnapshot: https://repository.apache.org/content/groups/snapshots/org/apache/pdfbox/fontbox/2.0.20/fontbox-2.0.20.pom
[INFO] Downloading from central: https://repo.maven.apache.org/maven2/org/apache/pdfbox/fontbox/2.0.20/fontbox-2.0.20.pom
[INFO] Downloaded from central: https://repo.maven.apache.org/maven2/org/apache/pdfbox/fontbox/2.0.20/fontbox-2.0.20.pom (5.2 kB at 307 kB/s)
[INFO] Downloading from ApacheSnapshot: https://repository.apache.org/content/groups/snapshots/org/apache/pdfbox/xmpbox/2.0.20/xmpbox-2.0.20.pom
[INFO] Downloading from central: https://repo.maven.apache.org/maven2/org/apache/pdfbox/xmpbox/2.0.20/xmpbox-2.0.20.pom
[INFO] Downloaded from central: https://repo.maven.apache.org/maven2/org/apache/pdfbox/xmpbox/2.0.20/xmpbox-2.0.20.pom (3.8 kB at 46 kB/s)
[INFO] Downloading from ApacheSnapshot: https://repository.apache.org/content/groups/snapshots/de/rototor/pdfbox/graphics2d/0.26/graphics2d-0.26.pom
[INFO] Downloading from central: https://repo.maven.apache.org/maven2/de/rototor/pdfbox/graphics2d/0.26/graphics2d-0.26.pom
[INFO] Downloaded from central: https://repo.maven.apache.org/maven2/de/rototor/pdfbox/graphics2d/0.26/graphics2d-0.26.pom (5.2 kB at 322 kB/s)
[INFO] Downloading from ApacheSnapshot: https://repository.apache.org/content/groups/snapshots/org/apache/pdfbox/pdfbox/2.0.20/pdfbox-2.0.20.jar
[INFO] Downloading from ApacheSnapshot: https://repository.apache.org/content/groups/snapshots/org/apache/pdfbox/xmpbox/2.0.20/xmpbox-2.0.20.jar
[INFO] Downloading from ApacheSnapshot: https://repository.apache.org/content/groups/snapshots/org/apache/pdfbox/fontbox/2.0.20/fontbox-2.0.20.jar
[INFO] Downloading from ApacheSnapshot: https://repository.apache.org/content/groups/snapshots/de/rototor/pdfbox/graphics2d/0.26/graphics2d-0.26.jar
[INFO] Downloading from central: https://repo.maven.apache.org/maven2/org/apache/pdfbox/pdfbox/2.0.20/pdfbox-2.0.20.jar
[INFO] Downloading from central: https://repo.maven.apache.org/maven2/org/apache/pdfbox/fontbox/2.0.20/fontbox-2.0.20.jar
[INFO] Downloading from central: https://repo.maven.apache.org/maven2/org/apache/pdfbox/xmpbox/2.0.20/xmpbox-2.0.20.jar
[INFO] Downloading from central: https://repo.maven.apache.org/maven2/de/rototor/pdfbox/graphics2d/0.26/graphics2d-0.26.jar
[INFO] Downloaded from central: https://repo.maven.apache.org/maven2/de/rototor/pdfbox/graphics2d/0.26/graphics2d-0.26.jar (65 kB at 413 kB/s)
[INFO] Downloaded from central: https://repo.maven.apache.org/maven2/org/apache/pdfbox/xmpbox/2.0.20/xmpbox-2.0.20.jar (132 kB at 727 kB/s)
[INFO] Downloaded from central: https://repo.maven.apache.org/maven2/org/apache/pdfbox/fontbox/2.0.20/fontbox-2.0.20.jar (1.6 MB at 3.8 MB/s)
[INFO] Downloaded from central: https://repo.maven.apache.org/maven2/org/apache/pdfbox/pdfbox/2.0.20/pdfbox-2.0.20.jar (2.7 MB at 4.4 MB/s)
[INFO] 
[INFO] --- maven-resources-plugin:2.6:resources (default-resources) @ openhtmltopdf-pdfbox ---
[INFO] Using 'UTF-8' encoding to copy filtered resources.
[INFO] Copying 4 resources to META-INF
[INFO] 
[INFO] --- maven-compiler-plugin:3.3:compile (default-compile) @ openhtmltopdf-pdfbox ---
[INFO] Changes detected - recompiling the module!
[INFO] Compiling 37 source files to /home/user/projects/openhtmltopdf/openhtmltopdf-pdfbox/target/classes
[INFO] /home/user/projects/openhtmltopdf/openhtmltopdf-pdfbox/src/main/java/com/openhtmltopdf/pdfboxout/PdfBoxFastLinkManager.java: Some input files use or override a deprecated API.
[INFO] /home/user/projects/openhtmltopdf/openhtmltopdf-pdfbox/src/main/java/com/openhtmltopdf/pdfboxout/PdfBoxFastLinkManager.java: Recompile with -Xlint:deprecation for details.
[INFO] 
[INFO] ---------------< com.openhtmltopdf:openhtmltopdf-slf4j >----------------
[INFO] Building Openhtmltopdf slf4j Support 1.0.5-SNAPSHOT               [4/13]
[INFO] --------------------------------[ jar ]---------------------------------
[INFO] Downloading from central: https://repo.maven.apache.org/maven2/org/slf4j/slf4j-api/1.7.19/slf4j-api-1.7.19.pom
[INFO] Downloaded from central: https://repo.maven.apache.org/maven2/org/slf4j/slf4j-api/1.7.19/slf4j-api-1.7.19.pom (2.8 kB at 252 kB/s)
[INFO] Downloading from central: https://repo.maven.apache.org/maven2/org/slf4j/slf4j-parent/1.7.19/slf4j-parent-1.7.19.pom
[INFO] Downloaded from central: https://repo.maven.apache.org/maven2/org/slf4j/slf4j-parent/1.7.19/slf4j-parent-1.7.19.pom (14 kB at 965 kB/s)
[INFO] Downloading from central: https://repo.maven.apache.org/maven2/org/slf4j/slf4j-simple/1.7.19/slf4j-simple-1.7.19.pom
[INFO] Downloaded from central: https://repo.maven.apache.org/maven2/org/slf4j/slf4j-simple/1.7.19/slf4j-simple-1.7.19.pom (793 B at 61 kB/s)
[INFO] Downloading from central: https://repo.maven.apache.org/maven2/org/slf4j/slf4j-api/1.7.19/slf4j-api-1.7.19.jar
[INFO] Downloaded from central: https://repo.maven.apache.org/maven2/org/slf4j/slf4j-api/1.7.19/slf4j-api-1.7.19.jar (41 kB at 2.0 MB/s)
[INFO] 
[INFO] --- maven-resources-plugin:2.6:resources (default-resources) @ openhtmltopdf-slf4j ---
[INFO] Using 'UTF-8' encoding to copy filtered resources.
[INFO] Copying 4 resources to META-INF
[INFO] 
[INFO] --- maven-compiler-plugin:3.3:compile (default-compile) @ openhtmltopdf-slf4j ---
[INFO] Changes detected - recompiling the module!
[INFO] Compiling 1 source file to /home/user/projects/openhtmltopdf/openhtmltopdf-slf4j/target/classes
[INFO] 
[INFO] ------------< com.openhtmltopdf:openhtmltopdf-rtl-support >-------------
[INFO] Building Openhtmltopdf RTL Support 1.0.5-SNAPSHOT                 [5/13]
[INFO] --------------------------------[ jar ]---------------------------------
[INFO] 
[INFO] --- maven-resources-plugin:2.6:resources (default-resources) @ openhtmltopdf-rtl-support ---
[INFO] Using 'UTF-8' encoding to copy filtered resources.
[INFO] Copying 4 resources to META-INF
[INFO] 
[INFO] --- maven-compiler-plugin:3.3:compile (default-compile) @ openhtmltopdf-rtl-support ---
[INFO] Changes detected - recompiling the module!
[INFO] Compiling 4 source files to /home/user/projects/openhtmltopdf/openhtmltopdf-rtl-support/target/classes
[INFO] 
[INFO] ------------< com.openhtmltopdf:openhtmltopdf-svg-support >-------------
[INFO] Building Openhtmltopdf SVG Support 1.0.5-SNAPSHOT                 [6/13]
[INFO] --------------------------------[ jar ]---------------------------------
[INFO] Downloading from central: https://repo.maven.apache.org/maven2/org/apache/xmlgraphics/batik-transcoder/1.12/batik-transcoder-1.12.pom
[INFO] Downloaded from central: https://repo.maven.apache.org/maven2/org/apache/xmlgraphics/batik-transcoder/1.12/batik-transcoder-1.12.pom (3.3 kB at 236 kB/s)
[INFO] Downloading from central: https://repo.maven.apache.org/maven2/org/apache/xmlgraphics/batik/1.12/batik-1.12.pom
[INFO] Downloaded from central: https://repo.maven.apache.org/maven2/org/apache/xmlgraphics/batik/1.12/batik-1.12.pom (6.6 kB at 442 kB/s)
[INFO] Downloading from central: https://repo.maven.apache.org/maven2/org/apache/xmlgraphics/batik-anim/1.12/batik-anim-1.12.pom
[INFO] Downloaded from central: https://repo.maven.apache.org/maven2/org/apache/xmlgraphics/batik-anim/1.12/batik-anim-1.12.pom (3.1 kB at 259 kB/s)
[INFO] Downloading from central: https://repo.maven.apache.org/maven2/org/apache/xmlgraphics/batik-awt-util/1.12/batik-awt-util-1.12.pom
[INFO] Downloaded from central: https://repo.maven.apache.org/maven2/org/apache/xmlgraphics/batik-awt-util/1.12/batik-awt-util-1.12.pom (2.1 kB at 178 kB/s)
[INFO] Downloading from central: https://repo.maven.apache.org/maven2/org/apache/xmlgraphics/batik-util/1.12/batik-util-1.12.pom
[INFO] Downloaded from central: https://repo.maven.apache.org/maven2/org/apache/xmlgraphics/batik-util/1.12/batik-util-1.12.pom (3.3 kB at 298 kB/s)
[INFO] Downloading from central: https://repo.maven.apache.org/maven2/org/apache/xmlgraphics/batik-constants/1.12/batik-constants-1.12.pom
[INFO] Downloaded from central: https://repo.maven.apache.org/maven2/org/apache/xmlgraphics/batik-constants/1.12/batik-constants-1.12.pom (1.8 kB at 110 kB/s)
[INFO] Downloading from central: https://repo.maven.apache.org/maven2/org/apache/xmlgraphics/batik-i18n/1.12/batik-i18n-1.12.pom
[INFO] Downloaded from central: https://repo.maven.apache.org/maven2/org/apache/xmlgraphics/batik-i18n/1.12/batik-i18n-1.12.pom (1.7 kB at 134 kB/s)
[INFO] Downloading from central: https://repo.maven.apache.org/maven2/org/apache/xmlgraphics/xmlgraphics-commons/2.4/xmlgraphics-commons-2.4.pom
[INFO] Downloaded from central: https://repo.maven.apache.org/maven2/org/apache/xmlgraphics/xmlgraphics-commons/2.4/xmlgraphics-commons-2.4.pom (3.5 kB at 116 kB/s)
[INFO] Downloading from central: https://repo.maven.apache.org/maven2/commons-io/commons-io/1.3.1/commons-io-1.3.1.pom
[INFO] Downloaded from central: https://repo.maven.apache.org/maven2/commons-io/commons-io/1.3.1/commons-io-1.3.1.pom (6.8 kB at 399 kB/s)
[INFO] Downloading from central: https://repo.maven.apache.org/maven2/org/apache/xmlgraphics/batik-css/1.12/batik-css-1.12.pom
[INFO] Downloaded from central: https://repo.maven.apache.org/maven2/org/apache/xmlgraphics/batik-css/1.12/batik-css-1.12.pom (2.3 kB at 208 kB/s)
[INFO] Downloading from central: https://repo.maven.apache.org/maven2/org/apache/xmlgraphics/batik-dom/1.12/batik-dom-1.12.pom
[INFO] Downloaded from central: https://repo.maven.apache.org/maven2/org/apache/xmlgraphics/batik-dom/1.12/batik-dom-1.12.pom (2.9 kB at 264 kB/s)
[INFO] Downloading from central: https://repo.maven.apache.org/maven2/org/apache/xmlgraphics/batik-ext/1.12/batik-ext-1.12.pom
[INFO] Downloaded from central: https://repo.maven.apache.org/maven2/org/apache/xmlgraphics/batik-ext/1.12/batik-ext-1.12.pom (1.7 kB at 134 kB/s)
[INFO] Downloading from central: https://repo.maven.apache.org/maven2/org/apache/xmlgraphics/batik-xml/1.12/batik-xml-1.12.pom
[INFO] Downloaded from central: https://repo.maven.apache.org/maven2/org/apache/xmlgraphics/batik-xml/1.12/batik-xml-1.12.pom (1.9 kB at 162 kB/s)
[INFO] Downloading from central: https://repo.maven.apache.org/maven2/xalan/xalan/2.7.2/xalan-2.7.2.pom
[INFO] Downloaded from central: https://repo.maven.apache.org/maven2/xalan/xalan/2.7.2/xalan-2.7.2.pom (1.3 kB at 64 kB/s)
[INFO] Downloading from central: https://repo.maven.apache.org/maven2/xalan/serializer/2.7.2/serializer-2.7.2.pom
[INFO] Downloaded from central: https://repo.maven.apache.org/maven2/xalan/serializer/2.7.2/serializer-2.7.2.pom (1.1 kB at 39 kB/s)
[INFO] Downloading from central: https://repo.maven.apache.org/maven2/org/apache/xmlgraphics/batik-parser/1.12/batik-parser-1.12.pom
[INFO] Downloaded from central: https://repo.maven.apache.org/maven2/org/apache/xmlgraphics/batik-parser/1.12/batik-parser-1.12.pom (2.5 kB at 107 kB/s)
[INFO] Downloading from central: https://repo.maven.apache.org/maven2/org/apache/xmlgraphics/batik-svg-dom/1.12/batik-svg-dom-1.12.pom
[INFO] Downloaded from central: https://repo.maven.apache.org/maven2/org/apache/xmlgraphics/batik-svg-dom/1.12/batik-svg-dom-1.12.pom (2.9 kB at 246 kB/s)
[INFO] Downloading from central: https://repo.maven.apache.org/maven2/org/apache/xmlgraphics/batik-bridge/1.12/batik-bridge-1.12.pom
[INFO] Downloaded from central: https://repo.maven.apache.org/maven2/org/apache/xmlgraphics/batik-bridge/1.12/batik-bridge-1.12.pom (4.0 kB at 209 kB/s)
[INFO] Downloading from central: https://repo.maven.apache.org/maven2/org/apache/xmlgraphics/batik-gvt/1.12/batik-gvt-1.12.pom
[INFO] Downloaded from central: https://repo.maven.apache.org/maven2/org/apache/xmlgraphics/batik-gvt/1.12/batik-gvt-1.12.pom (2.1 kB at 133 kB/s)
[INFO] Downloading from central: https://repo.maven.apache.org/maven2/org/apache/xmlgraphics/batik-script/1.12/batik-script-1.12.pom
[INFO] Downloaded from central: https://repo.maven.apache.org/maven2/org/apache/xmlgraphics/batik-script/1.12/batik-script-1.12.pom (2.8 kB at 199 kB/s)
[INFO] Downloading from central: https://repo.maven.apache.org/maven2/org/apache/xmlgraphics/batik-svggen/1.12/batik-svggen-1.12.pom
[INFO] Downloaded from central: https://repo.maven.apache.org/maven2/org/apache/xmlgraphics/batik-svggen/1.12/batik-svggen-1.12.pom (2.1 kB at 125 kB/s)
[INFO] Downloading from central: https://repo.maven.apache.org/maven2/org/apache/xmlgraphics/batik-codec/1.12/batik-codec-1.12.pom
[INFO] Downloaded from central: https://repo.maven.apache.org/maven2/org/apache/xmlgraphics/batik-codec/1.12/batik-codec-1.12.pom (2.5 kB at 153 kB/s)
[INFO] Downloading from central: https://repo.maven.apache.org/maven2/org/apache/xmlgraphics/batik-transcoder/1.12/batik-transcoder-1.12.jar
[INFO] Downloading from central: https://repo.maven.apache.org/maven2/org/apache/xmlgraphics/batik-anim/1.12/batik-anim-1.12.jar
[INFO] Downloading from central: https://repo.maven.apache.org/maven2/org/apache/xmlgraphics/batik-parser/1.12/batik-parser-1.12.jar
[INFO] Downloading from central: https://repo.maven.apache.org/maven2/org/apache/xmlgraphics/batik-css/1.12/batik-css-1.12.jar
[INFO] Downloading from central: https://repo.maven.apache.org/maven2/org/apache/xmlgraphics/batik-svg-dom/1.12/batik-svg-dom-1.12.jar
[INFO] Downloaded from central: https://repo.maven.apache.org/maven2/org/apache/xmlgraphics/batik-transcoder/1.12/batik-transcoder-1.12.jar (129 kB at 1.2 MB/s)
[INFO] Downloading from central: https://repo.maven.apache.org/maven2/org/apache/xmlgraphics/batik-awt-util/1.12/batik-awt-util-1.12.jar
[INFO] Downloaded from central: https://repo.maven.apache.org/maven2/org/apache/xmlgraphics/batik-parser/1.12/batik-parser-1.12.jar (77 kB at 683 kB/s)
[INFO] Downloading from central: https://repo.maven.apache.org/maven2/org/apache/xmlgraphics/batik-bridge/1.12/batik-bridge-1.12.jar
[INFO] Downloaded from central: https://repo.maven.apache.org/maven2/org/apache/xmlgraphics/batik-anim/1.12/batik-anim-1.12.jar (479 kB at 2.9 MB/s)
[INFO] Downloading from central: https://repo.maven.apache.org/maven2/org/apache/xmlgraphics/batik-script/1.12/batik-script-1.12.jar
[INFO] Downloaded from central: https://repo.maven.apache.org/maven2/org/apache/xmlgraphics/batik-css/1.12/batik-css-1.12.jar (325 kB at 1.3 MB/s)
[INFO] Downloading from central: https://repo.maven.apache.org/maven2/org/apache/xmlgraphics/batik-dom/1.12/batik-dom-1.12.jar
[INFO] Downloaded from central: https://repo.maven.apache.org/maven2/org/apache/xmlgraphics/batik-script/1.12/batik-script-1.12.jar (26 kB at 97 kB/s)
[INFO] Downloading from central: https://repo.maven.apache.org/maven2/xalan/xalan/2.7.2/xalan-2.7.2.jar
[INFO] Downloaded from central: https://repo.maven.apache.org/maven2/org/apache/xmlgraphics/batik-bridge/1.12/batik-bridge-1.12.jar (696 kB at 2.1 MB/s)
[INFO] Downloading from central: https://repo.maven.apache.org/maven2/xalan/serializer/2.7.2/serializer-2.7.2.jar
[INFO] Downloaded from central: https://repo.maven.apache.org/maven2/org/apache/xmlgraphics/batik-svg-dom/1.12/batik-svg-dom-1.12.jar (232 kB at 684 kB/s)
[INFO] Downloading from central: https://repo.maven.apache.org/maven2/org/apache/xmlgraphics/batik-gvt/1.12/batik-gvt-1.12.jar
[INFO] Downloaded from central: https://repo.maven.apache.org/maven2/org/apache/xmlgraphics/batik-awt-util/1.12/batik-awt-util-1.12.jar (422 kB at 1.2 MB/s)
[INFO] Downloading from central: https://repo.maven.apache.org/maven2/org/apache/xmlgraphics/batik-svggen/1.12/batik-svggen-1.12.jar
[INFO] Downloaded from central: https://repo.maven.apache.org/maven2/org/apache/xmlgraphics/batik-dom/1.12/batik-dom-1.12.jar (183 kB at 379 kB/s)
[INFO] Downloading from central: https://repo.maven.apache.org/maven2/org/apache/xmlgraphics/batik-util/1.12/batik-util-1.12.jar
[INFO] Downloaded from central: https://repo.maven.apache.org/maven2/xalan/serializer/2.7.2/serializer-2.7.2.jar (276 kB at 531 kB/s)
[INFO] Downloading from central: https://repo.maven.apache.org/maven2/org/apache/xmlgraphics/batik-constants/1.12/batik-constants-1.12.jar
[INFO] Downloaded from central: https://repo.maven.apache.org/maven2/org/apache/xmlgraphics/batik-svggen/1.12/batik-svggen-1.12.jar (225 kB at 386 kB/s)
[INFO] Downloading from central: https://repo.maven.apache.org/maven2/org/apache/xmlgraphics/batik-i18n/1.12/batik-i18n-1.12.jar
[INFO] Downloaded from central: https://repo.maven.apache.org/maven2/org/apache/xmlgraphics/batik-constants/1.12/batik-constants-1.12.jar (8.3 kB at 14 kB/s)
[INFO] Downloaded from central: https://repo.maven.apache.org/maven2/org/apache/xmlgraphics/batik-gvt/1.12/batik-gvt-1.12.jar (191 kB at 327 kB/s)
[INFO] Downloading from central: https://repo.maven.apache.org/maven2/org/apache/xmlgraphics/batik-xml/1.12/batik-xml-1.12.jar
[INFO] Downloading from central: https://repo.maven.apache.org/maven2/org/apache/xmlgraphics/batik-codec/1.12/batik-codec-1.12.jar
[INFO] Downloaded from central: https://repo.maven.apache.org/maven2/org/apache/xmlgraphics/batik-util/1.12/batik-util-1.12.jar (127 kB at 216 kB/s)
[INFO] Downloading from central: https://repo.maven.apache.org/maven2/org/apache/xmlgraphics/batik-ext/1.12/batik-ext-1.12.jar
[INFO] Downloaded from central: https://repo.maven.apache.org/maven2/org/apache/xmlgraphics/batik-xml/1.12/batik-xml-1.12.jar (33 kB at 46 kB/s)
[INFO] Downloaded from central: https://repo.maven.apache.org/maven2/org/apache/xmlgraphics/batik-ext/1.12/batik-ext-1.12.jar (10 kB at 14 kB/s)
[INFO] Downloading from central: https://repo.maven.apache.org/maven2/org/apache/xmlgraphics/xmlgraphics-commons/2.4/xmlgraphics-commons-2.4.jar
[INFO] Downloading from central: https://repo.maven.apache.org/maven2/commons-io/commons-io/1.3.1/commons-io-1.3.1.jar
[INFO] Downloaded from central: https://repo.maven.apache.org/maven2/org/apache/xmlgraphics/batik-i18n/1.12/batik-i18n-1.12.jar (11 kB at 15 kB/s)
[INFO] Downloaded from central: https://repo.maven.apache.org/maven2/org/apache/xmlgraphics/batik-codec/1.12/batik-codec-1.12.jar (112 kB at 146 kB/s)
[INFO] Downloaded from central: https://repo.maven.apache.org/maven2/commons-io/commons-io/1.3.1/commons-io-1.3.1.jar (84 kB at 103 kB/s)
[INFO] Downloaded from central: https://repo.maven.apache.org/maven2/xalan/xalan/2.7.2/xalan-2.7.2.jar (3.2 MB at 2.8 MB/s)
[INFO] Downloaded from central: https://repo.maven.apache.org/maven2/org/apache/xmlgraphics/xmlgraphics-commons/2.4/xmlgraphics-commons-2.4.jar (674 kB at 589 kB/s)
[INFO] 
[INFO] --- maven-resources-plugin:2.6:resources (default-resources) @ openhtmltopdf-svg-support ---
[INFO] Using 'UTF-8' encoding to copy filtered resources.
[INFO] Copying 4 resources to META-INF
[INFO] 
[INFO] --- maven-compiler-plugin:3.3:compile (default-compile) @ openhtmltopdf-svg-support ---
[INFO] Changes detected - recompiling the module!
[INFO] Compiling 8 source files to /home/user/projects/openhtmltopdf/openhtmltopdf-svg-support/target/classes
[INFO] 
[INFO] -----------< com.openhtmltopdf:openhtmltopdf-mathml-support >-----------
[INFO] Building Openhtmltopdf MathML Support 1.0.5-SNAPSHOT              [7/13]
[INFO] --------------------------------[ jar ]---------------------------------
[INFO] Downloading from central: https://repo.maven.apache.org/maven2/de/rototor/jeuclid/jeuclid-core/3.1.12/jeuclid-core-3.1.12.pom
[INFO] Downloaded from central: https://repo.maven.apache.org/maven2/de/rototor/jeuclid/jeuclid-core/3.1.12/jeuclid-core-3.1.12.pom (7.4 kB at 36 kB/s)
[INFO] Downloading from central: https://repo.maven.apache.org/maven2/de/rototor/jeuclid/jeuclid-parent/3.1.12/jeuclid-parent-3.1.12.pom
[INFO] Downloaded from central: https://repo.maven.apache.org/maven2/de/rototor/jeuclid/jeuclid-parent/3.1.12/jeuclid-parent-3.1.12.pom (14 kB at 68 kB/s)
[INFO] Downloading from central: https://repo.maven.apache.org/maven2/org/apache/xmlgraphics/batik-svg-dom/1.9/batik-svg-dom-1.9.pom
[INFO] Downloaded from central: https://repo.maven.apache.org/maven2/org/apache/xmlgraphics/batik-svg-dom/1.9/batik-svg-dom-1.9.pom (4.3 kB at 250 kB/s)
[INFO] Downloading from central: https://repo.maven.apache.org/maven2/org/apache/xmlgraphics/batik-awt-util/1.9/batik-awt-util-1.9.pom
[INFO] Downloaded from central: https://repo.maven.apache.org/maven2/org/apache/xmlgraphics/batik-awt-util/1.9/batik-awt-util-1.9.pom (3.2 kB at 188 kB/s)
[INFO] Downloading from central: https://repo.maven.apache.org/maven2/org/apache/xmlgraphics/batik-util/1.9/batik-util-1.9.pom
[INFO] Downloaded from central: https://repo.maven.apache.org/maven2/org/apache/xmlgraphics/batik-util/1.9/batik-util-1.9.pom (3.3 kB at 223 kB/s)
[INFO] Downloading from central: https://repo.maven.apache.org/maven2/org/apache/xmlgraphics/batik-constants/1.9/batik-constants-1.9.pom
[INFO] Downloaded from central: https://repo.maven.apache.org/maven2/org/apache/xmlgraphics/batik-constants/1.9/batik-constants-1.9.pom (3.0 kB at 188 kB/s)
[INFO] Downloading from central: https://repo.maven.apache.org/maven2/org/apache/xmlgraphics/batik-i18n/1.9/batik-i18n-1.9.pom
[INFO] Downloaded from central: https://repo.maven.apache.org/maven2/org/apache/xmlgraphics/batik-i18n/1.9/batik-i18n-1.9.pom (3.0 kB at 200 kB/s)
[INFO] Downloading from central: https://repo.maven.apache.org/maven2/org/apache/xmlgraphics/batik-css/1.9/batik-css-1.9.pom
[INFO] Downloaded from central: https://repo.maven.apache.org/maven2/org/apache/xmlgraphics/batik-css/1.9/batik-css-1.9.pom (3.6 kB at 259 kB/s)
[INFO] Downloading from central: https://repo.maven.apache.org/maven2/org/apache/xmlgraphics/xmlgraphics-commons/2.2/xmlgraphics-commons-2.2.pom
[INFO] Downloaded from central: https://repo.maven.apache.org/maven2/org/apache/xmlgraphics/xmlgraphics-commons/2.2/xmlgraphics-commons-2.2.pom (3.5 kB at 268 kB/s)
[INFO] Downloading from central: https://repo.maven.apache.org/maven2/org/apache/xmlgraphics/batik-dom/1.9/batik-dom-1.9.pom
[INFO] Downloaded from central: https://repo.maven.apache.org/maven2/org/apache/xmlgraphics/batik-dom/1.9/batik-dom-1.9.pom (4.1 kB at 177 kB/s)
[INFO] Downloading from central: https://repo.maven.apache.org/maven2/org/apache/xmlgraphics/batik-ext/1.9/batik-ext-1.9.pom
[INFO] Downloaded from central: https://repo.maven.apache.org/maven2/org/apache/xmlgraphics/batik-ext/1.9/batik-ext-1.9.pom (3.0 kB at 159 kB/s)
[INFO] Downloading from central: https://repo.maven.apache.org/maven2/org/apache/xmlgraphics/batik-xml/1.9/batik-xml-1.9.pom
[INFO] Downloaded from central: https://repo.maven.apache.org/maven2/org/apache/xmlgraphics/batik-xml/1.9/batik-xml-1.9.pom (3.2 kB at 245 kB/s)
[INFO] Downloading from central: https://repo.maven.apache.org/maven2/org/apache/xmlgraphics/batik-parser/1.9/batik-parser-1.9.pom
[INFO] Downloaded from central: https://repo.maven.apache.org/maven2/org/apache/xmlgraphics/batik-parser/1.9/batik-parser-1.9.pom (3.8 kB at 123 kB/s)
[INFO] Downloading from central: https://repo.maven.apache.org/maven2/org/apache/xmlgraphics/xmlgraphics-commons/1.3.1/xmlgraphics-commons-1.3.1.pom
[INFO] Downloaded from central: https://repo.maven.apache.org/maven2/org/apache/xmlgraphics/xmlgraphics-commons/1.3.1/xmlgraphics-commons-1.3.1.pom (3.4 kB at 109 kB/s)
[INFO] Downloading from central: https://repo.maven.apache.org/maven2/de/rototor/jeuclid/jeuclid-core/3.1.12/jeuclid-core-3.1.12.jar
[INFO] Downloading from central: https://repo.maven.apache.org/maven2/org/apache/xmlgraphics/batik-svg-dom/1.9/batik-svg-dom-1.9.jar
[INFO] Downloading from central: https://repo.maven.apache.org/maven2/org/apache/xmlgraphics/batik-css/1.9/batik-css-1.9.jar
[INFO] Downloading from central: https://repo.maven.apache.org/maven2/org/apache/xmlgraphics/batik-parser/1.9/batik-parser-1.9.jar
[INFO] Downloaded from central: https://repo.maven.apache.org/maven2/org/apache/xmlgraphics/batik-svg-dom/1.9/batik-svg-dom-1.9.jar (233 kB at 3.2 MB/s)
[INFO] Downloaded from central: https://repo.maven.apache.org/maven2/org/apache/xmlgraphics/batik-parser/1.9/batik-parser-1.9.jar (76 kB at 967 kB/s)
[INFO] Downloaded from central: https://repo.maven.apache.org/maven2/org/apache/xmlgraphics/batik-css/1.9/batik-css-1.9.jar (325 kB at 3.3 MB/s)
[INFO] Downloaded from central: https://repo.maven.apache.org/maven2/de/rototor/jeuclid/jeuclid-core/3.1.12/jeuclid-core-3.1.12.jar (519 kB at 1.5 MB/s)
[INFO] 
[INFO] --- maven-resources-plugin:2.6:resources (default-resources) @ openhtmltopdf-mathml-support ---
[INFO] Using 'UTF-8' encoding to copy filtered resources.
[INFO] Copying 4 resources to META-INF
[INFO] 
[INFO] --- maven-compiler-plugin:3.3:compile (default-compile) @ openhtmltopdf-mathml-support ---
[INFO] Changes detected - recompiling the module!
[INFO] Compiling 2 source files to /home/user/projects/openhtmltopdf/openhtmltopdf-mathml-support/target/classes
[INFO] 
[INFO] ---------------< com.openhtmltopdf:openhtmltopdf-java2d >---------------
[INFO] Building Openhtmltopdf Image Rendering (Java2D) 1.0.5-SNAPSHOT    [8/13]
[INFO] --------------------------------[ jar ]---------------------------------
[INFO] 
[INFO] --- maven-resources-plugin:2.6:resources (default-resources) @ openhtmltopdf-java2d ---
[INFO] Using 'UTF-8' encoding to copy filtered resources.
[INFO] Copying 4 resources to META-INF
[INFO] 
[INFO] --- maven-compiler-plugin:3.3:compile (default-compile) @ openhtmltopdf-java2d ---
[INFO] Changes detected - recompiling the module!
[INFO] Compiling 16 source files to /home/user/projects/openhtmltopdf/openhtmltopdf-java2d/target/classes
[INFO] /home/user/projects/openhtmltopdf/openhtmltopdf-java2d/src/main/java/com/openhtmltopdf/java2d/Java2DRenderer.java: Some input files use or override a deprecated API.
[INFO] /home/user/projects/openhtmltopdf/openhtmltopdf-java2d/src/main/java/com/openhtmltopdf/java2d/Java2DRenderer.java: Recompile with -Xlint:deprecation for details.
[INFO] /home/user/projects/openhtmltopdf/openhtmltopdf-java2d/src/main/java/com/openhtmltopdf/java2d/Java2DTextRenderer.java: /home/user/projects/openhtmltopdf/openhtmltopdf-java2d/src/main/java/com/openhtmltopdf/java2d/Java2DTextRenderer.java uses unchecked or unsafe operations.
[INFO] /home/user/projects/openhtmltopdf/openhtmltopdf-java2d/src/main/java/com/openhtmltopdf/java2d/Java2DTextRenderer.java: Recompile with -Xlint:unchecked for details.
[INFO] 
[INFO] --------------< com.openhtmltopdf:openhtmltopdf-objects >---------------
[INFO] Building Openhtmltopdf PDF Rendering (Apache PDF-BOX 2) 1.0.5-SNAPSHOT [9/13]
[INFO] --------------------------------[ jar ]---------------------------------
[INFO] Downloading from ApacheSnapshot: https://repository.apache.org/content/groups/snapshots/org/jfree/jfreechart/1.5.0/jfreechart-1.5.0.pom
[INFO] Downloading from central: https://repo.maven.apache.org/maven2/org/jfree/jfreechart/1.5.0/jfreechart-1.5.0.pom
[INFO] Downloaded from central: https://repo.maven.apache.org/maven2/org/jfree/jfreechart/1.5.0/jfreechart-1.5.0.pom (8.5 kB at 275 kB/s)
[INFO] Downloading from ApacheSnapshot: https://repository.apache.org/content/groups/snapshots/com/google/zxing/javase/3.4.0/javase-3.4.0.pom
[INFO] Downloading from central: https://repo.maven.apache.org/maven2/com/google/zxing/javase/3.4.0/javase-3.4.0.pom
[INFO] Downloaded from central: https://repo.maven.apache.org/maven2/com/google/zxing/javase/3.4.0/javase-3.4.0.pom (2.7 kB at 136 kB/s)
[INFO] Downloading from ApacheSnapshot: https://repository.apache.org/content/groups/snapshots/com/google/zxing/zxing-parent/3.4.0/zxing-parent-3.4.0.pom
[INFO] Downloading from central: https://repo.maven.apache.org/maven2/com/google/zxing/zxing-parent/3.4.0/zxing-parent-3.4.0.pom
[INFO] Downloaded from central: https://repo.maven.apache.org/maven2/com/google/zxing/zxing-parent/3.4.0/zxing-parent-3.4.0.pom (30 kB at 2.0 MB/s)
[INFO] Downloading from ApacheSnapshot: https://repository.apache.org/content/groups/snapshots/com/google/zxing/core/3.4.0/core-3.4.0.pom
[INFO] Downloading from central: https://repo.maven.apache.org/maven2/com/google/zxing/core/3.4.0/core-3.4.0.pom
[INFO] Downloaded from central: https://repo.maven.apache.org/maven2/com/google/zxing/core/3.4.0/core-3.4.0.pom (2.9 kB at 88 kB/s)
[INFO] Downloading from ApacheSnapshot: https://repository.apache.org/content/groups/snapshots/com/beust/jcommander/1.72/jcommander-1.72.pom
[INFO] Downloading from central: https://repo.maven.apache.org/maven2/com/beust/jcommander/1.72/jcommander-1.72.pom
[INFO] Downloaded from central: https://repo.maven.apache.org/maven2/com/beust/jcommander/1.72/jcommander-1.72.pom (1.2 kB at 86 kB/s)
[INFO] Downloading from ApacheSnapshot: https://repository.apache.org/content/groups/snapshots/com/github/jai-imageio/jai-imageio-core/1.4.0/jai-imageio-core-1.4.0.pom
[INFO] Downloading from central: https://repo.maven.apache.org/maven2/com/github/jai-imageio/jai-imageio-core/1.4.0/jai-imageio-core-1.4.0.pom
[INFO] Downloaded from central: https://repo.maven.apache.org/maven2/com/github/jai-imageio/jai-imageio-core/1.4.0/jai-imageio-core-1.4.0.pom (12 kB at 691 kB/s)
[INFO] Downloading from ApacheSnapshot: https://repository.apache.org/content/groups/snapshots/org/jfree/jfreechart/1.5.0/jfreechart-1.5.0.jar
[INFO] Downloading from ApacheSnapshot: https://repository.apache.org/content/groups/snapshots/com/google/zxing/javase/3.4.0/javase-3.4.0.jar
[INFO] Downloading from ApacheSnapshot: https://repository.apache.org/content/groups/snapshots/com/beust/jcommander/1.72/jcommander-1.72.jar
[INFO] Downloading from ApacheSnapshot: https://repository.apache.org/content/groups/snapshots/com/google/zxing/core/3.4.0/core-3.4.0.jar
[INFO] Downloading from central: https://repo.maven.apache.org/maven2/org/jfree/jfreechart/1.5.0/jfreechart-1.5.0.jar
[INFO] Downloading from central: https://repo.maven.apache.org/maven2/com/google/zxing/javase/3.4.0/javase-3.4.0.jar
[INFO] Downloading from central: https://repo.maven.apache.org/maven2/com/google/zxing/core/3.4.0/core-3.4.0.jar
[INFO] Downloading from central: https://repo.maven.apache.org/maven2/com/beust/jcommander/1.72/jcommander-1.72.jar
[INFO] Downloaded from central: https://repo.maven.apache.org/maven2/com/beust/jcommander/1.72/jcommander-1.72.jar (69 kB at 1.1 MB/s)
[INFO] Downloaded from central: https://repo.maven.apache.org/maven2/com/google/zxing/javase/3.4.0/javase-3.4.0.jar (37 kB at 299 kB/s)
[INFO] Downloaded from central: https://repo.maven.apache.org/maven2/com/google/zxing/core/3.4.0/core-3.4.0.jar (540 kB at 3.2 MB/s)
[INFO] Downloaded from central: https://repo.maven.apache.org/maven2/org/jfree/jfreechart/1.5.0/jfreechart-1.5.0.jar (1.6 MB at 5.2 MB/s)
[INFO] 
[INFO] --- maven-resources-plugin:2.6:resources (default-resources) @ openhtmltopdf-objects ---
[INFO] Using 'UTF-8' encoding to copy filtered resources.
[INFO] Copying 4 resources to META-INF
[INFO] 
[INFO] --- maven-compiler-plugin:3.3:compile (default-compile) @ openhtmltopdf-objects ---
[INFO] Changes detected - recompiling the module!
[INFO] Compiling 7 source files to /home/user/projects/openhtmltopdf/openhtmltopdf-objects/target/classes
[INFO] 
[INFO] -----------< com.openhtmltopdf:openhtmltopdf-latex-support >------------
[INFO] Building Openhtmltopdf Latex Math Support 1.0.5-SNAPSHOT         [10/13]
[INFO] --------------------------------[ jar ]---------------------------------
[INFO] Downloading from central: https://repo.maven.apache.org/maven2/de/rototor/snuggletex/snuggletex-core/1.3.0/snuggletex-core-1.3.0.pom
[INFO] Downloaded from central: https://repo.maven.apache.org/maven2/de/rototor/snuggletex/snuggletex-core/1.3.0/snuggletex-core-1.3.0.pom (4.6 kB at 23 kB/s)
[INFO] Downloading from central: https://repo.maven.apache.org/maven2/de/rototor/snuggletex/snuggletex/1.3.0/snuggletex-1.3.0.pom
[INFO] Downloaded from central: https://repo.maven.apache.org/maven2/de/rototor/snuggletex/snuggletex/1.3.0/snuggletex-1.3.0.pom (6.3 kB at 31 kB/s)
[INFO] Downloading from central: https://repo.maven.apache.org/maven2/de/rototor/snuggletex/snuggletex-core/1.3.0/snuggletex-core-1.3.0.jar
[INFO] Downloaded from central: https://repo.maven.apache.org/maven2/de/rototor/snuggletex/snuggletex-core/1.3.0/snuggletex-core-1.3.0.jar (382 kB at 1.4 MB/s)
[INFO] 
[INFO] --- maven-resources-plugin:2.6:resources (default-resources) @ openhtmltopdf-latex-support ---
[INFO] Using 'UTF-8' encoding to copy filtered resources.
[INFO] Copying 4 resources to META-INF
[INFO] 
[INFO] --- maven-compiler-plugin:3.3:compile (default-compile) @ openhtmltopdf-latex-support ---
[INFO] Changes detected - recompiling the module!
[INFO] Compiling 2 source files to /home/user/projects/openhtmltopdf/openhtmltopdf-latex-support/target/classes
[INFO] 
[INFO] --------------< com.openhtmltopdf:openhtmltopdf-examples >--------------
[INFO] Building Openhtmltopdf Examples 1.0.5-SNAPSHOT                   [11/13]
[INFO] --------------------------------[ jar ]---------------------------------
[INFO] Downloading from central: https://repo.maven.apache.org/maven2/org/mozilla/rhino/1.7.7/rhino-1.7.7.pom
[INFO] Downloaded from central: https://repo.maven.apache.org/maven2/org/mozilla/rhino/1.7.7/rhino-1.7.7.pom (1.3 kB at 88 kB/s)
[INFO] Downloading from central: https://repo.maven.apache.org/maven2/com/vladsch/flexmark/flexmark/0.19.6/flexmark-0.19.6.pom
[INFO] Downloaded from central: https://repo.maven.apache.org/maven2/com/vladsch/flexmark/flexmark/0.19.6/flexmark-0.19.6.pom (2.3 kB at 12 kB/s)
[INFO] Downloading from central: https://repo.maven.apache.org/maven2/com/vladsch/flexmark/flexmark-java/0.19.6/flexmark-java-0.19.6.pom
[INFO] Downloaded from central: https://repo.maven.apache.org/maven2/com/vladsch/flexmark/flexmark-java/0.19.6/flexmark-java-0.19.6.pom (17 kB at 89 kB/s)
[INFO] Downloading from central: https://repo.maven.apache.org/maven2/com/vladsch/flexmark/flexmark-util/0.19.6/flexmark-util-0.19.6.pom
[INFO] Downloaded from central: https://repo.maven.apache.org/maven2/com/vladsch/flexmark/flexmark-util/0.19.6/flexmark-util-0.19.6.pom (791 B at 3.9 kB/s)
[INFO] Downloading from central: https://repo.maven.apache.org/maven2/com/vladsch/flexmark/flexmark-ext-anchorlink/0.19.6/flexmark-ext-anchorlink-0.19.6.pom
[INFO] Downloaded from central: https://repo.maven.apache.org/maven2/com/vladsch/flexmark/flexmark-ext-anchorlink/0.19.6/flexmark-ext-anchorlink-0.19.6.pom (1.6 kB at 7.8 kB/s)
[INFO] Downloading from central: https://repo.maven.apache.org/maven2/com/vladsch/flexmark/flexmark-formatter/0.19.6/flexmark-formatter-0.19.6.pom
[INFO] Downloaded from central: https://repo.maven.apache.org/maven2/com/vladsch/flexmark/flexmark-formatter/0.19.6/flexmark-formatter-0.19.6.pom (1.1 kB at 5.8 kB/s)
[INFO] Downloading from central: https://repo.maven.apache.org/maven2/com/vladsch/flexmark/flexmark-ext-toc/0.19.6/flexmark-ext-toc-0.19.6.pom
[INFO] Downloaded from central: https://repo.maven.apache.org/maven2/com/vladsch/flexmark/flexmark-ext-toc/0.19.6/flexmark-ext-toc-0.19.6.pom (1.3 kB at 6.4 kB/s)
[INFO] Downloading from central: https://repo.maven.apache.org/maven2/org/freemarker/freemarker/2.3.27-incubating/freemarker-2.3.27-incubating.pom
[INFO] Downloaded from central: https://repo.maven.apache.org/maven2/org/freemarker/freemarker/2.3.27-incubating/freemarker-2.3.27-incubating.pom (3.5 kB at 350 kB/s)
[INFO] Downloading from central: https://repo.maven.apache.org/maven2/org/jsoup/jsoup/1.13.1/jsoup-1.13.1.pom
[INFO] Downloaded from central: https://repo.maven.apache.org/maven2/org/jsoup/jsoup/1.13.1/jsoup-1.13.1.pom (9.2 kB at 833 kB/s)
[INFO] Downloading from central: https://repo.maven.apache.org/maven2/org/openjdk/jmh/jmh-core/1.25.2/jmh-core-1.25.2.pom
[INFO] Downloaded from central: https://repo.maven.apache.org/maven2/org/openjdk/jmh/jmh-core/1.25.2/jmh-core-1.25.2.pom (9.6 kB at 50 kB/s)
[INFO] Downloading from central: https://repo.maven.apache.org/maven2/org/openjdk/jmh/jmh-parent/1.25.2/jmh-parent-1.25.2.pom
[INFO] Downloaded from central: https://repo.maven.apache.org/maven2/org/openjdk/jmh/jmh-parent/1.25.2/jmh-parent-1.25.2.pom (11 kB at 58 kB/s)
[INFO] Downloading from central: https://repo.maven.apache.org/maven2/net/sf/jopt-simple/jopt-simple/4.6/jopt-simple-4.6.pom
[INFO] Downloaded from central: https://repo.maven.apache.org/maven2/net/sf/jopt-simple/jopt-simple/4.6/jopt-simple-4.6.pom (11 kB at 941 kB/s)
[INFO] Downloading from central: https://repo.maven.apache.org/maven2/org/apache/commons/commons-math3/3.2/commons-math3-3.2.pom
[INFO] Downloaded from central: https://repo.maven.apache.org/maven2/org/apache/commons/commons-math3/3.2/commons-math3-3.2.pom (17 kB at 1.2 MB/s)
[INFO] Downloading from central: https://repo.maven.apache.org/maven2/org/openjdk/jmh/jmh-generator-annprocess/1.25.2/jmh-generator-annprocess-1.25.2.pom
[INFO] Downloaded from central: https://repo.maven.apache.org/maven2/org/openjdk/jmh/jmh-generator-annprocess/1.25.2/jmh-generator-annprocess-1.25.2.pom (3.8 kB at 18 kB/s)
[INFO] Downloading from central: https://repo.maven.apache.org/maven2/org/mozilla/rhino/1.7.7/rhino-1.7.7.jar
[INFO] Downloading from central: https://repo.maven.apache.org/maven2/com/vladsch/flexmark/flexmark/0.19.6/flexmark-0.19.6.jar
[INFO] Downloading from central: https://repo.maven.apache.org/maven2/com/vladsch/flexmark/flexmark-util/0.19.6/flexmark-util-0.19.6.jar
[INFO] Downloading from central: https://repo.maven.apache.org/maven2/com/vladsch/flexmark/flexmark-formatter/0.19.6/flexmark-formatter-0.19.6.jar
[INFO] Downloading from central: https://repo.maven.apache.org/maven2/com/vladsch/flexmark/flexmark-ext-anchorlink/0.19.6/flexmark-ext-anchorlink-0.19.6.jar
[INFO] Downloaded from central: https://repo.maven.apache.org/maven2/com/vladsch/flexmark/flexmark-ext-anchorlink/0.19.6/flexmark-ext-anchorlink-0.19.6.jar (17 kB at 67 kB/s)
[INFO] Downloading from central: https://repo.maven.apache.org/maven2/com/vladsch/flexmark/flexmark-ext-toc/0.19.6/flexmark-ext-toc-0.19.6.jar
[INFO] Downloaded from central: https://repo.maven.apache.org/maven2/org/mozilla/rhino/1.7.7/rhino-1.7.7.jar (1.3 MB at 4.0 MB/s)
[INFO] Downloading from central: https://repo.maven.apache.org/maven2/org/freemarker/freemarker/2.3.27-incubating/freemarker-2.3.27-incubating.jar
[INFO] Downloaded from central: https://repo.maven.apache.org/maven2/com/vladsch/flexmark/flexmark-formatter/0.19.6/flexmark-formatter-0.19.6.jar (73 kB at 232 kB/s)
[INFO] Downloading from central: https://repo.maven.apache.org/maven2/org/jsoup/jsoup/1.13.1/jsoup-1.13.1.jar
[INFO] Downloaded from central: https://repo.maven.apache.org/maven2/com/vladsch/flexmark/flexmark-util/0.19.6/flexmark-util-0.19.6.jar (278 kB at 825 kB/s)
[INFO] Downloading from central: https://repo.maven.apache.org/maven2/org/openjdk/jmh/jmh-core/1.25.2/jmh-core-1.25.2.jar
[INFO] Downloaded from central: https://repo.maven.apache.org/maven2/com/vladsch/flexmark/flexmark/0.19.6/flexmark-0.19.6.jar (359 kB at 953 kB/s)
[INFO] Downloading from central: https://repo.maven.apache.org/maven2/net/sf/jopt-simple/jopt-simple/4.6/jopt-simple-4.6.jar
[INFO] Downloaded from central: https://repo.maven.apache.org/maven2/net/sf/jopt-simple/jopt-simple/4.6/jopt-simple-4.6.jar (62 kB at 148 kB/s)
[INFO] Downloading from central: https://repo.maven.apache.org/maven2/org/apache/commons/commons-math3/3.2/commons-math3-3.2.jar
[INFO] Downloaded from central: https://repo.maven.apache.org/maven2/com/vladsch/flexmark/flexmark-ext-toc/0.19.6/flexmark-ext-toc-0.19.6.jar (88 kB at 171 kB/s)
[INFO] Downloading from central: https://repo.maven.apache.org/maven2/org/openjdk/jmh/jmh-generator-annprocess/1.25.2/jmh-generator-annprocess-1.25.2.jar
[INFO] Downloaded from central: https://repo.maven.apache.org/maven2/org/openjdk/jmh/jmh-core/1.25.2/jmh-core-1.25.2.jar (541 kB at 767 kB/s)
[INFO] Downloaded from central: https://repo.maven.apache.org/maven2/org/openjdk/jmh/jmh-generator-annprocess/1.25.2/jmh-generator-annprocess-1.25.2.jar (31 kB at 38 kB/s)
[INFO] Downloaded from central: https://repo.maven.apache.org/maven2/org/jsoup/jsoup/1.13.1/jsoup-1.13.1.jar (394 kB at 480 kB/s)
[INFO] Downloaded from central: https://repo.maven.apache.org/maven2/org/freemarker/freemarker/2.3.27-incubating/freemarker-2.3.27-incubating.jar (1.5 MB at 1.8 MB/s)
[INFO] Downloaded from central: https://repo.maven.apache.org/maven2/org/apache/commons/commons-math3/3.2/commons-math3-3.2.jar (1.7 MB at 1.9 MB/s)
[INFO] 
[INFO] --- maven-resources-plugin:2.6:resources (default-resources) @ openhtmltopdf-examples ---
[INFO] Using 'UTF-8' encoding to copy filtered resources.
[INFO] Copying 639 resources
[INFO] Copying 4 resources to META-INF
[INFO] 
[INFO] --- maven-compiler-plugin:3.8.1:compile (default-compile) @ openhtmltopdf-examples ---
[INFO] Changes detected - recompiling the module!
[INFO] Compiling 13 source files to /home/user/projects/openhtmltopdf/openhtmltopdf-examples/target/classes
[INFO] /home/user/projects/openhtmltopdf/openhtmltopdf-examples/src/main/java/VerifyGlyphExists.java: /home/user/projects/openhtmltopdf/openhtmltopdf-examples/src/main/java/VerifyGlyphExists.java uses or overrides a deprecated API.
[INFO] /home/user/projects/openhtmltopdf/openhtmltopdf-examples/src/main/java/VerifyGlyphExists.java: Recompile with -Xlint:deprecation for details.
[INFO] 
[INFO] ------------< com.openhtmltopdf:openhtmltopdf-pdfa-testing >------------
[INFO] Building Openhtmltopdf PDF/A Testing 1.0.5-SNAPSHOT              [12/13]
[INFO] --------------------------------[ jar ]---------------------------------
[INFO] Downloading from central: https://repo.maven.apache.org/maven2/org/verapdf/validation-model/1.14.102/validation-model-1.14.102.pom
[INFO] Downloaded from central: https://repo.maven.apache.org/maven2/org/verapdf/validation-model/1.14.102/validation-model-1.14.102.pom (2.4 kB at 9.9 kB/s)
[INFO] Downloading from central: https://repo.maven.apache.org/maven2/org/verapdf/validation/1.14.102/validation-1.14.102.pom
[INFO] Downloaded from central: https://repo.maven.apache.org/maven2/org/verapdf/validation/1.14.102/validation-1.14.102.pom (6.0 kB at 20 kB/s)
[INFO] Downloading from central: https://repo.maven.apache.org/maven2/org/verapdf/verapdf-parent/1.14.3/verapdf-parent-1.14.3.pom
[INFO] Downloaded from central: https://repo.maven.apache.org/maven2/org/verapdf/verapdf-parent/1.14.3/verapdf-parent-1.14.3.pom (17 kB at 77 kB/s)
[INFO] Downloading from vera-dev: https://artifactory.openpreservation.org/artifactory/vera-dev/org/verapdf/parser/maven-metadata.xml
[INFO] Downloading from central: https://repo.maven.apache.org/maven2/org/verapdf/parser/maven-metadata.xml
[INFO] Downloading from sonatype-nexus-snapshots: https://oss.sonatype.org/content/repositories/snapshots/org/verapdf/parser/maven-metadata.xml
[INFO] Downloaded from central: https://repo.maven.apache.org/maven2/org/verapdf/parser/maven-metadata.xml (1.3 kB at 12 kB/s)
[INFO] Downloaded from vera-dev: https://artifactory.openpreservation.org/artifactory/vera-dev/org/verapdf/parser/maven-metadata.xml (11 kB at 8.4 kB/s)
[INFO] Downloading from central: https://repo.maven.apache.org/maven2/org/verapdf/parser/1.14.1-RC/parser-1.14.1-RC.pom
[INFO] Downloaded from central: https://repo.maven.apache.org/maven2/org/verapdf/parser/1.14.1-RC/parser-1.14.1-RC.pom (5.4 kB at 22 kB/s)
[INFO] Downloading from central: https://repo.maven.apache.org/maven2/org/verapdf/verapdf-parent/1.14.1/verapdf-parent-1.14.1.pom
[INFO] Downloaded from central: https://repo.maven.apache.org/maven2/org/verapdf/verapdf-parent/1.14.1/verapdf-parent-1.14.1.pom (16 kB at 81 kB/s)
[INFO] Downloading from central: https://repo.maven.apache.org/maven2/org/verapdf/parser/1.14.1/parser-1.14.1.pom
[INFO] Downloaded from central: https://repo.maven.apache.org/maven2/org/verapdf/parser/1.14.1/parser-1.14.1.pom (5.4 kB at 27 kB/s)
[INFO] Downloading from central: https://repo.maven.apache.org/maven2/org/verapdf/verapdf-parent/1.14.2/verapdf-parent-1.14.2.pom
[INFO] Downloaded from central: https://repo.maven.apache.org/maven2/org/verapdf/verapdf-parent/1.14.2/verapdf-parent-1.14.2.pom (17 kB at 86 kB/s)
[INFO] Downloading from central: https://repo.maven.apache.org/maven2/org/verapdf/parser/1.14.2-RC/parser-1.14.2-RC.pom
[INFO] Downloaded from central: https://repo.maven.apache.org/maven2/org/verapdf/parser/1.14.2-RC/parser-1.14.2-RC.pom (5.4 kB at 27 kB/s)
[INFO] Downloading from central: https://repo.maven.apache.org/maven2/org/verapdf/parser/1.14.3-RC/parser-1.14.3-RC.pom
[INFO] Downloaded from central: https://repo.maven.apache.org/maven2/org/verapdf/parser/1.14.3-RC/parser-1.14.3-RC.pom (5.4 kB at 27 kB/s)
[INFO] Downloading from central: https://repo.maven.apache.org/maven2/org/verapdf/parser/1.14.4-RC/parser-1.14.4-RC.pom
[INFO] Downloaded from central: https://repo.maven.apache.org/maven2/org/verapdf/parser/1.14.4-RC/parser-1.14.4-RC.pom (5.4 kB at 25 kB/s)
[INFO] Downloading from central: https://repo.maven.apache.org/maven2/org/verapdf/parser/1.14.5-RC/parser-1.14.5-RC.pom
[INFO] Downloaded from central: https://repo.maven.apache.org/maven2/org/verapdf/parser/1.14.5-RC/parser-1.14.5-RC.pom (5.4 kB at 28 kB/s)
[INFO] Downloading from central: https://repo.maven.apache.org/maven2/org/verapdf/parser/1.14.6-RC/parser-1.14.6-RC.pom
[INFO] Downloaded from central: https://repo.maven.apache.org/maven2/org/verapdf/parser/1.14.6-RC/parser-1.14.6-RC.pom (5.4 kB at 28 kB/s)
[INFO] Downloading from central: https://repo.maven.apache.org/maven2/org/verapdf/parser/1.14.7-RC/parser-1.14.7-RC.pom
[INFO] Downloaded from central: https://repo.maven.apache.org/maven2/org/verapdf/parser/1.14.7-RC/parser-1.14.7-RC.pom (5.4 kB at 27 kB/s)
[INFO] Downloading from central: https://repo.maven.apache.org/maven2/org/verapdf/parser/1.14.9-RC/parser-1.14.9-RC.pom
[INFO] Downloaded from central: https://repo.maven.apache.org/maven2/org/verapdf/parser/1.14.9-RC/parser-1.14.9-RC.pom (5.4 kB at 26 kB/s)
[INFO] Downloading from central: https://repo.maven.apache.org/maven2/org/verapdf/parser/1.14.10-RC/parser-1.14.10-RC.pom
[INFO] Downloaded from central: https://repo.maven.apache.org/maven2/org/verapdf/parser/1.14.10-RC/parser-1.14.10-RC.pom (5.4 kB at 28 kB/s)
[INFO] Downloading from central: https://repo.maven.apache.org/maven2/org/verapdf/parser/1.14.11-RC/parser-1.14.11-RC.pom
[INFO] Downloaded from central: https://repo.maven.apache.org/maven2/org/verapdf/parser/1.14.11-RC/parser-1.14.11-RC.pom (5.4 kB at 27 kB/s)
[INFO] Downloading from central: https://repo.maven.apache.org/maven2/org/verapdf/parser/1.14.100/parser-1.14.100.pom
[INFO] Downloaded from central: https://repo.maven.apache.org/maven2/org/verapdf/parser/1.14.100/parser-1.14.100.pom (5.4 kB at 27 kB/s)
[INFO] Downloading from central: https://repo.maven.apache.org/maven2/org/verapdf/parser/1.14.101/parser-1.14.101.pom
[INFO] Downloaded from central: https://repo.maven.apache.org/maven2/org/verapdf/parser/1.14.101/parser-1.14.101.pom (5.4 kB at 28 kB/s)
[INFO] Downloading from central: https://repo.maven.apache.org/maven2/org/verapdf/parser/1.14.102/parser-1.14.102.pom
[INFO] Downloaded from central: https://repo.maven.apache.org/maven2/org/verapdf/parser/1.14.102/parser-1.14.102.pom (5.4 kB at 27 kB/s)
[INFO] Downloading from central: https://repo.maven.apache.org/maven2/org/verapdf/verapdf-parent/1.14.4/verapdf-parent-1.14.4.pom
[INFO] Downloaded from central: https://repo.maven.apache.org/maven2/org/verapdf/verapdf-parent/1.14.4/verapdf-parent-1.14.4.pom (17 kB at 81 kB/s)
[INFO] Downloading from central: https://repo.maven.apache.org/maven2/org/verapdf/parser/1.14.103/parser-1.14.103.pom
[INFO] Downloaded from central: https://repo.maven.apache.org/maven2/org/verapdf/parser/1.14.103/parser-1.14.103.pom (5.4 kB at 26 kB/s)
[INFO] Downloading from central: https://repo.maven.apache.org/maven2/org/verapdf/parser/1.14.104/parser-1.14.104.pom
[INFO] Downloaded from central: https://repo.maven.apache.org/maven2/org/verapdf/parser/1.14.104/parser-1.14.104.pom (5.4 kB at 26 kB/s)
[INFO] Downloading from vera-dev: https://artifactory.openpreservation.org/artifactory/vera-dev/org/verapdf/pdf-model/maven-metadata.xml
[INFO] Downloading from sonatype-nexus-snapshots: https://oss.sonatype.org/content/repositories/snapshots/org/verapdf/pdf-model/maven-metadata.xml
[INFO] Downloading from central: https://repo.maven.apache.org/maven2/org/verapdf/pdf-model/maven-metadata.xml
[INFO] Downloaded from vera-dev: https://artifactory.openpreservation.org/artifactory/vera-dev/org/verapdf/pdf-model/maven-metadata.xml (4.7 kB at 42 kB/s)
[INFO] Downloaded from central: https://repo.maven.apache.org/maven2/org/verapdf/pdf-model/maven-metadata.xml (892 B at 7.0 kB/s)
[INFO] Downloading from central: https://repo.maven.apache.org/maven2/org/verapdf/pdf-model/1.14.1-RC/pdf-model-1.14.1-RC.pom
[INFO] Downloaded from central: https://repo.maven.apache.org/maven2/org/verapdf/pdf-model/1.14.1-RC/pdf-model-1.14.1-RC.pom (6.8 kB at 31 kB/s)
[INFO] Downloading from central: https://repo.maven.apache.org/maven2/org/verapdf/pdf-model/1.14.1/pdf-model-1.14.1.pom
[INFO] Downloaded from central: https://repo.maven.apache.org/maven2/org/verapdf/pdf-model/1.14.1/pdf-model-1.14.1.pom (6.8 kB at 34 kB/s)
[INFO] Downloading from central: https://repo.maven.apache.org/maven2/org/verapdf/pdf-model/1.14.2-RC/pdf-model-1.14.2-RC.pom
[INFO] Downloaded from central: https://repo.maven.apache.org/maven2/org/verapdf/pdf-model/1.14.2-RC/pdf-model-1.14.2-RC.pom (6.8 kB at 34 kB/s)
[INFO] Downloading from central: https://repo.maven.apache.org/maven2/org/verapdf/pdf-model/1.14.3/pdf-model-1.14.3.pom
[INFO] Downloading from vera-dev: https://artifactory.openpreservation.org/artifactory/vera-dev/org/verapdf/pdf-model/1.14.3/pdf-model-1.14.3.pom
[INFO] Downloaded from vera-dev: https://artifactory.openpreservation.org/artifactory/vera-dev/org/verapdf/pdf-model/1.14.3/pdf-model-1.14.3.pom (6.4 kB at 58 kB/s)
[INFO] Downloading from central: https://repo.maven.apache.org/maven2/org/verapdf/pdf-model/1.14.30-RC/pdf-model-1.14.30-RC.pom
[INFO] Downloaded from central: https://repo.maven.apache.org/maven2/org/verapdf/pdf-model/1.14.30-RC/pdf-model-1.14.30-RC.pom (6.8 kB at 33 kB/s)
[INFO] Downloading from central: https://repo.maven.apache.org/maven2/org/verapdf/pdf-model/1.14.35-RC/pdf-model-1.14.35-RC.pom
[INFO] Downloaded from central: https://repo.maven.apache.org/maven2/org/verapdf/pdf-model/1.14.35-RC/pdf-model-1.14.35-RC.pom (6.8 kB at 34 kB/s)
[INFO] Downloading from central: https://repo.maven.apache.org/maven2/org/verapdf/pdf-model/1.14.52/pdf-model-1.14.52.pom
[INFO] Downloading from vera-dev: https://artifactory.openpreservation.org/artifactory/vera-dev/org/verapdf/pdf-model/1.14.52/pdf-model-1.14.52.pom
[INFO] Downloaded from vera-dev: https://artifactory.openpreservation.org/artifactory/vera-dev/org/verapdf/pdf-model/1.14.52/pdf-model-1.14.52.pom (6.4 kB at 54 kB/s)
[INFO] Downloading from central: https://repo.maven.apache.org/maven2/org/verapdf/pdf-model/1.14.100/pdf-model-1.14.100.pom
[INFO] Downloaded from central: https://repo.maven.apache.org/maven2/org/verapdf/pdf-model/1.14.100/pdf-model-1.14.100.pom (6.8 kB at 33 kB/s)
[INFO] Downloading from central: https://repo.maven.apache.org/maven2/org/verapdf/pdf-model/1.14.101/pdf-model-1.14.101.pom
[INFO] Downloaded from central: https://repo.maven.apache.org/maven2/org/verapdf/pdf-model/1.14.101/pdf-model-1.14.101.pom (6.8 kB at 35 kB/s)
[INFO] Downloading from central: https://repo.maven.apache.org/maven2/org/verapdf/pdf-model/1.14.102/pdf-model-1.14.102.pom
[INFO] Downloaded from central: https://repo.maven.apache.org/maven2/org/verapdf/pdf-model/1.14.102/pdf-model-1.14.102.pom (6.8 kB at 34 kB/s)
[INFO] Downloading from central: https://repo.maven.apache.org/maven2/org/verapdf/pdf-model/1.14.103/pdf-model-1.14.103.pom
[INFO] Downloaded from central: https://repo.maven.apache.org/maven2/org/verapdf/pdf-model/1.14.103/pdf-model-1.14.103.pom (6.8 kB at 35 kB/s)
[INFO] Downloading from sonatype-nexus-snapshots: https://oss.sonatype.org/content/repositories/snapshots/org/verapdf/core/maven-metadata.xml
[INFO] Downloading from vera-dev: https://artifactory.openpreservation.org/artifactory/vera-dev/org/verapdf/core/maven-metadata.xml
[INFO] Downloading from central: https://repo.maven.apache.org/maven2/org/verapdf/core/maven-metadata.xml
[INFO] Downloaded from central: https://repo.maven.apache.org/maven2/org/verapdf/core/maven-metadata.xml (986 B at 6.0 kB/s)
[INFO] Downloaded from vera-dev: https://artifactory.openpreservation.org/artifactory/vera-dev/org/verapdf/core/maven-metadata.xml (9.3 kB at 40 kB/s)
[INFO] Downloaded from sonatype-nexus-snapshots: https://oss.sonatype.org/content/repositories/snapshots/org/verapdf/core/maven-metadata.xml (273 B at 104 B/s)
[INFO] Downloading from central: https://repo.maven.apache.org/maven2/org/verapdf/core/1.14.1-RC/core-1.14.1-RC.pom
[INFO] Downloaded from central: https://repo.maven.apache.org/maven2/org/verapdf/core/1.14.1-RC/core-1.14.1-RC.pom (3.3 kB at 17 kB/s)
[INFO] Downloading from central: https://repo.maven.apache.org/maven2/org/verapdf/verapdf-library/1.14.1-RC/verapdf-library-1.14.1-RC.pom
[INFO] Downloaded from central: https://repo.maven.apache.org/maven2/org/verapdf/verapdf-library/1.14.1-RC/verapdf-library-1.14.1-RC.pom (6.1 kB at 31 kB/s)
[INFO] Downloading from central: https://repo.maven.apache.org/maven2/org/verapdf/verapdf-xmp-core/1.14.1-RC/verapdf-xmp-core-1.14.1-RC.pom
[INFO] Downloaded from central: https://repo.maven.apache.org/maven2/org/verapdf/verapdf-xmp-core/1.14.1-RC/verapdf-xmp-core-1.14.1-RC.pom (1.8 kB at 9.2 kB/s)
[INFO] Downloading from central: https://repo.maven.apache.org/maven2/org/mozilla/rhino/1.7.11/rhino-1.7.11.pom
[INFO] Downloaded from central: https://repo.maven.apache.org/maven2/org/mozilla/rhino/1.7.11/rhino-1.7.11.pom (0 B at 0 B/s)
[INFO] Downloading from central: https://repo.maven.apache.org/maven2/com/sun/xml/bind/jaxb-impl/2.3.2/jaxb-impl-2.3.2.pom
[INFO] Downloaded from central: https://repo.maven.apache.org/maven2/com/sun/xml/bind/jaxb-impl/2.3.2/jaxb-impl-2.3.2.pom (13 kB at 179 kB/s)
[INFO] Downloading from central: https://repo.maven.apache.org/maven2/com/sun/xml/bind/mvn/jaxb-bundles/2.3.2/jaxb-bundles-2.3.2.pom
[INFO] Downloaded from central: https://repo.maven.apache.org/maven2/com/sun/xml/bind/mvn/jaxb-bundles/2.3.2/jaxb-bundles-2.3.2.pom (1.3 kB at 126 kB/s)
[INFO] Downloading from central: https://repo.maven.apache.org/maven2/com/sun/xml/bind/mvn/jaxb-parent/2.3.2/jaxb-parent-2.3.2.pom
[INFO] Downloaded from central: https://repo.maven.apache.org/maven2/com/sun/xml/bind/mvn/jaxb-parent/2.3.2/jaxb-parent-2.3.2.pom (0 B at 0 B/s)
[INFO] Downloading from central: https://repo.maven.apache.org/maven2/com/sun/xml/bind/jaxb-bom-ext/2.3.2/jaxb-bom-ext-2.3.2.pom
[INFO] Downloaded from central: https://repo.maven.apache.org/maven2/com/sun/xml/bind/jaxb-bom-ext/2.3.2/jaxb-bom-ext-2.3.2.pom (0 B at 0 B/s)
[INFO] Downloading from central: https://repo.maven.apache.org/maven2/org/glassfish/jaxb/jaxb-bom/2.3.2/jaxb-bom-2.3.2.pom
[INFO] Downloaded from central: https://repo.maven.apache.org/maven2/org/glassfish/jaxb/jaxb-bom/2.3.2/jaxb-bom-2.3.2.pom (0 B at 0 B/s)
[INFO] Downloading from central: https://repo.maven.apache.org/maven2/com/sun/xml/bind/jaxb-core/2.3.0.1/jaxb-core-2.3.0.1.pom
[INFO] Downloaded from central: https://repo.maven.apache.org/maven2/com/sun/xml/bind/jaxb-core/2.3.0.1/jaxb-core-2.3.0.1.pom (16 kB at 951 kB/s)
[INFO] Downloading from central: https://repo.maven.apache.org/maven2/com/sun/xml/bind/mvn/jaxb-bundles/2.3.0.1/jaxb-bundles-2.3.0.1.pom
[INFO] Downloaded from central: https://repo.maven.apache.org/maven2/com/sun/xml/bind/mvn/jaxb-bundles/2.3.0.1/jaxb-bundles-2.3.0.1.pom (2.9 kB at 324 kB/s)
[INFO] Downloading from central: https://repo.maven.apache.org/maven2/com/sun/xml/bind/mvn/jaxb-parent/2.3.0.1/jaxb-parent-2.3.0.1.pom
[INFO] Downloaded from central: https://repo.maven.apache.org/maven2/com/sun/xml/bind/mvn/jaxb-parent/2.3.0.1/jaxb-parent-2.3.0.1.pom (43 kB at 1.2 MB/s)
[INFO] Downloading from central: https://repo.maven.apache.org/maven2/com/sun/xml/bind/jaxb-bom-ext/2.3.0.1/jaxb-bom-ext-2.3.0.1.pom
[INFO] Downloaded from central: https://repo.maven.apache.org/maven2/com/sun/xml/bind/jaxb-bom-ext/2.3.0.1/jaxb-bom-ext-2.3.0.1.pom (5.4 kB at 451 kB/s)
[INFO] Downloading from central: https://repo.maven.apache.org/maven2/org/glassfish/jaxb/jaxb-bom/2.3.0.1/jaxb-bom-2.3.0.1.pom
[INFO] Downloaded from central: https://repo.maven.apache.org/maven2/org/glassfish/jaxb/jaxb-bom/2.3.0.1/jaxb-bom-2.3.0.1.pom (11 kB at 667 kB/s)
[INFO] Downloading from central: https://repo.maven.apache.org/maven2/net/java/dev/stax-utils/stax-utils/20070216/stax-utils-20070216.pom
[INFO] Downloaded from central: https://repo.maven.apache.org/maven2/net/java/dev/stax-utils/stax-utils/20070216/stax-utils-20070216.pom (1.2 kB at 90 kB/s)
[INFO] Downloading from central: https://repo.maven.apache.org/maven2/org/verapdf/core/1.14.1/core-1.14.1.pom
[INFO] Downloading from vera-dev: https://artifactory.openpreservation.org/artifactory/vera-dev/org/verapdf/core/1.14.1/core-1.14.1.pom
[INFO] Downloaded from vera-dev: https://artifactory.openpreservation.org/artifactory/vera-dev/org/verapdf/core/1.14.1/core-1.14.1.pom (3.2 kB at 34 kB/s)
[INFO] Downloading from central: https://repo.maven.apache.org/maven2/org/verapdf/verapdf-library/1.14.1/verapdf-library-1.14.1.pom
[INFO] Downloading from vera-dev: https://artifactory.openpreservation.org/artifactory/vera-dev/org/verapdf/verapdf-library/1.14.1/verapdf-library-1.14.1.pom
[INFO] Downloaded from vera-dev: https://artifactory.openpreservation.org/artifactory/vera-dev/org/verapdf/verapdf-library/1.14.1/verapdf-library-1.14.1.pom (6.1 kB at 62 kB/s)
[INFO] Downloading from central: https://repo.maven.apache.org/maven2/org/verapdf/verapdf-xmp-core/1.14.1/verapdf-xmp-core-1.14.1.pom
[INFO] Downloading from vera-dev: https://artifactory.openpreservation.org/artifactory/vera-dev/org/verapdf/verapdf-xmp-core/1.14.1/verapdf-xmp-core-1.14.1.pom
[INFO] Downloaded from vera-dev: https://artifactory.openpreservation.org/artifactory/vera-dev/org/verapdf/verapdf-xmp-core/1.14.1/verapdf-xmp-core-1.14.1.pom (1.8 kB at 12 kB/s)
[INFO] Downloading from central: https://repo.maven.apache.org/maven2/org/verapdf/core/1.14.2-RC/core-1.14.2-RC.pom
[INFO] Downloaded from central: https://repo.maven.apache.org/maven2/org/verapdf/core/1.14.2-RC/core-1.14.2-RC.pom (3.3 kB at 13 kB/s)
[INFO] Downloading from central: https://repo.maven.apache.org/maven2/org/verapdf/verapdf-library/1.14.2-RC/verapdf-library-1.14.2-RC.pom
[INFO] Downloaded from central: https://repo.maven.apache.org/maven2/org/verapdf/verapdf-library/1.14.2-RC/verapdf-library-1.14.2-RC.pom (6.1 kB at 26 kB/s)
[INFO] Downloading from central: https://repo.maven.apache.org/maven2/org/verapdf/verapdf-xmp-core/1.14.2-RC/verapdf-xmp-core-1.14.2-RC.pom
[INFO] Downloaded from central: https://repo.maven.apache.org/maven2/org/verapdf/verapdf-xmp-core/1.14.2-RC/verapdf-xmp-core-1.14.2-RC.pom (1.8 kB at 9.1 kB/s)
[INFO] Downloading from central: https://repo.maven.apache.org/maven2/org/verapdf/core/1.14.2/core-1.14.2.pom
[INFO] Downloading from vera-dev: https://artifactory.openpreservation.org/artifactory/vera-dev/org/verapdf/core/1.14.2/core-1.14.2.pom
[INFO] Downloaded from vera-dev: https://artifactory.openpreservation.org/artifactory/vera-dev/org/verapdf/core/1.14.2/core-1.14.2.pom (3.2 kB at 37 kB/s)
[INFO] Downloading from central: https://repo.maven.apache.org/maven2/org/verapdf/verapdf-library/1.14.2/verapdf-library-1.14.2.pom
[INFO] Downloading from vera-dev: https://artifactory.openpreservation.org/artifactory/vera-dev/org/verapdf/verapdf-library/1.14.2/verapdf-library-1.14.2.pom
[INFO] Downloaded from vera-dev: https://artifactory.openpreservation.org/artifactory/vera-dev/org/verapdf/verapdf-library/1.14.2/verapdf-library-1.14.2.pom (6.1 kB at 54 kB/s)
[INFO] Downloading from central: https://repo.maven.apache.org/maven2/org/verapdf/verapdf-xmp-core/1.14.2/verapdf-xmp-core-1.14.2.pom
[INFO] Downloading from vera-dev: https://artifactory.openpreservation.org/artifactory/vera-dev/org/verapdf/verapdf-xmp-core/1.14.2/verapdf-xmp-core-1.14.2.pom
[INFO] Downloaded from vera-dev: https://artifactory.openpreservation.org/artifactory/vera-dev/org/verapdf/verapdf-xmp-core/1.14.2/verapdf-xmp-core-1.14.2.pom (1.8 kB at 20 kB/s)
[INFO] Downloading from central: https://repo.maven.apache.org/maven2/org/verapdf/core/1.14.3-RC/core-1.14.3-RC.pom
[INFO] Downloaded from central: https://repo.maven.apache.org/maven2/org/verapdf/core/1.14.3-RC/core-1.14.3-RC.pom (3.3 kB at 16 kB/s)
[INFO] Downloading from central: https://repo.maven.apache.org/maven2/org/verapdf/verapdf-library/1.14.3-RC/verapdf-library-1.14.3-RC.pom
[INFO] Downloaded from central: https://repo.maven.apache.org/maven2/org/verapdf/verapdf-library/1.14.3-RC/verapdf-library-1.14.3-RC.pom (6.1 kB at 28 kB/s)
[INFO] Downloading from central: https://repo.maven.apache.org/maven2/org/verapdf/verapdf-xmp-core/1.14.3-RC/verapdf-xmp-core-1.14.3-RC.pom
[INFO] Downloaded from central: https://repo.maven.apache.org/maven2/org/verapdf/verapdf-xmp-core/1.14.3-RC/verapdf-xmp-core-1.14.3-RC.pom (1.8 kB at 7.9 kB/s)
[INFO] Downloading from central: https://repo.maven.apache.org/maven2/org/verapdf/core/1.14.6-RC/core-1.14.6-RC.pom
[INFO] Downloaded from central: https://repo.maven.apache.org/maven2/org/verapdf/core/1.14.6-RC/core-1.14.6-RC.pom (3.3 kB at 16 kB/s)
[INFO] Downloading from central: https://repo.maven.apache.org/maven2/org/verapdf/verapdf-library/1.14.6-RC/verapdf-library-1.14.6-RC.pom
[INFO] Downloaded from central: https://repo.maven.apache.org/maven2/org/verapdf/verapdf-library/1.14.6-RC/verapdf-library-1.14.6-RC.pom (6.1 kB at 24 kB/s)
[INFO] Downloading from central: https://repo.maven.apache.org/maven2/org/verapdf/verapdf-xmp-core/1.14.6-RC/verapdf-xmp-core-1.14.6-RC.pom
[INFO] Downloaded from central: https://repo.maven.apache.org/maven2/org/verapdf/verapdf-xmp-core/1.14.6-RC/verapdf-xmp-core-1.14.6-RC.pom (1.8 kB at 8.8 kB/s)
[INFO] Downloading from central: https://repo.maven.apache.org/maven2/org/verapdf/core/1.14.100/core-1.14.100.pom
[INFO] Downloaded from central: https://repo.maven.apache.org/maven2/org/verapdf/core/1.14.100/core-1.14.100.pom (3.3 kB at 17 kB/s)
[INFO] Downloading from central: https://repo.maven.apache.org/maven2/org/verapdf/verapdf-library/1.14.100/verapdf-library-1.14.100.pom
[INFO] Downloaded from central: https://repo.maven.apache.org/maven2/org/verapdf/verapdf-library/1.14.100/verapdf-library-1.14.100.pom (6.1 kB at 31 kB/s)
[INFO] Downloading from central: https://repo.maven.apache.org/maven2/org/verapdf/verapdf-xmp-core/1.14.100/verapdf-xmp-core-1.14.100.pom
[INFO] Downloaded from central: https://repo.maven.apache.org/maven2/org/verapdf/verapdf-xmp-core/1.14.100/verapdf-xmp-core-1.14.100.pom (1.8 kB at 9.2 kB/s)
[INFO] Downloading from central: https://repo.maven.apache.org/maven2/org/verapdf/core/1.14.101/core-1.14.101.pom
[INFO] Downloaded from central: https://repo.maven.apache.org/maven2/org/verapdf/core/1.14.101/core-1.14.101.pom (3.3 kB at 16 kB/s)
[INFO] Downloading from central: https://repo.maven.apache.org/maven2/org/verapdf/verapdf-library/1.14.101/verapdf-library-1.14.101.pom
[INFO] Downloaded from central: https://repo.maven.apache.org/maven2/org/verapdf/verapdf-library/1.14.101/verapdf-library-1.14.101.pom (6.1 kB at 31 kB/s)
[INFO] Downloading from central: https://repo.maven.apache.org/maven2/org/verapdf/verapdf-xmp-core/1.14.101/verapdf-xmp-core-1.14.101.pom
[INFO] Downloaded from central: https://repo.maven.apache.org/maven2/org/verapdf/verapdf-xmp-core/1.14.101/verapdf-xmp-core-1.14.101.pom (1.8 kB at 9.3 kB/s)
[INFO] Downloading from central: https://repo.maven.apache.org/maven2/org/verapdf/core/1.14.102/core-1.14.102.pom
[INFO] Downloaded from central: https://repo.maven.apache.org/maven2/org/verapdf/core/1.14.102/core-1.14.102.pom (3.3 kB at 15 kB/s)
[INFO] Downloading from central: https://repo.maven.apache.org/maven2/org/verapdf/verapdf-library/1.14.102/verapdf-library-1.14.102.pom
[INFO] Downloaded from central: https://repo.maven.apache.org/maven2/org/verapdf/verapdf-library/1.14.102/verapdf-library-1.14.102.pom (6.1 kB at 29 kB/s)
[INFO] Downloading from central: https://repo.maven.apache.org/maven2/org/verapdf/verapdf-xmp-core/1.14.102/verapdf-xmp-core-1.14.102.pom
[INFO] Downloaded from central: https://repo.maven.apache.org/maven2/org/verapdf/verapdf-xmp-core/1.14.102/verapdf-xmp-core-1.14.102.pom (1.8 kB at 9.1 kB/s)
[INFO] Downloading from central: https://repo.maven.apache.org/maven2/org/verapdf/core/1.14.103/core-1.14.103.pom
[INFO] Downloaded from central: https://repo.maven.apache.org/maven2/org/verapdf/core/1.14.103/core-1.14.103.pom (3.3 kB at 17 kB/s)
[INFO] Downloading from central: https://repo.maven.apache.org/maven2/org/verapdf/verapdf-library/1.14.103/verapdf-library-1.14.103.pom
[INFO] Downloaded from central: https://repo.maven.apache.org/maven2/org/verapdf/verapdf-library/1.14.103/verapdf-library-1.14.103.pom (6.1 kB at 30 kB/s)
[INFO] Downloading from central: https://repo.maven.apache.org/maven2/org/verapdf/verapdf-xmp-core/1.14.103/verapdf-xmp-core-1.14.103.pom
[INFO] Downloaded from central: https://repo.maven.apache.org/maven2/org/verapdf/verapdf-xmp-core/1.14.103/verapdf-xmp-core-1.14.103.pom (1.8 kB at 9.1 kB/s)
[INFO] Downloading from central: https://repo.maven.apache.org/maven2/org/verapdf/core/1.14.105/core-1.14.105.pom
[INFO] Downloaded from central: https://repo.maven.apache.org/maven2/org/verapdf/core/1.14.105/core-1.14.105.pom (3.3 kB at 17 kB/s)
[INFO] Downloading from central: https://repo.maven.apache.org/maven2/org/verapdf/verapdf-library/1.14.105/verapdf-library-1.14.105.pom
[INFO] Downloaded from central: https://repo.maven.apache.org/maven2/org/verapdf/verapdf-library/1.14.105/verapdf-library-1.14.105.pom (6.1 kB at 29 kB/s)
[INFO] Downloading from central: https://repo.maven.apache.org/maven2/org/verapdf/verapdf-xmp-core/1.14.105/verapdf-xmp-core-1.14.105.pom
[INFO] Downloaded from central: https://repo.maven.apache.org/maven2/org/verapdf/verapdf-xmp-core/1.14.105/verapdf-xmp-core-1.14.105.pom (1.8 kB at 8.9 kB/s)
[INFO] Downloading from central: https://repo.maven.apache.org/maven2/org/verapdf/feature-reporting/1.14.102/feature-reporting-1.14.102.pom
[INFO] Downloaded from central: https://repo.maven.apache.org/maven2/org/verapdf/feature-reporting/1.14.102/feature-reporting-1.14.102.pom (2.6 kB at 8.3 kB/s)
[INFO] Downloading from central: https://repo.maven.apache.org/maven2/javax/xml/bind/jaxb-api/2.3.1/jaxb-api-2.3.1.pom
[INFO] Downloaded from central: https://repo.maven.apache.org/maven2/javax/xml/bind/jaxb-api/2.3.1/jaxb-api-2.3.1.pom (0 B at 0 B/s)
[INFO] Downloading from central: https://repo.maven.apache.org/maven2/javax/xml/bind/jaxb-api-parent/2.3.1/jaxb-api-parent-2.3.1.pom
[INFO] Downloaded from central: https://repo.maven.apache.org/maven2/javax/xml/bind/jaxb-api-parent/2.3.1/jaxb-api-parent-2.3.1.pom (0 B at 0 B/s)
[INFO] Downloading from central: https://repo.maven.apache.org/maven2/org/verapdf/metadata-fixer/1.14.102/metadata-fixer-1.14.102.pom
[INFO] Downloaded from central: https://repo.maven.apache.org/maven2/org/verapdf/metadata-fixer/1.14.102/metadata-fixer-1.14.102.pom (2.2 kB at 6.9 kB/s)
[INFO] Downloading from sonatype-nexus-snapshots: https://oss.sonatype.org/content/repositories/snapshots/org/verapdf/verapdf-xmp-core/maven-metadata.xml
[INFO] Downloading from central: https://repo.maven.apache.org/maven2/org/verapdf/verapdf-xmp-core/maven-metadata.xml
[INFO] Downloading from vera-dev: https://artifactory.openpreservation.org/artifactory/vera-dev/org/verapdf/verapdf-xmp-core/maven-metadata.xml
[INFO] Downloaded from vera-dev: https://artifactory.openpreservation.org/artifactory/vera-dev/org/verapdf/verapdf-xmp-core/maven-metadata.xml (5.2 kB at 50 kB/s)
[INFO] Downloaded from central: https://repo.maven.apache.org/maven2/org/verapdf/verapdf-xmp-core/maven-metadata.xml (810 B at 7.4 kB/s)
[INFO] Downloading from central: https://repo.maven.apache.org/maven2/org/verapdf/validation-model/1.14.102/validation-model-1.14.102.jar
[INFO] Downloading from central: https://repo.maven.apache.org/maven2/org/verapdf/parser/1.14.104/parser-1.14.104.jar
[INFO] Downloading from central: https://repo.maven.apache.org/maven2/org/verapdf/core/1.14.105/core-1.14.105.jar
[INFO] Downloading from central: https://repo.maven.apache.org/maven2/org/verapdf/pdf-model/1.14.103/pdf-model-1.14.103.jar
[INFO] Downloading from central: https://repo.maven.apache.org/maven2/org/verapdf/verapdf-xmp-core/1.14.105/verapdf-xmp-core-1.14.105.jar
[INFO] Downloaded from central: https://repo.maven.apache.org/maven2/org/verapdf/pdf-model/1.14.103/pdf-model-1.14.103.jar (111 kB at 448 kB/s)
[INFO] Downloading from central: https://repo.maven.apache.org/maven2/org/mozilla/rhino/1.7.11/rhino-1.7.11.jar
[INFO] Downloaded from central: https://repo.maven.apache.org/maven2/org/verapdf/verapdf-xmp-core/1.14.105/verapdf-xmp-core-1.14.105.jar (143 kB at 530 kB/s)
[INFO] Downloading from central: https://repo.maven.apache.org/maven2/com/sun/xml/bind/jaxb-impl/2.3.2/jaxb-impl-2.3.2.jar
[INFO] Downloaded from central: https://repo.maven.apache.org/maven2/org/mozilla/rhino/1.7.11/rhino-1.7.11.jar (0 B at 0 B/s)
[INFO] Downloading from central: https://repo.maven.apache.org/maven2/com/sun/xml/bind/jaxb-core/2.3.0.1/jaxb-core-2.3.0.1.jar
[INFO] Downloaded from central: https://repo.maven.apache.org/maven2/org/verapdf/core/1.14.105/core-1.14.105.jar (674 kB at 1.7 MB/s)
[INFO] Downloading from central: https://repo.maven.apache.org/maven2/net/java/dev/stax-utils/stax-utils/20070216/stax-utils-20070216.jar
[INFO] Downloaded from central: https://repo.maven.apache.org/maven2/net/java/dev/stax-utils/stax-utils/20070216/stax-utils-20070216.jar (129 kB at 271 kB/s)
[INFO] Downloading from central: https://repo.maven.apache.org/maven2/org/verapdf/feature-reporting/1.14.102/feature-reporting-1.14.102.jar
[INFO] Downloaded from central: https://repo.maven.apache.org/maven2/com/sun/xml/bind/jaxb-core/2.3.0.1/jaxb-core-2.3.0.1.jar (255 kB at 534 kB/s)
[INFO] Downloading from central: https://repo.maven.apache.org/maven2/org/verapdf/metadata-fixer/1.14.102/metadata-fixer-1.14.102.jar
[INFO] Downloaded from central: https://repo.maven.apache.org/maven2/org/verapdf/validation-model/1.14.102/validation-model-1.14.102.jar (317 kB at 633 kB/s)
[INFO] Downloaded from central: https://repo.maven.apache.org/maven2/com/sun/xml/bind/jaxb-impl/2.3.2/jaxb-impl-2.3.2.jar (1.0 MB at 1.7 MB/s)
[INFO] Downloaded from central: https://repo.maven.apache.org/maven2/org/verapdf/feature-reporting/1.14.102/feature-reporting-1.14.102.jar (80 kB at 92 kB/s)
[INFO] Downloaded from central: https://repo.maven.apache.org/maven2/org/verapdf/metadata-fixer/1.14.102/metadata-fixer-1.14.102.jar (35 kB at 39 kB/s)
[INFO] Downloaded from central: https://repo.maven.apache.org/maven2/org/verapdf/parser/1.14.104/parser-1.14.104.jar (1.9 MB at 2.1 MB/s)
[INFO] 
[INFO] --- maven-resources-plugin:2.6:resources (default-resources) @ openhtmltopdf-pdfa-testing ---
[INFO] Using 'UTF-8' encoding to copy filtered resources.
[INFO] skip non existing resourceDirectory /home/user/projects/openhtmltopdf/openhtmltopdf-pdfa-testing/src/main/resources
[INFO] Copying 4 resources to META-INF
[INFO] 
[INFO] --- maven-compiler-plugin:3.3:compile (default-compile) @ openhtmltopdf-pdfa-testing ---
[INFO] No sources to compile
[INFO] 
[INFO] -------------< com.openhtmltopdf:openhtmltopdf-templates >--------------
[INFO] Building Openhtmltopdf Templates 1.0.5-SNAPSHOT                  [13/13]
[INFO] --------------------------------[ jar ]---------------------------------
[INFO] Downloading from central: https://repo.maven.apache.org/maven2/org/thymeleaf/thymeleaf/3.0.11.RELEASE/thymeleaf-3.0.11.RELEASE.pom
[INFO] Downloaded from central: https://repo.maven.apache.org/maven2/org/thymeleaf/thymeleaf/3.0.11.RELEASE/thymeleaf-3.0.11.RELEASE.pom (12 kB at 484 kB/s)
[INFO] Downloading from central: https://repo.maven.apache.org/maven2/ognl/ognl/3.1.12/ognl-3.1.12.pom
[INFO] Downloaded from central: https://repo.maven.apache.org/maven2/ognl/ognl/3.1.12/ognl-3.1.12.pom (5.9 kB at 586 kB/s)
[INFO] Downloading from central: https://repo.maven.apache.org/maven2/org/attoparser/attoparser/2.0.5.RELEASE/attoparser-2.0.5.RELEASE.pom
[INFO] Downloaded from central: https://repo.maven.apache.org/maven2/org/attoparser/attoparser/2.0.5.RELEASE/attoparser-2.0.5.RELEASE.pom (10 kB at 347 kB/s)
[INFO] Downloading from central: https://repo.maven.apache.org/maven2/org/unbescape/unbescape/1.1.6.RELEASE/unbescape-1.1.6.RELEASE.pom
[INFO] Downloaded from central: https://repo.maven.apache.org/maven2/org/unbescape/unbescape/1.1.6.RELEASE/unbescape-1.1.6.RELEASE.pom (10.0 kB at 905 kB/s)
[INFO] Downloading from central: https://repo.maven.apache.org/maven2/org/thymeleaf/extras/thymeleaf-extras-java8time/3.0.4.RELEASE/thymeleaf-extras-java8time-3.0.4.RELEASE.pom
[INFO] Downloaded from central: https://repo.maven.apache.org/maven2/org/thymeleaf/extras/thymeleaf-extras-java8time/3.0.4.RELEASE/thymeleaf-extras-java8time-3.0.4.RELEASE.pom (14 kB at 1.0 MB/s)
[INFO] Downloading from central: https://repo.maven.apache.org/maven2/org/imgscalr/imgscalr-lib/4.2/imgscalr-lib-4.2.pom
[INFO] Downloaded from central: https://repo.maven.apache.org/maven2/org/imgscalr/imgscalr-lib/4.2/imgscalr-lib-4.2.pom (0 B at 0 B/s)
[INFO] Downloading from central: https://repo.maven.apache.org/maven2/org/slf4j/slf4j-simple/1.7.30/slf4j-simple-1.7.30.pom
[INFO] Downloaded from central: https://repo.maven.apache.org/maven2/org/slf4j/slf4j-simple/1.7.30/slf4j-simple-1.7.30.pom (1.0 kB at 113 kB/s)
[INFO] Downloading from central: https://repo.maven.apache.org/maven2/org/codelibs/jhighlight/1.0.3/jhighlight-1.0.3.pom
[INFO] Downloaded from central: https://repo.maven.apache.org/maven2/org/codelibs/jhighlight/1.0.3/jhighlight-1.0.3.pom (3.2 kB at 264 kB/s)
[INFO] Downloading from central: https://repo.maven.apache.org/maven2/org/thymeleaf/thymeleaf/3.0.11.RELEASE/thymeleaf-3.0.11.RELEASE.jar
[INFO] Downloading from central: https://repo.maven.apache.org/maven2/ognl/ognl/3.1.12/ognl-3.1.12.jar
[INFO] Downloading from central: https://repo.maven.apache.org/maven2/org/attoparser/attoparser/2.0.5.RELEASE/attoparser-2.0.5.RELEASE.jar
[INFO] Downloading from central: https://repo.maven.apache.org/maven2/org/unbescape/unbescape/1.1.6.RELEASE/unbescape-1.1.6.RELEASE.jar
[INFO] Downloading from central: https://repo.maven.apache.org/maven2/org/thymeleaf/extras/thymeleaf-extras-java8time/3.0.4.RELEASE/thymeleaf-extras-java8time-3.0.4.RELEASE.jar
[INFO] Downloaded from central: https://repo.maven.apache.org/maven2/org/thymeleaf/extras/thymeleaf-extras-java8time/3.0.4.RELEASE/thymeleaf-extras-java8time-3.0.4.RELEASE.jar (40 kB at 397 kB/s)
[INFO] Downloading from central: https://repo.maven.apache.org/maven2/org/imgscalr/imgscalr-lib/4.2/imgscalr-lib-4.2.jar
[INFO] Downloaded from central: https://repo.maven.apache.org/maven2/org/imgscalr/imgscalr-lib/4.2/imgscalr-lib-4.2.jar (0 B at 0 B/s)
[INFO] Downloading from central: https://repo.maven.apache.org/maven2/org/slf4j/slf4j-simple/1.7.30/slf4j-simple-1.7.30.jar
[INFO] Downloaded from central: https://repo.maven.apache.org/maven2/org/attoparser/attoparser/2.0.5.RELEASE/attoparser-2.0.5.RELEASE.jar (245 kB at 1.9 MB/s)
[INFO] Downloaded from central: https://repo.maven.apache.org/maven2/org/unbescape/unbescape/1.1.6.RELEASE/unbescape-1.1.6.RELEASE.jar (174 kB at 1.4 MB/s)
[INFO] Downloading from central: https://repo.maven.apache.org/maven2/org/codelibs/jhighlight/1.0.3/jhighlight-1.0.3.jar
[INFO] Downloaded from central: https://repo.maven.apache.org/maven2/ognl/ognl/3.1.12/ognl-3.1.12.jar (236 kB at 1.6 MB/s)
[INFO] Downloaded from central: https://repo.maven.apache.org/maven2/org/slf4j/slf4j-simple/1.7.30/slf4j-simple-1.7.30.jar (15 kB at 110 kB/s)
[INFO] Downloaded from central: https://repo.maven.apache.org/maven2/org/codelibs/jhighlight/1.0.3/jhighlight-1.0.3.jar (234 kB at 1.2 MB/s)
[INFO] Downloaded from central: https://repo.maven.apache.org/maven2/org/thymeleaf/thymeleaf/3.0.11.RELEASE/thymeleaf-3.0.11.RELEASE.jar (870 kB at 3.3 MB/s)
[INFO] 
[INFO] --- maven-resources-plugin:2.6:resources (default-resources) @ openhtmltopdf-templates ---
[INFO] Using 'UTF-8' encoding to copy filtered resources.
[INFO] Copying 5 resources
[INFO] 
[INFO] --- maven-compiler-plugin:3.3:compile (default-compile) @ openhtmltopdf-templates ---
[INFO] Changes detected - recompiling the module!
[INFO] Compiling 8 source files to /home/user/projects/openhtmltopdf/openhtmltopdf-templates/target/classes
[INFO] ------------------------------------------------------------------------
[INFO] Reactor Summary for Openhtmltopdf 1.0.5-SNAPSHOT:
[INFO] 
[INFO] Openhtmltopdf ...................................... SUCCESS [  1.130 s]
[INFO] Openhtmltopdf Core Renderer ........................ SUCCESS [  7.353 s]
[INFO] Openhtmltopdf PDF Rendering (Apache PDF-BOX 2) ..... SUCCESS [  3.387 s]
[INFO] Openhtmltopdf slf4j Support ........................ SUCCESS [  0.153 s]
[INFO] Openhtmltopdf RTL Support .......................... SUCCESS [  0.132 s]
[INFO] Openhtmltopdf SVG Support .......................... SUCCESS [  1.996 s]
[INFO] Openhtmltopdf MathML Support ....................... SUCCESS [  1.294 s]
[INFO] Openhtmltopdf Image Rendering (Java2D) ............. SUCCESS [  0.270 s]
[INFO] Openhtmltopdf PDF Rendering (Apache PDF-BOX 2) ..... SUCCESS [  2.066 s]
[INFO] Openhtmltopdf Latex Math Support ................... SUCCESS [  0.886 s]
[INFO] Openhtmltopdf Examples ............................. SUCCESS [  4.737 s]
[INFO] Openhtmltopdf PDF/A Testing ........................ SUCCESS [ 24.091 s]
[INFO] Openhtmltopdf Templates ............................ SUCCESS [  0.782 s]
[INFO] ------------------------------------------------------------------------
[INFO] BUILD SUCCESS
[INFO] ------------------------------------------------------------------------
[INFO] Total time:  48.541 s
[INFO] Finished at: 2021-07-20T20:06:29Z
[INFO] ------------------------------------------------------------------------
