[INFO] Scanning for projects...
[INFO] Downloading from central: https://repo.maven.apache.org/maven2/org/jboss/jboss-parent/19/jboss-parent-19.pom
[INFO] Downloaded from central: https://repo.maven.apache.org/maven2/org/jboss/jboss-parent/19/jboss-parent-19.pom (32 kB at 49 kB/s)
[INFO] ------------------------------------------------------------------------
[INFO] Reactor Build Order:
[INFO] 
[INFO] Æsh All                                                            [pom]
[INFO] Æsh                                                                [jar]
[INFO] Æsh Examples                                                       [jar]
[INFO] 
[INFO] -------------------------< org.aesh:aesh-all >--------------------------
[INFO] Building Æsh All 2.7-SNAPSHOT                                      [1/3]
[INFO] --------------------------------[ pom ]---------------------------------
[INFO] Downloading from central: https://repo.maven.apache.org/maven2/org/apache/maven/plugins/maven-source-plugin/3.0.0/maven-source-plugin-3.0.0.pom
[INFO] Downloaded from central: https://repo.maven.apache.org/maven2/org/apache/maven/plugins/maven-source-plugin/3.0.0/maven-source-plugin-3.0.0.pom (5.7 kB at 259 kB/s)
[INFO] Downloading from central: https://repo.maven.apache.org/maven2/org/apache/maven/plugins/maven-plugins/28/maven-plugins-28.pom
[INFO] Downloaded from central: https://repo.maven.apache.org/maven2/org/apache/maven/plugins/maven-plugins/28/maven-plugins-28.pom (12 kB at 573 kB/s)
[INFO] Downloading from central: https://repo.maven.apache.org/maven2/org/apache/maven/plugins/maven-source-plugin/3.0.0/maven-source-plugin-3.0.0.jar
[INFO] Downloaded from central: https://repo.maven.apache.org/maven2/org/apache/maven/plugins/maven-source-plugin/3.0.0/maven-source-plugin-3.0.0.jar (31 kB at 954 kB/s)
[INFO] Downloading from central: https://repo.maven.apache.org/maven2/org/codehaus/mojo/buildnumber-maven-plugin/1.3/buildnumber-maven-plugin-1.3.pom
[INFO] Downloaded from central: https://repo.maven.apache.org/maven2/org/codehaus/mojo/buildnumber-maven-plugin/1.3/buildnumber-maven-plugin-1.3.pom (12 kB at 503 kB/s)
[INFO] Downloading from central: https://repo.maven.apache.org/maven2/org/codehaus/mojo/mojo-parent/33/mojo-parent-33.pom
[INFO] Downloaded from central: https://repo.maven.apache.org/maven2/org/codehaus/mojo/mojo-parent/33/mojo-parent-33.pom (26 kB at 972 kB/s)
[INFO] Downloading from central: https://repo.maven.apache.org/maven2/org/codehaus/codehaus-parent/4/codehaus-parent-4.pom
[INFO] Downloaded from central: https://repo.maven.apache.org/maven2/org/codehaus/codehaus-parent/4/codehaus-parent-4.pom (4.8 kB at 321 kB/s)
[INFO] Downloading from central: https://repo.maven.apache.org/maven2/org/codehaus/mojo/buildnumber-maven-plugin/1.3/buildnumber-maven-plugin-1.3.jar
[INFO] Downloaded from central: https://repo.maven.apache.org/maven2/org/codehaus/mojo/buildnumber-maven-plugin/1.3/buildnumber-maven-plugin-1.3.jar (31 kB at 1.3 MB/s)
[INFO] 
[INFO] --- maven-enforcer-plugin:3.0.0-M2:enforce (enforce-java-version) @ aesh-all ---
[INFO] 
[INFO] --- maven-enforcer-plugin:3.0.0-M2:enforce (enforce-maven-version) @ aesh-all ---
[INFO] 
[INFO] --- buildnumber-maven-plugin:1.3:create (get-scm-revision) @ aesh-all ---
[INFO] Downloading from central: https://repo.maven.apache.org/maven2/org/apache/maven/maven-plugin-api/2.0.1/maven-plugin-api-2.0.1.pom
[INFO] Downloaded from central: https://repo.maven.apache.org/maven2/org/apache/maven/maven-plugin-api/2.0.1/maven-plugin-api-2.0.1.pom (643 B at 43 kB/s)
[INFO] Downloading from central: https://repo.maven.apache.org/maven2/org/apache/maven/maven/2.0.1/maven-2.0.1.pom
[INFO] Downloaded from central: https://repo.maven.apache.org/maven2/org/apache/maven/maven/2.0.1/maven-2.0.1.pom (11 kB at 500 kB/s)
[INFO] Downloading from central: https://repo.maven.apache.org/maven2/org/apache/maven/scm/maven-scm-api/1.9/maven-scm-api-1.9.pom
[INFO] Downloaded from central: https://repo.maven.apache.org/maven2/org/apache/maven/scm/maven-scm-api/1.9/maven-scm-api-1.9.pom (1.6 kB at 79 kB/s)
[INFO] Downloading from central: https://repo.maven.apache.org/maven2/org/apache/maven/scm/maven-scm/1.9/maven-scm-1.9.pom
[INFO] Downloaded from central: https://repo.maven.apache.org/maven2/org/apache/maven/scm/maven-scm/1.9/maven-scm-1.9.pom (24 kB at 768 kB/s)
[INFO] Downloading from central: https://repo.maven.apache.org/maven2/org/apache/maven/scm/maven-scm-manager-plexus/1.9/maven-scm-manager-plexus-1.9.pom
[INFO] Downloaded from central: https://repo.maven.apache.org/maven2/org/apache/maven/scm/maven-scm-manager-plexus/1.9/maven-scm-manager-plexus-1.9.pom (2.2 kB at 121 kB/s)
[INFO] Downloading from central: https://repo.maven.apache.org/maven2/org/apache/maven/scm/maven-scm-managers/1.9/maven-scm-managers-1.9.pom
[INFO] Downloaded from central: https://repo.maven.apache.org/maven2/org/apache/maven/scm/maven-scm-managers/1.9/maven-scm-managers-1.9.pom (1.5 kB at 106 kB/s)
[INFO] Downloading from central: https://repo.maven.apache.org/maven2/org/apache/maven/scm/maven-scm-provider-bazaar/1.9/maven-scm-provider-bazaar-1.9.pom
[INFO] Downloaded from central: https://repo.maven.apache.org/maven2/org/apache/maven/scm/maven-scm-provider-bazaar/1.9/maven-scm-provider-bazaar-1.9.pom (2.1 kB at 83 kB/s)
[INFO] Downloading from central: https://repo.maven.apache.org/maven2/org/apache/maven/scm/maven-scm-providers/1.9/maven-scm-providers-1.9.pom
[INFO] Downloaded from central: https://repo.maven.apache.org/maven2/org/apache/maven/scm/maven-scm-providers/1.9/maven-scm-providers-1.9.pom (3.7 kB at 125 kB/s)
[INFO] Downloading from central: https://repo.maven.apache.org/maven2/regexp/regexp/1.3/regexp-1.3.pom
[INFO] Downloaded from central: https://repo.maven.apache.org/maven2/regexp/regexp/1.3/regexp-1.3.pom (145 B at 3.7 kB/s)
[INFO] Downloading from central: https://repo.maven.apache.org/maven2/org/apache/maven/scm/maven-scm-provider-svnexe/1.9/maven-scm-provider-svnexe-1.9.pom
[INFO] Downloaded from central: https://repo.maven.apache.org/maven2/org/apache/maven/scm/maven-scm-provider-svnexe/1.9/maven-scm-provider-svnexe-1.9.pom (2.8 kB at 215 kB/s)
[INFO] Downloading from central: https://repo.maven.apache.org/maven2/org/apache/maven/scm/maven-scm-providers-svn/1.9/maven-scm-providers-svn-1.9.pom
[INFO] Downloaded from central: https://repo.maven.apache.org/maven2/org/apache/maven/scm/maven-scm-providers-svn/1.9/maven-scm-providers-svn-1.9.pom (2.1 kB at 177 kB/s)
[INFO] Downloading from central: https://repo.maven.apache.org/maven2/org/apache/maven/scm/maven-scm-provider-svn-commons/1.9/maven-scm-provider-svn-commons-1.9.pom
[INFO] Downloaded from central: https://repo.maven.apache.org/maven2/org/apache/maven/scm/maven-scm-provider-svn-commons/1.9/maven-scm-provider-svn-commons-1.9.pom (2.7 kB at 193 kB/s)
[INFO] Downloading from central: https://repo.maven.apache.org/maven2/org/apache/maven/scm/maven-scm-provider-gitexe/1.9/maven-scm-provider-gitexe-1.9.pom
[INFO] Downloaded from central: https://repo.maven.apache.org/maven2/org/apache/maven/scm/maven-scm-provider-gitexe/1.9/maven-scm-provider-gitexe-1.9.pom (2.6 kB at 188 kB/s)
[INFO] Downloading from central: https://repo.maven.apache.org/maven2/org/apache/maven/scm/maven-scm-providers-git/1.9/maven-scm-providers-git-1.9.pom
[INFO] Downloaded from central: https://repo.maven.apache.org/maven2/org/apache/maven/scm/maven-scm-providers-git/1.9/maven-scm-providers-git-1.9.pom (2.2 kB at 154 kB/s)
[INFO] Downloading from central: https://repo.maven.apache.org/maven2/commons-io/commons-io/2.2/commons-io-2.2.pom
[INFO] Downloaded from central: https://repo.maven.apache.org/maven2/commons-io/commons-io/2.2/commons-io-2.2.pom (11 kB at 690 kB/s)
[INFO] Downloading from central: https://repo.maven.apache.org/maven2/org/apache/commons/commons-parent/24/commons-parent-24.pom
[INFO] Downloaded from central: https://repo.maven.apache.org/maven2/org/apache/commons/commons-parent/24/commons-parent-24.pom (47 kB at 1.1 MB/s)
[INFO] Downloading from central: https://repo.maven.apache.org/maven2/org/apache/maven/scm/maven-scm-provider-git-commons/1.9/maven-scm-provider-git-commons-1.9.pom
[INFO] Downloaded from central: https://repo.maven.apache.org/maven2/org/apache/maven/scm/maven-scm-provider-git-commons/1.9/maven-scm-provider-git-commons-1.9.pom (2.3 kB at 113 kB/s)
[INFO] Downloading from central: https://repo.maven.apache.org/maven2/org/apache/maven/scm/maven-scm-provider-cvsexe/1.9/maven-scm-provider-cvsexe-1.9.pom
[INFO] Downloaded from central: https://repo.maven.apache.org/maven2/org/apache/maven/scm/maven-scm-provider-cvsexe/1.9/maven-scm-provider-cvsexe-1.9.pom (2.7 kB at 180 kB/s)
[INFO] Downloading from central: https://repo.maven.apache.org/maven2/org/apache/maven/scm/maven-scm-providers-cvs/1.9/maven-scm-providers-cvs-1.9.pom
[INFO] Downloaded from central: https://repo.maven.apache.org/maven2/org/apache/maven/scm/maven-scm-providers-cvs/1.9/maven-scm-providers-cvs-1.9.pom (1.7 kB at 142 kB/s)
[INFO] Downloading from central: https://repo.maven.apache.org/maven2/org/apache/maven/scm/maven-scm-provider-cvs-commons/1.9/maven-scm-provider-cvs-commons-1.9.pom
[INFO] Downloaded from central: https://repo.maven.apache.org/maven2/org/apache/maven/scm/maven-scm-provider-cvs-commons/1.9/maven-scm-provider-cvs-commons-1.9.pom (2.4 kB at 110 kB/s)
[INFO] Downloading from central: https://repo.maven.apache.org/maven2/org/apache/maven/scm/maven-scm-provider-starteam/1.9/maven-scm-provider-starteam-1.9.pom
[INFO] Downloaded from central: https://repo.maven.apache.org/maven2/org/apache/maven/scm/maven-scm-provider-starteam/1.9/maven-scm-provider-starteam-1.9.pom (2.6 kB at 118 kB/s)
[INFO] Downloading from central: https://repo.maven.apache.org/maven2/org/apache/maven/scm/maven-scm-provider-clearcase/1.9/maven-scm-provider-clearcase-1.9.pom
[INFO] Downloaded from central: https://repo.maven.apache.org/maven2/org/apache/maven/scm/maven-scm-provider-clearcase/1.9/maven-scm-provider-clearcase-1.9.pom (2.7 kB at 124 kB/s)
[INFO] Downloading from central: https://repo.maven.apache.org/maven2/org/apache/maven/scm/maven-scm-provider-perforce/1.9/maven-scm-provider-perforce-1.9.pom
[INFO] Downloaded from central: https://repo.maven.apache.org/maven2/org/apache/maven/scm/maven-scm-provider-perforce/1.9/maven-scm-provider-perforce-1.9.pom (2.6 kB at 110 kB/s)
[INFO] Downloading from central: https://repo.maven.apache.org/maven2/org/apache/maven/scm/maven-scm-provider-hg/1.9/maven-scm-provider-hg-1.9.pom
[INFO] Downloaded from central: https://repo.maven.apache.org/maven2/org/apache/maven/scm/maven-scm-provider-hg/1.9/maven-scm-provider-hg-1.9.pom (2.5 kB at 57 kB/s)
[INFO] Downloading from central: https://repo.maven.apache.org/maven2/com/google/code/maven-scm-provider-svnjava/maven-scm-provider-svnjava/1.13/maven-scm-provider-svnjava-1.13.pom
[INFO] Downloaded from central: https://repo.maven.apache.org/maven2/com/google/code/maven-scm-provider-svnjava/maven-scm-provider-svnjava/1.13/maven-scm-provider-svnjava-1.13.pom (9.9 kB at 762 kB/s)
[INFO] Downloading from central: https://repo.maven.apache.org/maven2/org/apache/maven/scm/maven-scm-provider-svn-commons/1.5/maven-scm-provider-svn-commons-1.5.pom
[INFO] Downloaded from central: https://repo.maven.apache.org/maven2/org/apache/maven/scm/maven-scm-provider-svn-commons/1.5/maven-scm-provider-svn-commons-1.5.pom (2.1 kB at 39 kB/s)
[INFO] Downloading from central: https://repo.maven.apache.org/maven2/org/apache/maven/scm/maven-scm-providers-svn/1.5/maven-scm-providers-svn-1.5.pom
[INFO] Downloaded from central: https://repo.maven.apache.org/maven2/org/apache/maven/scm/maven-scm-providers-svn/1.5/maven-scm-providers-svn-1.5.pom (2.1 kB at 36 kB/s)
[INFO] Downloading from central: https://repo.maven.apache.org/maven2/org/apache/maven/scm/maven-scm-providers/1.5/maven-scm-providers-1.5.pom
[INFO] Downloaded from central: https://repo.maven.apache.org/maven2/org/apache/maven/scm/maven-scm-providers/1.5/maven-scm-providers-1.5.pom (3.6 kB at 87 kB/s)
[INFO] Downloading from central: https://repo.maven.apache.org/maven2/org/apache/maven/scm/maven-scm/1.5/maven-scm-1.5.pom
[INFO] Downloaded from central: https://repo.maven.apache.org/maven2/org/apache/maven/scm/maven-scm/1.5/maven-scm-1.5.pom (15 kB at 1.1 MB/s)
[INFO] Downloading from central: https://repo.maven.apache.org/maven2/org/apache/maven/scm/maven-scm-api/1.5/maven-scm-api-1.5.pom
[INFO] Downloaded from central: https://repo.maven.apache.org/maven2/org/apache/maven/scm/maven-scm-api/1.5/maven-scm-api-1.5.pom (1.6 kB at 143 kB/s)
[INFO] Downloading from central: https://repo.maven.apache.org/maven2/net/java/dev/jna/jna/3.2.2/jna-3.2.2.pom
[INFO] Downloaded from central: https://repo.maven.apache.org/maven2/net/java/dev/jna/jna/3.2.2/jna-3.2.2.pom (1.6 kB at 81 kB/s)
[INFO] Downloading from central: https://repo.maven.apache.org/maven2/org/tmatesoft/svnkit/svnkit/1.3.5/svnkit-1.3.5.pom
[INFO] Downloaded from central: https://repo.maven.apache.org/maven2/org/tmatesoft/svnkit/svnkit/1.3.5/svnkit-1.3.5.pom (1.1 kB at 58 kB/s)
[INFO] Downloading from central: https://repo.maven.apache.org/maven2/org/tmatesoft/svnkit/trilead-ssh2/build213-svnkit-1.3-patch/trilead-ssh2-build213-svnkit-1.3-patch.pom
[INFO] Downloaded from central: https://repo.maven.apache.org/maven2/org/tmatesoft/svnkit/trilead-ssh2/build213-svnkit-1.3-patch/trilead-ssh2-build213-svnkit-1.3-patch.pom (725 B at 48 kB/s)
[INFO] Downloading from central: https://repo.maven.apache.org/maven2/org/tmatesoft/sqljet/sqljet/1.0.4/sqljet-1.0.4.pom
[INFO] Downloaded from central: https://repo.maven.apache.org/maven2/org/tmatesoft/sqljet/sqljet/1.0.4/sqljet-1.0.4.pom (771 B at 64 kB/s)
[INFO] Downloading from central: https://repo.maven.apache.org/maven2/org/antlr/antlr-runtime/3.1.3/antlr-runtime-3.1.3.pom
[INFO] Downloaded from central: https://repo.maven.apache.org/maven2/org/antlr/antlr-runtime/3.1.3/antlr-runtime-3.1.3.pom (4.0 kB at 238 kB/s)
[INFO] Downloading from central: https://repo.maven.apache.org/maven2/org/antlr/antlr-master/3.1.3/antlr-master-3.1.3.pom
[INFO] Downloaded from central: https://repo.maven.apache.org/maven2/org/antlr/antlr-master/3.1.3/antlr-master-3.1.3.pom (8.5 kB at 532 kB/s)
[INFO] Downloading from central: https://repo.maven.apache.org/maven2/org/antlr/stringtemplate/3.2/stringtemplate-3.2.pom
[INFO] Downloaded from central: https://repo.maven.apache.org/maven2/org/antlr/stringtemplate/3.2/stringtemplate-3.2.pom (2.0 kB at 156 kB/s)
[INFO] Downloading from central: https://repo.maven.apache.org/maven2/org/apache/maven/scm/maven-scm-api/1.9/maven-scm-api-1.9.jar
[INFO] Downloading from central: https://repo.maven.apache.org/maven2/org/apache/maven/scm/maven-scm-manager-plexus/1.9/maven-scm-manager-plexus-1.9.jar
[INFO] Downloading from central: https://repo.maven.apache.org/maven2/org/apache/maven/scm/maven-scm-provider-bazaar/1.9/maven-scm-provider-bazaar-1.9.jar
[INFO] Downloading from central: https://repo.maven.apache.org/maven2/org/apache/maven/scm/maven-scm-provider-svnexe/1.9/maven-scm-provider-svnexe-1.9.jar
[INFO] Downloading from central: https://repo.maven.apache.org/maven2/regexp/regexp/1.3/regexp-1.3.jar
[INFO] Downloaded from central: https://repo.maven.apache.org/maven2/org/apache/maven/scm/maven-scm-api/1.9/maven-scm-api-1.9.jar (106 kB at 1.5 MB/s)
[INFO] Downloading from central: https://repo.maven.apache.org/maven2/org/apache/maven/scm/maven-scm-provider-gitexe/1.9/maven-scm-provider-gitexe-1.9.jar
[INFO] Downloaded from central: https://repo.maven.apache.org/maven2/org/apache/maven/scm/maven-scm-provider-gitexe/1.9/maven-scm-provider-gitexe-1.9.jar (65 kB at 619 kB/s)
[INFO] Downloading from central: https://repo.maven.apache.org/maven2/commons-io/commons-io/2.2/commons-io-2.2.jar
[INFO] Downloaded from central: https://repo.maven.apache.org/maven2/regexp/regexp/1.3/regexp-1.3.jar (25 kB at 150 kB/s)
[INFO] Downloading from central: https://repo.maven.apache.org/maven2/org/apache/maven/scm/maven-scm-provider-git-commons/1.9/maven-scm-provider-git-commons-1.9.jar
[INFO] Downloaded from central: https://repo.maven.apache.org/maven2/org/apache/maven/scm/maven-scm-provider-bazaar/1.9/maven-scm-provider-bazaar-1.9.jar (55 kB at 302 kB/s)
[INFO] Downloading from central: https://repo.maven.apache.org/maven2/org/apache/maven/scm/maven-scm-provider-svn-commons/1.9/maven-scm-provider-svn-commons-1.9.jar
[INFO] Downloaded from central: https://repo.maven.apache.org/maven2/org/apache/maven/scm/maven-scm-provider-svnexe/1.9/maven-scm-provider-svnexe-1.9.jar (77 kB at 458 kB/s)
[INFO] Downloading from central: https://repo.maven.apache.org/maven2/org/apache/maven/scm/maven-scm-provider-cvsexe/1.9/maven-scm-provider-cvsexe-1.9.jar
[INFO] Downloaded from central: https://repo.maven.apache.org/maven2/org/apache/maven/scm/maven-scm-manager-plexus/1.9/maven-scm-manager-plexus-1.9.jar (11 kB at 49 kB/s)
[INFO] Downloading from central: https://repo.maven.apache.org/maven2/org/apache/maven/scm/maven-scm-provider-cvs-commons/1.9/maven-scm-provider-cvs-commons-1.9.jar
[INFO] Downloaded from central: https://repo.maven.apache.org/maven2/org/apache/maven/scm/maven-scm-provider-git-commons/1.9/maven-scm-provider-git-commons-1.9.jar (38 kB at 174 kB/s)
[INFO] Downloading from central: https://repo.maven.apache.org/maven2/org/apache/maven/scm/maven-scm-provider-starteam/1.9/maven-scm-provider-starteam-1.9.jar
[INFO] Downloaded from central: https://repo.maven.apache.org/maven2/org/apache/maven/scm/maven-scm-provider-svn-commons/1.9/maven-scm-provider-svn-commons-1.9.jar (40 kB at 179 kB/s)
[INFO] Downloaded from central: https://repo.maven.apache.org/maven2/org/apache/maven/scm/maven-scm-provider-cvsexe/1.9/maven-scm-provider-cvsexe-1.9.jar (30 kB at 135 kB/s)
[INFO] Downloading from central: https://repo.maven.apache.org/maven2/org/apache/maven/scm/maven-scm-provider-clearcase/1.9/maven-scm-provider-clearcase-1.9.jar
[INFO] Downloading from central: https://repo.maven.apache.org/maven2/org/apache/maven/scm/maven-scm-provider-perforce/1.9/maven-scm-provider-perforce-1.9.jar
[INFO] Downloaded from central: https://repo.maven.apache.org/maven2/commons-io/commons-io/2.2/commons-io-2.2.jar (174 kB at 634 kB/s)
[INFO] Downloading from central: https://repo.maven.apache.org/maven2/org/apache/maven/scm/maven-scm-provider-hg/1.9/maven-scm-provider-hg-1.9.jar
[INFO] Downloaded from central: https://repo.maven.apache.org/maven2/org/apache/maven/scm/maven-scm-provider-cvs-commons/1.9/maven-scm-provider-cvs-commons-1.9.jar (80 kB at 286 kB/s)
[INFO] Downloading from central: https://repo.maven.apache.org/maven2/com/google/code/maven-scm-provider-svnjava/maven-scm-provider-svnjava/1.13/maven-scm-provider-svnjava-1.13.jar
[INFO] Downloaded from central: https://repo.maven.apache.org/maven2/org/apache/maven/scm/maven-scm-provider-starteam/1.9/maven-scm-provider-starteam-1.9.jar (74 kB at 264 kB/s)
[INFO] Downloading from central: https://repo.maven.apache.org/maven2/org/tmatesoft/svnkit/svnkit/1.3.5/svnkit-1.3.5.jar
[INFO] Downloaded from central: https://repo.maven.apache.org/maven2/org/apache/maven/scm/maven-scm-provider-perforce/1.9/maven-scm-provider-perforce-1.9.jar (82 kB at 282 kB/s)
[INFO] Downloading from central: https://repo.maven.apache.org/maven2/org/tmatesoft/svnkit/trilead-ssh2/build213-svnkit-1.3-patch/trilead-ssh2-build213-svnkit-1.3-patch.jar
[INFO] Downloaded from central: https://repo.maven.apache.org/maven2/org/apache/maven/scm/maven-scm-provider-clearcase/1.9/maven-scm-provider-clearcase-1.9.jar (71 kB at 242 kB/s)
[INFO] Downloading from central: https://repo.maven.apache.org/maven2/org/tmatesoft/sqljet/sqljet/1.0.4/sqljet-1.0.4.jar
[INFO] Downloaded from central: https://repo.maven.apache.org/maven2/org/apache/maven/scm/maven-scm-provider-hg/1.9/maven-scm-provider-hg-1.9.jar (66 kB at 191 kB/s)
[INFO] Downloading from central: https://repo.maven.apache.org/maven2/org/antlr/antlr-runtime/3.1.3/antlr-runtime-3.1.3.jar
[INFO] Downloaded from central: https://repo.maven.apache.org/maven2/com/google/code/maven-scm-provider-svnjava/maven-scm-provider-svnjava/1.13/maven-scm-provider-svnjava-1.13.jar (52 kB at 141 kB/s)
[INFO] Downloading from central: https://repo.maven.apache.org/maven2/org/antlr/stringtemplate/3.2/stringtemplate-3.2.jar
[INFO] Downloaded from central: https://repo.maven.apache.org/maven2/org/tmatesoft/svnkit/trilead-ssh2/build213-svnkit-1.3-patch/trilead-ssh2-build213-svnkit-1.3-patch.jar (251 kB at 512 kB/s)
[INFO] Downloading from central: https://repo.maven.apache.org/maven2/net/java/dev/jna/jna/3.2.2/jna-3.2.2.jar
[INFO] Downloaded from central: https://repo.maven.apache.org/maven2/org/antlr/antlr-runtime/3.1.3/antlr-runtime-3.1.3.jar (151 kB at 252 kB/s)
[INFO] Downloaded from central: https://repo.maven.apache.org/maven2/org/antlr/stringtemplate/3.2/stringtemplate-3.2.jar (172 kB at 285 kB/s)
[INFO] Downloaded from central: https://repo.maven.apache.org/maven2/org/tmatesoft/sqljet/sqljet/1.0.4/sqljet-1.0.4.jar (744 kB at 963 kB/s)
[INFO] Downloaded from central: https://repo.maven.apache.org/maven2/net/java/dev/jna/jna/3.2.2/jna-3.2.2.jar (858 kB at 974 kB/s)
[INFO] Downloaded from central: https://repo.maven.apache.org/maven2/org/tmatesoft/svnkit/svnkit/1.3.5/svnkit-1.3.5.jar (1.9 MB at 1.8 MB/s)
[INFO] Executing: /bin/sh -c cd /home/user/projects/aesh && git rev-parse --verify HEAD
[INFO] Working directory: /home/user/projects/aesh
[INFO] Storing buildNumber: cfebb087dc3c2b580bb4c64a46333243a9497192 at timestamp: 1626808428860
[WARNING] Cannot get the branch information from the git repository: 
Detecting the current branch failed: fatal: ref HEAD is not a symbolic ref

[INFO] Executing: /bin/sh -c cd /home/user/projects/aesh && git rev-parse --verify HEAD
[INFO] Working directory: /home/user/projects/aesh
[INFO] Storing buildScmBranch: UNKNOWN
[INFO] 
[INFO] ---------------------------< org.aesh:aesh >----------------------------
[INFO] Building Æsh 2.7-SNAPSHOT                                          [2/3]
[INFO] --------------------------------[ jar ]---------------------------------
[INFO] Downloading from central: https://repo.maven.apache.org/maven2/org/apache/maven/plugins/maven-jar-plugin/3.0.0/maven-jar-plugin-3.0.0.pom
[INFO] Downloaded from central: https://repo.maven.apache.org/maven2/org/apache/maven/plugins/maven-jar-plugin/3.0.0/maven-jar-plugin-3.0.0.pom (6.2 kB at 475 kB/s)
[INFO] Downloading from central: https://repo.maven.apache.org/maven2/org/apache/maven/plugins/maven-jar-plugin/3.0.0/maven-jar-plugin-3.0.0.jar
[INFO] Downloaded from central: https://repo.maven.apache.org/maven2/org/apache/maven/plugins/maven-jar-plugin/3.0.0/maven-jar-plugin-3.0.0.jar (27 kB at 1.4 MB/s)
[INFO] Downloading from central: https://repo.maven.apache.org/maven2/org/apache/maven/plugins/maven-checkstyle-plugin/3.0.0/maven-checkstyle-plugin-3.0.0.pom
[INFO] Downloaded from central: https://repo.maven.apache.org/maven2/org/apache/maven/plugins/maven-checkstyle-plugin/3.0.0/maven-checkstyle-plugin-3.0.0.pom (15 kB at 363 kB/s)
[INFO] Downloading from central: https://repo.maven.apache.org/maven2/org/apache/maven/plugins/maven-checkstyle-plugin/3.0.0/maven-checkstyle-plugin-3.0.0.jar
[INFO] Downloaded from central: https://repo.maven.apache.org/maven2/org/apache/maven/plugins/maven-checkstyle-plugin/3.0.0/maven-checkstyle-plugin-3.0.0.jar (108 kB at 4.2 MB/s)
[INFO] Downloading from central: https://repo.maven.apache.org/maven2/org/apache/maven/plugins/maven-resources-plugin/2.7/maven-resources-plugin-2.7.pom
[INFO] Downloaded from central: https://repo.maven.apache.org/maven2/org/apache/maven/plugins/maven-resources-plugin/2.7/maven-resources-plugin-2.7.pom (7.7 kB at 296 kB/s)
[INFO] Downloading from central: https://repo.maven.apache.org/maven2/org/apache/maven/plugins/maven-plugins/25/maven-plugins-25.pom
[INFO] Downloaded from central: https://repo.maven.apache.org/maven2/org/apache/maven/plugins/maven-plugins/25/maven-plugins-25.pom (9.6 kB at 735 kB/s)
[INFO] Downloading from central: https://repo.maven.apache.org/maven2/org/apache/maven/plugins/maven-resources-plugin/2.7/maven-resources-plugin-2.7.jar
[INFO] Downloaded from central: https://repo.maven.apache.org/maven2/org/apache/maven/plugins/maven-resources-plugin/2.7/maven-resources-plugin-2.7.jar (31 kB at 1.9 MB/s)
[INFO] Downloading from central: https://repo.maven.apache.org/maven2/org/aesh/readline/2.1/readline-2.1.pom
[INFO] Downloaded from central: https://repo.maven.apache.org/maven2/org/aesh/readline/2.1/readline-2.1.pom (4.6 kB at 422 kB/s)
[INFO] Downloading from central: https://repo.maven.apache.org/maven2/org/aesh/readline-all/2.1/readline-all-2.1.pom
[INFO] Downloaded from central: https://repo.maven.apache.org/maven2/org/aesh/readline-all/2.1/readline-all-2.1.pom (4.5 kB at 214 kB/s)
[INFO] Downloading from central: https://repo.maven.apache.org/maven2/org/fusesource/jansi/jansi/1.18/jansi-1.18.pom
[INFO] Downloaded from central: https://repo.maven.apache.org/maven2/org/fusesource/jansi/jansi/1.18/jansi-1.18.pom (3.8 kB at 223 kB/s)
[INFO] Downloading from central: https://repo.maven.apache.org/maven2/org/fusesource/jansi/jansi-project/1.18/jansi-project-1.18.pom
[INFO] Downloaded from central: https://repo.maven.apache.org/maven2/org/fusesource/jansi/jansi-project/1.18/jansi-project-1.18.pom (10 kB at 255 kB/s)
[INFO] Downloading from central: https://repo.maven.apache.org/maven2/org/fusesource/fusesource-pom/1.11/fusesource-pom-1.11.pom
[INFO] Downloaded from central: https://repo.maven.apache.org/maven2/org/fusesource/fusesource-pom/1.11/fusesource-pom-1.11.pom (15 kB at 662 kB/s)
[INFO] Downloading from central: https://repo.maven.apache.org/maven2/junit/junit/4.8.1/junit-4.8.1.pom
[INFO] Downloaded from central: https://repo.maven.apache.org/maven2/junit/junit/4.8.1/junit-4.8.1.pom (949 B at 63 kB/s)
[INFO] Downloading from central: https://repo.maven.apache.org/maven2/org/aesh/readline/2.1/readline-2.1.jar
[INFO] Downloading from central: https://repo.maven.apache.org/maven2/org/fusesource/jansi/jansi/1.18/jansi-1.18.jar
[INFO] Downloading from central: https://repo.maven.apache.org/maven2/junit/junit/4.8.1/junit-4.8.1.jar
[INFO] Downloaded from central: https://repo.maven.apache.org/maven2/org/aesh/readline/2.1/readline-2.1.jar (328 kB at 1.8 MB/s)
[INFO] Downloaded from central: https://repo.maven.apache.org/maven2/junit/junit/4.8.1/junit-4.8.1.jar (237 kB at 1.2 MB/s)
[INFO] Downloaded from central: https://repo.maven.apache.org/maven2/org/fusesource/jansi/jansi/1.18/jansi-1.18.jar (287 kB at 1.4 MB/s)
[INFO] 
[INFO] --- maven-enforcer-plugin:3.0.0-M2:enforce (enforce-java-version) @ aesh ---
[INFO] 
[INFO] --- maven-enforcer-plugin:3.0.0-M2:enforce (enforce-maven-version) @ aesh ---
[INFO] 
[INFO] --- maven-checkstyle-plugin:3.0.0:check (validate) @ aesh ---
[INFO] Downloading from central: https://repo.maven.apache.org/maven2/com/puppycrawl/tools/checkstyle/6.7/checkstyle-6.7.pom
[INFO] Downloaded from central: https://repo.maven.apache.org/maven2/com/puppycrawl/tools/checkstyle/6.7/checkstyle-6.7.pom (62 kB at 297 kB/s)
[INFO] Downloading from central: https://repo.maven.apache.org/maven2/org/apache/commons/commons-lang3/3.4/commons-lang3-3.4.pom
[INFO] Downloaded from central: https://repo.maven.apache.org/maven2/org/apache/commons/commons-lang3/3.4/commons-lang3-3.4.pom (22 kB at 1.6 MB/s)
[INFO] Downloading from central: https://repo.maven.apache.org/maven2/org/apache/commons/commons-parent/37/commons-parent-37.pom
[INFO] Downloaded from central: https://repo.maven.apache.org/maven2/org/apache/commons/commons-parent/37/commons-parent-37.pom (63 kB at 2.7 MB/s)
[INFO] Downloading from central: https://repo.maven.apache.org/maven2/org/antlr/antlr4-runtime/4.5/antlr4-runtime-4.5.pom
[INFO] Downloaded from central: https://repo.maven.apache.org/maven2/org/antlr/antlr4-runtime/4.5/antlr4-runtime-4.5.pom (2.7 kB at 228 kB/s)
[INFO] Downloading from central: https://repo.maven.apache.org/maven2/commons-cli/commons-cli/1.3/commons-cli-1.3.pom
[INFO] Downloaded from central: https://repo.maven.apache.org/maven2/commons-cli/commons-cli/1.3/commons-cli-1.3.pom (10 kB at 693 kB/s)
[INFO] Downloading from central: https://repo.maven.apache.org/maven2/org/codehaus/plexus/plexus-resources/1.1.0/plexus-resources-1.1.0.pom
[INFO] Downloaded from central: https://repo.maven.apache.org/maven2/org/codehaus/plexus/plexus-resources/1.1.0/plexus-resources-1.1.0.pom (3.2 kB at 227 kB/s)
[INFO] Downloading from central: https://repo.maven.apache.org/maven2/org/codehaus/plexus/plexus-interpolation/1.24/plexus-interpolation-1.24.pom
[INFO] Downloaded from central: https://repo.maven.apache.org/maven2/org/codehaus/plexus/plexus-interpolation/1.24/plexus-interpolation-1.24.pom (2.6 kB at 138 kB/s)
[INFO] Downloading from central: https://repo.maven.apache.org/maven2/javax/xml/bind/jaxb-api/2.3.0/jaxb-api-2.3.0.pom
[INFO] Downloaded from central: https://repo.maven.apache.org/maven2/javax/xml/bind/jaxb-api/2.3.0/jaxb-api-2.3.0.pom (23 kB at 307 kB/s)
[INFO] Downloading from central: https://repo.maven.apache.org/maven2/javax/xml/bind/jaxb-api-parent/2.3.0/jaxb-api-parent-2.3.0.pom
[INFO] Downloaded from central: https://repo.maven.apache.org/maven2/javax/xml/bind/jaxb-api-parent/2.3.0/jaxb-api-parent-2.3.0.pom (5.6 kB at 434 kB/s)
[INFO] Downloading from central: https://repo.maven.apache.org/maven2/net/java/jvnet-parent/5/jvnet-parent-5.pom
[INFO] Downloaded from central: https://repo.maven.apache.org/maven2/net/java/jvnet-parent/5/jvnet-parent-5.pom (0 B at 0 B/s)
[INFO] Downloading from central: https://repo.maven.apache.org/maven2/com/puppycrawl/tools/checkstyle/6.7/checkstyle-6.7.jar
[INFO] Downloading from central: https://repo.maven.apache.org/maven2/org/apache/commons/commons-lang3/3.4/commons-lang3-3.4.jar
[INFO] Downloading from central: https://repo.maven.apache.org/maven2/org/antlr/antlr4-runtime/4.5/antlr4-runtime-4.5.jar
[INFO] Downloading from central: https://repo.maven.apache.org/maven2/commons-logging/commons-logging/1.1.1/commons-logging-1.1.1.jar
[INFO] Downloading from central: https://repo.maven.apache.org/maven2/commons-cli/commons-cli/1.3/commons-cli-1.3.jar
[INFO] Downloaded from central: https://repo.maven.apache.org/maven2/commons-logging/commons-logging/1.1.1/commons-logging-1.1.1.jar (61 kB at 547 kB/s)
[INFO] Downloading from central: https://repo.maven.apache.org/maven2/org/codehaus/plexus/plexus-resources/1.1.0/plexus-resources-1.1.0.jar
[INFO] Downloaded from central: https://repo.maven.apache.org/maven2/commons-cli/commons-cli/1.3/commons-cli-1.3.jar (53 kB at 289 kB/s)
[INFO] Downloading from central: https://repo.maven.apache.org/maven2/org/codehaus/plexus/plexus-interpolation/1.24/plexus-interpolation-1.24.jar
[INFO] Downloaded from central: https://repo.maven.apache.org/maven2/org/antlr/antlr4-runtime/4.5/antlr4-runtime-4.5.jar (374 kB at 1.4 MB/s)
[INFO] Downloading from central: https://repo.maven.apache.org/maven2/javax/xml/bind/jaxb-api/2.3.0/jaxb-api-2.3.0.jar
[INFO] Downloaded from central: https://repo.maven.apache.org/maven2/org/codehaus/plexus/plexus-resources/1.1.0/plexus-resources-1.1.0.jar (23 kB at 90 kB/s)
[INFO] Downloaded from central: https://repo.maven.apache.org/maven2/org/apache/commons/commons-lang3/3.4/commons-lang3-3.4.jar (435 kB at 1.5 MB/s)
[INFO] Downloaded from central: https://repo.maven.apache.org/maven2/org/codehaus/plexus/plexus-interpolation/1.24/plexus-interpolation-1.24.jar (79 kB at 273 kB/s)
[INFO] Downloaded from central: https://repo.maven.apache.org/maven2/javax/xml/bind/jaxb-api/2.3.0/jaxb-api-2.3.0.jar (126 kB at 340 kB/s)
[INFO] Downloaded from central: https://repo.maven.apache.org/maven2/com/puppycrawl/tools/checkstyle/6.7/checkstyle-6.7.jar (1.0 MB at 2.1 MB/s)
[INFO] Starting audit...
/home/user/projects/aesh/aesh/src/test/java/org/aesh/util/graal/GraalReflectionFileGeneratorTest.java:17:8: Unused import - java.util.function.Consumer.
/home/user/projects/aesh/aesh/src/test/java/org/aesh/command/operator/ConsoleRedirectionTest.java:21:8: Unused import - java.util.function.Consumer.
/home/user/projects/aesh/aesh/src/test/java/org/aesh/command/AeshScriptTest.java:123: Line has trailing spaces.
Audit done.
[INFO] ------------------------------------------------------------------------
[INFO] Reactor Summary for Æsh All 2.7-SNAPSHOT:
[INFO] 
[INFO] Æsh All ............................................ SUCCESS [  3.537 s]
[INFO] Æsh ................................................ FAILURE [  5.800 s]
[INFO] Æsh Examples ....................................... SKIPPED
[INFO] ------------------------------------------------------------------------
[INFO] BUILD FAILURE
[INFO] ------------------------------------------------------------------------
[INFO] Total time:  10.848 s
[INFO] Finished at: 2021-07-20T19:13:54Z
[INFO] ------------------------------------------------------------------------
[ERROR] Failed to execute goal org.apache.maven.plugins:maven-checkstyle-plugin:3.0.0:check (validate) on project aesh: Failed during checkstyle execution: There are 3 errors reported by Checkstyle 6.7 with config/checkstyle/checkstyle.xml ruleset. -> [Help 1]
[ERROR] 
[ERROR] To see the full stack trace of the errors, re-run Maven with the -e switch.
[ERROR] Re-run Maven using the -X switch to enable full debug logging.
[ERROR] 
[ERROR] For more information about the errors and possible solutions, please read the following articles:
[ERROR] [Help 1] http://cwiki.apache.org/confluence/display/MAVEN/MojoExecutionException
[ERROR] 
[ERROR] After correcting the problems, you can resume the build with the command
[ERROR]   mvn <args> -rf :aesh
