[INFO] Scanning for projects...
[INFO] ------------------------------------------------------------------------
[INFO] Reactor Build Order:
[INFO] 
[INFO] robot                                                              [pom]
[INFO] robot-maven-plugin                                        [maven-plugin]
[INFO] robot-core                                                         [jar]
[INFO] robot-command                                                      [jar]
[INFO] 
[INFO] ---------------------< org.obolibrary.robot:robot >---------------------
[INFO] Building robot 1.8.0-SNAPSHOT                                      [1/4]
[INFO] --------------------------------[ pom ]---------------------------------
[INFO] 
[INFO] --------------< org.obolibrary.robot:robot-maven-plugin >---------------
[INFO] Building robot-maven-plugin 1.8.0-SNAPSHOT                         [2/4]
[INFO] ----------------------------[ maven-plugin ]----------------------------
[INFO] Downloading from central: https://repo.maven.apache.org/maven2/com/coveo/fmt-maven-plugin/2.1.0/fmt-maven-plugin-2.1.0.pom
[INFO] Downloaded from central: https://repo.maven.apache.org/maven2/com/coveo/fmt-maven-plugin/2.1.0/fmt-maven-plugin-2.1.0.pom (8.1 kB at 13 kB/s)
[INFO] Downloading from central: https://repo.maven.apache.org/maven2/com/coveo/fmt-maven-plugin/2.1.0/fmt-maven-plugin-2.1.0.jar
[INFO] Downloaded from central: https://repo.maven.apache.org/maven2/com/coveo/fmt-maven-plugin/2.1.0/fmt-maven-plugin-2.1.0.jar (19 kB at 87 kB/s)
[INFO] Downloading from central: https://repo.maven.apache.org/maven2/org/apache/maven/plugins/maven-plugin-plugin/3.3/maven-plugin-plugin-3.3.pom
[INFO] Downloaded from central: https://repo.maven.apache.org/maven2/org/apache/maven/plugins/maven-plugin-plugin/3.3/maven-plugin-plugin-3.3.pom (12 kB at 108 kB/s)
[INFO] Downloading from central: https://repo.maven.apache.org/maven2/org/apache/maven/plugin-tools/maven-plugin-tools/3.3/maven-plugin-tools-3.3.pom
[INFO] Downloaded from central: https://repo.maven.apache.org/maven2/org/apache/maven/plugin-tools/maven-plugin-tools/3.3/maven-plugin-tools-3.3.pom (13 kB at 324 kB/s)
[INFO] Downloading from central: https://repo.maven.apache.org/maven2/org/apache/maven/plugins/maven-plugin-plugin/3.3/maven-plugin-plugin-3.3.jar
[INFO] Downloaded from central: https://repo.maven.apache.org/maven2/org/apache/maven/plugins/maven-plugin-plugin/3.3/maven-plugin-plugin-3.3.jar (49 kB at 226 kB/s)
[INFO] Downloading from central: https://repo.maven.apache.org/maven2/org/slf4j/slf4j-log4j12/1.7.10/slf4j-log4j12-1.7.10.pom
[INFO] Downloaded from central: https://repo.maven.apache.org/maven2/org/slf4j/slf4j-log4j12/1.7.10/slf4j-log4j12-1.7.10.pom (1.6 kB at 75 kB/s)
[INFO] Downloading from central: https://repo.maven.apache.org/maven2/net/sourceforge/owlapi/owlapi-distribution/4.5.6/owlapi-distribution-4.5.6.pom
[INFO] Downloaded from central: https://repo.maven.apache.org/maven2/net/sourceforge/owlapi/owlapi-distribution/4.5.6/owlapi-distribution-4.5.6.pom (13 kB at 56 kB/s)
[INFO] Downloading from central: https://repo.maven.apache.org/maven2/net/sourceforge/owlapi/owlapi-parent/4.5.6/owlapi-parent-4.5.6.pom
[INFO] Downloaded from central: https://repo.maven.apache.org/maven2/net/sourceforge/owlapi/owlapi-parent/4.5.6/owlapi-parent-4.5.6.pom (13 kB at 64 kB/s)
[INFO] Downloading from central: https://repo.maven.apache.org/maven2/net/sourceforge/owlapi/owlapi-compatibility/4.5.6/owlapi-compatibility-4.5.6.pom
[INFO] Downloaded from central: https://repo.maven.apache.org/maven2/net/sourceforge/owlapi/owlapi-compatibility/4.5.6/owlapi-compatibility-4.5.6.pom (818 B at 3.7 kB/s)
[INFO] Downloading from central: https://repo.maven.apache.org/maven2/net/sourceforge/owlapi/owlapi-apibinding/4.5.6/owlapi-apibinding-4.5.6.pom
[INFO] Downloaded from central: https://repo.maven.apache.org/maven2/net/sourceforge/owlapi/owlapi-apibinding/4.5.6/owlapi-apibinding-4.5.6.pom (1.7 kB at 8.7 kB/s)
[INFO] Downloading from central: https://repo.maven.apache.org/maven2/net/sourceforge/owlapi/owlapi-api/4.5.6/owlapi-api-4.5.6.pom
[INFO] Downloaded from central: https://repo.maven.apache.org/maven2/net/sourceforge/owlapi/owlapi-api/4.5.6/owlapi-api-4.5.6.pom (1.1 kB at 5.2 kB/s)
[INFO] Downloading from central: https://repo.maven.apache.org/maven2/com/github/ben-manes/caffeine/caffeine/2.5.6/caffeine-2.5.6.pom
[INFO] Downloaded from central: https://repo.maven.apache.org/maven2/com/github/ben-manes/caffeine/caffeine/2.5.6/caffeine-2.5.6.pom (5.6 kB at 280 kB/s)
[INFO] Downloading from central: https://repo.maven.apache.org/maven2/com/github/vsonnier/hppcrt/0.7.5/hppcrt-0.7.5.pom
[INFO] Downloaded from central: https://repo.maven.apache.org/maven2/com/github/vsonnier/hppcrt/0.7.5/hppcrt-0.7.5.pom (13 kB at 42 kB/s)
[INFO] Downloading from central: https://repo.maven.apache.org/maven2/com/github/vsonnier/hppcrt-parent/0.7.5/hppcrt-parent-0.7.5.pom
[INFO] Downloaded from central: https://repo.maven.apache.org/maven2/com/github/vsonnier/hppcrt-parent/0.7.5/hppcrt-parent-0.7.5.pom (17 kB at 83 kB/s)
[INFO] Downloading from central: https://repo.maven.apache.org/maven2/net/sourceforge/owlapi/owlapi-impl/4.5.6/owlapi-impl-4.5.6.pom
[INFO] Downloaded from central: https://repo.maven.apache.org/maven2/net/sourceforge/owlapi/owlapi-impl/4.5.6/owlapi-impl-4.5.6.pom (1.1 kB at 5.5 kB/s)
[INFO] Downloading from central: https://repo.maven.apache.org/maven2/net/sourceforge/owlapi/owlapi-parsers/4.5.6/owlapi-parsers-4.5.6.pom
[INFO] Downloaded from central: https://repo.maven.apache.org/maven2/net/sourceforge/owlapi/owlapi-parsers/4.5.6/owlapi-parsers-4.5.6.pom (799 B at 3.4 kB/s)
[INFO] Downloading from central: https://repo.maven.apache.org/maven2/net/sourceforge/owlapi/owlapi-oboformat/4.5.6/owlapi-oboformat-4.5.6.pom
[INFO] Downloaded from central: https://repo.maven.apache.org/maven2/net/sourceforge/owlapi/owlapi-oboformat/4.5.6/owlapi-oboformat-4.5.6.pom (1.6 kB at 8.0 kB/s)
[INFO] Downloading from central: https://repo.maven.apache.org/maven2/net/sourceforge/owlapi/owlapi-tools/4.5.6/owlapi-tools-4.5.6.pom
[INFO] Downloaded from central: https://repo.maven.apache.org/maven2/net/sourceforge/owlapi/owlapi-tools/4.5.6/owlapi-tools-4.5.6.pom (795 B at 3.8 kB/s)
[INFO] Downloading from central: https://repo.maven.apache.org/maven2/net/sourceforge/owlapi/owlapi-fixers/4.5.6/owlapi-fixers-4.5.6.pom
[INFO] Downloaded from central: https://repo.maven.apache.org/maven2/net/sourceforge/owlapi/owlapi-fixers/4.5.6/owlapi-fixers-4.5.6.pom (1.0 kB at 5.1 kB/s)
[INFO] Downloading from central: https://repo.maven.apache.org/maven2/net/sourceforge/owlapi/owlapi-rio/4.5.6/owlapi-rio-4.5.6.pom
[INFO] Downloaded from central: https://repo.maven.apache.org/maven2/net/sourceforge/owlapi/owlapi-rio/4.5.6/owlapi-rio-4.5.6.pom (4.3 kB at 21 kB/s)
[INFO] Downloading from central: https://repo.maven.apache.org/maven2/org/openrdf/sesame/sesame-model/2.7.16/sesame-model-2.7.16.pom
[INFO] Downloaded from central: https://repo.maven.apache.org/maven2/org/openrdf/sesame/sesame-model/2.7.16/sesame-model-2.7.16.pom (807 B at 4.1 kB/s)
[INFO] Downloading from central: https://repo.maven.apache.org/maven2/org/openrdf/sesame/sesame-core/2.7.16/sesame-core-2.7.16.pom
[INFO] Downloaded from central: https://repo.maven.apache.org/maven2/org/openrdf/sesame/sesame-core/2.7.16/sesame-core-2.7.16.pom (4.3 kB at 15 kB/s)
[INFO] Downloading from central: https://repo.maven.apache.org/maven2/org/openrdf/sesame/sesame/2.7.16/sesame-2.7.16.pom
[INFO] Downloaded from central: https://repo.maven.apache.org/maven2/org/openrdf/sesame/sesame/2.7.16/sesame-2.7.16.pom (14 kB at 71 kB/s)
[INFO] Downloading from central: https://repo.maven.apache.org/maven2/org/openrdf/sesame/sesame-util/2.7.16/sesame-util-2.7.16.pom
[INFO] Downloaded from central: https://repo.maven.apache.org/maven2/org/openrdf/sesame/sesame-util/2.7.16/sesame-util-2.7.16.pom (760 B at 3.9 kB/s)
[INFO] Downloading from central: https://repo.maven.apache.org/maven2/org/openrdf/sesame/sesame-rio-api/2.7.16/sesame-rio-api-2.7.16.pom
[INFO] Downloaded from central: https://repo.maven.apache.org/maven2/org/openrdf/sesame/sesame-rio-api/2.7.16/sesame-rio-api-2.7.16.pom (934 B at 4.8 kB/s)
[INFO] Downloading from central: https://repo.maven.apache.org/maven2/org/openrdf/sesame/sesame-rio/2.7.16/sesame-rio-2.7.16.pom
[INFO] Downloaded from central: https://repo.maven.apache.org/maven2/org/openrdf/sesame/sesame-rio/2.7.16/sesame-rio-2.7.16.pom (920 B at 4.7 kB/s)
[INFO] Downloading from central: https://repo.maven.apache.org/maven2/org/openrdf/sesame/sesame-rio-languages/2.7.16/sesame-rio-languages-2.7.16.pom
[INFO] Downloaded from central: https://repo.maven.apache.org/maven2/org/openrdf/sesame/sesame-rio-languages/2.7.16/sesame-rio-languages-2.7.16.pom (1.0 kB at 5.2 kB/s)
[INFO] Downloading from central: https://repo.maven.apache.org/maven2/org/openrdf/sesame/sesame-rio-datatypes/2.7.16/sesame-rio-datatypes-2.7.16.pom
[INFO] Downloaded from central: https://repo.maven.apache.org/maven2/org/openrdf/sesame/sesame-rio-datatypes/2.7.16/sesame-rio-datatypes-2.7.16.pom (1.0 kB at 5.2 kB/s)
[INFO] Downloading from central: https://repo.maven.apache.org/maven2/org/openrdf/sesame/sesame-rio-binary/2.7.16/sesame-rio-binary-2.7.16.pom
[INFO] Downloaded from central: https://repo.maven.apache.org/maven2/org/openrdf/sesame/sesame-rio-binary/2.7.16/sesame-rio-binary-2.7.16.pom (1.1 kB at 5.3 kB/s)
[INFO] Downloading from central: https://repo.maven.apache.org/maven2/org/openrdf/sesame/sesame-rio-n3/2.7.16/sesame-rio-n3-2.7.16.pom
[INFO] Downloaded from central: https://repo.maven.apache.org/maven2/org/openrdf/sesame/sesame-rio-n3/2.7.16/sesame-rio-n3-2.7.16.pom (1.4 kB at 7.2 kB/s)
[INFO] Downloading from central: https://repo.maven.apache.org/maven2/org/openrdf/sesame/sesame-rio-turtle/2.7.16/sesame-rio-turtle-2.7.16.pom
[INFO] Downloaded from central: https://repo.maven.apache.org/maven2/org/openrdf/sesame/sesame-rio-turtle/2.7.16/sesame-rio-turtle-2.7.16.pom (1.7 kB at 8.3 kB/s)
[INFO] Downloading from central: https://repo.maven.apache.org/maven2/org/openrdf/sesame/sesame-rio-nquads/2.7.16/sesame-rio-nquads-2.7.16.pom
[INFO] Downloaded from central: https://repo.maven.apache.org/maven2/org/openrdf/sesame/sesame-rio-nquads/2.7.16/sesame-rio-nquads-2.7.16.pom (1.5 kB at 7.7 kB/s)
[INFO] Downloading from central: https://repo.maven.apache.org/maven2/org/openrdf/sesame/sesame-rio-ntriples/2.7.16/sesame-rio-ntriples-2.7.16.pom
[INFO] Downloaded from central: https://repo.maven.apache.org/maven2/org/openrdf/sesame/sesame-rio-ntriples/2.7.16/sesame-rio-ntriples-2.7.16.pom (1.4 kB at 7.1 kB/s)
[INFO] Downloading from central: https://repo.maven.apache.org/maven2/org/openrdf/sesame/sesame-rio-rdfjson/2.7.16/sesame-rio-rdfjson-2.7.16.pom
[INFO] Downloaded from central: https://repo.maven.apache.org/maven2/org/openrdf/sesame/sesame-rio-rdfjson/2.7.16/sesame-rio-rdfjson-2.7.16.pom (1.7 kB at 8.2 kB/s)
[INFO] Downloading from central: https://repo.maven.apache.org/maven2/com/fasterxml/jackson/core/jackson-core/2.2.1/jackson-core-2.2.1.pom
[INFO] Downloaded from central: https://repo.maven.apache.org/maven2/com/fasterxml/jackson/core/jackson-core/2.2.1/jackson-core-2.2.1.pom (6.0 kB at 315 kB/s)
[INFO] Downloading from central: https://repo.maven.apache.org/maven2/com/fasterxml/oss-parent/10/oss-parent-10.pom
[INFO] Downloaded from central: https://repo.maven.apache.org/maven2/com/fasterxml/oss-parent/10/oss-parent-10.pom (23 kB at 299 kB/s)
[INFO] Downloading from central: https://repo.maven.apache.org/maven2/org/openrdf/sesame/sesame-rio-rdfxml/2.7.16/sesame-rio-rdfxml-2.7.16.pom
[INFO] Downloaded from central: https://repo.maven.apache.org/maven2/org/openrdf/sesame/sesame-rio-rdfxml/2.7.16/sesame-rio-rdfxml-2.7.16.pom (1.5 kB at 7.7 kB/s)
[INFO] Downloading from central: https://repo.maven.apache.org/maven2/org/openrdf/sesame/sesame-rio-trix/2.7.16/sesame-rio-trix-2.7.16.pom
[INFO] Downloaded from central: https://repo.maven.apache.org/maven2/org/openrdf/sesame/sesame-rio-trix/2.7.16/sesame-rio-trix-2.7.16.pom (1.5 kB at 7.9 kB/s)
[INFO] Downloading from central: https://repo.maven.apache.org/maven2/org/openrdf/sesame/sesame-rio-trig/2.7.16/sesame-rio-trig-2.7.16.pom
[INFO] Downloaded from central: https://repo.maven.apache.org/maven2/org/openrdf/sesame/sesame-rio-trig/2.7.16/sesame-rio-trig-2.7.16.pom (1.6 kB at 5.3 kB/s)
[INFO] Downloading from central: https://repo.maven.apache.org/maven2/com/github/jsonld-java/jsonld-java-sesame/0.5.1/jsonld-java-sesame-0.5.1.pom
[INFO] Downloaded from central: https://repo.maven.apache.org/maven2/com/github/jsonld-java/jsonld-java-sesame/0.5.1/jsonld-java-sesame-0.5.1.pom (2.0 kB at 9.8 kB/s)
[INFO] Downloading from central: https://repo.maven.apache.org/maven2/com/github/jsonld-java/jsonld-java-integration/0.5.1/jsonld-java-integration-0.5.1.pom
[INFO] Downloaded from central: https://repo.maven.apache.org/maven2/com/github/jsonld-java/jsonld-java-integration/0.5.1/jsonld-java-integration-0.5.1.pom (707 B at 3.6 kB/s)
[INFO] Downloading from central: https://repo.maven.apache.org/maven2/com/github/jsonld-java/jsonld-java-parent/0.5.1/jsonld-java-parent-0.5.1.pom
[INFO] Downloaded from central: https://repo.maven.apache.org/maven2/com/github/jsonld-java/jsonld-java-parent/0.5.1/jsonld-java-parent-0.5.1.pom (7.8 kB at 388 kB/s)
[INFO] Downloading from central: https://repo.maven.apache.org/maven2/com/github/jsonld-java/jsonld-java/0.5.1/jsonld-java-0.5.1.pom
[INFO] Downloaded from central: https://repo.maven.apache.org/maven2/com/github/jsonld-java/jsonld-java/0.5.1/jsonld-java-0.5.1.pom (2.9 kB at 153 kB/s)
[INFO] Downloading from central: https://repo.maven.apache.org/maven2/com/fasterxml/jackson/core/jackson-core/2.3.3/jackson-core-2.3.3.pom
[INFO] Downloaded from central: https://repo.maven.apache.org/maven2/com/fasterxml/jackson/core/jackson-core/2.3.3/jackson-core-2.3.3.pom (6.0 kB at 373 kB/s)
[INFO] Downloading from central: https://repo.maven.apache.org/maven2/com/fasterxml/jackson/core/jackson-databind/2.3.3/jackson-databind-2.3.3.pom
[INFO] Downloaded from central: https://repo.maven.apache.org/maven2/com/fasterxml/jackson/core/jackson-databind/2.3.3/jackson-databind-2.3.3.pom (5.9 kB at 349 kB/s)
[INFO] Downloading from central: https://repo.maven.apache.org/maven2/org/apache/httpcomponents/httpclient-cache/4.2.5/httpclient-cache-4.2.5.pom
[INFO] Downloaded from central: https://repo.maven.apache.org/maven2/org/apache/httpcomponents/httpclient-cache/4.2.5/httpclient-cache-4.2.5.pom (6.6 kB at 414 kB/s)
[INFO] Downloading from central: https://repo.maven.apache.org/maven2/org/apache/httpcomponents/httpcomponents-client/4.2.5/httpcomponents-client-4.2.5.pom
[INFO] Downloaded from central: https://repo.maven.apache.org/maven2/org/apache/httpcomponents/httpcomponents-client/4.2.5/httpcomponents-client-4.2.5.pom (15 kB at 869 kB/s)
[INFO] Downloading from central: https://repo.maven.apache.org/maven2/org/apache/httpcomponents/project/6/project-6.pom
[INFO] Downloaded from central: https://repo.maven.apache.org/maven2/org/apache/httpcomponents/project/6/project-6.pom (24 kB at 1.2 MB/s)
[INFO] Downloading from central: https://repo.maven.apache.org/maven2/org/apache/httpcomponents/httpclient/4.2.5/httpclient-4.2.5.pom
[INFO] Downloaded from central: https://repo.maven.apache.org/maven2/org/apache/httpcomponents/httpclient/4.2.5/httpclient-4.2.5.pom (5.9 kB at 422 kB/s)
[INFO] Downloading from central: https://repo.maven.apache.org/maven2/org/apache/httpcomponents/httpcore/4.2.4/httpcore-4.2.4.pom
[INFO] Downloaded from central: https://repo.maven.apache.org/maven2/org/apache/httpcomponents/httpcore/4.2.4/httpcore-4.2.4.pom (5.7 kB at 379 kB/s)
[INFO] Downloading from central: https://repo.maven.apache.org/maven2/org/apache/httpcomponents/httpcomponents-core/4.2.4/httpcomponents-core-4.2.4.pom
[INFO] Downloaded from central: https://repo.maven.apache.org/maven2/org/apache/httpcomponents/httpcomponents-core/4.2.4/httpcomponents-core-4.2.4.pom (12 kB at 554 kB/s)
[INFO] Downloading from central: https://repo.maven.apache.org/maven2/org/openrdf/sesame/sesame-model/2.7.13/sesame-model-2.7.13.pom
[INFO] Downloaded from central: https://repo.maven.apache.org/maven2/org/openrdf/sesame/sesame-model/2.7.13/sesame-model-2.7.13.pom (807 B at 3.8 kB/s)
[INFO] Downloading from central: https://repo.maven.apache.org/maven2/org/openrdf/sesame/sesame-core/2.7.13/sesame-core-2.7.13.pom
[INFO] Downloaded from central: https://repo.maven.apache.org/maven2/org/openrdf/sesame/sesame-core/2.7.13/sesame-core-2.7.13.pom (4.3 kB at 21 kB/s)
[INFO] Downloading from central: https://repo.maven.apache.org/maven2/org/openrdf/sesame/sesame/2.7.13/sesame-2.7.13.pom
[INFO] Downloaded from central: https://repo.maven.apache.org/maven2/org/openrdf/sesame/sesame/2.7.13/sesame-2.7.13.pom (14 kB at 67 kB/s)
[INFO] Downloading from central: https://repo.maven.apache.org/maven2/org/openrdf/sesame/sesame-util/2.7.13/sesame-util-2.7.13.pom
[INFO] Downloaded from central: https://repo.maven.apache.org/maven2/org/openrdf/sesame/sesame-util/2.7.13/sesame-util-2.7.13.pom (760 B at 3.9 kB/s)
[INFO] Downloading from central: https://repo.maven.apache.org/maven2/org/openrdf/sesame/sesame-rio-api/2.7.13/sesame-rio-api-2.7.13.pom
[INFO] Downloaded from central: https://repo.maven.apache.org/maven2/org/openrdf/sesame/sesame-rio-api/2.7.13/sesame-rio-api-2.7.13.pom (934 B at 4.7 kB/s)
[INFO] Downloading from central: https://repo.maven.apache.org/maven2/org/openrdf/sesame/sesame-rio/2.7.13/sesame-rio-2.7.13.pom
[INFO] Downloaded from central: https://repo.maven.apache.org/maven2/org/openrdf/sesame/sesame-rio/2.7.13/sesame-rio-2.7.13.pom (920 B at 4.6 kB/s)
[INFO] Downloading from central: https://repo.maven.apache.org/maven2/org/semarglproject/semargl-sesame/0.6.1/semargl-sesame-0.6.1.pom
[INFO] Downloaded from central: https://repo.maven.apache.org/maven2/org/semarglproject/semargl-sesame/0.6.1/semargl-sesame-0.6.1.pom (4.6 kB at 23 kB/s)
[INFO] Downloading from central: https://repo.maven.apache.org/maven2/org/semarglproject/semargl-integration/0.6.1/semargl-integration-0.6.1.pom
[INFO] Downloaded from central: https://repo.maven.apache.org/maven2/org/semarglproject/semargl-integration/0.6.1/semargl-integration-0.6.1.pom (1.1 kB at 5.5 kB/s)
[INFO] Downloading from central: https://repo.maven.apache.org/maven2/org/semarglproject/semargl-parent/0.6.1/semargl-parent-0.6.1.pom
[INFO] Downloaded from central: https://repo.maven.apache.org/maven2/org/semarglproject/semargl-parent/0.6.1/semargl-parent-0.6.1.pom (25 kB at 120 kB/s)
[INFO] Downloading from central: https://repo.maven.apache.org/maven2/org/semarglproject/semargl-core/0.6.1/semargl-core-0.6.1.pom
[INFO] Downloaded from central: https://repo.maven.apache.org/maven2/org/semarglproject/semargl-core/0.6.1/semargl-core-0.6.1.pom (3.3 kB at 16 kB/s)
[INFO] Downloading from central: https://repo.maven.apache.org/maven2/org/semarglproject/semargl-rdfa/0.6.1/semargl-rdfa-0.6.1.pom
[INFO] Downloaded from central: https://repo.maven.apache.org/maven2/org/semarglproject/semargl-rdfa/0.6.1/semargl-rdfa-0.6.1.pom (3.9 kB at 19 kB/s)
[INFO] Downloading from central: https://repo.maven.apache.org/maven2/org/semarglproject/semargl-rdf/0.6.1/semargl-rdf-0.6.1.pom
[INFO] Downloaded from central: https://repo.maven.apache.org/maven2/org/semarglproject/semargl-rdf/0.6.1/semargl-rdf-0.6.1.pom (4.5 kB at 18 kB/s)
[INFO] Downloading from central: https://repo.maven.apache.org/maven2/org/openrdf/sesame/sesame-rio-api/2.7.5/sesame-rio-api-2.7.5.pom
[INFO] Downloaded from central: https://repo.maven.apache.org/maven2/org/openrdf/sesame/sesame-rio-api/2.7.5/sesame-rio-api-2.7.5.pom (840 B at 3.9 kB/s)
[INFO] Downloading from central: https://repo.maven.apache.org/maven2/org/openrdf/sesame/sesame-rio/2.7.5/sesame-rio-2.7.5.pom
[INFO] Downloaded from central: https://repo.maven.apache.org/maven2/org/openrdf/sesame/sesame-rio/2.7.5/sesame-rio-2.7.5.pom (919 B at 4.7 kB/s)
[INFO] Downloading from central: https://repo.maven.apache.org/maven2/org/openrdf/sesame/sesame-core/2.7.5/sesame-core-2.7.5.pom
[INFO] Downloaded from central: https://repo.maven.apache.org/maven2/org/openrdf/sesame/sesame-core/2.7.5/sesame-core-2.7.5.pom (4.3 kB at 21 kB/s)
[INFO] Downloading from central: https://repo.maven.apache.org/maven2/org/openrdf/sesame/sesame/2.7.5/sesame-2.7.5.pom
[INFO] Downloaded from central: https://repo.maven.apache.org/maven2/org/openrdf/sesame/sesame/2.7.5/sesame-2.7.5.pom (13 kB at 67 kB/s)
[INFO] Downloading from central: https://repo.maven.apache.org/maven2/org/openrdf/sesame/sesame-model/2.7.5/sesame-model-2.7.5.pom
[INFO] Downloaded from central: https://repo.maven.apache.org/maven2/org/openrdf/sesame/sesame-model/2.7.5/sesame-model-2.7.5.pom (806 B at 4.1 kB/s)
[INFO] Downloading from central: https://repo.maven.apache.org/maven2/org/openrdf/sesame/sesame-util/2.7.5/sesame-util-2.7.5.pom
[INFO] Downloaded from central: https://repo.maven.apache.org/maven2/org/openrdf/sesame/sesame-util/2.7.5/sesame-util-2.7.5.pom (759 B at 3.9 kB/s)
[INFO] Downloading from central: https://repo.maven.apache.org/maven2/com/fasterxml/jackson/core/jackson-core/2.8.5/jackson-core-2.8.5.pom
[INFO] Downloaded from central: https://repo.maven.apache.org/maven2/com/fasterxml/jackson/core/jackson-core/2.8.5/jackson-core-2.8.5.pom (5.4 kB at 387 kB/s)
[INFO] Downloading from central: https://repo.maven.apache.org/maven2/com/fasterxml/jackson/core/jackson-databind/2.8.5/jackson-databind-2.8.5.pom
[INFO] Downloaded from central: https://repo.maven.apache.org/maven2/com/fasterxml/jackson/core/jackson-databind/2.8.5/jackson-databind-2.8.5.pom (5.4 kB at 362 kB/s)
[INFO] Downloading from central: https://repo.maven.apache.org/maven2/com/fasterxml/jackson/core/jackson-annotations/2.8.0/jackson-annotations-2.8.0.pom
[INFO] Downloaded from central: https://repo.maven.apache.org/maven2/com/fasterxml/jackson/core/jackson-annotations/2.8.0/jackson-annotations-2.8.0.pom (0 B at 0 B/s)
[INFO] Downloading from central: https://repo.maven.apache.org/maven2/com/fasterxml/jackson/core/jackson-annotations/2.8.5/jackson-annotations-2.8.5.pom
[INFO] Downloaded from central: https://repo.maven.apache.org/maven2/com/fasterxml/jackson/core/jackson-annotations/2.8.5/jackson-annotations-2.8.5.pom (1.8 kB at 123 kB/s)
[INFO] Downloading from central: https://repo.maven.apache.org/maven2/org/slf4j/jcl-over-slf4j/1.7.22/jcl-over-slf4j-1.7.22.pom
[INFO] Downloaded from central: https://repo.maven.apache.org/maven2/org/slf4j/jcl-over-slf4j/1.7.22/jcl-over-slf4j-1.7.22.pom (963 B at 69 kB/s)
[INFO] Downloading from central: https://repo.maven.apache.org/maven2/org/semarglproject/semargl-sesame/0.7/semargl-sesame-0.7.pom
[INFO] Downloaded from central: https://repo.maven.apache.org/maven2/org/semarglproject/semargl-sesame/0.7/semargl-sesame-0.7.pom (3.4 kB at 15 kB/s)
[INFO] Downloading from central: https://repo.maven.apache.org/maven2/org/semarglproject/semargl-integration/0.7/semargl-integration-0.7.pom
[INFO] Downloaded from central: https://repo.maven.apache.org/maven2/org/semarglproject/semargl-integration/0.7/semargl-integration-0.7.pom (1.1 kB at 5.2 kB/s)
[INFO] Downloading from central: https://repo.maven.apache.org/maven2/org/semarglproject/semargl-parent/0.7/semargl-parent-0.7.pom
[INFO] Downloaded from central: https://repo.maven.apache.org/maven2/org/semarglproject/semargl-parent/0.7/semargl-parent-0.7.pom (27 kB at 131 kB/s)
[INFO] Downloading from central: https://repo.maven.apache.org/maven2/org/semarglproject/semargl-core/0.7/semargl-core-0.7.pom
[INFO] Downloaded from central: https://repo.maven.apache.org/maven2/org/semarglproject/semargl-core/0.7/semargl-core-0.7.pom (2.0 kB at 10 kB/s)
[INFO] Downloading from central: https://repo.maven.apache.org/maven2/org/semarglproject/semargl-rdfa/0.7/semargl-rdfa-0.7.pom
[INFO] Downloaded from central: https://repo.maven.apache.org/maven2/org/semarglproject/semargl-rdfa/0.7/semargl-rdfa-0.7.pom (3.3 kB at 17 kB/s)
[INFO] Downloading from central: https://repo.maven.apache.org/maven2/org/semarglproject/semargl-rdf/0.7/semargl-rdf-0.7.pom
[INFO] Downloaded from central: https://repo.maven.apache.org/maven2/org/semarglproject/semargl-rdf/0.7/semargl-rdf-0.7.pom (3.1 kB at 16 kB/s)
[INFO] Downloading from central: https://repo.maven.apache.org/maven2/org/openrdf/sesame/sesame-rio-api/2.8.11/sesame-rio-api-2.8.11.pom
[INFO] Downloaded from central: https://repo.maven.apache.org/maven2/org/openrdf/sesame/sesame-rio-api/2.8.11/sesame-rio-api-2.8.11.pom (934 B at 4.8 kB/s)
[INFO] Downloading from central: https://repo.maven.apache.org/maven2/org/openrdf/sesame/sesame-rio/2.8.11/sesame-rio-2.8.11.pom
[INFO] Downloaded from central: https://repo.maven.apache.org/maven2/org/openrdf/sesame/sesame-rio/2.8.11/sesame-rio-2.8.11.pom (946 B at 4.7 kB/s)
[INFO] Downloading from central: https://repo.maven.apache.org/maven2/org/openrdf/sesame/sesame-core/2.8.11/sesame-core-2.8.11.pom
[INFO] Downloaded from central: https://repo.maven.apache.org/maven2/org/openrdf/sesame/sesame-core/2.8.11/sesame-core-2.8.11.pom (3.3 kB at 16 kB/s)
[INFO] Downloading from central: https://repo.maven.apache.org/maven2/org/openrdf/sesame/sesame/2.8.11/sesame-2.8.11.pom
[INFO] Downloaded from central: https://repo.maven.apache.org/maven2/org/openrdf/sesame/sesame/2.8.11/sesame-2.8.11.pom (17 kB at 83 kB/s)
[INFO] Downloading from central: https://repo.maven.apache.org/maven2/org/openrdf/sesame/sesame-model/2.8.11/sesame-model-2.8.11.pom
[INFO] Downloaded from central: https://repo.maven.apache.org/maven2/org/openrdf/sesame/sesame-model/2.8.11/sesame-model-2.8.11.pom (808 B at 3.9 kB/s)
[INFO] Downloading from central: https://repo.maven.apache.org/maven2/org/openrdf/sesame/sesame-util/2.8.11/sesame-util-2.8.11.pom
[INFO] Downloaded from central: https://repo.maven.apache.org/maven2/org/openrdf/sesame/sesame-util/2.8.11/sesame-util-2.8.11.pom (865 B at 3.7 kB/s)
[INFO] Downloading from central: https://repo.maven.apache.org/maven2/org/semanticweb/elk/elk-owlapi/0.4.3/elk-owlapi-0.4.3.pom
[INFO] Downloaded from central: https://repo.maven.apache.org/maven2/org/semanticweb/elk/elk-owlapi/0.4.3/elk-owlapi-0.4.3.pom (3.9 kB at 19 kB/s)
[INFO] Downloading from central: https://repo.maven.apache.org/maven2/org/semanticweb/elk/elk-parent/0.4.3/elk-parent-0.4.3.pom
[INFO] Downloaded from central: https://repo.maven.apache.org/maven2/org/semanticweb/elk/elk-parent/0.4.3/elk-parent-0.4.3.pom (14 kB at 59 kB/s)
[INFO] Downloading from central: https://repo.maven.apache.org/maven2/org/semanticweb/elk/elk-owl-model/0.4.3/elk-owl-model-0.4.3.pom
[INFO] Downloaded from central: https://repo.maven.apache.org/maven2/org/semanticweb/elk/elk-owl-model/0.4.3/elk-owl-model-0.4.3.pom (1.0 kB at 5.1 kB/s)
[INFO] Downloading from central: https://repo.maven.apache.org/maven2/org/semanticweb/elk/elk-owl-parent/0.4.3/elk-owl-parent-0.4.3.pom
[INFO] Downloaded from central: https://repo.maven.apache.org/maven2/org/semanticweb/elk/elk-owl-parent/0.4.3/elk-owl-parent-0.4.3.pom (681 B at 3.5 kB/s)
[INFO] Downloading from central: https://repo.maven.apache.org/maven2/org/semanticweb/elk/elk-owl-implementation/0.4.3/elk-owl-implementation-0.4.3.pom
[INFO] Downloaded from central: https://repo.maven.apache.org/maven2/org/semanticweb/elk/elk-owl-implementation/0.4.3/elk-owl-implementation-0.4.3.pom (1.6 kB at 8.1 kB/s)
[INFO] Downloading from central: https://repo.maven.apache.org/maven2/org/semanticweb/elk/elk-util-hashing/0.4.3/elk-util-hashing-0.4.3.pom
[INFO] Downloaded from central: https://repo.maven.apache.org/maven2/org/semanticweb/elk/elk-util-hashing/0.4.3/elk-util-hashing-0.4.3.pom (551 B at 2.8 kB/s)
[INFO] Downloading from central: https://repo.maven.apache.org/maven2/org/semanticweb/elk/elk-util-parent/0.4.3/elk-util-parent-0.4.3.pom
[INFO] Downloaded from central: https://repo.maven.apache.org/maven2/org/semanticweb/elk/elk-util-parent/0.4.3/elk-util-parent-0.4.3.pom (848 B at 4.3 kB/s)
[INFO] Downloading from central: https://repo.maven.apache.org/maven2/org/semanticweb/elk/elk-reasoner/0.4.3/elk-reasoner-0.4.3.pom
[INFO] Downloaded from central: https://repo.maven.apache.org/maven2/org/semanticweb/elk/elk-reasoner/0.4.3/elk-reasoner-0.4.3.pom (3.0 kB at 15 kB/s)
[INFO] Downloading from central: https://repo.maven.apache.org/maven2/org/semanticweb/elk/elk-util-collections/0.4.3/elk-util-collections-0.4.3.pom
[INFO] Downloaded from central: https://repo.maven.apache.org/maven2/org/semanticweb/elk/elk-util-collections/0.4.3/elk-util-collections-0.4.3.pom (706 B at 3.6 kB/s)
[INFO] Downloading from central: https://repo.maven.apache.org/maven2/org/semanticweb/elk/elk-util-concurrent/0.4.3/elk-util-concurrent-0.4.3.pom
[INFO] Downloaded from central: https://repo.maven.apache.org/maven2/org/semanticweb/elk/elk-util-concurrent/0.4.3/elk-util-concurrent-0.4.3.pom (1.0 kB at 5.2 kB/s)
[INFO] Downloading from central: https://repo.maven.apache.org/maven2/org/semanticweb/elk/elk-util-logging/0.4.3/elk-util-logging-0.4.3.pom
[INFO] Downloaded from central: https://repo.maven.apache.org/maven2/org/semanticweb/elk/elk-util-logging/0.4.3/elk-util-logging-0.4.3.pom (953 B at 4.8 kB/s)
[INFO] Downloading from central: https://repo.maven.apache.org/maven2/org/semanticweb/elk/elk-util-common/0.4.3/elk-util-common-0.4.3.pom
[INFO] Downloaded from central: https://repo.maven.apache.org/maven2/org/semanticweb/elk/elk-util-common/0.4.3/elk-util-common-0.4.3.pom (1.2 kB at 5.6 kB/s)
[INFO] Downloading from central: https://repo.maven.apache.org/maven2/org/semanticweb/elk/elk-util-io/0.4.3/elk-util-io-0.4.3.pom
[INFO] Downloaded from central: https://repo.maven.apache.org/maven2/org/semanticweb/elk/elk-util-io/0.4.3/elk-util-io-0.4.3.pom (679 B at 3.4 kB/s)
[INFO] Downloading from central: https://repo.maven.apache.org/maven2/net/sourceforge/owlapi/org.semanticweb.hermit/1.3.8.413/org.semanticweb.hermit-1.3.8.413.pom
[INFO] Downloaded from central: https://repo.maven.apache.org/maven2/net/sourceforge/owlapi/org.semanticweb.hermit/1.3.8.413/org.semanticweb.hermit-1.3.8.413.pom (8.9 kB at 45 kB/s)
[INFO] Downloading from central: https://repo.maven.apache.org/maven2/net/sourceforge/owlapi/owlapi-distribution/4.1.3/owlapi-distribution-4.1.3.pom
[INFO] Downloaded from central: https://repo.maven.apache.org/maven2/net/sourceforge/owlapi/owlapi-distribution/4.1.3/owlapi-distribution-4.1.3.pom (12 kB at 65 kB/s)
[INFO] Downloading from central: https://repo.maven.apache.org/maven2/net/sourceforge/owlapi/owlapi-parent/4.1.3/owlapi-parent-4.1.3.pom
[INFO] Downloaded from central: https://repo.maven.apache.org/maven2/net/sourceforge/owlapi/owlapi-parent/4.1.3/owlapi-parent-4.1.3.pom (12 kB at 58 kB/s)
[INFO] Downloading from central: https://repo.maven.apache.org/maven2/com/fasterxml/jackson/core/jackson-core/2.5.1/jackson-core-2.5.1.pom
[INFO] Downloaded from central: https://repo.maven.apache.org/maven2/com/fasterxml/jackson/core/jackson-core/2.5.1/jackson-core-2.5.1.pom (4.8 kB at 434 kB/s)
[INFO] Downloading from central: https://repo.maven.apache.org/maven2/com/fasterxml/jackson/jackson-parent/2.5/jackson-parent-2.5.pom
[INFO] Downloaded from central: https://repo.maven.apache.org/maven2/com/fasterxml/jackson/jackson-parent/2.5/jackson-parent-2.5.pom (7.8 kB at 434 kB/s)
[INFO] Downloading from central: https://repo.maven.apache.org/maven2/com/fasterxml/oss-parent/18/oss-parent-18.pom
[INFO] Downloaded from central: https://repo.maven.apache.org/maven2/com/fasterxml/oss-parent/18/oss-parent-18.pom (19 kB at 1.0 MB/s)
[INFO] Downloading from central: https://repo.maven.apache.org/maven2/com/fasterxml/jackson/core/jackson-databind/2.5.1/jackson-databind-2.5.1.pom
[INFO] Downloaded from central: https://repo.maven.apache.org/maven2/com/fasterxml/jackson/core/jackson-databind/2.5.1/jackson-databind-2.5.1.pom (5.9 kB at 533 kB/s)
[INFO] Downloading from central: https://repo.maven.apache.org/maven2/com/fasterxml/jackson/core/jackson-annotations/2.5.0/jackson-annotations-2.5.0.pom
[INFO] Downloaded from central: https://repo.maven.apache.org/maven2/com/fasterxml/jackson/core/jackson-annotations/2.5.0/jackson-annotations-2.5.0.pom (1.2 kB at 122 kB/s)
[INFO] Downloading from central: https://repo.maven.apache.org/maven2/com/fasterxml/jackson/core/jackson-annotations/2.5.1/jackson-annotations-2.5.1.pom
[INFO] Downloaded from central: https://repo.maven.apache.org/maven2/com/fasterxml/jackson/core/jackson-annotations/2.5.1/jackson-annotations-2.5.1.pom (1.2 kB at 122 kB/s)
[INFO] Downloading from central: https://repo.maven.apache.org/maven2/org/openrdf/sesame/sesame-model/2.7.12/sesame-model-2.7.12.pom
[INFO] Downloaded from central: https://repo.maven.apache.org/maven2/org/openrdf/sesame/sesame-model/2.7.12/sesame-model-2.7.12.pom (807 B at 4.2 kB/s)
[INFO] Downloading from central: https://repo.maven.apache.org/maven2/org/openrdf/sesame/sesame-core/2.7.12/sesame-core-2.7.12.pom
[INFO] Downloaded from central: https://repo.maven.apache.org/maven2/org/openrdf/sesame/sesame-core/2.7.12/sesame-core-2.7.12.pom (4.3 kB at 22 kB/s)
[INFO] Downloading from central: https://repo.maven.apache.org/maven2/org/openrdf/sesame/sesame/2.7.12/sesame-2.7.12.pom
[INFO] Downloaded from central: https://repo.maven.apache.org/maven2/org/openrdf/sesame/sesame/2.7.12/sesame-2.7.12.pom (13 kB at 68 kB/s)
[INFO] Downloading from central: https://repo.maven.apache.org/maven2/org/openrdf/sesame/sesame-util/2.7.12/sesame-util-2.7.12.pom
[INFO] Downloaded from central: https://repo.maven.apache.org/maven2/org/openrdf/sesame/sesame-util/2.7.12/sesame-util-2.7.12.pom (760 B at 3.8 kB/s)
[INFO] Downloading from central: https://repo.maven.apache.org/maven2/org/openrdf/sesame/sesame-rio-api/2.7.12/sesame-rio-api-2.7.12.pom
[INFO] Downloaded from central: https://repo.maven.apache.org/maven2/org/openrdf/sesame/sesame-rio-api/2.7.12/sesame-rio-api-2.7.12.pom (934 B at 4.7 kB/s)
[INFO] Downloading from central: https://repo.maven.apache.org/maven2/org/openrdf/sesame/sesame-rio/2.7.12/sesame-rio-2.7.12.pom
[INFO] Downloaded from central: https://repo.maven.apache.org/maven2/org/openrdf/sesame/sesame-rio/2.7.12/sesame-rio-2.7.12.pom (920 B at 4.7 kB/s)
[INFO] Downloading from central: https://repo.maven.apache.org/maven2/org/openrdf/sesame/sesame-rio-languages/2.7.12/sesame-rio-languages-2.7.12.pom
[INFO] Downloaded from central: https://repo.maven.apache.org/maven2/org/openrdf/sesame/sesame-rio-languages/2.7.12/sesame-rio-languages-2.7.12.pom (1.0 kB at 5.2 kB/s)
[INFO] Downloading from central: https://repo.maven.apache.org/maven2/org/openrdf/sesame/sesame-rio-datatypes/2.7.12/sesame-rio-datatypes-2.7.12.pom
[INFO] Downloaded from central: https://repo.maven.apache.org/maven2/org/openrdf/sesame/sesame-rio-datatypes/2.7.12/sesame-rio-datatypes-2.7.12.pom (1.0 kB at 5.3 kB/s)
[INFO] Downloading from central: https://repo.maven.apache.org/maven2/org/openrdf/sesame/sesame-rio-binary/2.7.12/sesame-rio-binary-2.7.12.pom
[INFO] Downloaded from central: https://repo.maven.apache.org/maven2/org/openrdf/sesame/sesame-rio-binary/2.7.12/sesame-rio-binary-2.7.12.pom (1.1 kB at 5.5 kB/s)
[INFO] Downloading from central: https://repo.maven.apache.org/maven2/org/openrdf/sesame/sesame-rio-n3/2.7.12/sesame-rio-n3-2.7.12.pom
[INFO] Downloaded from central: https://repo.maven.apache.org/maven2/org/openrdf/sesame/sesame-rio-n3/2.7.12/sesame-rio-n3-2.7.12.pom (1.4 kB at 7.2 kB/s)
[INFO] Downloading from central: https://repo.maven.apache.org/maven2/org/openrdf/sesame/sesame-rio-turtle/2.7.12/sesame-rio-turtle-2.7.12.pom
[INFO] Downloaded from central: https://repo.maven.apache.org/maven2/org/openrdf/sesame/sesame-rio-turtle/2.7.12/sesame-rio-turtle-2.7.12.pom (1.7 kB at 8.4 kB/s)
[INFO] Downloading from central: https://repo.maven.apache.org/maven2/org/openrdf/sesame/sesame-rio-nquads/2.7.12/sesame-rio-nquads-2.7.12.pom
[INFO] Downloaded from central: https://repo.maven.apache.org/maven2/org/openrdf/sesame/sesame-rio-nquads/2.7.12/sesame-rio-nquads-2.7.12.pom (1.5 kB at 7.8 kB/s)
[INFO] Downloading from central: https://repo.maven.apache.org/maven2/org/openrdf/sesame/sesame-rio-ntriples/2.7.12/sesame-rio-ntriples-2.7.12.pom
[INFO] Downloaded from central: https://repo.maven.apache.org/maven2/org/openrdf/sesame/sesame-rio-ntriples/2.7.12/sesame-rio-ntriples-2.7.12.pom (1.4 kB at 6.7 kB/s)
[INFO] Downloading from central: https://repo.maven.apache.org/maven2/org/openrdf/sesame/sesame-rio-rdfjson/2.7.12/sesame-rio-rdfjson-2.7.12.pom
[INFO] Downloaded from central: https://repo.maven.apache.org/maven2/org/openrdf/sesame/sesame-rio-rdfjson/2.7.12/sesame-rio-rdfjson-2.7.12.pom (1.7 kB at 8.3 kB/s)
[INFO] Downloading from central: https://repo.maven.apache.org/maven2/org/openrdf/sesame/sesame-rio-rdfxml/2.7.12/sesame-rio-rdfxml-2.7.12.pom
[INFO] Downloaded from central: https://repo.maven.apache.org/maven2/org/openrdf/sesame/sesame-rio-rdfxml/2.7.12/sesame-rio-rdfxml-2.7.12.pom (1.5 kB at 7.9 kB/s)
[INFO] Downloading from central: https://repo.maven.apache.org/maven2/org/openrdf/sesame/sesame-rio-trix/2.7.12/sesame-rio-trix-2.7.12.pom
[INFO] Downloaded from central: https://repo.maven.apache.org/maven2/org/openrdf/sesame/sesame-rio-trix/2.7.12/sesame-rio-trix-2.7.12.pom (1.5 kB at 7.9 kB/s)
[INFO] Downloading from central: https://repo.maven.apache.org/maven2/org/openrdf/sesame/sesame-rio-trig/2.7.12/sesame-rio-trig-2.7.12.pom
[INFO] Downloaded from central: https://repo.maven.apache.org/maven2/org/openrdf/sesame/sesame-rio-trig/2.7.12/sesame-rio-trig-2.7.12.pom (1.6 kB at 8.1 kB/s)
[INFO] Downloading from central: https://repo.maven.apache.org/maven2/com/github/jsonld-java/jsonld-java-sesame/0.5.0/jsonld-java-sesame-0.5.0.pom
[INFO] Downloaded from central: https://repo.maven.apache.org/maven2/com/github/jsonld-java/jsonld-java-sesame/0.5.0/jsonld-java-sesame-0.5.0.pom (1.8 kB at 9.3 kB/s)
[INFO] Downloading from central: https://repo.maven.apache.org/maven2/com/github/jsonld-java/jsonld-java-integration/0.5.0/jsonld-java-integration-0.5.0.pom
[INFO] Downloaded from central: https://repo.maven.apache.org/maven2/com/github/jsonld-java/jsonld-java-integration/0.5.0/jsonld-java-integration-0.5.0.pom (707 B at 3.6 kB/s)
[INFO] Downloading from central: https://repo.maven.apache.org/maven2/com/github/jsonld-java/jsonld-java-parent/0.5.0/jsonld-java-parent-0.5.0.pom
[INFO] Downloaded from central: https://repo.maven.apache.org/maven2/com/github/jsonld-java/jsonld-java-parent/0.5.0/jsonld-java-parent-0.5.0.pom (7.6 kB at 585 kB/s)
[INFO] Downloading from central: https://repo.maven.apache.org/maven2/com/github/jsonld-java/jsonld-java/0.5.0/jsonld-java-0.5.0.pom
[INFO] Downloaded from central: https://repo.maven.apache.org/maven2/com/github/jsonld-java/jsonld-java/0.5.0/jsonld-java-0.5.0.pom (2.2 kB at 124 kB/s)
[INFO] Downloading from central: https://repo.maven.apache.org/maven2/com/google/inject/extensions/guice-assistedinject/4.0/guice-assistedinject-4.0.pom
[INFO] Downloaded from central: https://repo.maven.apache.org/maven2/com/google/inject/extensions/guice-assistedinject/4.0/guice-assistedinject-4.0.pom (549 B at 32 kB/s)
[INFO] Downloading from central: https://repo.maven.apache.org/maven2/com/google/inject/extensions/extensions-parent/4.0/extensions-parent-4.0.pom
[INFO] Downloaded from central: https://repo.maven.apache.org/maven2/com/google/inject/extensions/extensions-parent/4.0/extensions-parent-4.0.pom (3.5 kB at 231 kB/s)
[INFO] Downloading from central: https://repo.maven.apache.org/maven2/com/google/inject/extensions/guice-multibindings/4.0/guice-multibindings-4.0.pom
[INFO] Downloaded from central: https://repo.maven.apache.org/maven2/com/google/inject/extensions/guice-multibindings/4.0/guice-multibindings-4.0.pom (547 B at 30 kB/s)
[INFO] Downloading from central: https://repo.maven.apache.org/maven2/org/apache/ws/commons/axiom/axiom-api/1.2.14/axiom-api-1.2.14.pom
[INFO] Downloaded from central: https://repo.maven.apache.org/maven2/org/apache/ws/commons/axiom/axiom-api/1.2.14/axiom-api-1.2.14.pom (15 kB at 381 kB/s)
[INFO] Downloading from central: https://repo.maven.apache.org/maven2/org/apache/ws/commons/axiom/axiom-parent/1.2.14/axiom-parent-1.2.14.pom
[INFO] Downloaded from central: https://repo.maven.apache.org/maven2/org/apache/ws/commons/axiom/axiom-parent/1.2.14/axiom-parent-1.2.14.pom (21 kB at 1.2 MB/s)
[INFO] Downloading from central: https://repo.maven.apache.org/maven2/org/apache/geronimo/specs/geronimo-activation_1.1_spec/1.1/geronimo-activation_1.1_spec-1.1.pom
[INFO] Downloaded from central: https://repo.maven.apache.org/maven2/org/apache/geronimo/specs/geronimo-activation_1.1_spec/1.1/geronimo-activation_1.1_spec-1.1.pom (5.0 kB at 264 kB/s)
[INFO] Downloading from central: https://repo.maven.apache.org/maven2/org/apache/geronimo/specs/geronimo-javamail_1.4_spec/1.7.1/geronimo-javamail_1.4_spec-1.7.1.pom
[INFO] Downloaded from central: https://repo.maven.apache.org/maven2/org/apache/geronimo/specs/geronimo-javamail_1.4_spec/1.7.1/geronimo-javamail_1.4_spec-1.7.1.pom (7.0 kB at 413 kB/s)
[INFO] Downloading from central: https://repo.maven.apache.org/maven2/jaxen/jaxen/1.1.4/jaxen-1.1.4.pom
[INFO] Downloaded from central: https://repo.maven.apache.org/maven2/jaxen/jaxen/1.1.4/jaxen-1.1.4.pom (12 kB at 694 kB/s)
[INFO] Downloading from central: https://repo.maven.apache.org/maven2/org/apache/geronimo/specs/geronimo-stax-api_1.0_spec/1.0.1/geronimo-stax-api_1.0_spec-1.0.1.pom
[INFO] Downloaded from central: https://repo.maven.apache.org/maven2/org/apache/geronimo/specs/geronimo-stax-api_1.0_spec/1.0.1/geronimo-stax-api_1.0_spec-1.0.1.pom (2.2 kB at 180 kB/s)
[INFO] Downloading from central: https://repo.maven.apache.org/maven2/org/apache/geronimo/specs/specs/1.3/specs-1.3.pom
[INFO] Downloaded from central: https://repo.maven.apache.org/maven2/org/apache/geronimo/specs/specs/1.3/specs-1.3.pom (7.0 kB at 585 kB/s)
[INFO] Downloading from central: https://repo.maven.apache.org/maven2/org/apache/geronimo/genesis/config/project-config/1.1/project-config-1.1.pom
[INFO] Downloaded from central: https://repo.maven.apache.org/maven2/org/apache/geronimo/genesis/config/project-config/1.1/project-config-1.1.pom (14 kB at 717 kB/s)
[INFO] Downloading from central: https://repo.maven.apache.org/maven2/org/apache/geronimo/genesis/config/config/1.1/config-1.1.pom
[INFO] Downloaded from central: https://repo.maven.apache.org/maven2/org/apache/geronimo/genesis/config/config/1.1/config-1.1.pom (670 B at 67 kB/s)
[INFO] Downloading from central: https://repo.maven.apache.org/maven2/org/apache/geronimo/genesis/genesis/1.1/genesis-1.1.pom
[INFO] Downloaded from central: https://repo.maven.apache.org/maven2/org/apache/geronimo/genesis/genesis/1.1/genesis-1.1.pom (6.8 kB at 677 kB/s)
[INFO] Downloading from central: https://repo.maven.apache.org/maven2/org/apache/james/apache-mime4j-core/0.7.2/apache-mime4j-core-0.7.2.pom
[INFO] Downloaded from central: https://repo.maven.apache.org/maven2/org/apache/james/apache-mime4j-core/0.7.2/apache-mime4j-core-0.7.2.pom (2.4 kB at 172 kB/s)
[INFO] Downloading from central: https://repo.maven.apache.org/maven2/org/apache/james/apache-mime4j-project/0.7.2/apache-mime4j-project-0.7.2.pom
[INFO] Downloaded from central: https://repo.maven.apache.org/maven2/org/apache/james/apache-mime4j-project/0.7.2/apache-mime4j-project-0.7.2.pom (9.8 kB at 654 kB/s)
[INFO] Downloading from central: https://repo.maven.apache.org/maven2/org/apache/james/james-project/1.8/james-project-1.8.pom
[INFO] Downloaded from central: https://repo.maven.apache.org/maven2/org/apache/james/james-project/1.8/james-project-1.8.pom (54 kB at 1.7 MB/s)
[INFO] Downloading from central: https://repo.maven.apache.org/maven2/org/apache/ws/commons/axiom/axiom-c14n/1.2.14/axiom-c14n-1.2.14.pom
[INFO] Downloaded from central: https://repo.maven.apache.org/maven2/org/apache/ws/commons/axiom/axiom-c14n/1.2.14/axiom-c14n-1.2.14.pom (3.4 kB at 17 kB/s)
[INFO] Downloading from central: https://repo.maven.apache.org/maven2/org/apache/ws/commons/axiom/axiom-impl/1.2.14/axiom-impl-1.2.14.pom
[INFO] Downloaded from central: https://repo.maven.apache.org/maven2/org/apache/ws/commons/axiom/axiom-impl/1.2.14/axiom-impl-1.2.14.pom (7.6 kB at 504 kB/s)
[INFO] Downloading from central: https://repo.maven.apache.org/maven2/org/codehaus/woodstox/woodstox-core-asl/4.1.4/woodstox-core-asl-4.1.4.pom
[INFO] Downloaded from central: https://repo.maven.apache.org/maven2/org/codehaus/woodstox/woodstox-core-asl/4.1.4/woodstox-core-asl-4.1.4.pom (1.5 kB at 119 kB/s)
[INFO] Downloading from central: https://repo.maven.apache.org/maven2/org/codehaus/woodstox/stax2-api/3.1.1/stax2-api-3.1.1.pom
[INFO] Downloaded from central: https://repo.maven.apache.org/maven2/org/codehaus/woodstox/stax2-api/3.1.1/stax2-api-3.1.1.pom (1.4 kB at 118 kB/s)
[INFO] Downloading from central: https://repo.maven.apache.org/maven2/org/apache/ws/commons/axiom/axiom-dom/1.2.14/axiom-dom-1.2.14.pom
[INFO] Downloaded from central: https://repo.maven.apache.org/maven2/org/apache/ws/commons/axiom/axiom-dom/1.2.14/axiom-dom-1.2.14.pom (8.7 kB at 45 kB/s)
[INFO] Downloading from central: https://repo.maven.apache.org/maven2/dk/brics/automaton/automaton/1.11-8/automaton-1.11-8.pom
[INFO] Downloaded from central: https://repo.maven.apache.org/maven2/dk/brics/automaton/automaton/1.11-8/automaton-1.11-8.pom (1.1 kB at 98 kB/s)
[INFO] Downloading from central: https://repo.maven.apache.org/maven2/net/sourceforge/owlapi/jfact/4.0.4/jfact-4.0.4.pom
[INFO] Downloaded from central: https://repo.maven.apache.org/maven2/net/sourceforge/owlapi/jfact/4.0.4/jfact-4.0.4.pom (7.9 kB at 41 kB/s)
[INFO] Downloading from central: https://repo.maven.apache.org/maven2/net/sourceforge/owlapi/owlapi-distribution/4.2.7/owlapi-distribution-4.2.7.pom
[INFO] Downloaded from central: https://repo.maven.apache.org/maven2/net/sourceforge/owlapi/owlapi-distribution/4.2.7/owlapi-distribution-4.2.7.pom (13 kB at 39 kB/s)
[INFO] Downloading from central: https://repo.maven.apache.org/maven2/net/sourceforge/owlapi/owlapi-parent/4.2.7/owlapi-parent-4.2.7.pom
[INFO] Downloaded from central: https://repo.maven.apache.org/maven2/net/sourceforge/owlapi/owlapi-parent/4.2.7/owlapi-parent-4.2.7.pom (12 kB at 58 kB/s)
[INFO] Downloading from central: https://repo.maven.apache.org/maven2/org/codehaus/plexus/plexus-component-annotations/1.5.4/plexus-component-annotations-1.5.4.jar
[INFO] Downloading from central: https://repo.maven.apache.org/maven2/org/slf4j/slf4j-log4j12/1.7.10/slf4j-log4j12-1.7.10.jar
[INFO] Downloading from central: https://repo.maven.apache.org/maven2/net/sourceforge/owlapi/owlapi-compatibility/4.5.6/owlapi-compatibility-4.5.6.jar
[INFO] Downloading from central: https://repo.maven.apache.org/maven2/net/sourceforge/owlapi/owlapi-distribution/4.5.6/owlapi-distribution-4.5.6.jar
[INFO] Downloading from central: https://repo.maven.apache.org/maven2/net/sourceforge/owlapi/owlapi-apibinding/4.5.6/owlapi-apibinding-4.5.6.jar
[INFO] Downloaded from central: https://repo.maven.apache.org/maven2/org/codehaus/plexus/plexus-component-annotations/1.5.4/plexus-component-annotations-1.5.4.jar (4.2 kB at 63 kB/s)
[INFO] Downloading from central: https://repo.maven.apache.org/maven2/net/sourceforge/owlapi/owlapi-api/4.5.6/owlapi-api-4.5.6.jar
[INFO] Downloaded from central: https://repo.maven.apache.org/maven2/org/slf4j/slf4j-log4j12/1.7.10/slf4j-log4j12-1.7.10.jar (8.9 kB at 127 kB/s)
[INFO] Downloading from central: https://repo.maven.apache.org/maven2/com/github/ben-manes/caffeine/caffeine/2.5.6/caffeine-2.5.6.jar
[INFO] Downloaded from central: https://repo.maven.apache.org/maven2/net/sourceforge/owlapi/owlapi-compatibility/4.5.6/owlapi-compatibility-4.5.6.jar (116 kB at 493 kB/s)
[INFO] Downloading from central: https://repo.maven.apache.org/maven2/net/sourceforge/owlapi/owlapi-impl/4.5.6/owlapi-impl-4.5.6.jar
[INFO] Downloaded from central: https://repo.maven.apache.org/maven2/net/sourceforge/owlapi/owlapi-apibinding/4.5.6/owlapi-apibinding-4.5.6.jar (14 kB at 56 kB/s)
[INFO] Downloading from central: https://repo.maven.apache.org/maven2/net/sourceforge/owlapi/owlapi-parsers/4.5.6/owlapi-parsers-4.5.6.jar
[INFO] Downloaded from central: https://repo.maven.apache.org/maven2/com/github/ben-manes/caffeine/caffeine/2.5.6/caffeine-2.5.6.jar (1.0 MB at 3.2 MB/s)
[INFO] Downloading from central: https://repo.maven.apache.org/maven2/net/sourceforge/owlapi/owlapi-oboformat/4.5.6/owlapi-oboformat-4.5.6.jar
[INFO] Downloaded from central: https://repo.maven.apache.org/maven2/net/sourceforge/owlapi/owlapi-impl/4.5.6/owlapi-impl-4.5.6.jar (464 kB at 813 kB/s)
[INFO] Downloading from central: https://repo.maven.apache.org/maven2/net/sourceforge/owlapi/owlapi-tools/4.5.6/owlapi-tools-4.5.6.jar
[INFO] Downloaded from central: https://repo.maven.apache.org/maven2/net/sourceforge/owlapi/owlapi-api/4.5.6/owlapi-api-4.5.6.jar (933 kB at 1.5 MB/s)
[INFO] Downloaded from central: https://repo.maven.apache.org/maven2/net/sourceforge/owlapi/owlapi-oboformat/4.5.6/owlapi-oboformat-4.5.6.jar (184 kB at 300 kB/s)
[INFO] Downloading from central: https://repo.maven.apache.org/maven2/net/sourceforge/owlapi/owlapi-fixers/4.5.6/owlapi-fixers-4.5.6.jar
[INFO] Downloading from central: https://repo.maven.apache.org/maven2/net/sourceforge/owlapi/owlapi-rio/4.5.6/owlapi-rio-4.5.6.jar
[INFO] Downloaded from central: https://repo.maven.apache.org/maven2/net/sourceforge/owlapi/owlapi-rio/4.5.6/owlapi-rio-4.5.6.jar (75 kB at 86 kB/s)
[INFO] Downloading from central: https://repo.maven.apache.org/maven2/com/fasterxml/jackson/core/jackson-core/2.8.5/jackson-core-2.8.5.jar
[INFO] Downloaded from central: https://repo.maven.apache.org/maven2/net/sourceforge/owlapi/owlapi-tools/4.5.6/owlapi-tools-4.5.6.jar (146 kB at 167 kB/s)
[INFO] Downloading from central: https://repo.maven.apache.org/maven2/com/fasterxml/jackson/core/jackson-databind/2.8.5/jackson-databind-2.8.5.jar
[INFO] Downloaded from central: https://repo.maven.apache.org/maven2/net/sourceforge/owlapi/owlapi-parsers/4.5.6/owlapi-parsers-4.5.6.jar (1.1 MB at 1.2 MB/s)
[INFO] Downloading from central: https://repo.maven.apache.org/maven2/com/fasterxml/jackson/core/jackson-annotations/2.8.5/jackson-annotations-2.8.5.jar
[INFO] Downloaded from central: https://repo.maven.apache.org/maven2/net/sourceforge/owlapi/owlapi-fixers/4.5.6/owlapi-fixers-4.5.6.jar (104 kB at 117 kB/s)
[INFO] Downloading from central: https://repo.maven.apache.org/maven2/org/slf4j/jcl-over-slf4j/1.7.22/jcl-over-slf4j-1.7.22.jar
[INFO] Downloaded from central: https://repo.maven.apache.org/maven2/com/fasterxml/jackson/core/jackson-core/2.8.5/jackson-core-2.8.5.jar (281 kB at 287 kB/s)
[INFO] Downloaded from central: https://repo.maven.apache.org/maven2/com/fasterxml/jackson/core/jackson-annotations/2.8.5/jackson-annotations-2.8.5.jar (56 kB at 57 kB/s)
[INFO] Downloaded from central: https://repo.maven.apache.org/maven2/org/slf4j/jcl-over-slf4j/1.7.22/jcl-over-slf4j-1.7.22.jar (17 kB at 17 kB/s)
[INFO] Downloading from central: https://repo.maven.apache.org/maven2/org/openrdf/sesame/sesame-rio-api/2.7.16/sesame-rio-api-2.7.16.jar
[INFO] Downloading from central: https://repo.maven.apache.org/maven2/org/openrdf/sesame/sesame-util/2.7.16/sesame-util-2.7.16.jar
[INFO] Downloading from central: https://repo.maven.apache.org/maven2/org/openrdf/sesame/sesame-model/2.7.16/sesame-model-2.7.16.jar
[INFO] Downloaded from central: https://repo.maven.apache.org/maven2/org/openrdf/sesame/sesame-util/2.7.16/sesame-util-2.7.16.jar (81 kB at 65 kB/s)
[INFO] Downloaded from central: https://repo.maven.apache.org/maven2/org/openrdf/sesame/sesame-rio-api/2.7.16/sesame-rio-api-2.7.16.jar (56 kB at 45 kB/s)
[INFO] Downloading from central: https://repo.maven.apache.org/maven2/org/openrdf/sesame/sesame-rio-languages/2.7.16/sesame-rio-languages-2.7.16.jar
[INFO] Downloading from central: https://repo.maven.apache.org/maven2/org/openrdf/sesame/sesame-rio-datatypes/2.7.16/sesame-rio-datatypes-2.7.16.jar
[INFO] Downloaded from central: https://repo.maven.apache.org/maven2/org/openrdf/sesame/sesame-model/2.7.16/sesame-model-2.7.16.jar (167 kB at 129 kB/s)
[INFO] Downloaded from central: https://repo.maven.apache.org/maven2/com/fasterxml/jackson/core/jackson-databind/2.8.5/jackson-databind-2.8.5.jar (1.2 MB at 956 kB/s)
[INFO] Downloaded from central: https://repo.maven.apache.org/maven2/net/sourceforge/owlapi/owlapi-distribution/4.5.6/owlapi-distribution-4.5.6.jar (3.1 MB at 2.4 MB/s)
[INFO] Downloading from central: https://repo.maven.apache.org/maven2/org/openrdf/sesame/sesame-rio-n3/2.7.16/sesame-rio-n3-2.7.16.jar
[INFO] Downloading from central: https://repo.maven.apache.org/maven2/org/openrdf/sesame/sesame-rio-binary/2.7.16/sesame-rio-binary-2.7.16.jar
[INFO] Downloading from central: https://repo.maven.apache.org/maven2/org/openrdf/sesame/sesame-rio-nquads/2.7.16/sesame-rio-nquads-2.7.16.jar
[INFO] Downloaded from central: https://repo.maven.apache.org/maven2/org/openrdf/sesame/sesame-rio-datatypes/2.7.16/sesame-rio-datatypes-2.7.16.jar (8.7 kB at 5.9 kB/s)
[INFO] Downloaded from central: https://repo.maven.apache.org/maven2/org/openrdf/sesame/sesame-rio-languages/2.7.16/sesame-rio-languages-2.7.16.jar (3.6 kB at 2.5 kB/s)
[INFO] Downloading from central: https://repo.maven.apache.org/maven2/org/openrdf/sesame/sesame-rio-ntriples/2.7.16/sesame-rio-ntriples-2.7.16.jar
[INFO] Downloading from central: https://repo.maven.apache.org/maven2/org/openrdf/sesame/sesame-rio-rdfjson/2.7.16/sesame-rio-rdfjson-2.7.16.jar
[INFO] Downloaded from central: https://repo.maven.apache.org/maven2/org/openrdf/sesame/sesame-rio-n3/2.7.16/sesame-rio-n3-2.7.16.jar (4.6 kB at 3.1 kB/s)
[INFO] Downloaded from central: https://repo.maven.apache.org/maven2/org/openrdf/sesame/sesame-rio-nquads/2.7.16/sesame-rio-nquads-2.7.16.jar (7.4 kB at 5.0 kB/s)
[INFO] Downloading from central: https://repo.maven.apache.org/maven2/org/openrdf/sesame/sesame-rio-rdfxml/2.7.16/sesame-rio-rdfxml-2.7.16.jar
[INFO] Downloaded from central: https://repo.maven.apache.org/maven2/org/openrdf/sesame/sesame-rio-binary/2.7.16/sesame-rio-binary-2.7.16.jar (12 kB at 7.8 kB/s)
[INFO] Downloading from central: https://repo.maven.apache.org/maven2/org/openrdf/sesame/sesame-rio-trix/2.7.16/sesame-rio-trix-2.7.16.jar
[INFO] Downloading from central: https://repo.maven.apache.org/maven2/org/openrdf/sesame/sesame-rio-turtle/2.7.16/sesame-rio-turtle-2.7.16.jar
[INFO] Downloaded from central: https://repo.maven.apache.org/maven2/org/openrdf/sesame/sesame-rio-rdfjson/2.7.16/sesame-rio-rdfjson-2.7.16.jar (13 kB at 7.8 kB/s)
[INFO] Downloading from central: https://repo.maven.apache.org/maven2/org/openrdf/sesame/sesame-rio-trig/2.7.16/sesame-rio-trig-2.7.16.jar
[INFO] Downloaded from central: https://repo.maven.apache.org/maven2/org/openrdf/sesame/sesame-rio-ntriples/2.7.16/sesame-rio-ntriples-2.7.16.jar (15 kB at 9.2 kB/s)
[INFO] Downloading from central: https://repo.maven.apache.org/maven2/com/github/jsonld-java/jsonld-java-sesame/0.5.1/jsonld-java-sesame-0.5.1.jar
[INFO] Downloaded from central: https://repo.maven.apache.org/maven2/org/openrdf/sesame/sesame-rio-trix/2.7.16/sesame-rio-trix-2.7.16.jar (12 kB at 7.0 kB/s)
[INFO] Downloading from central: https://repo.maven.apache.org/maven2/com/github/jsonld-java/jsonld-java/0.5.1/jsonld-java-0.5.1.jar
[INFO] Downloaded from central: https://repo.maven.apache.org/maven2/org/openrdf/sesame/sesame-rio-rdfxml/2.7.16/sesame-rio-rdfxml-2.7.16.jar (38 kB at 22 kB/s)
[INFO] Downloading from central: https://repo.maven.apache.org/maven2/org/apache/httpcomponents/httpclient-cache/4.2.5/httpclient-cache-4.2.5.jar
[INFO] Downloaded from central: https://repo.maven.apache.org/maven2/org/openrdf/sesame/sesame-rio-turtle/2.7.16/sesame-rio-turtle-2.7.16.jar (22 kB at 13 kB/s)
[INFO] Downloading from central: https://repo.maven.apache.org/maven2/org/apache/httpcomponents/httpclient/4.2.5/httpclient-4.2.5.jar
[INFO] Downloaded from central: https://repo.maven.apache.org/maven2/com/github/jsonld-java/jsonld-java/0.5.1/jsonld-java-0.5.1.jar (121 kB at 70 kB/s)
[INFO] Downloaded from central: https://repo.maven.apache.org/maven2/org/apache/httpcomponents/httpclient-cache/4.2.5/httpclient-cache-4.2.5.jar (116 kB at 67 kB/s)
[INFO] Downloading from central: https://repo.maven.apache.org/maven2/org/apache/httpcomponents/httpcore/4.2.4/httpcore-4.2.4.jar
[INFO] Downloading from central: https://repo.maven.apache.org/maven2/org/semarglproject/semargl-sesame/0.7/semargl-sesame-0.7.jar
[INFO] Downloaded from central: https://repo.maven.apache.org/maven2/org/apache/httpcomponents/httpcore/4.2.4/httpcore-4.2.4.jar (227 kB at 124 kB/s)
[INFO] Downloaded from central: https://repo.maven.apache.org/maven2/org/apache/httpcomponents/httpclient/4.2.5/httpclient-4.2.5.jar (433 kB at 237 kB/s)
[INFO] Downloading from central: https://repo.maven.apache.org/maven2/org/semarglproject/semargl-core/0.7/semargl-core-0.7.jar
[INFO] Downloading from central: https://repo.maven.apache.org/maven2/org/semarglproject/semargl-rdfa/0.7/semargl-rdfa-0.7.jar
[INFO] Downloaded from central: https://repo.maven.apache.org/maven2/com/github/jsonld-java/jsonld-java-sesame/0.5.1/jsonld-java-sesame-0.5.1.jar (15 kB at 7.7 kB/s)
[INFO] Downloading from central: https://repo.maven.apache.org/maven2/org/semarglproject/semargl-rdf/0.7/semargl-rdf-0.7.jar
[INFO] Downloaded from central: https://repo.maven.apache.org/maven2/org/openrdf/sesame/sesame-rio-trig/2.7.16/sesame-rio-trig-2.7.16.jar (7.4 kB at 3.7 kB/s)
[INFO] Downloading from central: https://repo.maven.apache.org/maven2/com/github/vsonnier/hppcrt/0.7.5/hppcrt-0.7.5.jar
[INFO] Downloaded from central: https://repo.maven.apache.org/maven2/org/semarglproject/semargl-sesame/0.7/semargl-sesame-0.7.jar (10 kB at 5.1 kB/s)
[INFO] Downloading from central: https://repo.maven.apache.org/maven2/org/semanticweb/elk/elk-owlapi/0.4.3/elk-owlapi-0.4.3.jar
[INFO] Downloaded from central: https://repo.maven.apache.org/maven2/org/semarglproject/semargl-core/0.7/semargl-core-0.7.jar (22 kB at 11 kB/s)
[INFO] Downloading from central: https://repo.maven.apache.org/maven2/org/semanticweb/elk/elk-owl-model/0.4.3/elk-owl-model-0.4.3.jar
[INFO] Downloaded from central: https://repo.maven.apache.org/maven2/org/semarglproject/semargl-rdfa/0.7/semargl-rdfa-0.7.jar (35 kB at 17 kB/s)
[INFO] Downloading from central: https://repo.maven.apache.org/maven2/org/semanticweb/elk/elk-owl-implementation/0.4.3/elk-owl-implementation-0.4.3.jar
[INFO] Downloaded from central: https://repo.maven.apache.org/maven2/org/semarglproject/semargl-rdf/0.7/semargl-rdf-0.7.jar (30 kB at 14 kB/s)
[INFO] Downloading from central: https://repo.maven.apache.org/maven2/org/semanticweb/elk/elk-util-hashing/0.4.3/elk-util-hashing-0.4.3.jar
[INFO] Downloaded from central: https://repo.maven.apache.org/maven2/org/semanticweb/elk/elk-owlapi/0.4.3/elk-owlapi-0.4.3.jar (152 kB at 68 kB/s)
[INFO] Downloading from central: https://repo.maven.apache.org/maven2/org/semanticweb/elk/elk-reasoner/0.4.3/elk-reasoner-0.4.3.jar
[INFO] Downloaded from central: https://repo.maven.apache.org/maven2/org/semanticweb/elk/elk-owl-implementation/0.4.3/elk-owl-implementation-0.4.3.jar (108 kB at 48 kB/s)
[INFO] Downloaded from central: https://repo.maven.apache.org/maven2/org/semanticweb/elk/elk-owl-model/0.4.3/elk-owl-model-0.4.3.jar (94 kB at 42 kB/s)
[INFO] Downloading from central: https://repo.maven.apache.org/maven2/org/semanticweb/elk/elk-util-concurrent/0.4.3/elk-util-concurrent-0.4.3.jar
[INFO] Downloading from central: https://repo.maven.apache.org/maven2/org/semanticweb/elk/elk-util-common/0.4.3/elk-util-common-0.4.3.jar
[INFO] Downloaded from central: https://repo.maven.apache.org/maven2/org/semanticweb/elk/elk-util-hashing/0.4.3/elk-util-hashing-0.4.3.jar (8.3 kB at 3.6 kB/s)
[INFO] Downloading from central: https://repo.maven.apache.org/maven2/org/semanticweb/elk/elk-util-io/0.4.3/elk-util-io-0.4.3.jar
[INFO] Downloaded from central: https://repo.maven.apache.org/maven2/org/semanticweb/elk/elk-util-concurrent/0.4.3/elk-util-concurrent-0.4.3.jar (22 kB at 8.9 kB/s)
[INFO] Downloaded from central: https://repo.maven.apache.org/maven2/org/semanticweb/elk/elk-util-common/0.4.3/elk-util-common-0.4.3.jar (14 kB at 5.4 kB/s)
[INFO] Downloading from central: https://repo.maven.apache.org/maven2/org/semanticweb/elk/elk-util-collections/0.4.3/elk-util-collections-0.4.3.jar
[INFO] Downloading from central: https://repo.maven.apache.org/maven2/org/semanticweb/elk/elk-util-logging/0.4.3/elk-util-logging-0.4.3.jar
[INFO] Downloaded from central: https://repo.maven.apache.org/maven2/org/semanticweb/elk/elk-util-io/0.4.3/elk-util-io-0.4.3.jar (10 kB at 4.1 kB/s)
[INFO] Downloading from central: https://repo.maven.apache.org/maven2/net/sourceforge/owlapi/org.semanticweb.hermit/1.3.8.413/org.semanticweb.hermit-1.3.8.413.jar
[INFO] Downloaded from central: https://repo.maven.apache.org/maven2/org/semanticweb/elk/elk-reasoner/0.4.3/elk-reasoner-0.4.3.jar (525 kB at 204 kB/s)
[INFO] Downloading from central: https://repo.maven.apache.org/maven2/org/apache/ws/commons/axiom/axiom-api/1.2.14/axiom-api-1.2.14.jar
[INFO] Downloaded from central: https://repo.maven.apache.org/maven2/org/apache/ws/commons/axiom/axiom-api/1.2.14/axiom-api-1.2.14.jar (422 kB at 147 kB/s)
[INFO] Downloaded from central: https://repo.maven.apache.org/maven2/org/semanticweb/elk/elk-util-logging/0.4.3/elk-util-logging-0.4.3.jar (18 kB at 6.2 kB/s)
[INFO] Downloaded from central: https://repo.maven.apache.org/maven2/org/semanticweb/elk/elk-util-collections/0.4.3/elk-util-collections-0.4.3.jar (73 kB at 26 kB/s)
[INFO] Downloading from central: https://repo.maven.apache.org/maven2/jaxen/jaxen/1.1.4/jaxen-1.1.4.jar
[INFO] Downloading from central: https://repo.maven.apache.org/maven2/org/apache/geronimo/specs/geronimo-javamail_1.4_spec/1.7.1/geronimo-javamail_1.4_spec-1.7.1.jar
[INFO] Downloading from central: https://repo.maven.apache.org/maven2/org/apache/geronimo/specs/geronimo-activation_1.1_spec/1.1/geronimo-activation_1.1_spec-1.1.jar
[INFO] Downloaded from central: https://repo.maven.apache.org/maven2/com/github/vsonnier/hppcrt/0.7.5/hppcrt-0.7.5.jar (1.9 MB at 652 kB/s)
[INFO] Downloading from central: https://repo.maven.apache.org/maven2/org/apache/geronimo/specs/geronimo-stax-api_1.0_spec/1.0.1/geronimo-stax-api_1.0_spec-1.0.1.jar
[INFO] Downloaded from central: https://repo.maven.apache.org/maven2/org/apache/geronimo/specs/geronimo-activation_1.1_spec/1.1/geronimo-activation_1.1_spec-1.1.jar (47 kB at 16 kB/s)
[INFO] Downloading from central: https://repo.maven.apache.org/maven2/org/apache/james/apache-mime4j-core/0.7.2/apache-mime4j-core-0.7.2.jar
[INFO] Downloaded from central: https://repo.maven.apache.org/maven2/jaxen/jaxen/1.1.4/jaxen-1.1.4.jar (226 kB at 76 kB/s)
[INFO] Downloading from central: https://repo.maven.apache.org/maven2/org/apache/ws/commons/axiom/axiom-c14n/1.2.14/axiom-c14n-1.2.14.jar
[INFO] Downloaded from central: https://repo.maven.apache.org/maven2/org/apache/geronimo/specs/geronimo-javamail_1.4_spec/1.7.1/geronimo-javamail_1.4_spec-1.7.1.jar (223 kB at 74 kB/s)
[INFO] Downloading from central: https://repo.maven.apache.org/maven2/org/apache/ws/commons/axiom/axiom-impl/1.2.14/axiom-impl-1.2.14.jar
[INFO] Downloaded from central: https://repo.maven.apache.org/maven2/org/apache/geronimo/specs/geronimo-stax-api_1.0_spec/1.0.1/geronimo-stax-api_1.0_spec-1.0.1.jar (29 kB at 9.5 kB/s)
[INFO] Downloading from central: https://repo.maven.apache.org/maven2/org/codehaus/woodstox/woodstox-core-asl/4.1.4/woodstox-core-asl-4.1.4.jar
[INFO] Downloaded from central: https://repo.maven.apache.org/maven2/org/apache/james/apache-mime4j-core/0.7.2/apache-mime4j-core-0.7.2.jar (96 kB at 31 kB/s)
[INFO] Downloading from central: https://repo.maven.apache.org/maven2/org/codehaus/woodstox/stax2-api/3.1.1/stax2-api-3.1.1.jar
[INFO] Downloaded from central: https://repo.maven.apache.org/maven2/org/apache/ws/commons/axiom/axiom-impl/1.2.14/axiom-impl-1.2.14.jar (171 kB at 55 kB/s)
[INFO] Downloading from central: https://repo.maven.apache.org/maven2/org/apache/ws/commons/axiom/axiom-dom/1.2.14/axiom-dom-1.2.14.jar
[INFO] Downloaded from central: https://repo.maven.apache.org/maven2/org/codehaus/woodstox/stax2-api/3.1.1/stax2-api-3.1.1.jar (182 kB at 57 kB/s)
[INFO] Downloading from central: https://repo.maven.apache.org/maven2/dk/brics/automaton/automaton/1.11-8/automaton-1.11-8.jar
[INFO] Downloaded from central: https://repo.maven.apache.org/maven2/org/codehaus/woodstox/woodstox-core-asl/4.1.4/woodstox-core-asl-4.1.4.jar (479 kB at 148 kB/s)
[INFO] Downloading from central: https://repo.maven.apache.org/maven2/net/sourceforge/owlapi/jfact/4.0.4/jfact-4.0.4.jar
[INFO] Downloaded from central: https://repo.maven.apache.org/maven2/net/sourceforge/owlapi/org.semanticweb.hermit/1.3.8.413/org.semanticweb.hermit-1.3.8.413.jar (1.9 MB at 583 kB/s)
[INFO] Downloaded from central: https://repo.maven.apache.org/maven2/org/apache/ws/commons/axiom/axiom-c14n/1.2.14/axiom-c14n-1.2.14.jar (60 kB at 18 kB/s)
[INFO] Downloaded from central: https://repo.maven.apache.org/maven2/dk/brics/automaton/automaton/1.11-8/automaton-1.11-8.jar (176 kB at 54 kB/s)
[INFO] Downloaded from central: https://repo.maven.apache.org/maven2/org/apache/ws/commons/axiom/axiom-dom/1.2.14/axiom-dom-1.2.14.jar (212 kB at 63 kB/s)
[INFO] Downloaded from central: https://repo.maven.apache.org/maven2/net/sourceforge/owlapi/jfact/4.0.4/jfact-4.0.4.jar (3.6 MB at 761 kB/s)
[INFO] 
[INFO] --- fmt-maven-plugin:2.1.0:format (default) @ robot-maven-plugin ---
[INFO] Downloading from central: https://repo.maven.apache.org/maven2/com/google/googlejavaformat/google-java-format/1.5/google-java-format-1.5.pom
[INFO] Downloaded from central: https://repo.maven.apache.org/maven2/com/google/googlejavaformat/google-java-format/1.5/google-java-format-1.5.pom (8.0 kB at 257 kB/s)
[INFO] Downloading from central: https://repo.maven.apache.org/maven2/com/google/googlejavaformat/google-java-format-parent/1.5/google-java-format-parent-1.5.pom
[INFO] Downloaded from central: https://repo.maven.apache.org/maven2/com/google/googlejavaformat/google-java-format-parent/1.5/google-java-format-parent-1.5.pom (8.8 kB at 515 kB/s)
[INFO] Downloading from central: https://repo.maven.apache.org/maven2/com/google/errorprone/javac-shaded/9-dev-r4023-3/javac-shaded-9-dev-r4023-3.pom
[INFO] Downloaded from central: https://repo.maven.apache.org/maven2/com/google/errorprone/javac-shaded/9-dev-r4023-3/javac-shaded-9-dev-r4023-3.pom (1.2 kB at 67 kB/s)
[INFO] Downloading from central: https://repo.maven.apache.org/maven2/com/google/googlejavaformat/google-java-format/1.5/google-java-format-1.5.jar
[INFO] Downloading from central: https://repo.maven.apache.org/maven2/com/google/errorprone/javac-shaded/9-dev-r4023-3/javac-shaded-9-dev-r4023-3.jar
[INFO] Downloaded from central: https://repo.maven.apache.org/maven2/com/google/googlejavaformat/google-java-format/1.5/google-java-format-1.5.jar (223 kB at 1.3 MB/s)
[INFO] Downloaded from central: https://repo.maven.apache.org/maven2/com/google/errorprone/javac-shaded/9-dev-r4023-3/javac-shaded-9-dev-r4023-3.jar (2.8 MB at 4.3 MB/s)
[warn] Test source directory '/home/user/projects/robot/robot-maven-plugin/src/test/java' does not exist, ignoring.
[INFO] Processed 1 files (1 reformatted).
[INFO] 
[INFO] --- maven-resources-plugin:2.6:resources (default-resources) @ robot-maven-plugin ---
[INFO] Using 'UTF-8' encoding to copy filtered resources.
[INFO] skip non existing resourceDirectory /home/user/projects/robot/robot-maven-plugin/src/main/resources
[INFO] 
[INFO] --- maven-compiler-plugin:3.1:compile (default-compile) @ robot-maven-plugin ---
[INFO] Changes detected - recompiling the module!
[INFO] Compiling 1 source file to /home/user/projects/robot/robot-maven-plugin/target/classes
[INFO] -------------------------------------------------------------
[ERROR] COMPILATION ERROR : 
[INFO] -------------------------------------------------------------
[ERROR] /home/user/projects/robot/robot-maven-plugin/src/main/java/org/obolibrary/robot/UpdateContextMojo.java:[36,12] incompatible types: try-with-resources not applicable to variable type
    (java.lang.String cannot be converted to java.lang.AutoCloseable)
[ERROR] /home/user/projects/robot/robot-maven-plugin/src/main/java/org/obolibrary/robot/UpdateContextMojo.java:[51,59] cannot find symbol
  symbol:   variable oboContext
  location: class org.obolibrary.robot.UpdateContextMojo
[INFO] 2 errors 
[INFO] -------------------------------------------------------------
[INFO] ------------------------------------------------------------------------
[INFO] Reactor Summary for robot 1.8.0-SNAPSHOT:
[INFO] 
[INFO] robot .............................................. SUCCESS [  0.008 s]
[INFO] robot-maven-plugin ................................. FAILURE [ 33.255 s]
[INFO] robot-core ......................................... SKIPPED
[INFO] robot-command ...................................... SKIPPED
[INFO] ------------------------------------------------------------------------
[INFO] BUILD FAILURE
[INFO] ------------------------------------------------------------------------
[INFO] Total time:  33.435 s
[INFO] Finished at: 2021-07-20T21:16:30Z
[INFO] ------------------------------------------------------------------------
[ERROR] Failed to execute goal org.apache.maven.plugins:maven-compiler-plugin:3.1:compile (default-compile) on project robot-maven-plugin: Compilation failure: Compilation failure: 
[ERROR] /home/user/projects/robot/robot-maven-plugin/src/main/java/org/obolibrary/robot/UpdateContextMojo.java:[36,12] incompatible types: try-with-resources not applicable to variable type
[ERROR]     (java.lang.String cannot be converted to java.lang.AutoCloseable)
[ERROR] /home/user/projects/robot/robot-maven-plugin/src/main/java/org/obolibrary/robot/UpdateContextMojo.java:[51,59] cannot find symbol
[ERROR]   symbol:   variable oboContext
[ERROR]   location: class org.obolibrary.robot.UpdateContextMojo
[ERROR] -> [Help 1]
[ERROR] 
[ERROR] To see the full stack trace of the errors, re-run Maven with the -e switch.
[ERROR] Re-run Maven using the -X switch to enable full debug logging.
[ERROR] 
[ERROR] For more information about the errors and possible solutions, please read the following articles:
[ERROR] [Help 1] http://cwiki.apache.org/confluence/display/MAVEN/MojoFailureException
[ERROR] 
[ERROR] After correcting the problems, you can resume the build with the command
[ERROR]   mvn <args> -rf :robot-maven-plugin
