[INFO] Scanning for projects...
[INFO] 
[INFO] ------------< smartrics.restfixture:smartrics-RestFixture >-------------
[INFO] Building RestFixture 4.5-SNAPSHOT
[INFO] --------------------------------[ jar ]---------------------------------
[INFO] 
[INFO] --- maven-enforcer-plugin:1.2:enforce (enforce-maven) @ smartrics-RestFixture ---
[INFO] 
[INFO] --- maven-resources-plugin:2.6:resources (default-resources) @ smartrics-RestFixture ---
[INFO] Using 'UTF-8' encoding to copy filtered resources.
[INFO] Copying 1 resource
[INFO] 
[INFO] --- maven-compiler-plugin:2.5.1:compile (default-compile) @ smartrics-RestFixture ---
[INFO] Nothing to compile - all classes are up to date
[INFO] ------------------------------------------------------------------------
[INFO] BUILD SUCCESS
[INFO] ------------------------------------------------------------------------
[INFO] Total time:  1.470 s
[INFO] Finished at: 2021-07-20T20:24:20Z
[INFO] ------------------------------------------------------------------------
