[INFO] Scanning for projects...
[INFO] 
[INFO] ----< com.github.joelittlejohn.embedmongo:embedmongo-maven-plugin >-----
[INFO] Building embedmongo-maven-plugin 0.4.3-SNAPSHOT
[INFO] ----------------------------[ maven-plugin ]----------------------------
[INFO] 
[INFO] --- maven-enforcer-plugin:1.2:enforce (enforce-maven) @ embedmongo-maven-plugin ---
[INFO] 
[INFO] --- license-maven-plugin:3.0:format (default) @ embedmongo-maven-plugin ---
[INFO] Updating license headers...
[INFO] 
[INFO] --- maven-resources-plugin:2.6:resources (default-resources) @ embedmongo-maven-plugin ---
[INFO] Using 'UTF-8' encoding to copy filtered resources.
[INFO] skip non existing resourceDirectory /home/user/projects/embedmongo-maven-plugin/src/main/resources
[INFO] 
[INFO] --- maven-compiler-plugin:3.7.0:compile (default-compile) @ embedmongo-maven-plugin ---
[INFO] Nothing to compile - all classes are up to date
[INFO] 
[INFO] --- maven-plugin-plugin:3.5.1:descriptor (default-descriptor) @ embedmongo-maven-plugin ---
[WARNING] 

Goal prefix is specified as: 'mongo'. Maven currently expects it to be 'embedmongo'.

[INFO] Using 'UTF-8' encoding to read mojo source files.
[INFO] java-javadoc mojo extractor found 0 mojo descriptor.
[INFO] java-annotations mojo extractor found 4 mojo descriptors.
[INFO] 
[INFO] --- maven-resources-plugin:2.6:testResources (default-testResources) @ embedmongo-maven-plugin ---
[INFO] Using 'UTF-8' encoding to copy filtered resources.
[INFO] Copying 15 resources
[INFO] 
[INFO] --- maven-compiler-plugin:3.7.0:testCompile (default-testCompile) @ embedmongo-maven-plugin ---
[INFO] Changes detected - recompiling the module!
[INFO] Compiling 6 source files to /home/user/projects/embedmongo-maven-plugin/target/test-classes
[INFO] -------------------------------------------------------------
[WARNING] COMPILATION WARNING : 
[INFO] -------------------------------------------------------------
[WARNING] /home/user/projects/embedmongo-maven-plugin/src/test/java/com/github/joelittlejohn/embedmongo/MongoScriptsMojoTest.java:[48,56] none() in org.junit.rules.ExpectedException has been deprecated
[INFO] 1 warning
[INFO] -------------------------------------------------------------
[INFO] -------------------------------------------------------------
[ERROR] COMPILATION ERROR : 
[INFO] -------------------------------------------------------------
[ERROR] /home/user/projects/embedmongo-maven-plugin/src/test/java/com/github/joelittlejohn/embedmongo/NetworkUtilsTest.java:[50,29] incompatible types: try-with-resources not applicable to variable type
    (java.lang.Runnable cannot be converted to java.lang.AutoCloseable)
[INFO] 1 error
[INFO] -------------------------------------------------------------
[INFO] ------------------------------------------------------------------------
[INFO] BUILD FAILURE
[INFO] ------------------------------------------------------------------------
[INFO] Total time:  4.560 s
[INFO] Finished at: 2021-07-20T20:37:38Z
[INFO] ------------------------------------------------------------------------
[ERROR] Failed to execute goal org.apache.maven.plugins:maven-compiler-plugin:3.7.0:testCompile (default-testCompile) on project embedmongo-maven-plugin: Compilation failure
[ERROR] /home/user/projects/embedmongo-maven-plugin/src/test/java/com/github/joelittlejohn/embedmongo/NetworkUtilsTest.java:[50,29] incompatible types: try-with-resources not applicable to variable type
[ERROR]     (java.lang.Runnable cannot be converted to java.lang.AutoCloseable)
[ERROR] -> [Help 1]
[ERROR] 
[ERROR] To see the full stack trace of the errors, re-run Maven with the -e switch.
[ERROR] Re-run Maven using the -X switch to enable full debug logging.
[ERROR] 
[ERROR] For more information about the errors and possible solutions, please read the following articles:
[ERROR] [Help 1] http://cwiki.apache.org/confluence/display/MAVEN/MojoFailureException
