[INFO] Scanning for projects...
[INFO] Downloading from codehaus.org: http://repository.codehaus.org/org/codehaus/groovy/groovy-eclipse-batch/maven-metadata.xml
[INFO] Downloading from codehaus-snapshots: http://nexus.codehaus.org/snapshots/org/codehaus/groovy/groovy-eclipse-batch/maven-metadata.xml
[WARNING] Could not transfer metadata org.codehaus.groovy:groovy-eclipse-batch/maven-metadata.xml from/to codehaus.org (http://repository.codehaus.org): Transfer failed for http://repository.codehaus.org/org/codehaus/groovy/groovy-eclipse-batch/maven-metadata.xml
[WARNING] Could not transfer metadata org.codehaus.groovy:groovy-eclipse-batch/maven-metadata.xml from/to codehaus-snapshots (http://nexus.codehaus.org/snapshots/): Transfer failed for http://nexus.codehaus.org/snapshots/org/codehaus/groovy/groovy-eclipse-batch/maven-metadata.xml
[INFO] ------------------------------------------------------------------------
[INFO] Reactor Build Order:
[INFO] 
[INFO] license-maven-plugin-parent                                        [pom]
[INFO] license-maven-plugin                                      [maven-plugin]
[INFO] license-maven-plugin-git                                           [jar]
[INFO] license-maven-plugin-svn                                           [jar]
[INFO] 
[INFO] ---------------< com.mycila:license-maven-plugin-parent >---------------
[INFO] Building license-maven-plugin-parent 4.0-SNAPSHOT                  [1/4]
[INFO] --------------------------------[ pom ]---------------------------------
[INFO] 
[INFO] --- maven-enforcer-plugin:1.1.1:enforce (enforce-maven) @ license-maven-plugin-parent ---
[INFO] 
[INFO] ------------------< com.mycila:license-maven-plugin >-------------------
[INFO] Building license-maven-plugin 4.0-SNAPSHOT                         [2/4]
[INFO] ----------------------------[ maven-plugin ]----------------------------
[INFO] 
[INFO] --- maven-enforcer-plugin:1.1.1:enforce (enforce-maven) @ license-maven-plugin ---
[INFO] 
[INFO] --- groovy-eclipse-compiler:2.8.0-01:add-groovy-build-paths (default-add-groovy-build-paths) @ license-maven-plugin ---
[INFO] Adding /src/main/groovy to the list of source folders
[INFO] Adding /src/test/groovy to the list of test source folders
[INFO] 
[INFO] --- maven-plugin-plugin:3.2:helpmojo (generate-helpmojo) @ license-maven-plugin ---
[INFO] Using 'UTF-8' encoding to read mojo metadata.
[INFO] Applying mojo extractor for language: java
[INFO] Mojo extractor for language: java found 0 mojo descriptors.
[INFO] Applying mojo extractor for language: bsh
[INFO] Mojo extractor for language: bsh found 0 mojo descriptors.
[INFO] Applying mojo extractor for language: java-annotations
[INFO] Mojo extractor for language: java-annotations found 0 mojo descriptors.
[INFO] 
[INFO] --- maven-plugin-plugin:3.2:descriptor (default-descriptor) @ license-maven-plugin ---
[INFO] Using 'UTF-8' encoding to read mojo metadata.
[INFO] Applying mojo extractor for language: java
[INFO] Mojo extractor for language: java found 0 mojo descriptors.
[INFO] Applying mojo extractor for language: bsh
[INFO] Mojo extractor for language: bsh found 0 mojo descriptors.
[INFO] Applying mojo extractor for language: java-annotations
[INFO] Mojo extractor for language: java-annotations found 0 mojo descriptors.
[INFO] 
[INFO] --- maven-resources-plugin:2.4.3:resources (default-resources) @ license-maven-plugin ---
[INFO] Using 'UTF-8' encoding to copy filtered resources.
[INFO] Copying 23 resources
[INFO] 
[INFO] --- maven-compiler-plugin:3.8.1:compile (default-compile) @ license-maven-plugin ---
[INFO] Changes detected - recompiling the module!
[INFO] Using Groovy-Eclipse compiler to compile both Java and Groovy files
[INFO] 
[INFO] --- maven-plugin-plugin:3.2:descriptor (generate-descriptor) @ license-maven-plugin ---
[INFO] Using 'UTF-8' encoding to read mojo metadata.
[INFO] Applying mojo extractor for language: java
[INFO] Mojo extractor for language: java found 0 mojo descriptors.
[INFO] Applying mojo extractor for language: bsh
[INFO] Mojo extractor for language: bsh found 0 mojo descriptors.
[INFO] Applying mojo extractor for language: java-annotations
[INFO] Mojo extractor for language: java-annotations found 4 mojo descriptors.
[INFO] 
[INFO] --- maven-resources-plugin:2.4.3:testResources (default-testResources) @ license-maven-plugin ---
[INFO] Using 'UTF-8' encoding to copy filtered resources.
[INFO] Copying 117 resources
[INFO] 
[INFO] --- maven-compiler-plugin:3.8.1:testCompile (default-testCompile) @ license-maven-plugin ---
[INFO] Changes detected - recompiling the module!
[INFO] Using Groovy-Eclipse compiler to compile both Java and Groovy files
[INFO] 
[INFO] ----------------< com.mycila:license-maven-plugin-git >-----------------
[INFO] Building license-maven-plugin-git 4.0-SNAPSHOT                     [3/4]
[INFO] --------------------------------[ jar ]---------------------------------
[INFO] 
[INFO] --- maven-enforcer-plugin:1.1.1:enforce (enforce-maven) @ license-maven-plugin-git ---
[INFO] 
[INFO] --- groovy-eclipse-compiler:2.8.0-01:add-groovy-build-paths (default-add-groovy-build-paths) @ license-maven-plugin-git ---
[INFO] Adding /src/main/groovy to the list of source folders
[INFO] Adding /src/test/groovy to the list of test source folders
[INFO] 
[INFO] --- maven-resources-plugin:3.2.0:resources (default-resources) @ license-maven-plugin-git ---
[INFO] Using 'UTF-8' encoding to copy filtered resources.
[INFO] Using 'UTF-8' encoding to copy filtered properties files.
[INFO] Copying 1 resource
[INFO] 
[INFO] --- maven-compiler-plugin:3.8.1:compile (default-compile) @ license-maven-plugin-git ---
[INFO] Changes detected - recompiling the module!
[INFO] Using Groovy-Eclipse compiler to compile both Java and Groovy files
[INFO] 
[INFO] --- maven-resources-plugin:3.2.0:testResources (default-testResources) @ license-maven-plugin-git ---
[INFO] Using 'UTF-8' encoding to copy filtered resources.
[INFO] Using 'UTF-8' encoding to copy filtered properties files.
[INFO] Copying 1 resource
[INFO] 
[INFO] --- maven-compiler-plugin:3.8.1:testCompile (default-testCompile) @ license-maven-plugin-git ---
[INFO] Changes detected - recompiling the module!
[INFO] Using Groovy-Eclipse compiler to compile both Java and Groovy files
[INFO] 
[INFO] ----------------< com.mycila:license-maven-plugin-svn >-----------------
[INFO] Building license-maven-plugin-svn 4.0-SNAPSHOT                     [4/4]
[INFO] --------------------------------[ jar ]---------------------------------
[INFO] 
[INFO] --- maven-enforcer-plugin:1.1.1:enforce (enforce-maven) @ license-maven-plugin-svn ---
[INFO] 
[INFO] --- groovy-eclipse-compiler:2.8.0-01:add-groovy-build-paths (default-add-groovy-build-paths) @ license-maven-plugin-svn ---
[INFO] Adding /src/main/groovy to the list of source folders
[INFO] Adding /src/test/groovy to the list of test source folders
[INFO] 
[INFO] --- maven-resources-plugin:3.2.0:resources (default-resources) @ license-maven-plugin-svn ---
[INFO] Using 'UTF-8' encoding to copy filtered resources.
[INFO] Using 'UTF-8' encoding to copy filtered properties files.
[INFO] Copying 1 resource
[INFO] 
[INFO] --- maven-compiler-plugin:3.8.1:compile (default-compile) @ license-maven-plugin-svn ---
[INFO] Changes detected - recompiling the module!
[INFO] Using Groovy-Eclipse compiler to compile both Java and Groovy files
[INFO] 
[INFO] --- maven-resources-plugin:3.2.0:testResources (default-testResources) @ license-maven-plugin-svn ---
[INFO] Using 'UTF-8' encoding to copy filtered resources.
[INFO] Using 'UTF-8' encoding to copy filtered properties files.
[INFO] skip non existing resourceDirectory /home/user/projects/license-maven-plugin/license-maven-plugin-svn/src/test/resources
[INFO] 
[INFO] --- maven-compiler-plugin:3.8.1:testCompile (default-testCompile) @ license-maven-plugin-svn ---
[INFO] No sources to compile
[INFO] ------------------------------------------------------------------------
[INFO] Reactor Summary for license-maven-plugin-parent 4.0-SNAPSHOT:
[INFO] 
[INFO] license-maven-plugin-parent ........................ SUCCESS [  0.216 s]
[INFO] license-maven-plugin ............................... SUCCESS [  7.282 s]
[INFO] license-maven-plugin-git ........................... SUCCESS [  0.905 s]
[INFO] license-maven-plugin-svn ........................... SUCCESS [  0.285 s]
[INFO] ------------------------------------------------------------------------
[INFO] BUILD SUCCESS
[INFO] ------------------------------------------------------------------------
[INFO] Total time:  16.348 s
[INFO] Finished at: 2021-07-20T20:56:54Z
[INFO] ------------------------------------------------------------------------
